#
# There is insufficient memory for the Java Runtime Environment to continue.
# Native memory allocation (malloc) failed to allocate 1086016 bytes for Chunk::new
# Possible reasons:
#   The system is out of physical RAM or swap space
#   The process is running with CompressedOops enabled, and the Java Heap may be blocking the growth of the native heap
# Possible solutions:
#   Reduce memory load on the system
#   Increase physical memory or swap space
#   Check if swap backing store is full
#   Decrease Java heap size (-Xmx/-Xms)
#   Decrease number of Java threads
#   Decrease Java thread stack sizes (-Xss)
#   Set larger code cache with -XX:ReservedCodeCacheSize=
#   JVM is running with Unscaled Compressed Oops mode in which the Java heap is
#     placed in the first 4GB address space. The Java Heap base address is the
#     maximum limit for the native heap growth. Please use -XX:HeapBaseMinAddress
#     to set the Java Heap base and to place the Java Heap above 4GB virtual address.
# This output file may be truncated or incomplete.
#
#  Out of Memory Error (./src/hotspot/share/memory/arena.cpp:197), pid=7756, tid=4376
#
# JRE version: OpenJDK Runtime Environment (11.0.12+7) (build 11.0.12+7-b1504.28-7817840)
# Java VM: OpenJDK 64-Bit Server VM (11.0.12+7-b1504.28-7817840, mixed mode, tiered, compressed oops, g1 gc, windows-amd64)
# No core dump will be written. Minidumps are not enabled by default on client versions of Windows
#

---------------  S U M M A R Y ------------

Command Line: --add-opens=java.base/java.util=ALL-UNNAMED --add-opens=java.base/java.lang=ALL-UNNAMED --add-opens=java.base/java.lang.invoke=ALL-UNNAMED --add-opens=java.base/java.util=ALL-UNNAMED --add-opens=java.prefs/java.util.prefs=ALL-UNNAMED --add-opens=java.prefs/java.util.prefs=ALL-UNNAMED --add-opens=java.base/java.nio.charset=ALL-UNNAMED --add-opens=java.base/java.net=ALL-UNNAMED --add-opens=java.base/java.util.concurrent.atomic=ALL-UNNAMED -Xmx2048m -Dfile.encoding=UTF-8 -Duser.country=US -Duser.language=en -Duser.variant org.gradle.launcher.daemon.bootstrap.GradleDaemon 7.3.3

Host: Intel(R) Core(TM) i7-7500U CPU @ 2.70GHz, 4 cores, 7G,  Windows 10 , 64 bit Build 25163 (10.0.25163.1000)
Time: Mon Aug 15 22:32:35 2022 Pakistan Standard Time elapsed time: 2698.244639 seconds (0d 0h 44m 58s)

---------------  T H R E A D  ---------------

Current thread (0x000001b9c94ef000):  JavaThread "C2 CompilerThread0" daemon [_thread_in_native, id=4376, stack(0x0000002c30100000,0x0000002c30200000)]


Current CompileTask:
C2:2698244 18611   !   4       java.net.URLClassLoader::defineClass (224 bytes)

Stack: [0x0000002c30100000,0x0000002c30200000]
Native frames: (J=compiled Java code, j=interpreted, Vv=VM code, C=native code)
V  [jvm.dll+0x5fbcea]
V  [jvm.dll+0x731905]
V  [jvm.dll+0x732f1d]
V  [jvm.dll+0x7335d3]
V  [jvm.dll+0x247bf8]
V  [jvm.dll+0xc018c]
V  [jvm.dll+0xc06cc]
V  [jvm.dll+0x2bcc04]
V  [jvm.dll+0x5113a8]
V  [jvm.dll+0x208303]
V  [jvm.dll+0x201fe0]
V  [jvm.dll+0x1ff71f]
V  [jvm.dll+0x18868c]
V  [jvm.dll+0x20e0d7]
V  [jvm.dll+0x20c901]
V  [jvm.dll+0x6f9b7f]
V  [jvm.dll+0x6f26a5]
V  [jvm.dll+0x5fabf6]
C  [ucrtbase.dll+0x6a0e1]
C  [KERNEL32.DLL+0x1458d]
C  [ntdll.dll+0x42a8]


---------------  P R O C E S S  ---------------

Threads class SMR info:
_java_thread_list=0x000001b9cdcb6670, length=87, elements={
0x000001b9af8ba000, 0x000001b9c94cf000, 0x000001b9c94d1000, 0x000001b9c9e53800,
0x000001b9c94eb800, 0x000001b9c94ed000, 0x000001b9c94ef000, 0x000001b9c94fd000,
0x000001b9c9500000, 0x000001b9c9fa4000, 0x000001b9caf5a800, 0x000001b9cb2b5000,
0x000001b9cb7fc000, 0x000001b9cac83800, 0x000001b9cac7f800, 0x000001b9cac86000,
0x000001b9cac80800, 0x000001b9cac82000, 0x000001b9cac85000, 0x000001b9cac83000,
0x000001b9cdadb800, 0x000001b9cdad9800, 0x000001b9cdadc000, 0x000001b9cdad7800,
0x000001b9d0315000, 0x000001b9d0310800, 0x000001b9d0310000, 0x000001b9d0311800,
0x000001b9d030f000, 0x000001b9d0312800, 0x000001b9d0315800, 0x000001b9d0318000,
0x000001b9d0319000, 0x000001b9d0316800, 0x000001b9d0313000, 0x000001b9d0319800,
0x000001b9d0317000, 0x000001b9d031b800, 0x000001b9d031a800, 0x000001b9d031e000,
0x000001b9d031c000, 0x000001b9d031d000, 0x000001b9cdad8000, 0x000001b9cdade800,
0x000001b9cdada800, 0x000001b9cdade000, 0x000001b9cdad9000, 0x000001b9cdae1000,
0x000001b9cdae4800, 0x000001b9cdae2000, 0x000001b9cdae2800, 0x000001b9cdae5000,
0x000001b9cdadf800, 0x000001b9cdae6000, 0x000001b9cdae0800, 0x000001b9cac84800,
0x000001b9cac81000, 0x000001b9d27e5800, 0x000001b9d27e2000, 0x000001b9d27e3000,
0x000001b9d27e4000, 0x000001b9d27e4800, 0x000001b9d27e7000, 0x000001b9d27e1800,
0x000001b9d27e6000, 0x000001b9d27eb000, 0x000001b9d27ec800, 0x000001b9d27ed800,
0x000001b9d27e8000, 0x000001b9d27ea800, 0x000001b9d27ec000, 0x000001b9d27ee800,
0x000001b9d27e8800, 0x000001b9d27ef000, 0x000001b9d27e9800, 0x000001b9d27f0000,
0x000001b9cc434000, 0x000001b9cc435000, 0x000001b9cc436800, 0x000001b9cc433800,
0x000001b9cc432800, 0x000001b9cc435800, 0x000001b9cc431000, 0x000001b9cc431800,
0x000001b9d6507800, 0x000001b9d6508800, 0x000001b9d6506800
}

Java Threads: ( => current thread )
  0x000001b9af8ba000 JavaThread "main" [_thread_blocked, id=8068, stack(0x0000002c2f500000,0x0000002c2f600000)]
  0x000001b9c94cf000 JavaThread "Reference Handler" daemon [_thread_blocked, id=2824, stack(0x0000002c2fc00000,0x0000002c2fd00000)]
  0x000001b9c94d1000 JavaThread "Finalizer" daemon [_thread_blocked, id=6168, stack(0x0000002c2fd00000,0x0000002c2fe00000)]
  0x000001b9c9e53800 JavaThread "Signal Dispatcher" daemon [_thread_blocked, id=10388, stack(0x0000002c2fe00000,0x0000002c2ff00000)]
  0x000001b9c94eb800 JavaThread "Attach Listener" daemon [_thread_blocked, id=2280, stack(0x0000002c2ff00000,0x0000002c30000000)]
  0x000001b9c94ed000 JavaThread "Service Thread" daemon [_thread_blocked, id=10924, stack(0x0000002c30000000,0x0000002c30100000)]
=>0x000001b9c94ef000 JavaThread "C2 CompilerThread0" daemon [_thread_in_native, id=4376, stack(0x0000002c30100000,0x0000002c30200000)]
  0x000001b9c94fd000 JavaThread "C1 CompilerThread0" daemon [_thread_blocked, id=10696, stack(0x0000002c30200000,0x0000002c30300000)]
  0x000001b9c9500000 JavaThread "Sweeper thread" daemon [_thread_blocked, id=11136, stack(0x0000002c30300000,0x0000002c30400000)]
  0x000001b9c9fa4000 JavaThread "Common-Cleaner" daemon [_thread_blocked, id=3360, stack(0x0000002c30400000,0x0000002c30500000)]
  0x000001b9caf5a800 JavaThread "Daemon health stats" [_thread_blocked, id=2708, stack(0x0000002c30800000,0x0000002c30900000)]
  0x000001b9cb2b5000 JavaThread "Incoming local TCP Connector on port 51783" [_thread_in_native, id=8080, stack(0x0000002c30900000,0x0000002c30a00000)]
  0x000001b9cb7fc000 JavaThread "Daemon periodic checks" [_thread_blocked, id=6560, stack(0x0000002c30a00000,0x0000002c30b00000)]
  0x000001b9cac83800 JavaThread "Cache worker for journal cache (C:\Users\DELL\.gradle\caches\journal-1)" [_thread_blocked, id=4176, stack(0x0000002c31300000,0x0000002c31400000)]
  0x000001b9cac7f800 JavaThread "File lock request listener" [_thread_in_native, id=10472, stack(0x0000002c31400000,0x0000002c31500000)]
  0x000001b9cac86000 JavaThread "Cache worker for file hash cache (C:\Users\DELL\.gradle\caches\7.3.3\fileHashes)" [_thread_blocked, id=4320, stack(0x0000002c31500000,0x0000002c31600000)]
  0x000001b9cac80800 JavaThread "File watcher server" daemon [_thread_in_native, id=7864, stack(0x0000002c31700000,0x0000002c31800000)]
  0x000001b9cac82000 JavaThread "File watcher consumer" daemon [_thread_blocked, id=2340, stack(0x0000002c31800000,0x0000002c31900000)]
  0x000001b9cac85000 JavaThread "jar transforms" [_thread_blocked, id=8940, stack(0x0000002c31900000,0x0000002c31a00000)]
  0x000001b9cac83000 JavaThread "jar transforms Thread 2" [_thread_blocked, id=7184, stack(0x0000002c31a00000,0x0000002c31b00000)]
  0x000001b9cdadb800 JavaThread "jar transforms Thread 3" [_thread_blocked, id=5068, stack(0x0000002c31b00000,0x0000002c31c00000)]
  0x000001b9cdad9800 JavaThread "jar transforms Thread 4" [_thread_blocked, id=9996, stack(0x0000002c31c00000,0x0000002c31d00000)]
  0x000001b9cdadc000 JavaThread "Cache worker for execution history cache (C:\Users\DELL\.gradle\caches\7.3.3\executionHistory)" [_thread_blocked, id=9288, stack(0x0000002c32000000,0x0000002c32100000)]
  0x000001b9cdad7800 JavaThread "Cache worker for file content cache (C:\Users\DELL\.gradle\caches\7.3.3\fileContent)" [_thread_blocked, id=3392, stack(0x0000002c32100000,0x0000002c32200000)]
  0x000001b9d0315000 JavaThread "Memory manager" [_thread_blocked, id=10704, stack(0x0000002c34c00000,0x0000002c34d00000)]
  0x000001b9d0310800 JavaThread "Daemon Thread 4" [_thread_blocked, id=9488, stack(0x0000002c2f200000,0x0000002c2f300000)]
  0x000001b9d0310000 JavaThread "Handler for socket connection from /127.0.0.1:51783 to /127.0.0.1:52539" [_thread_in_native, id=1292, stack(0x0000002c2f300000,0x0000002c2f400000)]
  0x000001b9d0311800 JavaThread "Cancel handler" [_thread_blocked, id=9028, stack(0x0000002c2f400000,0x0000002c2f500000)]
  0x000001b9d030f000 JavaThread "Daemon worker Thread 4" [_thread_blocked, id=4036, stack(0x0000002c30b00000,0x0000002c30c00000)]
  0x000001b9d0312800 JavaThread "Asynchronous log dispatcher for DefaultDaemonConnection: socket connection from /127.0.0.1:51783 to /127.0.0.1:52539" [_thread_blocked, id=6848, stack(0x0000002c30c00000,0x0000002c30d00000)]
  0x000001b9d0315800 JavaThread "Stdin handler" [_thread_blocked, id=7328, stack(0x0000002c30d00000,0x0000002c30e00000)]
  0x000001b9d0318000 JavaThread "Daemon client event forwarder" [_thread_blocked, id=7724, stack(0x0000002c30e00000,0x0000002c30f00000)]
  0x000001b9d0319000 JavaThread "Cache worker for file hash cache (C:\Users\DELL\AndroidStudioProjects\MyLocation\.gradle\7.3.3\fileHashes)" [_thread_blocked, id=1552, stack(0x0000002c30f00000,0x0000002c31000000)]
  0x000001b9d0316800 JavaThread "Cache worker for checksums cache (C:\Users\DELL\AndroidStudioProjects\MyLocation\.gradle\7.3.3\checksums)" [_thread_blocked, id=8748, stack(0x0000002c31000000,0x0000002c31100000)]
  0x000001b9d0313000 JavaThread "Cache worker for cache directory md-supplier (C:\Users\DELL\.gradle\caches\7.3.3\md-supplier)" [_thread_blocked, id=9024, stack(0x0000002c31100000,0x0000002c31200000)]
  0x000001b9d0319800 JavaThread "Cache worker for cache directory md-rule (C:\Users\DELL\.gradle\caches\7.3.3\md-rule)" [_thread_blocked, id=2172, stack(0x0000002c31600000,0x0000002c31700000)]
  0x000001b9d0317000 JavaThread "Cache worker for dependencies-accessors (C:\Users\DELL\AndroidStudioProjects\MyLocation\.gradle\7.3.3\dependencies-accessors)" [_thread_blocked, id=9716, stack(0x0000002c31f00000,0x0000002c32000000)]
  0x000001b9d031b800 JavaThread "Cache worker for Build Output Cleanup Cache (C:\Users\DELL\AndroidStudioProjects\MyLocation\.gradle\buildOutputCleanup)" [_thread_blocked, id=4460, stack(0x0000002c32200000,0x0000002c32300000)]
  0x000001b9d031a800 JavaThread "Unconstrained build operations" [_thread_blocked, id=10880, stack(0x0000002c32300000,0x0000002c32400000)]
  0x000001b9d031e000 JavaThread "Unconstrained build operations Thread 2" [_thread_blocked, id=1240, stack(0x0000002c32400000,0x0000002c32500000)]
  0x000001b9d031c000 JavaThread "Unconstrained build operations Thread 3" [_thread_blocked, id=8552, stack(0x0000002c32500000,0x0000002c32600000)]
  0x000001b9d031d000 JavaThread "Unconstrained build operations Thread 4" [_thread_blocked, id=10156, stack(0x0000002c32600000,0x0000002c32700000)]
  0x000001b9cdad8000 JavaThread "Unconstrained build operations Thread 5" [_thread_blocked, id=10508, stack(0x0000002c32700000,0x0000002c32800000)]
  0x000001b9cdade800 JavaThread "Unconstrained build operations Thread 6" [_thread_blocked, id=9500, stack(0x0000002c32800000,0x0000002c32900000)]
  0x000001b9cdada800 JavaThread "Unconstrained build operations Thread 7" [_thread_blocked, id=9260, stack(0x0000002c32900000,0x0000002c32a00000)]
  0x000001b9cdade000 JavaThread "Unconstrained build operations Thread 8" [_thread_in_native, id=7036, stack(0x0000002c32a00000,0x0000002c32b00000)]
  0x000001b9cdad9000 JavaThread "Unconstrained build operations Thread 9" [_thread_blocked, id=3724, stack(0x0000002c32b00000,0x0000002c32c00000)]
  0x000001b9cdae1000 JavaThread "Unconstrained build operations Thread 10" [_thread_blocked, id=5708, stack(0x0000002c32c00000,0x0000002c32d00000)]
  0x000001b9cdae4800 JavaThread "Unconstrained build operations Thread 11" [_thread_blocked, id=4400, stack(0x0000002c32d00000,0x0000002c32e00000)]
  0x000001b9cdae2000 JavaThread "Unconstrained build operations Thread 12" [_thread_blocked, id=5844, stack(0x0000002c32e00000,0x0000002c32f00000)]
  0x000001b9cdae2800 JavaThread "Unconstrained build operations Thread 13" [_thread_blocked, id=3712, stack(0x0000002c32f00000,0x0000002c33000000)]
  0x000001b9cdae5000 JavaThread "Unconstrained build operations Thread 14" [_thread_blocked, id=9188, stack(0x0000002c33000000,0x0000002c33100000)]
  0x000001b9cdadf800 JavaThread "Unconstrained build operations Thread 15" [_thread_blocked, id=9824, stack(0x0000002c33100000,0x0000002c33200000)]
  0x000001b9cdae6000 JavaThread "Unconstrained build operations Thread 16" [_thread_blocked, id=5108, stack(0x0000002c33200000,0x0000002c33300000)]
  0x000001b9cdae0800 JavaThread "Unconstrained build operations Thread 17" [_thread_blocked, id=8264, stack(0x0000002c33300000,0x0000002c33400000)]
  0x000001b9cac84800 JavaThread "Unconstrained build operations Thread 18" [_thread_blocked, id=1940, stack(0x0000002c33400000,0x0000002c33500000)]
  0x000001b9cac81000 JavaThread "Unconstrained build operations Thread 19" [_thread_blocked, id=10660, stack(0x0000002c33500000,0x0000002c33600000)]
  0x000001b9d27e5800 JavaThread "Unconstrained build operations Thread 20" [_thread_blocked, id=9240, stack(0x0000002c33600000,0x0000002c33700000)]
  0x000001b9d27e2000 JavaThread "Unconstrained build operations Thread 21" [_thread_blocked, id=7304, stack(0x0000002c33700000,0x0000002c33800000)]
  0x000001b9d27e3000 JavaThread "Unconstrained build operations Thread 22" [_thread_blocked, id=596, stack(0x0000002c33800000,0x0000002c33900000)]
  0x000001b9d27e4000 JavaThread "Unconstrained build operations Thread 23" [_thread_blocked, id=4464, stack(0x0000002c33900000,0x0000002c33a00000)]
  0x000001b9d27e4800 JavaThread "Unconstrained build operations Thread 24" [_thread_blocked, id=2376, stack(0x0000002c33a00000,0x0000002c33b00000)]
  0x000001b9d27e7000 JavaThread "Unconstrained build operations Thread 25" [_thread_blocked, id=1700, stack(0x0000002c33b00000,0x0000002c33c00000)]
  0x000001b9d27e1800 JavaThread "Unconstrained build operations Thread 26" [_thread_blocked, id=3324, stack(0x0000002c33c00000,0x0000002c33d00000)]
  0x000001b9d27e6000 JavaThread "Unconstrained build operations Thread 27" [_thread_blocked, id=7440, stack(0x0000002c33d00000,0x0000002c33e00000)]
  0x000001b9d27eb000 JavaThread "Unconstrained build operations Thread 28" [_thread_blocked, id=5940, stack(0x0000002c33e00000,0x0000002c33f00000)]
  0x000001b9d27ec800 JavaThread "Unconstrained build operations Thread 29" [_thread_blocked, id=9184, stack(0x0000002c33f00000,0x0000002c34000000)]
  0x000001b9d27ed800 JavaThread "Unconstrained build operations Thread 30" [_thread_blocked, id=3612, stack(0x0000002c34000000,0x0000002c34100000)]
  0x000001b9d27e8000 JavaThread "Unconstrained build operations Thread 31" [_thread_blocked, id=11004, stack(0x0000002c34100000,0x0000002c34200000)]
  0x000001b9d27ea800 JavaThread "Unconstrained build operations Thread 32" [_thread_blocked, id=4720, stack(0x0000002c34200000,0x0000002c34300000)]
  0x000001b9d27ec000 JavaThread "Unconstrained build operations Thread 33" [_thread_blocked, id=11112, stack(0x0000002c34300000,0x0000002c34400000)]
  0x000001b9d27ee800 JavaThread "Unconstrained build operations Thread 34" [_thread_blocked, id=8864, stack(0x0000002c34400000,0x0000002c34500000)]
  0x000001b9d27e8800 JavaThread "Unconstrained build operations Thread 35" [_thread_blocked, id=428, stack(0x0000002c34500000,0x0000002c34600000)]
  0x000001b9d27ef000 JavaThread "Unconstrained build operations Thread 36" [_thread_blocked, id=3708, stack(0x0000002c34600000,0x0000002c34700000)]
  0x000001b9d27e9800 JavaThread "Unconstrained build operations Thread 37" [_thread_blocked, id=10700, stack(0x0000002c34700000,0x0000002c34800000)]
  0x000001b9d27f0000 JavaThread "Unconstrained build operations Thread 38" [_thread_blocked, id=9516, stack(0x0000002c34800000,0x0000002c34900000)]
  0x000001b9cc434000 JavaThread "Unconstrained build operations Thread 39" [_thread_blocked, id=10048, stack(0x0000002c34900000,0x0000002c34a00000)]
  0x000001b9cc435000 JavaThread "Unconstrained build operations Thread 40" [_thread_blocked, id=4916, stack(0x0000002c34a00000,0x0000002c34b00000)]
  0x000001b9cc436800 JavaThread "build event listener" [_thread_blocked, id=8668, stack(0x0000002c31d00000,0x0000002c31e00000)]
  0x000001b9cc433800 JavaThread "Execution worker for ':'" [_thread_blocked, id=3556, stack(0x0000002c34b00000,0x0000002c34c00000)]
  0x000001b9cc432800 JavaThread "Execution worker for ':' Thread 2" [_thread_blocked, id=4148, stack(0x0000002c34d00000,0x0000002c34e00000)]
  0x000001b9cc435800 JavaThread "Execution worker for ':' Thread 3" [_thread_blocked, id=1392, stack(0x0000002c34e00000,0x0000002c34f00000)]
  0x000001b9cc431000 JavaThread "Cache worker for execution history cache (C:\Users\DELL\AndroidStudioProjects\MyLocation\.gradle\7.3.3\executionHistory)" [_thread_blocked, id=6796, stack(0x0000002c34f00000,0x0000002c35000000)]
  0x000001b9cc431800 JavaThread "WorkerExecutor Queue" [_thread_in_native, id=11132, stack(0x0000002c35000000,0x0000002c35100000)]
  0x000001b9d6507800 JavaThread "WorkerExecutor Queue Thread 2" [_thread_blocked, id=8388, stack(0x0000002c35100000,0x0000002c35200000)]
  0x000001b9d6508800 JavaThread "WorkerExecutor Queue Thread 3" [_thread_blocked, id=8816, stack(0x0000002c35200000,0x0000002c35300000)]
  0x000001b9d6506800 JavaThread "WorkerExecutor Queue Thread 4" [_thread_blocked, id=10192, stack(0x0000002c35300000,0x0000002c35400000)]

Other Threads:
  0x000001b9c94ca800 VMThread "VM Thread" [stack: 0x0000002c2fb00000,0x0000002c2fc00000] [id=4932]
  0x000001b9c9fef800 WatcherThread [stack: 0x0000002c30500000,0x0000002c30600000] [id=8612]
  0x000001b9af8d3800 GCTaskThread "GC Thread#0" [stack: 0x0000002c2f600000,0x0000002c2f700000] [id=9556]
  0x000001b9ca3b4800 GCTaskThread "GC Thread#1" [stack: 0x0000002c30600000,0x0000002c30700000] [id=412]
  0x000001b9ca0e4000 GCTaskThread "GC Thread#2" [stack: 0x0000002c30700000,0x0000002c30800000] [id=8948]
  0x000001b9cbe6b000 GCTaskThread "GC Thread#3" [stack: 0x0000002c31200000,0x0000002c31300000] [id=5916]
  0x000001b9af902800 ConcurrentGCThread "G1 Main Marker" [stack: 0x0000002c2f700000,0x0000002c2f800000] [id=8704]
  0x000001b9af905000 ConcurrentGCThread "G1 Conc#0" [stack: 0x0000002c2f800000,0x0000002c2f900000] [id=7104]
  0x000001b9c9320800 ConcurrentGCThread "G1 Refine#0" [stack: 0x0000002c2f900000,0x0000002c2fa00000] [id=8728]
  0x000001b9cc7f7800 ConcurrentGCThread "G1 Refine#1" [stack: 0x0000002c31e00000,0x0000002c31f00000] [id=3688]
  0x000001b9c9321800 ConcurrentGCThread "G1 Young RemSet Sampling" [stack: 0x0000002c2fa00000,0x0000002c2fb00000] [id=9836]

Threads with active compile tasks:
C2 CompilerThread02698325 18611   !   4       java.net.URLClassLoader::defineClass (224 bytes)

VM state:not at safepoint (normal execution)

VM Mutex/Monitor currently owned by a thread: None

Heap address: 0x0000000080000000, size: 2048 MB, Compressed Oops mode: 32-bit
Narrow klass base: 0x0000000000000000, Narrow klass shift: 3
Compressed class space size: 1073741824 Address: 0x0000000100000000

Heap:
 garbage-first heap   total 270336K, used 190864K [0x0000000080000000, 0x0000000100000000)
  region size 1024K, 48 young (49152K), 8 survivors (8192K)
 Metaspace       used 148924K, capacity 151937K, committed 152064K, reserved 1181696K
  class space    used 19024K, capacity 20153K, committed 20224K, reserved 1048576K
Heap Regions: E=young(eden), S=young(survivor), O=old, HS=humongous(starts), HC=humongous(continues), CS=collection set, F=free, A=archive, TAMS=top-at-mark-start (previous, next)
|   0|0x0000000080000000, 0x0000000080100000, 0x0000000080100000|100%| O|  |TAMS 0x0000000080100000, 0x0000000080000000| Untracked 
|   1|0x0000000080100000, 0x0000000080200000, 0x0000000080200000|100%| O|  |TAMS 0x0000000080200000, 0x0000000080100000| Untracked 
|   2|0x0000000080200000, 0x0000000080300000, 0x0000000080300000|100%| O|  |TAMS 0x0000000080300000, 0x0000000080200000| Untracked 
|   3|0x0000000080300000, 0x0000000080400000, 0x0000000080400000|100%|HS|  |TAMS 0x0000000080400000, 0x0000000080300000| Complete 
|   4|0x0000000080400000, 0x0000000080500000, 0x0000000080500000|100%|HC|  |TAMS 0x0000000080500000, 0x0000000080400000| Complete 
|   5|0x0000000080500000, 0x0000000080600000, 0x0000000080600000|100%|HC|  |TAMS 0x0000000080600000, 0x0000000080500000| Complete 
|   6|0x0000000080600000, 0x0000000080700000, 0x0000000080700000|100%| O|  |TAMS 0x0000000080700000, 0x0000000080600000| Untracked 
|   7|0x0000000080700000, 0x0000000080800000, 0x0000000080800000|100%| O|  |TAMS 0x0000000080800000, 0x0000000080700000| Untracked 
|   8|0x0000000080800000, 0x0000000080900000, 0x0000000080900000|100%| O|  |TAMS 0x0000000080900000, 0x0000000080800000| Untracked 
|   9|0x0000000080900000, 0x0000000080a00000, 0x0000000080a00000|100%| O|  |TAMS 0x0000000080a00000, 0x0000000080900000| Untracked 
|  10|0x0000000080a00000, 0x0000000080b00000, 0x0000000080b00000|100%| O|  |TAMS 0x0000000080b00000, 0x0000000080a00000| Untracked 
|  11|0x0000000080b00000, 0x0000000080c00000, 0x0000000080c00000|100%| O|  |TAMS 0x0000000080c00000, 0x0000000080b00000| Untracked 
|  12|0x0000000080c00000, 0x0000000080d00000, 0x0000000080d00000|100%| O|  |TAMS 0x0000000080d00000, 0x0000000080c00000| Untracked 
|  13|0x0000000080d00000, 0x0000000080e00000, 0x0000000080e00000|100%| O|  |TAMS 0x0000000080e00000, 0x0000000080d00000| Untracked 
|  14|0x0000000080e00000, 0x0000000080f00000, 0x0000000080f00000|100%|HS|  |TAMS 0x0000000080f00000, 0x0000000080e00000| Complete 
|  15|0x0000000080f00000, 0x0000000081000000, 0x0000000081000000|100%|HC|  |TAMS 0x0000000081000000, 0x0000000080f00000| Complete 
|  16|0x0000000081000000, 0x0000000081100000, 0x0000000081100000|100%|HS|  |TAMS 0x0000000081100000, 0x0000000081000000| Complete 
|  17|0x0000000081100000, 0x0000000081200000, 0x0000000081200000|100%|HC|  |TAMS 0x0000000081200000, 0x0000000081100000| Complete 
|  18|0x0000000081200000, 0x0000000081300000, 0x0000000081300000|100%|HC|  |TAMS 0x0000000081300000, 0x0000000081200000| Complete 
|  19|0x0000000081300000, 0x0000000081400000, 0x0000000081400000|100%|HS|  |TAMS 0x0000000081400000, 0x0000000081300000| Complete 
|  20|0x0000000081400000, 0x0000000081500000, 0x0000000081500000|100%|HS|  |TAMS 0x0000000081500000, 0x0000000081400000| Complete 
|  21|0x0000000081500000, 0x0000000081600000, 0x0000000081600000|100%|HC|  |TAMS 0x0000000081600000, 0x0000000081500000| Complete 
|  22|0x0000000081600000, 0x0000000081700000, 0x0000000081700000|100%|HC|  |TAMS 0x0000000081700000, 0x0000000081600000| Complete 
|  23|0x0000000081700000, 0x0000000081800000, 0x0000000081800000|100%|HC|  |TAMS 0x0000000081800000, 0x0000000081700000| Complete 
|  24|0x0000000081800000, 0x0000000081900000, 0x0000000081900000|100%| O|  |TAMS 0x0000000081900000, 0x0000000081800000| Untracked 
|  25|0x0000000081900000, 0x0000000081a00000, 0x0000000081a00000|100%| O|  |TAMS 0x0000000081a00000, 0x0000000081900000| Untracked 
|  26|0x0000000081a00000, 0x0000000081b00000, 0x0000000081b00000|100%| O|  |TAMS 0x0000000081b00000, 0x0000000081a00000| Untracked 
|  27|0x0000000081b00000, 0x0000000081c00000, 0x0000000081c00000|100%| O|  |TAMS 0x0000000081c00000, 0x0000000081b00000| Untracked 
|  28|0x0000000081c00000, 0x0000000081d00000, 0x0000000081d00000|100%| O|  |TAMS 0x0000000081d00000, 0x0000000081c00000| Untracked 
|  29|0x0000000081d00000, 0x0000000081e00000, 0x0000000081e00000|100%| O|  |TAMS 0x0000000081e00000, 0x0000000081d00000| Untracked 
|  30|0x0000000081e00000, 0x0000000081f00000, 0x0000000081f00000|100%| O|  |TAMS 0x0000000081f00000, 0x0000000081e00000| Untracked 
|  31|0x0000000081f00000, 0x0000000082000000, 0x0000000082000000|100%| O|  |TAMS 0x0000000082000000, 0x0000000081f00000| Untracked 
|  32|0x0000000082000000, 0x0000000082100000, 0x0000000082100000|100%| O|  |TAMS 0x0000000082100000, 0x0000000082000000| Untracked 
|  33|0x0000000082100000, 0x0000000082200000, 0x0000000082200000|100%| O|  |TAMS 0x0000000082200000, 0x0000000082100000| Untracked 
|  34|0x0000000082200000, 0x0000000082300000, 0x0000000082300000|100%|HS|  |TAMS 0x0000000082300000, 0x0000000082200000| Complete 
|  35|0x0000000082300000, 0x0000000082400000, 0x0000000082400000|100%|HS|  |TAMS 0x0000000082400000, 0x0000000082300000| Complete 
|  36|0x0000000082400000, 0x0000000082500000, 0x0000000082500000|100%|HC|  |TAMS 0x0000000082500000, 0x0000000082400000| Complete 
|  37|0x0000000082500000, 0x0000000082600000, 0x0000000082600000|100%|HC|  |TAMS 0x0000000082600000, 0x0000000082500000| Complete 
|  38|0x0000000082600000, 0x0000000082700000, 0x0000000082700000|100%| O|  |TAMS 0x0000000082700000, 0x0000000082600000| Untracked 
|  39|0x0000000082700000, 0x0000000082800000, 0x0000000082800000|100%| O|  |TAMS 0x0000000082800000, 0x0000000082700000| Untracked 
|  40|0x0000000082800000, 0x0000000082900000, 0x0000000082900000|100%| O|  |TAMS 0x0000000082900000, 0x0000000082800000| Untracked 
|  41|0x0000000082900000, 0x0000000082a00000, 0x0000000082a00000|100%| O|  |TAMS 0x0000000082a00000, 0x0000000082900000| Untracked 
|  42|0x0000000082a00000, 0x0000000082b00000, 0x0000000082b00000|100%| O|  |TAMS 0x0000000082b00000, 0x0000000082a00000| Untracked 
|  43|0x0000000082b00000, 0x0000000082c00000, 0x0000000082c00000|100%| O|  |TAMS 0x0000000082c00000, 0x0000000082b00000| Untracked 
|  44|0x0000000082c00000, 0x0000000082d00000, 0x0000000082d00000|100%|HS|  |TAMS 0x0000000082d00000, 0x0000000082c00000| Complete 
|  45|0x0000000082d00000, 0x0000000082e00000, 0x0000000082e00000|100%|HC|  |TAMS 0x0000000082e00000, 0x0000000082d00000| Complete 
|  46|0x0000000082e00000, 0x0000000082f00000, 0x0000000082f00000|100%|HC|  |TAMS 0x0000000082f00000, 0x0000000082e00000| Complete 
|  47|0x0000000082f00000, 0x0000000083000000, 0x0000000083000000|100%|HC|  |TAMS 0x0000000083000000, 0x0000000082f00000| Complete 
|  48|0x0000000083000000, 0x0000000083100000, 0x0000000083100000|100%| O|  |TAMS 0x0000000083100000, 0x0000000083000000| Untracked 
|  49|0x0000000083100000, 0x0000000083200000, 0x0000000083200000|100%| O|  |TAMS 0x0000000083200000, 0x0000000083100000| Untracked 
|  50|0x0000000083200000, 0x0000000083300000, 0x0000000083300000|100%| O|  |TAMS 0x0000000083300000, 0x0000000083200000| Untracked 
|  51|0x0000000083300000, 0x0000000083400000, 0x0000000083400000|100%|HS|  |TAMS 0x0000000083400000, 0x0000000083300000| Complete 
|  52|0x0000000083400000, 0x0000000083500000, 0x0000000083500000|100%|HS|  |TAMS 0x0000000083500000, 0x0000000083400000| Complete 
|  53|0x0000000083500000, 0x0000000083600000, 0x0000000083600000|100%|HS|  |TAMS 0x0000000083600000, 0x0000000083500000| Complete 
|  54|0x0000000083600000, 0x0000000083700000, 0x0000000083700000|100%|HC|  |TAMS 0x0000000083700000, 0x0000000083600000| Complete 
|  55|0x0000000083700000, 0x0000000083800000, 0x0000000083800000|100%| O|  |TAMS 0x0000000083800000, 0x0000000083700000| Untracked 
|  56|0x0000000083800000, 0x0000000083900000, 0x0000000083900000|100%| O|  |TAMS 0x0000000083900000, 0x0000000083800000| Untracked 
|  57|0x0000000083900000, 0x0000000083a00000, 0x0000000083a00000|100%| O|  |TAMS 0x0000000083a00000, 0x0000000083900000| Untracked 
|  58|0x0000000083a00000, 0x0000000083b00000, 0x0000000083b00000|100%| O|  |TAMS 0x0000000083b00000, 0x0000000083a00000| Untracked 
|  59|0x0000000083b00000, 0x0000000083c00000, 0x0000000083c00000|100%| O|  |TAMS 0x0000000083c00000, 0x0000000083b00000| Untracked 
|  60|0x0000000083c00000, 0x0000000083d00000, 0x0000000083d00000|100%| O|  |TAMS 0x0000000083d00000, 0x0000000083c00000| Untracked 
|  61|0x0000000083d00000, 0x0000000083e00000, 0x0000000083e00000|100%| O|  |TAMS 0x0000000083e00000, 0x0000000083d00000| Untracked 
|  62|0x0000000083e00000, 0x0000000083f00000, 0x0000000083f00000|100%| O|  |TAMS 0x0000000083f00000, 0x0000000083e00000| Untracked 
|  63|0x0000000083f00000, 0x0000000084000000, 0x0000000084000000|100%| O|  |TAMS 0x0000000084000000, 0x0000000083f00000| Untracked 
|  64|0x0000000084000000, 0x0000000084100000, 0x0000000084100000|100%| O|  |TAMS 0x0000000084100000, 0x0000000084000000| Untracked 
|  65|0x0000000084100000, 0x0000000084200000, 0x0000000084200000|100%| O|  |TAMS 0x0000000084200000, 0x0000000084100000| Untracked 
|  66|0x0000000084200000, 0x0000000084300000, 0x0000000084300000|100%| O|  |TAMS 0x0000000084300000, 0x0000000084200000| Untracked 
|  67|0x0000000084300000, 0x0000000084400000, 0x0000000084400000|100%| O|  |TAMS 0x0000000084400000, 0x0000000084300000| Untracked 
|  68|0x0000000084400000, 0x0000000084500000, 0x0000000084500000|100%| O|  |TAMS 0x0000000084500000, 0x0000000084400000| Untracked 
|  69|0x0000000084500000, 0x0000000084600000, 0x0000000084600000|100%| O|  |TAMS 0x0000000084600000, 0x0000000084500000| Untracked 
|  70|0x0000000084600000, 0x0000000084700000, 0x0000000084700000|100%| O|  |TAMS 0x0000000084700000, 0x0000000084600000| Untracked 
|  71|0x0000000084700000, 0x0000000084800000, 0x0000000084800000|100%| O|  |TAMS 0x0000000084800000, 0x0000000084700000| Untracked 
|  72|0x0000000084800000, 0x0000000084900000, 0x0000000084900000|100%| O|  |TAMS 0x0000000084900000, 0x0000000084800000| Untracked 
|  73|0x0000000084900000, 0x0000000084a00000, 0x0000000084a00000|100%| O|  |TAMS 0x0000000084a00000, 0x0000000084900000| Untracked 
|  74|0x0000000084a00000, 0x0000000084b00000, 0x0000000084b00000|100%| O|  |TAMS 0x0000000084b00000, 0x0000000084a00000| Untracked 
|  75|0x0000000084b00000, 0x0000000084c00000, 0x0000000084c00000|100%| O|  |TAMS 0x0000000084c00000, 0x0000000084b00000| Untracked 
|  76|0x0000000084c00000, 0x0000000084d00000, 0x0000000084d00000|100%| O|  |TAMS 0x0000000084d00000, 0x0000000084c00000| Untracked 
|  77|0x0000000084d00000, 0x0000000084e00000, 0x0000000084e00000|100%| O|  |TAMS 0x0000000084e00000, 0x0000000084d00000| Untracked 
|  78|0x0000000084e00000, 0x0000000084f00000, 0x0000000084f00000|100%| O|  |TAMS 0x0000000084f00000, 0x0000000084e00000| Untracked 
|  79|0x0000000084f00000, 0x0000000085000000, 0x0000000085000000|100%| O|  |TAMS 0x0000000084f00000, 0x0000000084f00000| Untracked 
|  80|0x0000000085000000, 0x0000000085100000, 0x0000000085100000|100%|HS|  |TAMS 0x0000000085100000, 0x0000000085000000| Complete 
|  81|0x0000000085100000, 0x0000000085200000, 0x0000000085200000|100%|HC|  |TAMS 0x0000000085200000, 0x0000000085100000| Complete 
|  82|0x0000000085200000, 0x0000000085300000, 0x0000000085300000|100%|HS|  |TAMS 0x0000000085300000, 0x0000000085200000| Complete 
|  83|0x0000000085300000, 0x0000000085400000, 0x0000000085400000|100%|HC|  |TAMS 0x0000000085400000, 0x0000000085300000| Complete 
|  84|0x0000000085400000, 0x0000000085500000, 0x0000000085500000|100%|HC|  |TAMS 0x0000000085500000, 0x0000000085400000| Complete 
|  85|0x0000000085500000, 0x0000000085600000, 0x0000000085600000|100%|HS|  |TAMS 0x0000000085600000, 0x0000000085500000| Complete 
|  86|0x0000000085600000, 0x0000000085700000, 0x0000000085700000|100%|HS|  |TAMS 0x0000000085700000, 0x0000000085600000| Complete 
|  87|0x0000000085700000, 0x0000000085800000, 0x0000000085800000|100%|HC|  |TAMS 0x0000000085800000, 0x0000000085700000| Complete 
|  88|0x0000000085800000, 0x0000000085900000, 0x0000000085900000|100%|HC|  |TAMS 0x0000000085900000, 0x0000000085800000| Complete 
|  89|0x0000000085900000, 0x0000000085a00000, 0x0000000085a00000|100%|HC|  |TAMS 0x0000000085a00000, 0x0000000085900000| Complete 
|  90|0x0000000085a00000, 0x0000000085b00000, 0x0000000085b00000|100%| O|  |TAMS 0x0000000085a00000, 0x0000000085a00000| Untracked 
|  91|0x0000000085b00000, 0x0000000085c00000, 0x0000000085c00000|100%| O|  |TAMS 0x0000000085c00000, 0x0000000085b00000| Untracked 
|  92|0x0000000085c00000, 0x0000000085d00000, 0x0000000085d00000|100%| O|  |TAMS 0x0000000085d00000, 0x0000000085c00000| Untracked 
|  93|0x0000000085d00000, 0x0000000085e00000, 0x0000000085e00000|100%| O|  |TAMS 0x0000000085e00000, 0x0000000085d00000| Untracked 
|  94|0x0000000085e00000, 0x0000000085f00000, 0x0000000085f00000|100%| O|  |TAMS 0x0000000085f00000, 0x0000000085e00000| Untracked 
|  95|0x0000000085f00000, 0x0000000086000000, 0x0000000086000000|100%| O|  |TAMS 0x0000000086000000, 0x0000000085f00000| Untracked 
|  96|0x0000000086000000, 0x0000000086100000, 0x0000000086100000|100%| O|  |TAMS 0x0000000086000000, 0x0000000086000000| Untracked 
|  97|0x0000000086100000, 0x0000000086200000, 0x0000000086200000|100%| O|  |TAMS 0x0000000086200000, 0x0000000086100000| Untracked 
|  98|0x0000000086200000, 0x0000000086300000, 0x0000000086300000|100%| O|  |TAMS 0x0000000086300000, 0x0000000086200000| Untracked 
|  99|0x0000000086300000, 0x0000000086400000, 0x0000000086400000|100%| O|  |TAMS 0x0000000086400000, 0x0000000086300000| Untracked 
| 100|0x0000000086400000, 0x0000000086500000, 0x0000000086500000|100%| O|  |TAMS 0x0000000086500000, 0x0000000086400000| Untracked 
| 101|0x0000000086500000, 0x0000000086600000, 0x0000000086600000|100%| O|  |TAMS 0x0000000086600000, 0x0000000086500000| Untracked 
| 102|0x0000000086600000, 0x0000000086700000, 0x0000000086700000|100%| O|  |TAMS 0x0000000086600000, 0x0000000086600000| Untracked 
| 103|0x0000000086700000, 0x0000000086800000, 0x0000000086800000|100%| O|  |TAMS 0x0000000086800000, 0x0000000086700000| Untracked 
| 104|0x0000000086800000, 0x0000000086900000, 0x0000000086900000|100%| O|  |TAMS 0x0000000086900000, 0x0000000086800000| Untracked 
| 105|0x0000000086900000, 0x0000000086a00000, 0x0000000086a00000|100%| O|  |TAMS 0x0000000086a00000, 0x0000000086900000| Untracked 
| 106|0x0000000086a00000, 0x0000000086b00000, 0x0000000086b00000|100%| O|  |TAMS 0x0000000086b00000, 0x0000000086a00000| Untracked 
| 107|0x0000000086b00000, 0x0000000086c00000, 0x0000000086c00000|100%| O|  |TAMS 0x0000000086c00000, 0x0000000086b00000| Untracked 
| 108|0x0000000086c00000, 0x0000000086d00000, 0x0000000086d00000|100%| O|  |TAMS 0x0000000086d00000, 0x0000000086c00000| Untracked 
| 109|0x0000000086d00000, 0x0000000086e00000, 0x0000000086e00000|100%| O|  |TAMS 0x0000000086e00000, 0x0000000086d00000| Untracked 
| 110|0x0000000086e00000, 0x0000000086f00000, 0x0000000086f00000|100%| O|  |TAMS 0x0000000086f00000, 0x0000000086e00000| Untracked 
| 111|0x0000000086f00000, 0x0000000087000000, 0x0000000087000000|100%| O|  |TAMS 0x0000000086f00000, 0x0000000086f00000| Untracked 
| 112|0x0000000087000000, 0x0000000087100000, 0x0000000087100000|100%| O|  |TAMS 0x0000000087100000, 0x0000000087000000| Untracked 
| 113|0x0000000087100000, 0x0000000087200000, 0x0000000087200000|100%| O|  |TAMS 0x0000000087200000, 0x0000000087100000| Untracked 
| 114|0x0000000087200000, 0x0000000087300000, 0x0000000087300000|100%| O|  |TAMS 0x0000000087300000, 0x0000000087200000| Untracked 
| 115|0x0000000087300000, 0x0000000087400000, 0x0000000087400000|100%| O|  |TAMS 0x0000000087300000, 0x0000000087300000| Untracked 
| 116|0x0000000087400000, 0x0000000087500000, 0x0000000087500000|100%| O|  |TAMS 0x0000000087400000, 0x0000000087400000| Untracked 
| 117|0x0000000087500000, 0x0000000087600000, 0x0000000087600000|100%| O|  |TAMS 0x0000000087500000, 0x0000000087500000| Untracked 
| 118|0x0000000087600000, 0x0000000087700000, 0x0000000087700000|100%| O|  |TAMS 0x0000000087700000, 0x0000000087600000| Untracked 
| 119|0x0000000087700000, 0x0000000087800000, 0x0000000087800000|100%| O|  |TAMS 0x0000000087800000, 0x0000000087700000| Untracked 
| 120|0x0000000087800000, 0x0000000087900000, 0x0000000087900000|100%| O|  |TAMS 0x0000000087800000, 0x0000000087800000| Untracked 
| 121|0x0000000087900000, 0x0000000087a00000, 0x0000000087a00000|100%| O|  |TAMS 0x0000000087a00000, 0x0000000087900000| Untracked 
| 122|0x0000000087a00000, 0x0000000087b00000, 0x0000000087b00000|100%| O|  |TAMS 0x0000000087b00000, 0x0000000087a00000| Untracked 
| 123|0x0000000087b00000, 0x0000000087c00000, 0x0000000087c00000|100%| O|  |TAMS 0x0000000087c00000, 0x0000000087b00000| Untracked 
| 124|0x0000000087c00000, 0x0000000087d00000, 0x0000000087d00000|100%| O|  |TAMS 0x0000000087d00000, 0x0000000087c00000| Untracked 
| 125|0x0000000087d00000, 0x0000000087e00000, 0x0000000087e00000|100%| O|  |TAMS 0x0000000087e00000, 0x0000000087d00000| Untracked 
| 126|0x0000000087e00000, 0x0000000087f00000, 0x0000000087f00000|100%| O|  |TAMS 0x0000000087f00000, 0x0000000087e00000| Untracked 
| 127|0x0000000087f00000, 0x0000000088000000, 0x0000000088000000|100%| O|  |TAMS 0x0000000088000000, 0x0000000087f00000| Untracked 
| 128|0x0000000088000000, 0x0000000088100000, 0x0000000088100000|100%| O|  |TAMS 0x0000000088100000, 0x0000000088000000| Untracked 
| 129|0x0000000088100000, 0x0000000088200000, 0x0000000088200000|100%| O|  |TAMS 0x0000000088200000, 0x0000000088100000| Untracked 
| 130|0x0000000088200000, 0x0000000088300000, 0x0000000088300000|100%| O|  |TAMS 0x0000000088300000, 0x0000000088200000| Untracked 
| 131|0x0000000088300000, 0x0000000088400000, 0x0000000088400000|100%| O|  |TAMS 0x0000000088400000, 0x0000000088300000| Untracked 
| 132|0x0000000088400000, 0x000000008846ba00, 0x0000000088500000| 42%| O|  |TAMS 0x0000000088400000, 0x0000000088400000| Untracked 
| 133|0x0000000088500000, 0x0000000088600000, 0x0000000088600000|100%| O|  |TAMS 0x0000000088500000, 0x0000000088500000| Untracked 
| 134|0x0000000088600000, 0x0000000088600000, 0x0000000088700000|  0%| F|  |TAMS 0x0000000088600000, 0x0000000088600000| Untracked 
| 135|0x0000000088700000, 0x0000000088700000, 0x0000000088800000|  0%| F|  |TAMS 0x0000000088700000, 0x0000000088700000| Untracked 
| 136|0x0000000088800000, 0x0000000088800000, 0x0000000088900000|  0%| F|  |TAMS 0x0000000088800000, 0x0000000088800000| Untracked 
| 137|0x0000000088900000, 0x0000000088900000, 0x0000000088a00000|  0%| F|  |TAMS 0x0000000088900000, 0x0000000088900000| Untracked 
| 138|0x0000000088a00000, 0x0000000088a00000, 0x0000000088b00000|  0%| F|  |TAMS 0x0000000088a00000, 0x0000000088a00000| Untracked 
| 139|0x0000000088b00000, 0x0000000088b00000, 0x0000000088c00000|  0%| F|  |TAMS 0x0000000088b00000, 0x0000000088b00000| Untracked 
| 140|0x0000000088c00000, 0x0000000088c00000, 0x0000000088d00000|  0%| F|  |TAMS 0x0000000088c00000, 0x0000000088c00000| Untracked 
| 141|0x0000000088d00000, 0x0000000088d00000, 0x0000000088e00000|  0%| F|  |TAMS 0x0000000088d00000, 0x0000000088d00000| Untracked 
| 142|0x0000000088e00000, 0x0000000088e00000, 0x0000000088f00000|  0%| F|  |TAMS 0x0000000088e00000, 0x0000000088e00000| Untracked 
| 143|0x0000000088f00000, 0x0000000088f00000, 0x0000000089000000|  0%| F|  |TAMS 0x0000000088f00000, 0x0000000088f00000| Untracked 
| 144|0x0000000089000000, 0x0000000089000000, 0x0000000089100000|  0%| F|  |TAMS 0x0000000089000000, 0x0000000089000000| Untracked 
| 145|0x0000000089100000, 0x0000000089100000, 0x0000000089200000|  0%| F|  |TAMS 0x0000000089100000, 0x0000000089100000| Untracked 
| 146|0x0000000089200000, 0x0000000089200000, 0x0000000089300000|  0%| F|  |TAMS 0x0000000089200000, 0x0000000089200000| Untracked 
| 147|0x0000000089300000, 0x0000000089300000, 0x0000000089400000|  0%| F|  |TAMS 0x0000000089300000, 0x0000000089300000| Untracked 
| 148|0x0000000089400000, 0x0000000089500000, 0x0000000089500000|100%| O|  |TAMS 0x0000000089500000, 0x0000000089400000| Untracked 
| 149|0x0000000089500000, 0x0000000089500000, 0x0000000089600000|  0%| F|  |TAMS 0x0000000089500000, 0x0000000089500000| Untracked 
| 150|0x0000000089600000, 0x0000000089600000, 0x0000000089700000|  0%| F|  |TAMS 0x0000000089600000, 0x0000000089600000| Untracked 
| 151|0x0000000089700000, 0x0000000089700000, 0x0000000089800000|  0%| F|  |TAMS 0x0000000089700000, 0x0000000089700000| Untracked 
| 152|0x0000000089800000, 0x0000000089900000, 0x0000000089900000|100%| O|  |TAMS 0x0000000089900000, 0x0000000089800000| Untracked 
| 153|0x0000000089900000, 0x0000000089a00000, 0x0000000089a00000|100%| O|  |TAMS 0x0000000089a00000, 0x0000000089900000| Untracked 
| 154|0x0000000089a00000, 0x0000000089b00000, 0x0000000089b00000|100%| O|  |TAMS 0x0000000089b00000, 0x0000000089a00000| Untracked 
| 155|0x0000000089b00000, 0x0000000089c00000, 0x0000000089c00000|100%| O|  |TAMS 0x0000000089c00000, 0x0000000089b00000| Untracked 
| 156|0x0000000089c00000, 0x0000000089c00000, 0x0000000089d00000|  0%| F|  |TAMS 0x0000000089c00000, 0x0000000089c00000| Untracked 
| 157|0x0000000089d00000, 0x0000000089d00000, 0x0000000089e00000|  0%| F|  |TAMS 0x0000000089d00000, 0x0000000089d00000| Untracked 
| 158|0x0000000089e00000, 0x0000000089e00000, 0x0000000089f00000|  0%| F|  |TAMS 0x0000000089e00000, 0x0000000089e00000| Untracked 
| 159|0x0000000089f00000, 0x0000000089f00000, 0x000000008a000000|  0%| F|  |TAMS 0x0000000089f00000, 0x0000000089f00000| Untracked 
| 160|0x000000008a000000, 0x000000008a000000, 0x000000008a100000|  0%| F|  |TAMS 0x000000008a000000, 0x000000008a000000| Untracked 
| 161|0x000000008a100000, 0x000000008a100000, 0x000000008a200000|  0%| F|  |TAMS 0x000000008a100000, 0x000000008a100000| Untracked 
| 162|0x000000008a200000, 0x000000008a300000, 0x000000008a300000|100%| O|  |TAMS 0x000000008a300000, 0x000000008a200000| Untracked 
| 163|0x000000008a300000, 0x000000008a300000, 0x000000008a400000|  0%| F|  |TAMS 0x000000008a300000, 0x000000008a300000| Untracked 
| 164|0x000000008a400000, 0x000000008a400000, 0x000000008a500000|  0%| F|  |TAMS 0x000000008a400000, 0x000000008a400000| Untracked 
| 165|0x000000008a500000, 0x000000008a500000, 0x000000008a600000|  0%| F|  |TAMS 0x000000008a500000, 0x000000008a500000| Untracked 
| 166|0x000000008a600000, 0x000000008a700000, 0x000000008a700000|100%| O|  |TAMS 0x000000008a621800, 0x000000008a600000| Untracked 
| 167|0x000000008a700000, 0x000000008a700000, 0x000000008a800000|  0%| F|  |TAMS 0x000000008a700000, 0x000000008a700000| Untracked 
| 168|0x000000008a800000, 0x000000008a800000, 0x000000008a900000|  0%| F|  |TAMS 0x000000008a800000, 0x000000008a800000| Untracked 
| 169|0x000000008a900000, 0x000000008a900000, 0x000000008aa00000|  0%| F|  |TAMS 0x000000008a900000, 0x000000008a900000| Untracked 
| 170|0x000000008aa00000, 0x000000008aa00000, 0x000000008ab00000|  0%| F|  |TAMS 0x000000008aa00000, 0x000000008aa00000| Untracked 
| 171|0x000000008ab00000, 0x000000008ab00000, 0x000000008ac00000|  0%| F|  |TAMS 0x000000008ab00000, 0x000000008ab00000| Untracked 
| 172|0x000000008ac00000, 0x000000008ac00000, 0x000000008ad00000|  0%| F|  |TAMS 0x000000008ac00000, 0x000000008ac00000| Untracked 
| 173|0x000000008ad00000, 0x000000008ad00000, 0x000000008ae00000|  0%| F|  |TAMS 0x000000008ad00000, 0x000000008ad00000| Untracked 
| 174|0x000000008ae00000, 0x000000008ae00000, 0x000000008af00000|  0%| F|  |TAMS 0x000000008ae00000, 0x000000008ae00000| Untracked 
| 175|0x000000008af00000, 0x000000008af00000, 0x000000008b000000|  0%| F|  |TAMS 0x000000008af00000, 0x000000008af00000| Untracked 
| 176|0x000000008b000000, 0x000000008b000000, 0x000000008b100000|  0%| F|  |TAMS 0x000000008b000000, 0x000000008b000000| Untracked 
| 177|0x000000008b100000, 0x000000008b100000, 0x000000008b200000|  0%| F|  |TAMS 0x000000008b100000, 0x000000008b100000| Untracked 
| 178|0x000000008b200000, 0x000000008b200000, 0x000000008b300000|  0%| F|  |TAMS 0x000000008b200000, 0x000000008b200000| Untracked 
| 179|0x000000008b300000, 0x000000008b300000, 0x000000008b400000|  0%| F|  |TAMS 0x000000008b300000, 0x000000008b300000| Untracked 
| 180|0x000000008b400000, 0x000000008b400000, 0x000000008b500000|  0%| F|  |TAMS 0x000000008b400000, 0x000000008b400000| Untracked 
| 181|0x000000008b500000, 0x000000008b500000, 0x000000008b600000|  0%| F|  |TAMS 0x000000008b500000, 0x000000008b500000| Untracked 
| 182|0x000000008b600000, 0x000000008b600000, 0x000000008b700000|  0%| F|  |TAMS 0x000000008b600000, 0x000000008b600000| Untracked 
| 183|0x000000008b700000, 0x000000008b700000, 0x000000008b800000|  0%| F|  |TAMS 0x000000008b700000, 0x000000008b700000| Untracked 
| 184|0x000000008b800000, 0x000000008b800000, 0x000000008b900000|  0%| F|  |TAMS 0x000000008b800000, 0x000000008b800000| Untracked 
| 185|0x000000008b900000, 0x000000008b900000, 0x000000008ba00000|  0%| F|  |TAMS 0x000000008b900000, 0x000000008b900000| Untracked 
| 186|0x000000008ba00000, 0x000000008ba00000, 0x000000008bb00000|  0%| F|  |TAMS 0x000000008ba00000, 0x000000008ba00000| Untracked 
| 187|0x000000008bb00000, 0x000000008bb00000, 0x000000008bc00000|  0%| F|  |TAMS 0x000000008bb00000, 0x000000008bb00000| Untracked 
| 188|0x000000008bc00000, 0x000000008bc00000, 0x000000008bd00000|  0%| F|  |TAMS 0x000000008bc00000, 0x000000008bc00000| Untracked 
| 189|0x000000008bd00000, 0x000000008bd00000, 0x000000008be00000|  0%| F|  |TAMS 0x000000008bd00000, 0x000000008bd00000| Untracked 
| 190|0x000000008be00000, 0x000000008be00000, 0x000000008bf00000|  0%| F|  |TAMS 0x000000008be00000, 0x000000008be00000| Untracked 
| 191|0x000000008bf00000, 0x000000008bf00000, 0x000000008c000000|  0%| F|  |TAMS 0x000000008bf00000, 0x000000008bf00000| Untracked 
| 192|0x000000008c000000, 0x000000008c000000, 0x000000008c100000|  0%| F|  |TAMS 0x000000008c000000, 0x000000008c000000| Untracked 
| 193|0x000000008c100000, 0x000000008c100000, 0x000000008c200000|  0%| F|  |TAMS 0x000000008c100000, 0x000000008c100000| Untracked 
| 194|0x000000008c200000, 0x000000008c200000, 0x000000008c300000|  0%| F|  |TAMS 0x000000008c200000, 0x000000008c200000| Untracked 
| 195|0x000000008c300000, 0x000000008c300000, 0x000000008c400000|  0%| F|  |TAMS 0x000000008c300000, 0x000000008c300000| Untracked 
| 196|0x000000008c400000, 0x000000008c400000, 0x000000008c500000|  0%| F|  |TAMS 0x000000008c400000, 0x000000008c400000| Untracked 
| 197|0x000000008c500000, 0x000000008c500000, 0x000000008c600000|  0%| F|  |TAMS 0x000000008c500000, 0x000000008c500000| Untracked 
| 198|0x000000008c600000, 0x000000008c600000, 0x000000008c700000|  0%| F|  |TAMS 0x000000008c600000, 0x000000008c600000| Untracked 
| 199|0x000000008c700000, 0x000000008c700000, 0x000000008c800000|  0%| F|  |TAMS 0x000000008c700000, 0x000000008c700000| Untracked 
| 200|0x000000008c800000, 0x000000008c8f89d0, 0x000000008c900000| 97%| S|CS|TAMS 0x000000008c800000, 0x000000008c800000| Complete 
| 201|0x000000008c900000, 0x000000008ca00000, 0x000000008ca00000|100%| S|CS|TAMS 0x000000008c900000, 0x000000008c900000| Complete 
| 202|0x000000008ca00000, 0x000000008cb00000, 0x000000008cb00000|100%| S|CS|TAMS 0x000000008ca00000, 0x000000008ca00000| Complete 
| 203|0x000000008cb00000, 0x000000008cc00000, 0x000000008cc00000|100%| S|CS|TAMS 0x000000008cb00000, 0x000000008cb00000| Complete 
| 204|0x000000008cc00000, 0x000000008cd00000, 0x000000008cd00000|100%| S|CS|TAMS 0x000000008cc00000, 0x000000008cc00000| Complete 
| 205|0x000000008cd00000, 0x000000008ce00000, 0x000000008ce00000|100%| S|CS|TAMS 0x000000008cd00000, 0x000000008cd00000| Complete 
| 206|0x000000008ce00000, 0x000000008cf00000, 0x000000008cf00000|100%| S|CS|TAMS 0x000000008ce00000, 0x000000008ce00000| Complete 
| 207|0x000000008cf00000, 0x000000008d000000, 0x000000008d000000|100%| S|CS|TAMS 0x000000008cf00000, 0x000000008cf00000| Complete 
| 208|0x000000008d000000, 0x000000008d000000, 0x000000008d100000|  0%| F|  |TAMS 0x000000008d000000, 0x000000008d000000| Untracked 
| 209|0x000000008d100000, 0x000000008d100000, 0x000000008d200000|  0%| F|  |TAMS 0x000000008d100000, 0x000000008d100000| Untracked 
| 210|0x000000008d200000, 0x000000008d200000, 0x000000008d300000|  0%| F|  |TAMS 0x000000008d200000, 0x000000008d200000| Untracked 
| 211|0x000000008d300000, 0x000000008d300000, 0x000000008d400000|  0%| F|  |TAMS 0x000000008d300000, 0x000000008d300000| Untracked 
| 212|0x000000008d400000, 0x000000008d400000, 0x000000008d500000|  0%| F|  |TAMS 0x000000008d400000, 0x000000008d400000| Untracked 
| 213|0x000000008d500000, 0x000000008d500000, 0x000000008d600000|  0%| F|  |TAMS 0x000000008d500000, 0x000000008d500000| Untracked 
| 214|0x000000008d600000, 0x000000008d600000, 0x000000008d700000|  0%| F|  |TAMS 0x000000008d600000, 0x000000008d600000| Untracked 
| 215|0x000000008d700000, 0x000000008d700000, 0x000000008d800000|  0%| F|  |TAMS 0x000000008d700000, 0x000000008d700000| Untracked 
| 216|0x000000008d800000, 0x000000008d800000, 0x000000008d900000|  0%| F|  |TAMS 0x000000008d800000, 0x000000008d800000| Untracked 
| 217|0x000000008d900000, 0x000000008d900000, 0x000000008da00000|  0%| F|  |TAMS 0x000000008d900000, 0x000000008d900000| Untracked 
| 218|0x000000008da00000, 0x000000008da00000, 0x000000008db00000|  0%| F|  |TAMS 0x000000008da00000, 0x000000008da00000| Untracked 
| 219|0x000000008db00000, 0x000000008db00000, 0x000000008dc00000|  0%| F|  |TAMS 0x000000008db00000, 0x000000008db00000| Untracked 
| 220|0x000000008dc00000, 0x000000008dc00000, 0x000000008dd00000|  0%| F|  |TAMS 0x000000008dc00000, 0x000000008dc00000| Untracked 
| 221|0x000000008dd00000, 0x000000008dd00000, 0x000000008de00000|  0%| F|  |TAMS 0x000000008dd00000, 0x000000008dd00000| Untracked 
| 222|0x000000008de00000, 0x000000008de00000, 0x000000008df00000|  0%| F|  |TAMS 0x000000008de00000, 0x000000008de00000| Untracked 
| 223|0x000000008df00000, 0x000000008df00000, 0x000000008e000000|  0%| F|  |TAMS 0x000000008df00000, 0x000000008df00000| Untracked 
| 224|0x000000008e000000, 0x000000008e0ad818, 0x000000008e100000| 67%| E|  |TAMS 0x000000008e000000, 0x000000008e000000| Complete 
| 225|0x000000008e100000, 0x000000008e200000, 0x000000008e200000|100%| E|CS|TAMS 0x000000008e100000, 0x000000008e100000| Complete 
| 226|0x000000008e200000, 0x000000008e300000, 0x000000008e300000|100%| E|CS|TAMS 0x000000008e200000, 0x000000008e200000| Complete 
| 227|0x000000008e300000, 0x000000008e400000, 0x000000008e400000|100%| E|CS|TAMS 0x000000008e300000, 0x000000008e300000| Complete 
| 228|0x000000008e400000, 0x000000008e500000, 0x000000008e500000|100%| E|CS|TAMS 0x000000008e400000, 0x000000008e400000| Complete 
| 229|0x000000008e500000, 0x000000008e600000, 0x000000008e600000|100%| E|  |TAMS 0x000000008e500000, 0x000000008e500000| Complete 
| 230|0x000000008e600000, 0x000000008e700000, 0x000000008e700000|100%| E|CS|TAMS 0x000000008e600000, 0x000000008e600000| Complete 
| 231|0x000000008e700000, 0x000000008e800000, 0x000000008e800000|100%| E|CS|TAMS 0x000000008e700000, 0x000000008e700000| Complete 
| 232|0x000000008e800000, 0x000000008e900000, 0x000000008e900000|100%| E|CS|TAMS 0x000000008e800000, 0x000000008e800000| Complete 
| 233|0x000000008e900000, 0x000000008ea00000, 0x000000008ea00000|100%| E|CS|TAMS 0x000000008e900000, 0x000000008e900000| Complete 
| 234|0x000000008ea00000, 0x000000008eb00000, 0x000000008eb00000|100%| E|CS|TAMS 0x000000008ea00000, 0x000000008ea00000| Complete 
| 235|0x000000008eb00000, 0x000000008ec00000, 0x000000008ec00000|100%| E|CS|TAMS 0x000000008eb00000, 0x000000008eb00000| Complete 
| 236|0x000000008ec00000, 0x000000008ed00000, 0x000000008ed00000|100%| E|CS|TAMS 0x000000008ec00000, 0x000000008ec00000| Complete 
| 237|0x000000008ed00000, 0x000000008ee00000, 0x000000008ee00000|100%| E|CS|TAMS 0x000000008ed00000, 0x000000008ed00000| Complete 
| 238|0x000000008ee00000, 0x000000008ef00000, 0x000000008ef00000|100%| E|CS|TAMS 0x000000008ee00000, 0x000000008ee00000| Complete 
| 239|0x000000008ef00000, 0x000000008f000000, 0x000000008f000000|100%| E|CS|TAMS 0x000000008ef00000, 0x000000008ef00000| Complete 
| 240|0x000000008f000000, 0x000000008f100000, 0x000000008f100000|100%| E|CS|TAMS 0x000000008f000000, 0x000000008f000000| Complete 
| 241|0x000000008f100000, 0x000000008f200000, 0x000000008f200000|100%| E|CS|TAMS 0x000000008f100000, 0x000000008f100000| Complete 
| 242|0x000000008f200000, 0x000000008f300000, 0x000000008f300000|100%| E|CS|TAMS 0x000000008f200000, 0x000000008f200000| Complete 
| 243|0x000000008f300000, 0x000000008f400000, 0x000000008f400000|100%| E|CS|TAMS 0x000000008f300000, 0x000000008f300000| Complete 
| 244|0x000000008f400000, 0x000000008f500000, 0x000000008f500000|100%| E|CS|TAMS 0x000000008f400000, 0x000000008f400000| Complete 
| 245|0x000000008f500000, 0x000000008f600000, 0x000000008f600000|100%| E|CS|TAMS 0x000000008f500000, 0x000000008f500000| Complete 
| 246|0x000000008f600000, 0x000000008f700000, 0x000000008f700000|100%| E|CS|TAMS 0x000000008f600000, 0x000000008f600000| Complete 
| 247|0x000000008f700000, 0x000000008f800000, 0x000000008f800000|100%| E|CS|TAMS 0x000000008f700000, 0x000000008f700000| Complete 
| 248|0x000000008f800000, 0x000000008f900000, 0x000000008f900000|100%| E|CS|TAMS 0x000000008f800000, 0x000000008f800000| Complete 
| 249|0x000000008f900000, 0x000000008fa00000, 0x000000008fa00000|100%| E|CS|TAMS 0x000000008f900000, 0x000000008f900000| Complete 
| 250|0x000000008fa00000, 0x000000008fb00000, 0x000000008fb00000|100%| E|CS|TAMS 0x000000008fa00000, 0x000000008fa00000| Complete 
| 251|0x000000008fb00000, 0x000000008fc00000, 0x000000008fc00000|100%| E|CS|TAMS 0x000000008fb00000, 0x000000008fb00000| Complete 
| 252|0x000000008fc00000, 0x000000008fd00000, 0x000000008fd00000|100%| E|CS|TAMS 0x000000008fc00000, 0x000000008fc00000| Complete 
| 253|0x000000008fd00000, 0x000000008fe00000, 0x000000008fe00000|100%| E|CS|TAMS 0x000000008fd00000, 0x000000008fd00000| Complete 
| 254|0x000000008fe00000, 0x000000008ff00000, 0x000000008ff00000|100%| E|CS|TAMS 0x000000008fe00000, 0x000000008fe00000| Complete 
| 255|0x000000008ff00000, 0x0000000090000000, 0x0000000090000000|100%| E|CS|TAMS 0x000000008ff00000, 0x000000008ff00000| Complete 
| 256|0x0000000090000000, 0x0000000090100000, 0x0000000090100000|100%| E|CS|TAMS 0x0000000090000000, 0x0000000090000000| Complete 
| 257|0x0000000090100000, 0x0000000090200000, 0x0000000090200000|100%| E|CS|TAMS 0x0000000090100000, 0x0000000090100000| Complete 
| 258|0x0000000090200000, 0x0000000090300000, 0x0000000090300000|100%| E|CS|TAMS 0x0000000090200000, 0x0000000090200000| Complete 
| 259|0x0000000090300000, 0x0000000090400000, 0x0000000090400000|100%| E|CS|TAMS 0x0000000090300000, 0x0000000090300000| Complete 
| 260|0x0000000090400000, 0x0000000090500000, 0x0000000090500000|100%| E|CS|TAMS 0x0000000090400000, 0x0000000090400000| Complete 
| 261|0x0000000090500000, 0x0000000090600000, 0x0000000090600000|100%| E|CS|TAMS 0x0000000090500000, 0x0000000090500000| Complete 
| 262|0x0000000090600000, 0x0000000090700000, 0x0000000090700000|100%| E|CS|TAMS 0x0000000090600000, 0x0000000090600000| Complete 
| 263|0x0000000090700000, 0x0000000090800000, 0x0000000090800000|100%| E|CS|TAMS 0x0000000090700000, 0x0000000090700000| Complete 

Card table byte_map: [0x000001b9c27c0000,0x000001b9c2bc0000] _byte_map_base: 0x000001b9c23c0000

Marking Bits (Prev, Next): (CMBitMap*) 0x000001b9af8f9d38, (CMBitMap*) 0x000001b9af8f9d70
 Prev Bits: [0x000001b9c2fc0000, 0x000001b9c4fc0000)
 Next Bits: [0x000001b9c4fc0000, 0x000001b9c6fc0000)

Polling page: 0x000001b9ad780000

Metaspace:

Usage:
  Non-class:    128.70 MB capacity,   126.86 MB ( 99%) used,     1.48 MB (  1%) free+waste,   365.88 KB ( <1%) overhead. 
      Class:     19.68 MB capacity,    18.58 MB ( 94%) used,   971.50 KB (  5%) free+waste,   156.94 KB ( <1%) overhead. 
       Both:    148.38 MB capacity,   145.43 MB ( 98%) used,     2.43 MB (  2%) free+waste,   522.81 KB ( <1%) overhead. 

Virtual space:
  Non-class space:      130.00 MB reserved,     128.75 MB (>99%) committed 
      Class space:        1.00 GB reserved,      19.75 MB (  2%) committed 
             Both:        1.13 GB reserved,     148.50 MB ( 13%) committed 

Chunk freelists:
   Non-Class:  56.00 KB
       Class:  7.00 KB
        Both:  63.00 KB

MaxMetaspaceSize: 17179869184.00 GB
CompressedClassSpaceSize: 1.00 GB
Initial GC threshold: 20.80 MB
Current GC threshold: 231.25 MB
CDS: off

CodeHeap 'non-profiled nmethods': size=120064Kb used=10837Kb max_used=10837Kb free=109226Kb
 bounds [0x000001b9bae80000, 0x000001b9bb920000, 0x000001b9c23c0000]
CodeHeap 'profiled nmethods': size=120000Kb used=40058Kb max_used=40058Kb free=79941Kb
 bounds [0x000001b9b3950000, 0x000001b9b6070000, 0x000001b9bae80000]
CodeHeap 'non-nmethods': size=5696Kb used=2451Kb max_used=2485Kb free=3244Kb
 bounds [0x000001b9b33c0000, 0x000001b9b3630000, 0x000001b9b3950000]
 total_blobs=19206 nmethods=18229 adapters=887
 compilation: enabled
              stopped_count=0, restarted_count=0
 full_count=0

Compilation events (20 events):
Event: 2697.749 Thread 0x000001b9c94fd000 18600   !   3       com.google.common.io.MultiInputStream::close (31 bytes)
Event: 2697.749 Thread 0x000001b9c94fd000 nmethod 18600 0x000001b9b6069e10 code [0x000001b9b6069fe0, 0x000001b9b606a288]
Event: 2697.749 Thread 0x000001b9c94fd000 18601   !   3       com.google.common.io.ByteSource::size (115 bytes)
Event: 2697.751 Thread 0x000001b9c94fd000 nmethod 18601 0x000001b9b606a390 code [0x000001b9b606a760, 0x000001b9b606c0b8]
Event: 2697.751 Thread 0x000001b9c94fd000 18602       3       com.google.common.io.ByteSource::countBySkipping (27 bytes)
Event: 2697.751 Thread 0x000001b9c94fd000 nmethod 18602 0x000001b9b606cb10 code [0x000001b9b606cce0, 0x000001b9b606cee8]
Event: 2697.751 Thread 0x000001b9c94fd000 18603  s    3       com.android.tools.build.apkzlib.bytestorage.SwitchableDelegateInputStream::skip (26 bytes)
Event: 2697.752 Thread 0x000001b9c94fd000 nmethod 18603 0x000001b9b606d010 code [0x000001b9b606d200, 0x000001b9b606d718]
Event: 2697.804 Thread 0x000001b9c94fd000 18606       3       com.google.common.hash.Funnels$SinkAsStream::write (14 bytes)
Event: 2697.804 Thread 0x000001b9c94fd000 nmethod 18606 0x000001b9b606d890 code [0x000001b9b606da40, 0x000001b9b606dc08]
Event: 2697.804 Thread 0x000001b9c94fd000 18607       3       com.google.common.hash.AbstractByteHasher::putBytes (8 bytes)
Event: 2697.805 Thread 0x000001b9c94fd000 nmethod 18607 0x000001b9b606dd10 code [0x000001b9b606df00, 0x000001b9b606e3e8]
Event: 2697.818 Thread 0x000001b9c94fd000 18608       3       com.google.common.hash.ChecksumHashFunction$ChecksumHasher::update (13 bytes)
Event: 2697.818 Thread 0x000001b9c94fd000 nmethod 18608 0x000001b9b606e610 code [0x000001b9b606e7c0, 0x000001b9b606e988]
Event: 2697.825 Thread 0x000001b9c94ef000 nmethod 18576 0x000001b9bb90bc10 code [0x000001b9bb90bfc0, 0x000001b9bb90f730]
Event: 2697.825 Thread 0x000001b9c94ef000 18605   !   4       java.net.URL::<init> (543 bytes)
Event: 2697.929 Thread 0x000001b9c94fd000 18609       1       com.android.tools.r8.ProgramResource$ByteResource::getKind (5 bytes)
Event: 2697.929 Thread 0x000001b9c94fd000 nmethod 18609 0x000001b9bb910a90 code [0x000001b9bb910c40, 0x000001b9bb910cf8]
Event: 2698.022 Thread 0x000001b9c94ef000 nmethod 18605 0x000001b9bb911090 code [0x000001b9bb911360, 0x000001b9bb913fa8]
Event: 2698.023 Thread 0x000001b9c94ef000 18611   !   4       java.net.URLClassLoader::defineClass (224 bytes)

GC Heap History (20 events):
Event: 2684.352 GC heap before
{Heap before GC invocations=69 (full 0):
 garbage-first heap   total 225280K, used 191903K [0x0000000080000000, 0x0000000100000000)
  region size 1024K, 22 young (22528K), 3 survivors (3072K)
 Metaspace       used 138467K, capacity 141366K, committed 141568K, reserved 1171456K
  class space    used 17754K, capacity 18834K, committed 18944K, reserved 1048576K
}
Event: 2684.359 GC heap after
{Heap after GC invocations=70 (full 0):
 garbage-first heap   total 225280K, used 174444K [0x0000000080000000, 0x0000000100000000)
  region size 1024K, 2 young (2048K), 2 survivors (2048K)
 Metaspace       used 138467K, capacity 141366K, committed 141568K, reserved 1171456K
  class space    used 17754K, capacity 18834K, committed 18944K, reserved 1048576K
}
Event: 2684.548 GC heap before
{Heap before GC invocations=70 (full 0):
 garbage-first heap   total 225280K, used 192876K [0x0000000080000000, 0x0000000100000000)
  region size 1024K, 20 young (20480K), 2 survivors (2048K)
 Metaspace       used 138652K, capacity 141494K, committed 141824K, reserved 1171456K
  class space    used 17765K, capacity 18834K, committed 18944K, reserved 1048576K
}
Event: 2684.556 GC heap after
{Heap after GC invocations=71 (full 0):
 garbage-first heap   total 225280K, used 176657K [0x0000000080000000, 0x0000000100000000)
  region size 1024K, 3 young (3072K), 3 survivors (3072K)
 Metaspace       used 138652K, capacity 141494K, committed 141824K, reserved 1171456K
  class space    used 17765K, capacity 18834K, committed 18944K, reserved 1048576K
}
Event: 2684.866 GC heap before
{Heap before GC invocations=71 (full 0):
 garbage-first heap   total 225280K, used 180753K [0x0000000080000000, 0x0000000100000000)
  region size 1024K, 20 young (20480K), 3 survivors (3072K)
 Metaspace       used 138867K, capacity 141686K, committed 142080K, reserved 1173504K
  class space    used 17779K, capacity 18834K, committed 18944K, reserved 1048576K
}
Event: 2684.873 GC heap after
{Heap after GC invocations=72 (full 0):
 garbage-first heap   total 225280K, used 163107K [0x0000000080000000, 0x0000000100000000)
  region size 1024K, 1 young (1024K), 1 survivors (1024K)
 Metaspace       used 138867K, capacity 141686K, committed 142080K, reserved 1173504K
  class space    used 17779K, capacity 18834K, committed 18944K, reserved 1048576K
}
Event: 2685.692 GC heap before
{Heap before GC invocations=73 (full 0):
 garbage-first heap   total 225280K, used 186659K [0x0000000080000000, 0x0000000100000000)
  region size 1024K, 24 young (24576K), 1 survivors (1024K)
 Metaspace       used 139411K, capacity 142326K, committed 142592K, reserved 1173504K
  class space    used 17820K, capacity 18898K, committed 18944K, reserved 1048576K
}
Event: 2685.699 GC heap after
{Heap after GC invocations=74 (full 0):
 garbage-first heap   total 225280K, used 163120K [0x0000000080000000, 0x0000000100000000)
  region size 1024K, 1 young (1024K), 1 survivors (1024K)
 Metaspace       used 139411K, capacity 142326K, committed 142592K, reserved 1173504K
  class space    used 17820K, capacity 18898K, committed 18944K, reserved 1048576K
}
Event: 2686.398 GC heap before
{Heap before GC invocations=74 (full 0):
 garbage-first heap   total 225280K, used 172336K [0x0000000080000000, 0x0000000100000000)
  region size 1024K, 11 young (11264K), 1 survivors (1024K)
 Metaspace       used 139799K, capacity 142685K, committed 142848K, reserved 1173504K
  class space    used 17857K, capacity 18932K, committed 18944K, reserved 1048576K
}
Event: 2686.410 GC heap after
{Heap after GC invocations=75 (full 0):
 garbage-first heap   total 225280K, used 143530K [0x0000000080000000, 0x0000000100000000)
  region size 1024K, 1 young (1024K), 1 survivors (1024K)
 Metaspace       used 139799K, capacity 142685K, committed 142848K, reserved 1173504K
  class space    used 17857K, capacity 18932K, committed 18944K, reserved 1048576K
}
Event: 2686.738 GC heap before
{Heap before GC invocations=75 (full 0):
 garbage-first heap   total 225280K, used 152746K [0x0000000080000000, 0x0000000100000000)
  region size 1024K, 11 young (11264K), 1 survivors (1024K)
 Metaspace       used 140336K, capacity 143208K, committed 143488K, reserved 1173504K
  class space    used 17920K, capacity 18998K, committed 19072K, reserved 1048576K
}
Event: 2686.752 GC heap after
{Heap after GC invocations=76 (full 0):
 garbage-first heap   total 225280K, used 141170K [0x0000000080000000, 0x0000000100000000)
  region size 1024K, 1 young (1024K), 1 survivors (1024K)
 Metaspace       used 140336K, capacity 143208K, committed 143488K, reserved 1173504K
  class space    used 17920K, capacity 18998K, committed 19072K, reserved 1048576K
}
Event: 2687.831 GC heap before
{Heap before GC invocations=76 (full 0):
 garbage-first heap   total 225280K, used 173938K [0x0000000080000000, 0x0000000100000000)
  region size 1024K, 34 young (34816K), 1 survivors (1024K)
 Metaspace       used 142049K, capacity 145017K, committed 145280K, reserved 1175552K
  class space    used 18149K, capacity 19236K, committed 19328K, reserved 1048576K
}
Event: 2687.837 GC heap after
{Heap after GC invocations=77 (full 0):
 garbage-first heap   total 225280K, used 141647K [0x0000000080000000, 0x0000000100000000)
  region size 1024K, 2 young (2048K), 2 survivors (2048K)
 Metaspace       used 142049K, capacity 145017K, committed 145280K, reserved 1175552K
  class space    used 18149K, capacity 19236K, committed 19328K, reserved 1048576K
}
Event: 2688.727 GC heap before
{Heap before GC invocations=77 (full 0):
 garbage-first heap   total 225280K, used 177487K [0x0000000080000000, 0x0000000100000000)
  region size 1024K, 37 young (37888K), 2 survivors (2048K)
 Metaspace       used 144431K, capacity 147360K, committed 147584K, reserved 1177600K
  class space    used 18424K, capacity 19525K, committed 19584K, reserved 1048576K
}
Event: 2688.735 GC heap after
{Heap after GC invocations=78 (full 0):
 garbage-first heap   total 225280K, used 143864K [0x0000000080000000, 0x0000000100000000)
  region size 1024K, 4 young (4096K), 4 survivors (4096K)
 Metaspace       used 144431K, capacity 147360K, committed 147584K, reserved 1177600K
  class space    used 18424K, capacity 19525K, committed 19584K, reserved 1048576K
}
Event: 2690.267 GC heap before
{Heap before GC invocations=78 (full 0):
 garbage-first heap   total 225280K, used 179704K [0x0000000080000000, 0x0000000100000000)
  region size 1024K, 40 young (40960K), 4 survivors (4096K)
 Metaspace       used 145390K, capacity 148355K, committed 148480K, reserved 1177600K
  class space    used 18553K, capacity 19682K, committed 19712K, reserved 1048576K
}
Event: 2690.338 GC heap after
{Heap after GC invocations=79 (full 0):
 garbage-first heap   total 270336K, used 146482K [0x0000000080000000, 0x0000000100000000)
  region size 1024K, 5 young (5120K), 5 survivors (5120K)
 Metaspace       used 145390K, capacity 148355K, committed 148480K, reserved 1177600K
  class space    used 18553K, capacity 19682K, committed 19712K, reserved 1048576K
}
Event: 2696.663 GC heap before
{Heap before GC invocations=79 (full 0):
 garbage-first heap   total 270336K, used 202802K [0x0000000080000000, 0x0000000100000000)
  region size 1024K, 61 young (62464K), 5 survivors (5120K)
 Metaspace       used 146451K, capacity 149445K, committed 149632K, reserved 1179648K
  class space    used 18694K, capacity 19810K, committed 19840K, reserved 1048576K
}
Event: 2696.683 GC heap after
{Heap after GC invocations=80 (full 0):
 garbage-first heap   total 270336K, used 151952K [0x0000000080000000, 0x0000000100000000)
  region size 1024K, 8 young (8192K), 8 survivors (8192K)
 Metaspace       used 146451K, capacity 149445K, committed 149632K, reserved 1179648K
  class space    used 18694K, capacity 19810K, committed 19840K, reserved 1048576K
}

Deoptimization events (20 events):
Event: 2697.020 Thread 0x000001b9cdade000 Uncommon trap: trap_request=0xffffff4d fr.pc=0x000001b9bb2c6184 relative=0x00000000000001a4
Event: 2697.020 Thread 0x000001b9cdade000 Uncommon trap: reason=unstable_if action=reinterpret pc=0x000001b9bb2c6184 method=com.google.common.collect.MapMakerInternalMap$Segment.getEntry(Ljava/lang/Object;I)Lcom/google/common/collect/MapMakerInternalMap$InternalEntry; @ 63 c2
Event: 2697.020 Thread 0x000001b9cdade000 DEOPT PACKING pc=0x000001b9bb2c6184 sp=0x0000002c32af5060
Event: 2697.020 Thread 0x000001b9cdade000 DEOPT UNPACKING pc=0x000001b9b340a1af sp=0x0000002c32af5018 mode 2
Event: 2697.319 Thread 0x000001b9cdade000 Uncommon trap: trap_request=0xffffffc6 fr.pc=0x000001b9bb8c0bcc relative=0x00000000000016ec
Event: 2697.319 Thread 0x000001b9cdade000 Uncommon trap: reason=bimorphic_or_optimized_type_check action=maybe_recompile pc=0x000001b9bb8c0bcc method=java.util.concurrent.ConcurrentHashMap.putVal(Ljava/lang/Object;Ljava/lang/Object;Z)Ljava/lang/Object; @ 159 c2
Event: 2697.319 Thread 0x000001b9cdade000 DEOPT PACKING pc=0x000001b9bb8c0bcc sp=0x0000002c32afa820
Event: 2697.319 Thread 0x000001b9cdade000 DEOPT UNPACKING pc=0x000001b9b340a1af sp=0x0000002c32afa7b0 mode 2
Event: 2697.319 Thread 0x000001b9cdade000 Uncommon trap: trap_request=0xffffffc6 fr.pc=0x000001b9bb8c0bcc relative=0x00000000000016ec
Event: 2697.319 Thread 0x000001b9cdade000 Uncommon trap: reason=bimorphic_or_optimized_type_check action=maybe_recompile pc=0x000001b9bb8c0bcc method=java.util.concurrent.ConcurrentHashMap.putVal(Ljava/lang/Object;Ljava/lang/Object;Z)Ljava/lang/Object; @ 159 c2
Event: 2697.319 Thread 0x000001b9cdade000 DEOPT PACKING pc=0x000001b9bb8c0bcc sp=0x0000002c32afa830
Event: 2697.319 Thread 0x000001b9cdade000 DEOPT UNPACKING pc=0x000001b9b340a1af sp=0x0000002c32afa7c0 mode 2
Event: 2697.319 Thread 0x000001b9cdade000 Uncommon trap: trap_request=0xffffffc6 fr.pc=0x000001b9bb8c0bcc relative=0x00000000000016ec
Event: 2697.319 Thread 0x000001b9cdade000 Uncommon trap: reason=bimorphic_or_optimized_type_check action=maybe_recompile pc=0x000001b9bb8c0bcc method=java.util.concurrent.ConcurrentHashMap.putVal(Ljava/lang/Object;Ljava/lang/Object;Z)Ljava/lang/Object; @ 159 c2
Event: 2697.319 Thread 0x000001b9cdade000 DEOPT PACKING pc=0x000001b9bb8c0bcc sp=0x0000002c32afa850
Event: 2697.319 Thread 0x000001b9cdade000 DEOPT UNPACKING pc=0x000001b9b340a1af sp=0x0000002c32afa7e0 mode 2
Event: 2697.319 Thread 0x000001b9cdade000 Uncommon trap: trap_request=0xffffffc6 fr.pc=0x000001b9bb8c0bcc relative=0x00000000000016ec
Event: 2697.319 Thread 0x000001b9cdade000 Uncommon trap: reason=bimorphic_or_optimized_type_check action=maybe_recompile pc=0x000001b9bb8c0bcc method=java.util.concurrent.ConcurrentHashMap.putVal(Ljava/lang/Object;Ljava/lang/Object;Z)Ljava/lang/Object; @ 159 c2
Event: 2697.319 Thread 0x000001b9cdade000 DEOPT PACKING pc=0x000001b9bb8c0bcc sp=0x0000002c32afa860
Event: 2697.319 Thread 0x000001b9cdade000 DEOPT UNPACKING pc=0x000001b9b340a1af sp=0x0000002c32afa7f0 mode 2

Classes redefined (0 events):
No events

Internal exceptions (20 events):
Event: 2686.699 Thread 0x000001b9d030f000 Exception <a 'sun/nio/fs/WindowsException'{0x000000008d4ebdc8}> (0x000000008d4ebdc8) thrown at [./src/hotspot/share/prims/jni.cpp, line 615]
Event: 2686.700 Thread 0x000001b9d030f000 Exception <a 'sun/nio/fs/WindowsException'{0x000000008d4ed498}> (0x000000008d4ed498) thrown at [./src/hotspot/share/prims/jni.cpp, line 615]
Event: 2686.700 Thread 0x000001b9d030f000 Exception <a 'sun/nio/fs/WindowsException'{0x000000008d4ed7a0}> (0x000000008d4ed7a0) thrown at [./src/hotspot/share/prims/jni.cpp, line 615]
Event: 2686.700 Thread 0x000001b9d030f000 Exception <a 'sun/nio/fs/WindowsException'{0x000000008d4f6490}> (0x000000008d4f6490) thrown at [./src/hotspot/share/prims/jni.cpp, line 615]
Event: 2686.700 Thread 0x000001b9d030f000 Exception <a 'sun/nio/fs/WindowsException'{0x000000008d4f6778}> (0x000000008d4f6778) thrown at [./src/hotspot/share/prims/jni.cpp, line 615]
Event: 2686.700 Thread 0x000001b9d030f000 Exception <a 'sun/nio/fs/WindowsException'{0x000000008d4f7df8}> (0x000000008d4f7df8) thrown at [./src/hotspot/share/prims/jni.cpp, line 615]
Event: 2688.770 Thread 0x000001b9d030f000 Exception <a 'sun/nio/fs/WindowsException'{0x000000008da811c0}> (0x000000008da811c0) thrown at [./src/hotspot/share/prims/jni.cpp, line 615]
Event: 2688.770 Thread 0x000001b9d030f000 Exception <a 'sun/nio/fs/WindowsException'{0x000000008da82850}> (0x000000008da82850) thrown at [./src/hotspot/share/prims/jni.cpp, line 615]
Event: 2689.596 Thread 0x000001b9cc435800 Exception <a 'java/lang/NoSuchMethodError'{0x000000008c45f540}: 'int java.lang.invoke.DirectMethodHandle$Holder.invokeSpecial(java.lang.Object, java.lang.Object, java.lang.Object, java.lang.Object, java.lang.Object)'> (0x000000008c45f540) thrown at [./src/hotspot/share/interpreter/linkResolver.cpp, line 773]
Event: 2689.611 Thread 0x000001b9cc435800 Exception <a 'sun/nio/fs/WindowsException'{0x000000008c4dff68}> (0x000000008c4dff68) thrown at [./src/hotspot/share/prims/jni.cpp, line 615]
Event: 2689.613 Thread 0x000001b9cc435800 Exception <a 'sun/nio/fs/WindowsException'{0x000000008c4e0f78}> (0x000000008c4e0f78) thrown at [./src/hotspot/share/prims/jni.cpp, line 615]
Event: 2689.628 Thread 0x000001b9cc431800 Exception <a 'sun/nio/fs/WindowsException'{0x000000008c393f20}> (0x000000008c393f20) thrown at [./src/hotspot/share/prims/jni.cpp, line 615]
Event: 2689.628 Thread 0x000001b9cc431800 Exception <a 'sun/nio/fs/WindowsException'{0x000000008c394208}> (0x000000008c394208) thrown at [./src/hotspot/share/prims/jni.cpp, line 615]
Event: 2691.846 Thread 0x000001b9cdae5000 Exception <a 'sun/nio/fs/WindowsException'{0x00000000902edab0}> (0x00000000902edab0) thrown at [./src/hotspot/share/prims/jni.cpp, line 615]
Event: 2694.095 Thread 0x000001b9cdae5000 Exception <a 'sun/nio/fs/WindowsException'{0x000000008f506288}> (0x000000008f506288) thrown at [./src/hotspot/share/prims/jni.cpp, line 615]
Event: 2696.686 Thread 0x000001b9cc431800 Exception <a 'java/lang/NoSuchMethodError'{0x0000000090732458}: 'java.lang.Object java.lang.invoke.DirectMethodHandle$Holder.invokeVirtual(java.lang.Object, java.lang.Object, int)'> (0x0000000090732458) thrown at [./src/hotspot/share/interpreter/linkResolver.cpp, line 773]
Event: 2696.889 Thread 0x000001b9cdade000 Exception <a 'sun/nio/fs/WindowsException'{0x000000008fc15328}> (0x000000008fc15328) thrown at [./src/hotspot/share/prims/jni.cpp, line 615]
Event: 2696.903 Thread 0x000001b9cc431800 Implicit null exception at 0x000001b9bb8e5bd0 to 0x000001b9bb8e5be4
Event: 2697.988 Thread 0x000001b9cdade000 Exception <a 'java/lang/NoSuchMethodError'{0x000000008e2d9ef8}: 'java.lang.Object java.lang.invoke.DirectMethodHandle$Holder.invokeStaticInit(java.lang.Object, java.lang.Object, java.lang.Object, java.lang.Object, java.lang.Object, java.lang.Object, java.lang.Object, java.lang.Object, java.lang.Object, java.lang.Object, java.lang.Object, java.lang.Object, java.lang.Object, java.lang.Object, java.lang.Object, java.lang.Object, java.lang.Object, java.lang.Object, int, java.lang.Object, java.lang.Object)'> (0
Event: 2698.207 Thread 0x000001b9cdade000 Exception <a 'java/lang/IncompatibleClassChangeError'{0x000000008e1d1d30}: Found class java.lang.Object, but interface was expected> (0x000000008e1d1d30) thrown at [./src/hotspot/share/interpreter/linkResolver.cpp, line 839]

Events (20 events):
Event: 2698.230 loading class com/android/tools/r8/internal/Wi
Event: 2698.231 loading class com/android/tools/r8/internal/Wi done
Event: 2698.231 loading class com/android/tools/r8/graph/j1$b
Event: 2698.231 loading class com/android/tools/r8/graph/j1$b done
Event: 2698.234 loading class com/android/tools/r8/graph/r1
Event: 2698.234 loading class com/android/tools/r8/graph/r1 done
Event: 2698.235 loading class com/android/tools/r8/graph/j1$c
Event: 2698.235 loading class com/android/tools/r8/graph/j1$c done
Event: 2698.236 loading class com/android/tools/r8/graph/j1$i
Event: 2698.236 loading class com/android/tools/r8/graph/j1$i done
Event: 2698.238 loading class com/android/tools/r8/graph/j1$d
Event: 2698.238 loading class com/android/tools/r8/graph/j1$d done
Event: 2698.238 loading class com/android/tools/r8/graph/j1$g
Event: 2698.238 loading class com/android/tools/r8/graph/j1$g done
Event: 2698.239 loading class com/android/tools/r8/graph/j1$f
Event: 2698.239 loading class com/android/tools/r8/graph/j1$f done
Event: 2698.239 loading class com/android/tools/r8/graph/j1$h
Event: 2698.239 loading class com/android/tools/r8/graph/j1$h done
Event: 2698.240 loading class com/android/tools/r8/graph/j1$e
Event: 2698.240 loading class com/android/tools/r8/graph/j1$e done


Dynamic libraries:
0x00007ff7cf140000 - 0x00007ff7cf14a000 	C:\Program Files\Android\Android Studio\jre\bin\java.exe
0x00007ff9ec6f0000 - 0x00007ff9ec909000 	C:\WINDOWS\SYSTEM32\ntdll.dll
0x00007ff9ead30000 - 0x00007ff9eadf2000 	C:\WINDOWS\System32\KERNEL32.DLL
0x00007ff9e9da0000 - 0x00007ff9ea13e000 	C:\WINDOWS\System32\KERNELBASE.dll
0x00007ff9e9c90000 - 0x00007ff9e9d99000 	C:\WINDOWS\System32\ucrtbase.dll
0x00007ff9e69a0000 - 0x00007ff9e69b9000 	C:\Program Files\Android\Android Studio\jre\bin\jli.dll
0x00007ff9ea820000 - 0x00007ff9ea9cc000 	C:\WINDOWS\System32\USER32.dll
0x00007ff9ea3e0000 - 0x00007ff9ea406000 	C:\WINDOWS\System32\win32u.dll
0x00007ff9ec020000 - 0x00007ff9ec049000 	C:\WINDOWS\System32\GDI32.dll
0x00007ff9e9b70000 - 0x00007ff9e9c82000 	C:\WINDOWS\System32\gdi32full.dll
0x00007ff9e9ad0000 - 0x00007ff9e9b6a000 	C:\WINDOWS\System32\msvcp_win.dll
0x00007ff9c34d0000 - 0x00007ff9c34e7000 	C:\Program Files\Android\Android Studio\jre\bin\VCRUNTIME140.dll
0x00007ff9d57a0000 - 0x00007ff9d5a2e000 	C:\WINDOWS\WinSxS\amd64_microsoft.windows.common-controls_6595b64144ccf1df_6.0.25163.1000_none_769af52d91ab9d72\COMCTL32.dll
0x00007ff9eb3b0000 - 0x00007ff9eb457000 	C:\WINDOWS\System32\msvcrt.dll
0x00007ff9eb460000 - 0x00007ff9eb491000 	C:\WINDOWS\System32\IMM32.DLL
0x00007ff9c2b20000 - 0x00007ff9c2bbd000 	C:\Program Files\Android\Android Studio\jre\bin\msvcp140.dll
0x00007ff99cba0000 - 0x00007ff99d685000 	C:\Program Files\Android\Android Studio\jre\bin\server\jvm.dll
0x00007ff9ebcc0000 - 0x00007ff9ebd6f000 	C:\WINDOWS\System32\ADVAPI32.dll
0x00007ff9ebd80000 - 0x00007ff9ebe26000 	C:\WINDOWS\System32\sechost.dll
0x00007ff9eae00000 - 0x00007ff9eaf27000 	C:\WINDOWS\System32\RPCRT4.dll
0x00007ff9eb4b0000 - 0x00007ff9eb4b8000 	C:\WINDOWS\System32\PSAPI.DLL
0x00007ff9d1860000 - 0x00007ff9d1869000 	C:\WINDOWS\SYSTEM32\WSOCK32.dll
0x00007ff9ec2e0000 - 0x00007ff9ec351000 	C:\WINDOWS\System32\WS2_32.dll
0x00007ff9e1ed0000 - 0x00007ff9e1f04000 	C:\WINDOWS\SYSTEM32\WINMM.dll
0x00007ff9dc0e0000 - 0x00007ff9dc0ea000 	C:\WINDOWS\SYSTEM32\VERSION.dll
0x00007ff9e8a80000 - 0x00007ff9e8a98000 	C:\WINDOWS\SYSTEM32\kernel.appcore.dll
0x00007ff9d54e0000 - 0x00007ff9d54f1000 	C:\Program Files\Android\Android Studio\jre\bin\verify.dll
0x00007ff9e7400000 - 0x00007ff9e7633000 	C:\WINDOWS\SYSTEM32\DBGHELP.DLL
0x00007ff9ea490000 - 0x00007ff9ea818000 	C:\WINDOWS\System32\combase.dll
0x00007ff9ec450000 - 0x00007ff9ec527000 	C:\WINDOWS\System32\OLEAUT32.dll
0x00007ff9cdc80000 - 0x00007ff9cdcb2000 	C:\WINDOWS\SYSTEM32\dbgcore.DLL
0x00007ff9ea410000 - 0x00007ff9ea48b000 	C:\WINDOWS\System32\bcryptPrimitives.dll
0x00007ff9d5130000 - 0x00007ff9d5159000 	C:\Program Files\Android\Android Studio\jre\bin\java.dll
0x00007ff9d53b0000 - 0x00007ff9d53bb000 	C:\Program Files\Android\Android Studio\jre\bin\jimage.dll
0x00007ff9d5110000 - 0x00007ff9d5128000 	C:\Program Files\Android\Android Studio\jre\bin\zip.dll
0x00007ff9eb4c0000 - 0x00007ff9ebca4000 	C:\WINDOWS\System32\SHELL32.dll
0x00007ff9e7a30000 - 0x00007ff9e82f1000 	C:\WINDOWS\SYSTEM32\windows.storage.dll
0x00007ff9e78f0000 - 0x00007ff9e7a2e000 	C:\WINDOWS\SYSTEM32\wintypes.dll
0x00007ff9ea9d0000 - 0x00007ff9eaac1000 	C:\WINDOWS\System32\SHCORE.dll
0x00007ff9ec050000 - 0x00007ff9ec0ae000 	C:\WINDOWS\System32\shlwapi.dll
0x00007ff9e9a00000 - 0x00007ff9e9a21000 	C:\WINDOWS\SYSTEM32\profapi.dll
0x00007ff9d50f0000 - 0x00007ff9d510a000 	C:\Program Files\Android\Android Studio\jre\bin\net.dll
0x00007ff9e0ae0000 - 0x00007ff9e0c0c000 	C:\WINDOWS\SYSTEM32\WINHTTP.dll
0x00007ff9e8f00000 - 0x00007ff9e8f69000 	C:\WINDOWS\system32\mswsock.dll
0x00007ff9d4ee0000 - 0x00007ff9d4ef4000 	C:\Program Files\Android\Android Studio\jre\bin\nio.dll
0x00007ff9bb470000 - 0x00007ff9bb497000 	C:\Users\DELL\.gradle\native\e1d6ef7f7dcc3fd88c89a11ec53ec762bb8ba0a96d01ffa2cd45eb1d1d8dd5c5\windows-amd64\native-platform.dll
0x00007ff98fda0000 - 0x00007ff98fee4000 	C:\Users\DELL\.gradle\native\5664cfc778a61ccfe75a443a1ab52a65af34e5dc3c78e0209fed803814484fcb\windows-amd64\native-platform-file-events.dll
0x00007ff9d53a0000 - 0x00007ff9d53aa000 	C:\Program Files\Android\Android Studio\jre\bin\management.dll
0x00007ff9d4ed0000 - 0x00007ff9d4edd000 	C:\Program Files\Android\Android Studio\jre\bin\management_ext.dll
0x00007ff9e9240000 - 0x00007ff9e925b000 	C:\WINDOWS\SYSTEM32\CRYPTSP.dll
0x00007ff9e89e0000 - 0x00007ff9e8a14000 	C:\WINDOWS\system32\rsaenh.dll
0x00007ff9e8fc0000 - 0x00007ff9e8fe8000 	C:\WINDOWS\SYSTEM32\USERENV.dll
0x00007ff9e93a0000 - 0x00007ff9e93c8000 	C:\WINDOWS\SYSTEM32\bcrypt.dll
0x00007ff9e9220000 - 0x00007ff9e922c000 	C:\WINDOWS\SYSTEM32\CRYPTBASE.dll
0x00007ff9e8590000 - 0x00007ff9e85bd000 	C:\WINDOWS\SYSTEM32\IPHLPAPI.DLL
0x00007ff9eb4a0000 - 0x00007ff9eb4a9000 	C:\WINDOWS\System32\NSI.dll
0x00007ff9e0ac0000 - 0x00007ff9e0ad9000 	C:\WINDOWS\SYSTEM32\dhcpcsvc6.DLL
0x00007ff9e0a90000 - 0x00007ff9e0aaf000 	C:\WINDOWS\SYSTEM32\dhcpcsvc.DLL
0x00007ff9e8610000 - 0x00007ff9e870c000 	C:\WINDOWS\SYSTEM32\DNSAPI.dll
0x00007ff9e8aa0000 - 0x00007ff9e8ad4000 	C:\WINDOWS\SYSTEM32\ntmarta.dll

dbghelp: loaded successfully - version: 4.0.5 - missing functions: none
symbol engine: initialized successfully - sym options: 0x614 - pdb path: .;C:\Program Files\Android\Android Studio\jre\bin;C:\WINDOWS\SYSTEM32;C:\WINDOWS\WinSxS\amd64_microsoft.windows.common-controls_6595b64144ccf1df_6.0.25163.1000_none_769af52d91ab9d72;C:\Program Files\Android\Android Studio\jre\bin\server;C:\Users\DELL\.gradle\native\e1d6ef7f7dcc3fd88c89a11ec53ec762bb8ba0a96d01ffa2cd45eb1d1d8dd5c5\windows-amd64;C:\Users\DELL\.gradle\native\5664cfc778a61ccfe75a443a1ab52a65af34e5dc3c78e0209fed803814484fcb\windows-amd64

VM Arguments:
jvm_args: --add-opens=java.base/java.util=ALL-UNNAMED --add-opens=java.base/java.lang=ALL-UNNAMED --add-opens=java.base/java.lang.invoke=ALL-UNNAMED --add-opens=java.base/java.util=ALL-UNNAMED --add-opens=java.prefs/java.util.prefs=ALL-UNNAMED --add-opens=java.prefs/java.util.prefs=ALL-UNNAMED --add-opens=java.base/java.nio.charset=ALL-UNNAMED --add-opens=java.base/java.net=ALL-UNNAMED --add-opens=java.base/java.util.concurrent.atomic=ALL-UNNAMED -Xmx2048m -Dfile.encoding=UTF-8 -Duser.country=US -Duser.language=en -Duser.variant 
java_command: org.gradle.launcher.daemon.bootstrap.GradleDaemon 7.3.3
java_class_path (initial): C:\Users\DELL\.gradle\wrapper\dists\gradle-7.3.3-bin\6a41zxkdtcxs8rphpq6y0069z\gradle-7.3.3\lib\gradle-launcher-7.3.3.jar
Launcher Type: SUN_STANDARD

[Global flags]
     intx CICompilerCount                          = 3                                         {product} {ergonomic}
     uint ConcGCThreads                            = 1                                         {product} {ergonomic}
     uint G1ConcRefinementThreads                  = 4                                         {product} {ergonomic}
   size_t G1HeapRegionSize                         = 1048576                                   {product} {ergonomic}
    uintx GCDrainStackTargetSize                   = 64                                        {product} {ergonomic}
   size_t InitialHeapSize                          = 132120576                                 {product} {ergonomic}
   size_t MarkStackSize                            = 4194304                                   {product} {ergonomic}
   size_t MaxHeapSize                              = 2147483648                                {product} {command line}
   size_t MaxNewSize                               = 1287651328                                {product} {ergonomic}
   size_t MinHeapDeltaBytes                        = 1048576                                   {product} {ergonomic}
    uintx NonNMethodCodeHeapSize                   = 5830732                                {pd product} {ergonomic}
    uintx NonProfiledCodeHeapSize                  = 122913754                              {pd product} {ergonomic}
    uintx ProfiledCodeHeapSize                     = 122913754                              {pd product} {ergonomic}
    uintx ReservedCodeCacheSize                    = 251658240                              {pd product} {ergonomic}
     bool SegmentedCodeCache                       = true                                      {product} {ergonomic}
     bool UseCompressedClassPointers               = true                                 {lp64_product} {ergonomic}
     bool UseCompressedOops                        = true                                 {lp64_product} {ergonomic}
     bool UseG1GC                                  = true                                      {product} {ergonomic}
     bool UseLargePagesIndividualAllocation        = false                                  {pd product} {ergonomic}

Logging:
Log output configuration:
 #0: stdout all=warning uptime,level,tags
 #1: stderr all=off uptime,level,tags

Environment Variables:
PATH=C:\WINDOWS\system32;C:\WINDOWS;C:\WINDOWS\System32\Wbem;C:\WINDOWS\System32\WindowsPowerShell\v1.0\;C:\WINDOWS\System32\OpenSSH\;C:\Program Files\Git\cmd;C:\Program Files\nodejs\;C:\Users\DELL\AppData\Local\Microsoft\WindowsApps;;C:\Users\DELL\AppData\Local\Programs\Microsoft VS Code\bin;C:\Program Files\JetBrains\PyCharm 2021.3\bin;
USERNAME=DELL
OS=Windows_NT
PROCESSOR_IDENTIFIER=Intel64 Family 6 Model 142 Stepping 9, GenuineIntel



---------------  S Y S T E M  ---------------

OS: Windows 10 , 64 bit Build 25163 (10.0.25163.1000)
OS uptime: 0 days 1:36 hours
Hyper-V role detected

CPU:total 4 (initial active 4) (2 cores per cpu, 2 threads per core) family 6 model 142 stepping 9 microcode 0xde, cmov, cx8, fxsr, mmx, sse, sse2, sse3, ssse3, sse4.1, sse4.2, popcnt, avx, avx2, aes, clmul, erms, 3dnowpref, lzcnt, ht, tsc, tscinvbit, bmi1, bmi2, adx, fma

Memory: 4k page, system-wide physical 8061M (234M free)
TotalPageFile size 9959M (AvailPageFile size 5M)
current process WorkingSet (physical memory assigned to process): 530M, peak: 530M
current process commit charge ("private bytes"): 659M, peak: 660M

vm_info: OpenJDK 64-Bit Server VM (11.0.12+7-b1504.28-7817840) for windows-amd64 JRE (11.0.12+7-b1504.28-7817840), built on Oct 13 2021 22:12:33 by "builder" with MS VC++ 14.0 (VS2015)

END.
