#
# There is insufficient memory for the Java Runtime Environment to continue.
# Native memory allocation (malloc) failed to allocate 1869936 bytes for Chunk::new
# Possible reasons:
#   The system is out of physical RAM or swap space
#   The process is running with CompressedOops enabled, and the Java Heap may be blocking the growth of the native heap
# Possible solutions:
#   Reduce memory load on the system
#   Increase physical memory or swap space
#   Check if swap backing store is full
#   Decrease Java heap size (-Xmx/-Xms)
#   Decrease number of Java threads
#   Decrease Java thread stack sizes (-Xss)
#   Set larger code cache with -XX:ReservedCodeCacheSize=
#   JVM is running with Unscaled Compressed Oops mode in which the Java heap is
#     placed in the first 4GB address space. The Java Heap base address is the
#     maximum limit for the native heap growth. Please use -XX:HeapBaseMinAddress
#     to set the Java Heap base and to place the Java Heap above 4GB virtual address.
# This output file may be truncated or incomplete.
#
#  Out of Memory Error (./src/hotspot/share/memory/arena.cpp:197), pid=5468, tid=26812
#
# JRE version: OpenJDK Runtime Environment (11.0.12+7) (build 11.0.12+7-b1504.28-7817840)
# Java VM: OpenJDK 64-Bit Server VM (11.0.12+7-b1504.28-7817840, mixed mode, tiered, compressed oops, g1 gc, windows-amd64)
# No core dump will be written. Minidumps are not enabled by default on client versions of Windows
#

---------------  S U M M A R Y ------------

Command Line: --add-opens=java.base/java.util=ALL-UNNAMED --add-opens=java.base/java.lang=ALL-UNNAMED --add-opens=java.base/java.lang.invoke=ALL-UNNAMED --add-opens=java.base/java.util=ALL-UNNAMED --add-opens=java.prefs/java.util.prefs=ALL-UNNAMED --add-opens=java.prefs/java.util.prefs=ALL-UNNAMED --add-opens=java.base/java.nio.charset=ALL-UNNAMED --add-opens=java.base/java.net=ALL-UNNAMED --add-opens=java.base/java.util.concurrent.atomic=ALL-UNNAMED -Xmx2048m -Dfile.encoding=UTF-8 -Duser.country=US -Duser.language=en -Duser.variant org.gradle.launcher.daemon.bootstrap.GradleDaemon 7.3.3

Host: Intel(R) Core(TM) i7-7500U CPU @ 2.70GHz, 4 cores, 7G,  Windows 10 , 64 bit Build 25193 (10.0.25193.1000)
Time: Tue Sep 13 17:40:43 2022 Pakistan Standard Time elapsed time: 19.931488 seconds (0d 0h 0m 19s)

---------------  T H R E A D  ---------------

Current thread (0x000001b37e790000):  JavaThread "C2 CompilerThread0" daemon [_thread_in_native, id=26812, stack(0x0000003c41c00000,0x0000003c41d00000)]


Current CompileTask:
C2:  19931 6499 %     4       org.gradle.internal.instantiation.generator.AbstractClassGenerator::inspectType @ 107 (560 bytes)

Stack: [0x0000003c41c00000,0x0000003c41d00000]
Native frames: (J=compiled Java code, j=interpreted, Vv=VM code, C=native code)
V  [jvm.dll+0x5fbcea]
V  [jvm.dll+0x731905]
V  [jvm.dll+0x732f1d]
V  [jvm.dll+0x7335d3]
V  [jvm.dll+0x247bf8]
V  [jvm.dll+0xc018c]
V  [jvm.dll+0xc06cc]
V  [jvm.dll+0x35b31d]
V  [jvm.dll+0x328803]
V  [jvm.dll+0x327cfa]
V  [jvm.dll+0x200602]
V  [jvm.dll+0x1ff794]
V  [jvm.dll+0x18868c]
V  [jvm.dll+0x20e0d7]
V  [jvm.dll+0x20c901]
V  [jvm.dll+0x6f9b7f]
V  [jvm.dll+0x6f26a5]
V  [jvm.dll+0x5fabf6]
C  [ucrtbase.dll+0x6a0e1]
C  [KERNEL32.DLL+0x1458d]
C  [ntdll.dll+0x67558]


---------------  P R O C E S S  ---------------

Threads class SMR info:
_java_thread_list=0x000001b3164dfc80, length=78, elements={
0x000001b375b79000, 0x000001b37e76e000, 0x000001b37e778000, 0x000001b37f0f2800,
0x000001b37e78b000, 0x000001b37e78c000, 0x000001b37e790000, 0x000001b37e791800,
0x000001b37e7aa000, 0x000001b37f22f800, 0x000001b37fb1b000, 0x000001b312158000,
0x000001b311130000, 0x000001b311ac4800, 0x000001b37f7a0000, 0x000001b311128800,
0x000001b37f477800, 0x000001b37f478000, 0x000001b3113d7000, 0x000001b311473000,
0x000001b311478000, 0x000001b311475800, 0x000001b311476800, 0x000001b311474000,
0x000001b311474800, 0x000001b311472000, 0x000001b311477000, 0x000001b311478800,
0x000001b311634000, 0x000001b31162e800, 0x000001b311631800, 0x000001b311630800,
0x000001b311632800, 0x000001b311630000, 0x000001b311639800, 0x000001b31163a800,
0x000001b311635000, 0x000001b31163b800, 0x000001b311635800, 0x000001b31163c000,
0x000001b31163d000, 0x000001b311639000, 0x000001b311638000, 0x000001b312c4f800,
0x000001b312c52000, 0x000001b312c51000, 0x000001b312c50800, 0x000001b312c4e800,
0x000001b312c4c800, 0x000001b312c53000, 0x000001b312c4d000, 0x000001b312c53800,
0x000001b312c4e000, 0x000001b312c5a000, 0x000001b312c56000, 0x000001b312c57000,
0x000001b312c54800, 0x000001b312c57800, 0x000001b312c58800, 0x000001b312c59800,
0x000001b312c5b000, 0x000001b312c55800, 0x000001b314b1f000, 0x000001b314b1c800,
0x000001b314b1c000, 0x000001b314b21800, 0x000001b314b20000, 0x000001b314b22800,
0x000001b314b21000, 0x000001b314b23000, 0x000001b314b1e800, 0x000001b314b1d800,
0x000001b314b28000, 0x000001b314b29000, 0x000001b314b27800, 0x000001b314b2a000,
0x000001b314b24000, 0x000001b314b2a800
}

Java Threads: ( => current thread )
  0x000001b375b79000 JavaThread "main" [_thread_blocked, id=33168, stack(0x0000003c41000000,0x0000003c41100000)]
  0x000001b37e76e000 JavaThread "Reference Handler" daemon [_thread_blocked, id=41744, stack(0x0000003c41700000,0x0000003c41800000)]
  0x000001b37e778000 JavaThread "Finalizer" daemon [_thread_blocked, id=34092, stack(0x0000003c41800000,0x0000003c41900000)]
  0x000001b37f0f2800 JavaThread "Signal Dispatcher" daemon [_thread_blocked, id=30116, stack(0x0000003c41900000,0x0000003c41a00000)]
  0x000001b37e78b000 JavaThread "Attach Listener" daemon [_thread_blocked, id=31184, stack(0x0000003c41a00000,0x0000003c41b00000)]
  0x000001b37e78c000 JavaThread "Service Thread" daemon [_thread_blocked, id=32576, stack(0x0000003c41b00000,0x0000003c41c00000)]
=>0x000001b37e790000 JavaThread "C2 CompilerThread0" daemon [_thread_in_native, id=26812, stack(0x0000003c41c00000,0x0000003c41d00000)]
  0x000001b37e791800 JavaThread "C1 CompilerThread0" daemon [_thread_blocked, id=33852, stack(0x0000003c41d00000,0x0000003c41e00000)]
  0x000001b37e7aa000 JavaThread "Sweeper thread" daemon [_thread_blocked, id=35016, stack(0x0000003c41e00000,0x0000003c41f00000)]
  0x000001b37f22f800 JavaThread "Common-Cleaner" daemon [_thread_blocked, id=22144, stack(0x0000003c41f00000,0x0000003c42000000)]
  0x000001b37fb1b000 JavaThread "Daemon health stats" [_thread_blocked, id=31916, stack(0x0000003c42400000,0x0000003c42500000)]
  0x000001b312158000 JavaThread "Incoming local TCP Connector on port 54390" [_thread_in_native, id=35944, stack(0x0000003c42500000,0x0000003c42600000)]
  0x000001b311130000 JavaThread "Daemon periodic checks" [_thread_blocked, id=36000, stack(0x0000003c42600000,0x0000003c42700000)]
  0x000001b311ac4800 JavaThread "Daemon" [_thread_blocked, id=26744, stack(0x0000003c42700000,0x0000003c42800000)]
  0x000001b37f7a0000 JavaThread "Handler for socket connection from /127.0.0.1:54390 to /127.0.0.1:54391" [_thread_in_native, id=36852, stack(0x0000003c42800000,0x0000003c42900000)]
  0x000001b311128800 JavaThread "Cancel handler" [_thread_blocked, id=19812, stack(0x0000003c42900000,0x0000003c42a00000)]
  0x000001b37f477800 JavaThread "Daemon worker" [_thread_in_vm, id=36416, stack(0x0000003c42a00000,0x0000003c42b00000)]
  0x000001b37f478000 JavaThread "Asynchronous log dispatcher for DefaultDaemonConnection: socket connection from /127.0.0.1:54390 to /127.0.0.1:54391" [_thread_blocked, id=25424, stack(0x0000003c42b00000,0x0000003c42c00000)]
  0x000001b3113d7000 JavaThread "Stdin handler" [_thread_blocked, id=33016, stack(0x0000003c42c00000,0x0000003c42d00000)]
  0x000001b311473000 JavaThread "Daemon client event forwarder" [_thread_blocked, id=8792, stack(0x0000003c42d00000,0x0000003c42e00000)]
  0x000001b311478000 JavaThread "Cache worker for journal cache (C:\Users\DELL\.gradle\caches\journal-1)" [_thread_blocked, id=27964, stack(0x0000003c42f00000,0x0000003c43000000)]
  0x000001b311475800 JavaThread "File lock request listener" [_thread_in_native, id=31368, stack(0x0000003c43000000,0x0000003c43100000)]
  0x000001b311476800 JavaThread "Cache worker for file hash cache (C:\Users\DELL\.gradle\caches\7.3.3\fileHashes)" [_thread_blocked, id=36528, stack(0x0000003c43100000,0x0000003c43200000)]
  0x000001b311474000 JavaThread "Cache worker for file hash cache (C:\Users\DELL\AndroidStudioProjects\Assign_2_BSCS_19011519006\.gradle\7.3.3\fileHashes)" [_thread_blocked, id=26220, stack(0x0000003c43200000,0x0000003c43300000)]
  0x000001b311474800 JavaThread "File watcher server" daemon [_thread_in_native, id=38140, stack(0x0000003c43300000,0x0000003c43400000)]
  0x000001b311472000 JavaThread "File watcher consumer" daemon [_thread_blocked, id=34900, stack(0x0000003c43400000,0x0000003c43500000)]
  0x000001b311477000 JavaThread "jar transforms" [_thread_blocked, id=36156, stack(0x0000003c43500000,0x0000003c43600000)]
  0x000001b311478800 JavaThread "jar transforms Thread 2" [_thread_blocked, id=37116, stack(0x0000003c43600000,0x0000003c43700000)]
  0x000001b311634000 JavaThread "jar transforms Thread 3" [_thread_blocked, id=34688, stack(0x0000003c43700000,0x0000003c43800000)]
  0x000001b31162e800 JavaThread "jar transforms Thread 4" [_thread_blocked, id=30872, stack(0x0000003c43800000,0x0000003c43900000)]
  0x000001b311631800 JavaThread "Cache worker for checksums cache (C:\Users\DELL\AndroidStudioProjects\Assign_2_BSCS_19011519006\.gradle\7.3.3\checksums)" [_thread_blocked, id=12752, stack(0x0000003c43900000,0x0000003c43a00000)]
  0x000001b311630800 JavaThread "Cache worker for cache directory md-supplier (C:\Users\DELL\.gradle\caches\7.3.3\md-supplier)" [_thread_blocked, id=7256, stack(0x0000003c43a00000,0x0000003c43b00000)]
  0x000001b311632800 JavaThread "Cache worker for cache directory md-rule (C:\Users\DELL\.gradle\caches\7.3.3\md-rule)" [_thread_blocked, id=34160, stack(0x0000003c43b00000,0x0000003c43c00000)]
  0x000001b311630000 JavaThread "Cache worker for execution history cache (C:\Users\DELL\.gradle\caches\7.3.3\executionHistory)" [_thread_blocked, id=37880, stack(0x0000003c43c00000,0x0000003c43d00000)]
  0x000001b311639800 JavaThread "Cache worker for file content cache (C:\Users\DELL\.gradle\caches\7.3.3\fileContent)" [_thread_blocked, id=35536, stack(0x0000003c43d00000,0x0000003c43e00000)]
  0x000001b31163a800 JavaThread "Cache worker for dependencies-accessors (C:\Users\DELL\AndroidStudioProjects\Assign_2_BSCS_19011519006\.gradle\7.3.3\dependencies-accessors)" [_thread_blocked, id=32724, stack(0x0000003c43e00000,0x0000003c43f00000)]
  0x000001b311635000 JavaThread "Cache worker for Build Output Cleanup Cache (C:\Users\DELL\AndroidStudioProjects\Assign_2_BSCS_19011519006\.gradle\buildOutputCleanup)" [_thread_blocked, id=36124, stack(0x0000003c43f00000,0x0000003c44000000)]
  0x000001b31163b800 JavaThread "Unconstrained build operations" [_thread_blocked, id=35372, stack(0x0000003c44000000,0x0000003c44100000)]
  0x000001b311635800 JavaThread "Unconstrained build operations Thread 2" [_thread_blocked, id=31828, stack(0x0000003c44100000,0x0000003c44200000)]
  0x000001b31163c000 JavaThread "Unconstrained build operations Thread 3" [_thread_blocked, id=28600, stack(0x0000003c44200000,0x0000003c44300000)]
  0x000001b31163d000 JavaThread "Unconstrained build operations Thread 4" [_thread_blocked, id=34264, stack(0x0000003c44300000,0x0000003c44400000)]
  0x000001b311639000 JavaThread "Unconstrained build operations Thread 5" [_thread_blocked, id=30804, stack(0x0000003c44400000,0x0000003c44500000)]
  0x000001b311638000 JavaThread "Unconstrained build operations Thread 6" [_thread_blocked, id=36904, stack(0x0000003c44500000,0x0000003c44600000)]
  0x000001b312c4f800 JavaThread "Unconstrained build operations Thread 7" [_thread_blocked, id=28656, stack(0x0000003c44600000,0x0000003c44700000)]
  0x000001b312c52000 JavaThread "Unconstrained build operations Thread 8" [_thread_blocked, id=35816, stack(0x0000003c44700000,0x0000003c44800000)]
  0x000001b312c51000 JavaThread "Unconstrained build operations Thread 9" [_thread_blocked, id=36504, stack(0x0000003c44800000,0x0000003c44900000)]
  0x000001b312c50800 JavaThread "Unconstrained build operations Thread 10" [_thread_blocked, id=600, stack(0x0000003c44900000,0x0000003c44a00000)]
  0x000001b312c4e800 JavaThread "Unconstrained build operations Thread 11" [_thread_blocked, id=37068, stack(0x0000003c44a00000,0x0000003c44b00000)]
  0x000001b312c4c800 JavaThread "Unconstrained build operations Thread 12" [_thread_blocked, id=36892, stack(0x0000003c44b00000,0x0000003c44c00000)]
  0x000001b312c53000 JavaThread "Unconstrained build operations Thread 13" [_thread_blocked, id=31648, stack(0x0000003c44c00000,0x0000003c44d00000)]
  0x000001b312c4d000 JavaThread "Unconstrained build operations Thread 14" [_thread_blocked, id=32244, stack(0x0000003c44d00000,0x0000003c44e00000)]
  0x000001b312c53800 JavaThread "Unconstrained build operations Thread 15" [_thread_blocked, id=34376, stack(0x0000003c44e00000,0x0000003c44f00000)]
  0x000001b312c4e000 JavaThread "Unconstrained build operations Thread 16" [_thread_blocked, id=37476, stack(0x0000003c44f00000,0x0000003c45000000)]
  0x000001b312c5a000 JavaThread "Unconstrained build operations Thread 17" [_thread_blocked, id=17592, stack(0x0000003c45000000,0x0000003c45100000)]
  0x000001b312c56000 JavaThread "Unconstrained build operations Thread 18" [_thread_blocked, id=35628, stack(0x0000003c45100000,0x0000003c45200000)]
  0x000001b312c57000 JavaThread "Unconstrained build operations Thread 19" [_thread_blocked, id=34100, stack(0x0000003c45200000,0x0000003c45300000)]
  0x000001b312c54800 JavaThread "Unconstrained build operations Thread 20" [_thread_blocked, id=36960, stack(0x0000003c45300000,0x0000003c45400000)]
  0x000001b312c57800 JavaThread "Unconstrained build operations Thread 21" [_thread_blocked, id=35736, stack(0x0000003c45400000,0x0000003c45500000)]
  0x000001b312c58800 JavaThread "Unconstrained build operations Thread 22" [_thread_blocked, id=34180, stack(0x0000003c45500000,0x0000003c45600000)]
  0x000001b312c59800 JavaThread "Unconstrained build operations Thread 23" [_thread_blocked, id=36224, stack(0x0000003c45600000,0x0000003c45700000)]
  0x000001b312c5b000 JavaThread "Unconstrained build operations Thread 24" [_thread_blocked, id=24744, stack(0x0000003c45700000,0x0000003c45800000)]
  0x000001b312c55800 JavaThread "Unconstrained build operations Thread 25" [_thread_blocked, id=31376, stack(0x0000003c45800000,0x0000003c45900000)]
  0x000001b314b1f000 JavaThread "Unconstrained build operations Thread 26" [_thread_blocked, id=37512, stack(0x0000003c45900000,0x0000003c45a00000)]
  0x000001b314b1c800 JavaThread "Unconstrained build operations Thread 27" [_thread_blocked, id=37848, stack(0x0000003c45a00000,0x0000003c45b00000)]
  0x000001b314b1c000 JavaThread "Unconstrained build operations Thread 28" [_thread_blocked, id=35320, stack(0x0000003c45b00000,0x0000003c45c00000)]
  0x000001b314b21800 JavaThread "Unconstrained build operations Thread 29" [_thread_blocked, id=35108, stack(0x0000003c45c00000,0x0000003c45d00000)]
  0x000001b314b20000 JavaThread "Unconstrained build operations Thread 30" [_thread_blocked, id=34308, stack(0x0000003c45d00000,0x0000003c45e00000)]
  0x000001b314b22800 JavaThread "Unconstrained build operations Thread 31" [_thread_blocked, id=32956, stack(0x0000003c45e00000,0x0000003c45f00000)]
  0x000001b314b21000 JavaThread "Unconstrained build operations Thread 32" [_thread_blocked, id=36880, stack(0x0000003c45f00000,0x0000003c46000000)]
  0x000001b314b23000 JavaThread "Unconstrained build operations Thread 33" [_thread_blocked, id=36316, stack(0x0000003c46000000,0x0000003c46100000)]
  0x000001b314b1e800 JavaThread "Unconstrained build operations Thread 34" [_thread_blocked, id=16028, stack(0x0000003c46100000,0x0000003c46200000)]
  0x000001b314b1d800 JavaThread "Unconstrained build operations Thread 35" [_thread_blocked, id=36652, stack(0x0000003c46200000,0x0000003c46300000)]
  0x000001b314b28000 JavaThread "Unconstrained build operations Thread 36" [_thread_blocked, id=37152, stack(0x0000003c46300000,0x0000003c46400000)]
  0x000001b314b29000 JavaThread "Unconstrained build operations Thread 37" [_thread_blocked, id=35832, stack(0x0000003c46400000,0x0000003c46500000)]
  0x000001b314b27800 JavaThread "Unconstrained build operations Thread 38" [_thread_blocked, id=34600, stack(0x0000003c46500000,0x0000003c46600000)]
  0x000001b314b2a000 JavaThread "Unconstrained build operations Thread 39" [_thread_blocked, id=35932, stack(0x0000003c46600000,0x0000003c46700000)]
  0x000001b314b24000 JavaThread "Unconstrained build operations Thread 40" [_thread_blocked, id=31572, stack(0x0000003c46700000,0x0000003c46800000)]
  0x000001b314b2a800 JavaThread "Memory manager" [_thread_blocked, id=35864, stack(0x0000003c46800000,0x0000003c46900000)]

Other Threads:
  0x000001b37e76a000 VMThread "VM Thread" [stack: 0x0000003c41600000,0x0000003c41700000] [id=33712]
  0x000001b37f250800 WatcherThread [stack: 0x0000003c42000000,0x0000003c42100000] [id=6048]
  0x000001b375b93000 GCTaskThread "GC Thread#0" [stack: 0x0000003c41100000,0x0000003c41200000] [id=32048]
  0x000001b37f4ad800 GCTaskThread "GC Thread#1" [stack: 0x0000003c42200000,0x0000003c42300000] [id=36640]
  0x000001b37f635000 GCTaskThread "GC Thread#2" [stack: 0x0000003c42300000,0x0000003c42400000] [id=30692]
  0x000001b3113cc800 GCTaskThread "GC Thread#3" [stack: 0x0000003c42e00000,0x0000003c42f00000] [id=23408]
  0x000001b375bc4000 ConcurrentGCThread "G1 Main Marker" [stack: 0x0000003c41200000,0x0000003c41300000] [id=35160]
  0x000001b375bc6000 ConcurrentGCThread "G1 Conc#0" [stack: 0x0000003c41300000,0x0000003c41400000] [id=28248]
  0x000001b37e5c0800 ConcurrentGCThread "G1 Refine#0" [stack: 0x0000003c41400000,0x0000003c41500000] [id=22608]
  0x000001b37e5c1800 ConcurrentGCThread "G1 Young RemSet Sampling" [stack: 0x0000003c41500000,0x0000003c41600000] [id=32464]

Threads with active compile tasks:
C2 CompilerThread0  19992 6499 %     4       org.gradle.internal.instantiation.generator.AbstractClassGenerator::inspectType @ 107 (560 bytes)

VM state:not at safepoint (normal execution)

VM Mutex/Monitor currently owned by a thread: None

Heap address: 0x0000000080000000, size: 2048 MB, Compressed Oops mode: 32-bit
Narrow klass base: 0x0000000000000000, Narrow klass shift: 3
Compressed class space size: 1073741824 Address: 0x0000000100000000

Heap:
 garbage-first heap   total 155648K, used 95659K [0x0000000080000000, 0x0000000100000000)
  region size 1024K, 39 young (39936K), 4 survivors (4096K)
 Metaspace       used 69787K, capacity 71434K, committed 71460K, reserved 1112064K
  class space    used 9067K, capacity 9720K, committed 9728K, reserved 1048576K
Heap Regions: E=young(eden), S=young(survivor), O=old, HS=humongous(starts), HC=humongous(continues), CS=collection set, F=free, A=archive, TAMS=top-at-mark-start (previous, next)
|   0|0x0000000080000000, 0x0000000080100000, 0x0000000080100000|100%| O|  |TAMS 0x0000000080100000, 0x0000000080000000| Untracked 
|   1|0x0000000080100000, 0x0000000080200000, 0x0000000080200000|100%| O|  |TAMS 0x0000000080200000, 0x0000000080100000| Untracked 
|   2|0x0000000080200000, 0x0000000080300000, 0x0000000080300000|100%| O|  |TAMS 0x0000000080300000, 0x0000000080200000| Untracked 
|   3|0x0000000080300000, 0x0000000080400000, 0x0000000080400000|100%|HS|  |TAMS 0x0000000080400000, 0x0000000080300000| Complete 
|   4|0x0000000080400000, 0x0000000080500000, 0x0000000080500000|100%|HC|  |TAMS 0x0000000080500000, 0x0000000080400000| Complete 
|   5|0x0000000080500000, 0x0000000080600000, 0x0000000080600000|100%|HC|  |TAMS 0x0000000080600000, 0x0000000080500000| Complete 
|   6|0x0000000080600000, 0x0000000080700000, 0x0000000080700000|100%| O|  |TAMS 0x0000000080700000, 0x0000000080600000| Untracked 
|   7|0x0000000080700000, 0x0000000080800000, 0x0000000080800000|100%| O|  |TAMS 0x0000000080800000, 0x0000000080700000| Untracked 
|   8|0x0000000080800000, 0x0000000080900000, 0x0000000080900000|100%| O|  |TAMS 0x0000000080900000, 0x0000000080800000| Untracked 
|   9|0x0000000080900000, 0x0000000080a00000, 0x0000000080a00000|100%| O|  |TAMS 0x0000000080a00000, 0x0000000080900000| Untracked 
|  10|0x0000000080a00000, 0x0000000080b00000, 0x0000000080b00000|100%| O|  |TAMS 0x0000000080b00000, 0x0000000080a00000| Untracked 
|  11|0x0000000080b00000, 0x0000000080c00000, 0x0000000080c00000|100%| O|  |TAMS 0x0000000080c00000, 0x0000000080b00000| Untracked 
|  12|0x0000000080c00000, 0x0000000080d00000, 0x0000000080d00000|100%| O|  |TAMS 0x0000000080d00000, 0x0000000080c00000| Untracked 
|  13|0x0000000080d00000, 0x0000000080e00000, 0x0000000080e00000|100%| O|  |TAMS 0x0000000080e00000, 0x0000000080d00000| Untracked 
|  14|0x0000000080e00000, 0x0000000080f00000, 0x0000000080f00000|100%| O|  |TAMS 0x0000000080f00000, 0x0000000080e00000| Untracked 
|  15|0x0000000080f00000, 0x0000000081000000, 0x0000000081000000|100%| O|  |TAMS 0x0000000081000000, 0x0000000080f00000| Untracked 
|  16|0x0000000081000000, 0x0000000081100000, 0x0000000081100000|100%|HS|  |TAMS 0x0000000081100000, 0x0000000081000000| Complete 
|  17|0x0000000081100000, 0x0000000081200000, 0x0000000081200000|100%|HC|  |TAMS 0x0000000081200000, 0x0000000081100000| Complete 
|  18|0x0000000081200000, 0x0000000081300000, 0x0000000081300000|100%|HS|  |TAMS 0x0000000081300000, 0x0000000081200000| Complete 
|  19|0x0000000081300000, 0x0000000081400000, 0x0000000081400000|100%|HC|  |TAMS 0x0000000081400000, 0x0000000081300000| Complete 
|  20|0x0000000081400000, 0x0000000081500000, 0x0000000081500000|100%|HC|  |TAMS 0x0000000081500000, 0x0000000081400000| Complete 
|  21|0x0000000081500000, 0x0000000081600000, 0x0000000081600000|100%| O|  |TAMS 0x0000000081600000, 0x0000000081500000| Untracked 
|  22|0x0000000081600000, 0x0000000081700000, 0x0000000081700000|100%| O|  |TAMS 0x0000000081700000, 0x0000000081600000| Untracked 
|  23|0x0000000081700000, 0x0000000081800000, 0x0000000081800000|100%| O|  |TAMS 0x0000000081800000, 0x0000000081700000| Untracked 
|  24|0x0000000081800000, 0x0000000081900000, 0x0000000081900000|100%|HS|  |TAMS 0x0000000081900000, 0x0000000081800000| Complete 
|  25|0x0000000081900000, 0x0000000081a00000, 0x0000000081a00000|100%| O|  |TAMS 0x0000000081a00000, 0x0000000081900000| Untracked 
|  26|0x0000000081a00000, 0x0000000081b00000, 0x0000000081b00000|100%| O|  |TAMS 0x0000000081b00000, 0x0000000081a00000| Untracked 
|  27|0x0000000081b00000, 0x0000000081c00000, 0x0000000081c00000|100%| O|  |TAMS 0x0000000081c00000, 0x0000000081b00000| Untracked 
|  28|0x0000000081c00000, 0x0000000081d00000, 0x0000000081d00000|100%| O|  |TAMS 0x0000000081d00000, 0x0000000081c00000| Untracked 
|  29|0x0000000081d00000, 0x0000000081e00000, 0x0000000081e00000|100%| O|  |TAMS 0x0000000081e00000, 0x0000000081d00000| Untracked 
|  30|0x0000000081e00000, 0x0000000081f00000, 0x0000000081f00000|100%| O|  |TAMS 0x0000000081f00000, 0x0000000081e00000| Untracked 
|  31|0x0000000081f00000, 0x0000000082000000, 0x0000000082000000|100%| O|  |TAMS 0x0000000082000000, 0x0000000081f00000| Untracked 
|  32|0x0000000082000000, 0x0000000082100000, 0x0000000082100000|100%| O|  |TAMS 0x0000000082100000, 0x0000000082000000| Untracked 
|  33|0x0000000082100000, 0x0000000082200000, 0x0000000082200000|100%|HS|  |TAMS 0x0000000082200000, 0x0000000082100000| Complete 
|  34|0x0000000082200000, 0x0000000082300000, 0x0000000082300000|100%|HS|  |TAMS 0x0000000082300000, 0x0000000082200000| Complete 
|  35|0x0000000082300000, 0x0000000082400000, 0x0000000082400000|100%|HC|  |TAMS 0x0000000082400000, 0x0000000082300000| Complete 
|  36|0x0000000082400000, 0x0000000082500000, 0x0000000082500000|100%| O|  |TAMS 0x0000000082500000, 0x0000000082400000| Untracked 
|  37|0x0000000082500000, 0x0000000082600000, 0x0000000082600000|100%| O|  |TAMS 0x0000000082600000, 0x0000000082500000| Untracked 
|  38|0x0000000082600000, 0x0000000082700000, 0x0000000082700000|100%| O|  |TAMS 0x0000000082700000, 0x0000000082600000| Untracked 
|  39|0x0000000082700000, 0x0000000082800000, 0x0000000082800000|100%| O|  |TAMS 0x0000000082800000, 0x0000000082700000| Untracked 
|  40|0x0000000082800000, 0x0000000082900000, 0x0000000082900000|100%| O|  |TAMS 0x0000000082900000, 0x0000000082800000| Untracked 
|  41|0x0000000082900000, 0x0000000082a00000, 0x0000000082a00000|100%| O|  |TAMS 0x0000000082a00000, 0x0000000082900000| Untracked 
|  42|0x0000000082a00000, 0x0000000082b00000, 0x0000000082b00000|100%| O|  |TAMS 0x0000000082b00000, 0x0000000082a00000| Untracked 
|  43|0x0000000082b00000, 0x0000000082c00000, 0x0000000082c00000|100%| O|  |TAMS 0x0000000082c00000, 0x0000000082b00000| Untracked 
|  44|0x0000000082c00000, 0x0000000082d00000, 0x0000000082d00000|100%| O|  |TAMS 0x0000000082d00000, 0x0000000082c00000| Untracked 
|  45|0x0000000082d00000, 0x0000000082e00000, 0x0000000082e00000|100%| O|  |TAMS 0x0000000082e00000, 0x0000000082d00000| Untracked 
|  46|0x0000000082e00000, 0x0000000082f00000, 0x0000000082f00000|100%| O|  |TAMS 0x0000000082f00000, 0x0000000082e00000| Untracked 
|  47|0x0000000082f00000, 0x0000000083000000, 0x0000000083000000|100%| O|  |TAMS 0x0000000083000000, 0x0000000082f00000| Untracked 
|  48|0x0000000083000000, 0x0000000083100000, 0x0000000083100000|100%| O|  |TAMS 0x0000000083100000, 0x0000000083000000| Untracked 
|  49|0x0000000083100000, 0x0000000083200000, 0x0000000083200000|100%| O|  |TAMS 0x00000000831ec800, 0x0000000083100000| Untracked 
|  50|0x0000000083200000, 0x0000000083200000, 0x0000000083300000|  0%| F|  |TAMS 0x0000000083200000, 0x0000000083200000| Untracked 
|  51|0x0000000083300000, 0x0000000083400000, 0x0000000083400000|100%| O|  |TAMS 0x0000000083300000, 0x0000000083300000| Untracked 
|  52|0x0000000083400000, 0x0000000083500000, 0x0000000083500000|100%| O|  |TAMS 0x0000000083400000, 0x0000000083400000| Untracked 
|  53|0x0000000083500000, 0x0000000083600000, 0x0000000083600000|100%| O|  |TAMS 0x0000000083500000, 0x0000000083500000| Untracked 
|  54|0x0000000083600000, 0x0000000083700000, 0x0000000083700000|100%| O|  |TAMS 0x0000000083600000, 0x0000000083600000| Untracked 
|  55|0x0000000083700000, 0x0000000083800000, 0x0000000083800000|100%| O|  |TAMS 0x0000000083700000, 0x0000000083700000| Untracked 
|  56|0x0000000083800000, 0x000000008386ac00, 0x0000000083900000| 41%| O|  |TAMS 0x0000000083800000, 0x0000000083800000| Untracked 
|  57|0x0000000083900000, 0x0000000083900000, 0x0000000083a00000|  0%| F|  |TAMS 0x0000000083900000, 0x0000000083900000| Untracked 
|  58|0x0000000083a00000, 0x0000000083a00000, 0x0000000083b00000|  0%| F|  |TAMS 0x0000000083a00000, 0x0000000083a00000| Untracked 
|  59|0x0000000083b00000, 0x0000000083b00000, 0x0000000083c00000|  0%| F|  |TAMS 0x0000000083b00000, 0x0000000083b00000| Untracked 
|  60|0x0000000083c00000, 0x0000000083c00000, 0x0000000083d00000|  0%| F|  |TAMS 0x0000000083c00000, 0x0000000083c00000| Untracked 
|  61|0x0000000083d00000, 0x0000000083d00000, 0x0000000083e00000|  0%| F|  |TAMS 0x0000000083d00000, 0x0000000083d00000| Untracked 
|  62|0x0000000083e00000, 0x0000000083e00000, 0x0000000083f00000|  0%| F|  |TAMS 0x0000000083e00000, 0x0000000083e00000| Untracked 
|  63|0x0000000083f00000, 0x0000000083f00000, 0x0000000084000000|  0%| F|  |TAMS 0x0000000083f00000, 0x0000000083f00000| Untracked 
|  64|0x0000000084000000, 0x0000000084000000, 0x0000000084100000|  0%| F|  |TAMS 0x0000000084000000, 0x0000000084000000| Untracked 
|  65|0x0000000084100000, 0x0000000084100000, 0x0000000084200000|  0%| F|  |TAMS 0x0000000084100000, 0x0000000084100000| Untracked 
|  66|0x0000000084200000, 0x0000000084200000, 0x0000000084300000|  0%| F|  |TAMS 0x0000000084200000, 0x0000000084200000| Untracked 
|  67|0x0000000084300000, 0x0000000084300000, 0x0000000084400000|  0%| F|  |TAMS 0x0000000084300000, 0x0000000084300000| Untracked 
|  68|0x0000000084400000, 0x0000000084400000, 0x0000000084500000|  0%| F|  |TAMS 0x0000000084400000, 0x0000000084400000| Untracked 
|  69|0x0000000084500000, 0x0000000084500000, 0x0000000084600000|  0%| F|  |TAMS 0x0000000084500000, 0x0000000084500000| Untracked 
|  70|0x0000000084600000, 0x0000000084600000, 0x0000000084700000|  0%| F|  |TAMS 0x0000000084600000, 0x0000000084600000| Untracked 
|  71|0x0000000084700000, 0x0000000084700000, 0x0000000084800000|  0%| F|  |TAMS 0x0000000084700000, 0x0000000084700000| Untracked 
|  72|0x0000000084800000, 0x0000000084800000, 0x0000000084900000|  0%| F|  |TAMS 0x0000000084800000, 0x0000000084800000| Untracked 
|  73|0x0000000084900000, 0x0000000084900000, 0x0000000084a00000|  0%| F|  |TAMS 0x0000000084900000, 0x0000000084900000| Untracked 
|  74|0x0000000084a00000, 0x0000000084a00000, 0x0000000084b00000|  0%| F|  |TAMS 0x0000000084a00000, 0x0000000084a00000| Untracked 
|  75|0x0000000084b00000, 0x0000000084b00000, 0x0000000084c00000|  0%| F|  |TAMS 0x0000000084b00000, 0x0000000084b00000| Untracked 
|  76|0x0000000084c00000, 0x0000000084c00000, 0x0000000084d00000|  0%| F|  |TAMS 0x0000000084c00000, 0x0000000084c00000| Untracked 
|  77|0x0000000084d00000, 0x0000000084d00000, 0x0000000084e00000|  0%| F|  |TAMS 0x0000000084d00000, 0x0000000084d00000| Untracked 
|  78|0x0000000084e00000, 0x0000000084e00000, 0x0000000084f00000|  0%| F|  |TAMS 0x0000000084e00000, 0x0000000084e00000| Untracked 
|  79|0x0000000084f00000, 0x0000000084f00000, 0x0000000085000000|  0%| F|  |TAMS 0x0000000084f00000, 0x0000000084f00000| Untracked 
|  80|0x0000000085000000, 0x0000000085000000, 0x0000000085100000|  0%| F|  |TAMS 0x0000000085000000, 0x0000000085000000| Untracked 
|  81|0x0000000085100000, 0x0000000085100000, 0x0000000085200000|  0%| F|  |TAMS 0x0000000085100000, 0x0000000085100000| Untracked 
|  82|0x0000000085200000, 0x0000000085200000, 0x0000000085300000|  0%| F|  |TAMS 0x0000000085200000, 0x0000000085200000| Untracked 
|  83|0x0000000085300000, 0x0000000085300000, 0x0000000085400000|  0%| F|  |TAMS 0x0000000085300000, 0x0000000085300000| Untracked 
|  84|0x0000000085400000, 0x0000000085400000, 0x0000000085500000|  0%| F|  |TAMS 0x0000000085400000, 0x0000000085400000| Untracked 
|  85|0x0000000085500000, 0x0000000085500000, 0x0000000085600000|  0%| F|  |TAMS 0x0000000085500000, 0x0000000085500000| Untracked 
|  86|0x0000000085600000, 0x0000000085600000, 0x0000000085700000|  0%| F|  |TAMS 0x0000000085600000, 0x0000000085600000| Untracked 
|  87|0x0000000085700000, 0x0000000085700000, 0x0000000085800000|  0%| F|  |TAMS 0x0000000085700000, 0x0000000085700000| Untracked 
|  88|0x0000000085800000, 0x0000000085800000, 0x0000000085900000|  0%| F|  |TAMS 0x0000000085800000, 0x0000000085800000| Untracked 
|  89|0x0000000085900000, 0x0000000085900000, 0x0000000085a00000|  0%| F|  |TAMS 0x0000000085900000, 0x0000000085900000| Untracked 
|  90|0x0000000085a00000, 0x0000000085a00000, 0x0000000085b00000|  0%| F|  |TAMS 0x0000000085a00000, 0x0000000085a00000| Untracked 
|  91|0x0000000085b00000, 0x0000000085b00000, 0x0000000085c00000|  0%| F|  |TAMS 0x0000000085b00000, 0x0000000085b00000| Untracked 
|  92|0x0000000085c00000, 0x0000000085d00000, 0x0000000085d00000|100%| S|CS|TAMS 0x0000000085c00000, 0x0000000085c00000| Complete 
|  93|0x0000000085d00000, 0x0000000085e00000, 0x0000000085e00000|100%| S|CS|TAMS 0x0000000085d00000, 0x0000000085d00000| Complete 
|  94|0x0000000085e00000, 0x0000000085e00000, 0x0000000085f00000|  0%| F|  |TAMS 0x0000000085e00000, 0x0000000085e00000| Untracked 
|  95|0x0000000085f00000, 0x0000000085f00000, 0x0000000086000000|  0%| F|  |TAMS 0x0000000085f00000, 0x0000000085f00000| Untracked 
|  96|0x0000000086000000, 0x0000000086000000, 0x0000000086100000|  0%| F|  |TAMS 0x0000000086000000, 0x0000000086000000| Untracked 
|  97|0x0000000086100000, 0x0000000086100000, 0x0000000086200000|  0%| F|  |TAMS 0x0000000086100000, 0x0000000086100000| Untracked 
|  98|0x0000000086200000, 0x0000000086200000, 0x0000000086300000|  0%| F|  |TAMS 0x0000000086200000, 0x0000000086200000| Untracked 
|  99|0x0000000086300000, 0x0000000086300000, 0x0000000086400000|  0%| F|  |TAMS 0x0000000086300000, 0x0000000086300000| Untracked 
| 100|0x0000000086400000, 0x0000000086500000, 0x0000000086500000|100%| S|CS|TAMS 0x0000000086400000, 0x0000000086400000| Complete 
| 101|0x0000000086500000, 0x0000000086600000, 0x0000000086600000|100%| S|CS|TAMS 0x0000000086500000, 0x0000000086500000| Complete 
| 102|0x0000000086600000, 0x0000000086600000, 0x0000000086700000|  0%| F|  |TAMS 0x0000000086600000, 0x0000000086600000| Untracked 
| 103|0x0000000086700000, 0x0000000086700000, 0x0000000086800000|  0%| F|  |TAMS 0x0000000086700000, 0x0000000086700000| Untracked 
| 104|0x0000000086800000, 0x0000000086800000, 0x0000000086900000|  0%| F|  |TAMS 0x0000000086800000, 0x0000000086800000| Untracked 
| 105|0x0000000086900000, 0x0000000086900000, 0x0000000086a00000|  0%| F|  |TAMS 0x0000000086900000, 0x0000000086900000| Untracked 
| 106|0x0000000086a00000, 0x0000000086a00000, 0x0000000086b00000|  0%| F|  |TAMS 0x0000000086a00000, 0x0000000086a00000| Untracked 
| 107|0x0000000086b00000, 0x0000000086b00000, 0x0000000086c00000|  0%| F|  |TAMS 0x0000000086b00000, 0x0000000086b00000| Untracked 
| 108|0x0000000086c00000, 0x0000000086c00000, 0x0000000086d00000|  0%| F|  |TAMS 0x0000000086c00000, 0x0000000086c00000| Untracked 
| 109|0x0000000086d00000, 0x0000000086d00000, 0x0000000086e00000|  0%| F|  |TAMS 0x0000000086d00000, 0x0000000086d00000| Untracked 
| 110|0x0000000086e00000, 0x0000000086e00000, 0x0000000086f00000|  0%| F|  |TAMS 0x0000000086e00000, 0x0000000086e00000| Untracked 
| 111|0x0000000086f00000, 0x0000000086f00000, 0x0000000087000000|  0%| F|  |TAMS 0x0000000086f00000, 0x0000000086f00000| Untracked 
| 112|0x0000000087000000, 0x0000000087000000, 0x0000000087100000|  0%| F|  |TAMS 0x0000000087000000, 0x0000000087000000| Untracked 
| 113|0x0000000087100000, 0x0000000087100000, 0x0000000087200000|  0%| F|  |TAMS 0x0000000087100000, 0x0000000087100000| Untracked 
| 114|0x0000000087200000, 0x0000000087200000, 0x0000000087300000|  0%| F|  |TAMS 0x0000000087200000, 0x0000000087200000| Untracked 
| 115|0x0000000087300000, 0x0000000087300000, 0x0000000087400000|  0%| F|  |TAMS 0x0000000087300000, 0x0000000087300000| Untracked 
| 116|0x0000000087400000, 0x0000000087400000, 0x0000000087500000|  0%| F|  |TAMS 0x0000000087400000, 0x0000000087400000| Untracked 
| 117|0x0000000087500000, 0x0000000087600000, 0x0000000087600000|100%| E|  |TAMS 0x0000000087500000, 0x0000000087500000| Complete 
| 118|0x0000000087600000, 0x0000000087700000, 0x0000000087700000|100%| E|CS|TAMS 0x0000000087600000, 0x0000000087600000| Complete 
| 119|0x0000000087700000, 0x0000000087800000, 0x0000000087800000|100%| E|CS|TAMS 0x0000000087700000, 0x0000000087700000| Complete 
| 120|0x0000000087800000, 0x0000000087900000, 0x0000000087900000|100%| E|CS|TAMS 0x0000000087800000, 0x0000000087800000| Complete 
| 121|0x0000000087900000, 0x0000000087a00000, 0x0000000087a00000|100%| E|CS|TAMS 0x0000000087900000, 0x0000000087900000| Complete 
| 122|0x0000000087a00000, 0x0000000087b00000, 0x0000000087b00000|100%| E|CS|TAMS 0x0000000087a00000, 0x0000000087a00000| Complete 
| 123|0x0000000087b00000, 0x0000000087c00000, 0x0000000087c00000|100%| E|CS|TAMS 0x0000000087b00000, 0x0000000087b00000| Complete 
| 124|0x0000000087c00000, 0x0000000087d00000, 0x0000000087d00000|100%| E|CS|TAMS 0x0000000087c00000, 0x0000000087c00000| Complete 
| 125|0x0000000087d00000, 0x0000000087e00000, 0x0000000087e00000|100%| E|CS|TAMS 0x0000000087d00000, 0x0000000087d00000| Complete 
| 126|0x0000000087e00000, 0x0000000087f00000, 0x0000000087f00000|100%| E|CS|TAMS 0x0000000087e00000, 0x0000000087e00000| Complete 
| 127|0x0000000087f00000, 0x0000000088000000, 0x0000000088000000|100%| E|CS|TAMS 0x0000000087f00000, 0x0000000087f00000| Complete 
| 128|0x0000000088000000, 0x0000000088100000, 0x0000000088100000|100%| E|CS|TAMS 0x0000000088000000, 0x0000000088000000| Complete 
| 129|0x0000000088100000, 0x0000000088200000, 0x0000000088200000|100%| E|CS|TAMS 0x0000000088100000, 0x0000000088100000| Complete 
| 130|0x0000000088200000, 0x0000000088300000, 0x0000000088300000|100%| E|CS|TAMS 0x0000000088200000, 0x0000000088200000| Complete 
| 131|0x0000000088300000, 0x0000000088400000, 0x0000000088400000|100%| E|CS|TAMS 0x0000000088300000, 0x0000000088300000| Complete 
| 132|0x0000000088400000, 0x0000000088500000, 0x0000000088500000|100%| E|CS|TAMS 0x0000000088400000, 0x0000000088400000| Complete 
| 133|0x0000000088500000, 0x0000000088600000, 0x0000000088600000|100%| E|CS|TAMS 0x0000000088500000, 0x0000000088500000| Complete 
| 134|0x0000000088600000, 0x0000000088700000, 0x0000000088700000|100%| E|CS|TAMS 0x0000000088600000, 0x0000000088600000| Complete 
| 135|0x0000000088700000, 0x0000000088800000, 0x0000000088800000|100%| E|CS|TAMS 0x0000000088700000, 0x0000000088700000| Complete 
| 136|0x0000000088800000, 0x0000000088900000, 0x0000000088900000|100%| E|CS|TAMS 0x0000000088800000, 0x0000000088800000| Complete 
| 137|0x0000000088900000, 0x0000000088a00000, 0x0000000088a00000|100%| E|CS|TAMS 0x0000000088900000, 0x0000000088900000| Complete 
| 138|0x0000000088a00000, 0x0000000088b00000, 0x0000000088b00000|100%| E|CS|TAMS 0x0000000088a00000, 0x0000000088a00000| Complete 
| 139|0x0000000088b00000, 0x0000000088c00000, 0x0000000088c00000|100%| E|CS|TAMS 0x0000000088b00000, 0x0000000088b00000| Complete 
| 140|0x0000000088c00000, 0x0000000088d00000, 0x0000000088d00000|100%| E|CS|TAMS 0x0000000088c00000, 0x0000000088c00000| Complete 
| 141|0x0000000088d00000, 0x0000000088e00000, 0x0000000088e00000|100%| E|CS|TAMS 0x0000000088d00000, 0x0000000088d00000| Complete 
| 142|0x0000000088e00000, 0x0000000088f00000, 0x0000000088f00000|100%| E|CS|TAMS 0x0000000088e00000, 0x0000000088e00000| Complete 
| 143|0x0000000088f00000, 0x0000000089000000, 0x0000000089000000|100%| E|CS|TAMS 0x0000000088f00000, 0x0000000088f00000| Complete 
| 144|0x0000000089000000, 0x0000000089100000, 0x0000000089100000|100%| E|CS|TAMS 0x0000000089000000, 0x0000000089000000| Complete 
| 145|0x0000000089100000, 0x0000000089200000, 0x0000000089200000|100%| E|CS|TAMS 0x0000000089100000, 0x0000000089100000| Complete 
| 146|0x0000000089200000, 0x0000000089300000, 0x0000000089300000|100%| E|CS|TAMS 0x0000000089200000, 0x0000000089200000| Complete 
| 147|0x0000000089300000, 0x0000000089400000, 0x0000000089400000|100%| E|CS|TAMS 0x0000000089300000, 0x0000000089300000| Complete 
| 148|0x0000000089400000, 0x0000000089500000, 0x0000000089500000|100%| E|CS|TAMS 0x0000000089400000, 0x0000000089400000| Complete 
| 149|0x0000000089500000, 0x0000000089600000, 0x0000000089600000|100%| E|CS|TAMS 0x0000000089500000, 0x0000000089500000| Complete 
| 150|0x0000000089600000, 0x0000000089700000, 0x0000000089700000|100%| E|CS|TAMS 0x0000000089600000, 0x0000000089600000| Complete 
| 151|0x0000000089700000, 0x0000000089800000, 0x0000000089800000|100%| E|CS|TAMS 0x0000000089700000, 0x0000000089700000| Complete 

Card table byte_map: [0x000001b379a80000,0x000001b379e80000] _byte_map_base: 0x000001b379680000

Marking Bits (Prev, Next): (CMBitMap*) 0x000001b375bbb558, (CMBitMap*) 0x000001b375bbb590
 Prev Bits: [0x000001b37a280000, 0x000001b37c280000)
 Next Bits: [0x000001b37c280000, 0x000001b37e280000)

Polling page: 0x000001b373ab0000

Metaspace:

Usage:
  Non-class:     60.33 MB capacity,    59.32 MB ( 98%) used,   867.45 KB (  1%) free+waste,   171.44 KB ( <1%) overhead. 
      Class:      9.49 MB capacity,     8.86 MB ( 93%) used,   566.50 KB (  6%) free+waste,    80.44 KB ( <1%) overhead. 
       Both:     69.83 MB capacity,    68.18 MB ( 98%) used,     1.40 MB (  2%) free+waste,   251.88 KB ( <1%) overhead. 

Virtual space:
  Non-class space:       62.00 MB reserved,      60.54 MB ( 98%) committed 
      Class space:        1.00 GB reserved,       9.50 MB ( <1%) committed 
             Both:        1.06 GB reserved,      70.04 MB (  6%) committed 

Chunk freelists:
   Non-Class:  16.00 KB
       Class:  7.00 KB
        Both:  23.00 KB

MaxMetaspaceSize: 17179869184.00 GB
CompressedClassSpaceSize: 1.00 GB
Initial GC threshold: 20.80 MB
Current GC threshold: 107.35 MB
CDS: off

CodeHeap 'non-profiled nmethods': size=120064Kb used=3140Kb max_used=3140Kb free=116923Kb
 bounds [0x000001b307ac0000, 0x000001b307de0000, 0x000001b30f000000]
CodeHeap 'profiled nmethods': size=120000Kb used=13651Kb max_used=13651Kb free=106348Kb
 bounds [0x000001b300590000, 0x000001b3012f0000, 0x000001b307ac0000]
CodeHeap 'non-nmethods': size=5696Kb used=2350Kb max_used=2382Kb free=3345Kb
 bounds [0x000001b300000000, 0x000001b300270000, 0x000001b300590000]
 total_blobs=7445 nmethods=6586 adapters=771
 compilation: enabled
              stopped_count=0, restarted_count=0
 full_count=0

Compilation events (20 events):
Event: 19.909 Thread 0x000001b37e791800 6639       1       com.android.builder.core.VariantTypeImpl::isForTesting (5 bytes)
Event: 19.910 Thread 0x000001b37e791800 nmethod 6639 0x000001b307dd0d90 code [0x000001b307dd0f40, 0x000001b307dd0ff8]
Event: 19.911 Thread 0x000001b37e791800 6640       3       com.android.build.api.artifact.impl.StorageProviderImpl::getStorage (57 bytes)
Event: 19.912 Thread 0x000001b37e791800 nmethod 6640 0x000001b3012d4710 code [0x000001b3012d4a00, 0x000001b3012d5978]
Event: 19.912 Thread 0x000001b37e791800 6641       3       com.android.build.gradle.options.ProjectOptions$OptionValue$$Lambda$572/0x00000001006b3840::call (12 bytes)
Event: 19.913 Thread 0x000001b37e791800 nmethod 6641 0x000001b3012d5e90 code [0x000001b3012d60a0, 0x000001b3012d6758]
Event: 19.913 Thread 0x000001b37e791800 6644       2       org.gradle.internal.ImmutableActionSet$SetWithFewActions::addOne (74 bytes)
Event: 19.913 Thread 0x000001b37e791800 nmethod 6644 0x000001b3012d6990 code [0x000001b3012d6c00, 0x000001b3012d7498]
Event: 19.914 Thread 0x000001b37e791800 6642       3       com.android.build.gradle.options.ProjectOptions$OptionValue::lambda$setValueForUseAtConfiguration$0 (32 bytes)
Event: 19.914 Thread 0x000001b37e791800 nmethod 6642 0x000001b3012d7810 code [0x000001b3012d7a20, 0x000001b3012d8078]
Event: 19.916 Thread 0x000001b37e791800 6645       2       org.gradle.api.internal.provider.Collectors$ElementFromProvider::<init> (10 bytes)
Event: 19.916 Thread 0x000001b37e791800 nmethod 6645 0x000001b3012d8290 code [0x000001b3012d8440, 0x000001b3012d8578]
Event: 19.916 Thread 0x000001b37e791800 6648       2       org.gradle.api.internal.DefaultNamedDomainObjectCollection$AbstractDomainObjectCreatingProvider::configure (83 bytes)
Event: 19.917 Thread 0x000001b37e791800 nmethod 6648 0x000001b3012d8610 code [0x000001b3012d8860, 0x000001b3012d8be8]
Event: 19.917 Thread 0x000001b37e791800 6646       2       org.gradle.invocation.DefaultGradle_Decorated::getIdentityPath (39 bytes)
Event: 19.918 Thread 0x000001b37e791800 nmethod 6646 0x000001b3012d8e90 code [0x000001b3012d9120, 0x000001b3012d99c8]
Event: 19.918 Thread 0x000001b37e791800 6647       2       org.gradle.invocation.DefaultGradle::getIdentityPath (35 bytes)
Event: 19.918 Thread 0x000001b37e791800 nmethod 6647 0x000001b3012d9e10 code [0x000001b3012da000, 0x000001b3012da3a8]
Event: 19.918 Thread 0x000001b37e791800 6649       2       org.gradle.internal.operations.DefaultBuildOperationExecutor::call (11 bytes)
Event: 19.919 Thread 0x000001b37e791800 nmethod 6649 0x000001b3012da590 code [0x000001b3012da740, 0x000001b3012da868]

GC Heap History (20 events):
Event: 7.314 GC heap before
{Heap before GC invocations=6 (full 0):
 garbage-first heap   total 129024K, used 63488K [0x0000000080000000, 0x0000000100000000)
  region size 1024K, 47 young (48128K), 1 survivors (1024K)
 Metaspace       used 25561K, capacity 26110K, committed 26288K, reserved 1073152K
  class space    used 3264K, capacity 3470K, committed 3584K, reserved 1048576K
}
Event: 7.320 GC heap after
{Heap after GC invocations=7 (full 0):
 garbage-first heap   total 129024K, used 19077K [0x0000000080000000, 0x0000000100000000)
  region size 1024K, 3 young (3072K), 3 survivors (3072K)
 Metaspace       used 25561K, capacity 26110K, committed 26288K, reserved 1073152K
  class space    used 3264K, capacity 3470K, committed 3584K, reserved 1048576K
}
Event: 8.243 GC heap before
{Heap before GC invocations=7 (full 0):
 garbage-first heap   total 129024K, used 75397K [0x0000000080000000, 0x0000000100000000)
  region size 1024K, 54 young (55296K), 3 survivors (3072K)
 Metaspace       used 30436K, capacity 31285K, committed 31408K, reserved 1077248K
  class space    used 4048K, capacity 4342K, committed 4352K, reserved 1048576K
}
Event: 8.252 GC heap after
{Heap after GC invocations=8 (full 0):
 garbage-first heap   total 129024K, used 26581K [0x0000000080000000, 0x0000000100000000)
  region size 1024K, 5 young (5120K), 5 survivors (5120K)
 Metaspace       used 30436K, capacity 31285K, committed 31408K, reserved 1077248K
  class space    used 4048K, capacity 4342K, committed 4352K, reserved 1048576K
}
Event: 8.823 GC heap before
{Heap before GC invocations=8 (full 0):
 garbage-first heap   total 129024K, used 51157K [0x0000000080000000, 0x0000000100000000)
  region size 1024K, 30 young (30720K), 5 survivors (5120K)
 Metaspace       used 34609K, capacity 35561K, committed 35708K, reserved 1081344K
  class space    used 4522K, capacity 4851K, committed 4864K, reserved 1048576K
}
Event: 8.839 GC heap after
{Heap after GC invocations=9 (full 0):
 garbage-first heap   total 129024K, used 28380K [0x0000000080000000, 0x0000000100000000)
  region size 1024K, 5 young (5120K), 5 survivors (5120K)
 Metaspace       used 34609K, capacity 35561K, committed 35708K, reserved 1081344K
  class space    used 4522K, capacity 4851K, committed 4864K, reserved 1048576K
}
Event: 10.107 GC heap before
{Heap before GC invocations=10 (full 0):
 garbage-first heap   total 129024K, used 79580K [0x0000000080000000, 0x0000000100000000)
  region size 1024K, 53 young (54272K), 5 survivors (5120K)
 Metaspace       used 40089K, capacity 41141K, committed 41160K, reserved 1085440K
  class space    used 5102K, capacity 5492K, committed 5504K, reserved 1048576K
}
Event: 10.123 GC heap after
{Heap after GC invocations=11 (full 0):
 garbage-first heap   total 129024K, used 33237K [0x0000000080000000, 0x0000000100000000)
  region size 1024K, 7 young (7168K), 7 survivors (7168K)
 Metaspace       used 40089K, capacity 41141K, committed 41160K, reserved 1085440K
  class space    used 5102K, capacity 5492K, committed 5504K, reserved 1048576K
}
Event: 12.619 GC heap before
{Heap before GC invocations=11 (full 0):
 garbage-first heap   total 129024K, used 84437K [0x0000000080000000, 0x0000000100000000)
  region size 1024K, 56 young (57344K), 7 survivors (7168K)
 Metaspace       used 44532K, capacity 45652K, committed 45896K, reserved 1089536K
  class space    used 5658K, capacity 6074K, committed 6144K, reserved 1048576K
}
Event: 12.641 GC heap after
{Heap after GC invocations=12 (full 0):
 garbage-first heap   total 155648K, used 35687K [0x0000000080000000, 0x0000000100000000)
  region size 1024K, 3 young (3072K), 3 survivors (3072K)
 Metaspace       used 44532K, capacity 45652K, committed 45896K, reserved 1089536K
  class space    used 5658K, capacity 6074K, committed 6144K, reserved 1048576K
}
Event: 13.857 GC heap before
{Heap before GC invocations=12 (full 0):
 garbage-first heap   total 155648K, used 100199K [0x0000000080000000, 0x0000000100000000)
  region size 1024K, 66 young (67584K), 3 survivors (3072K)
 Metaspace       used 48657K, capacity 49985K, committed 50120K, reserved 1093632K
  class space    used 6226K, capacity 6732K, committed 6784K, reserved 1048576K
}
Event: 13.867 GC heap after
{Heap after GC invocations=13 (full 0):
 garbage-first heap   total 155648K, used 37896K [0x0000000080000000, 0x0000000100000000)
  region size 1024K, 6 young (6144K), 6 survivors (6144K)
 Metaspace       used 48657K, capacity 49985K, committed 50120K, reserved 1093632K
  class space    used 6226K, capacity 6732K, committed 6784K, reserved 1048576K
}
Event: 15.677 GC heap before
{Heap before GC invocations=13 (full 0):
 garbage-first heap   total 155648K, used 108552K [0x0000000080000000, 0x0000000100000000)
  region size 1024K, 72 young (73728K), 6 survivors (6144K)
 Metaspace       used 53945K, capacity 55370K, committed 55624K, reserved 1097728K
  class space    used 6864K, capacity 7390K, committed 7424K, reserved 1048576K
}
Event: 15.694 GC heap after
{Heap after GC invocations=14 (full 0):
 garbage-first heap   total 155648K, used 50824K [0x0000000080000000, 0x0000000100000000)
  region size 1024K, 9 young (9216K), 9 survivors (9216K)
 Metaspace       used 53945K, capacity 55370K, committed 55624K, reserved 1097728K
  class space    used 6864K, capacity 7390K, committed 7424K, reserved 1048576K
}
Event: 16.830 GC heap before
{Heap before GC invocations=14 (full 0):
 garbage-first heap   total 155648K, used 81544K [0x0000000080000000, 0x0000000100000000)
  region size 1024K, 40 young (40960K), 9 survivors (9216K)
 Metaspace       used 58465K, capacity 59948K, committed 60068K, reserved 1101824K
  class space    used 7442K, capacity 7994K, committed 8064K, reserved 1048576K
}
Event: 16.850 GC heap after
{Heap after GC invocations=15 (full 0):
 garbage-first heap   total 155648K, used 53030K [0x0000000080000000, 0x0000000100000000)
  region size 1024K, 2 young (2048K), 2 survivors (2048K)
 Metaspace       used 58465K, capacity 59948K, committed 60068K, reserved 1101824K
  class space    used 7442K, capacity 7994K, committed 8064K, reserved 1048576K
}
Event: 18.124 GC heap before
{Heap before GC invocations=16 (full 0):
 garbage-first heap   total 155648K, used 103206K [0x0000000080000000, 0x0000000100000000)
  region size 1024K, 52 young (53248K), 2 survivors (2048K)
 Metaspace       used 63666K, capacity 65183K, committed 65316K, reserved 1105920K
  class space    used 8067K, capacity 8689K, committed 8704K, reserved 1048576K
}
Event: 18.137 GC heap after
{Heap after GC invocations=17 (full 0):
 garbage-first heap   total 155648K, used 57141K [0x0000000080000000, 0x0000000100000000)
  region size 1024K, 6 young (6144K), 6 survivors (6144K)
 Metaspace       used 63666K, capacity 65183K, committed 65316K, reserved 1105920K
  class space    used 8067K, capacity 8689K, committed 8704K, reserved 1048576K
}
Event: 19.073 GC heap before
{Heap before GC invocations=18 (full 0):
 garbage-first heap   total 155648K, used 108341K [0x0000000080000000, 0x0000000100000000)
  region size 1024K, 56 young (57344K), 6 survivors (6144K)
 Metaspace       used 65674K, capacity 67298K, committed 67492K, reserved 1107968K
  class space    used 8360K, capacity 9002K, committed 9088K, reserved 1048576K
}
Event: 19.092 GC heap after
{Heap after GC invocations=19 (full 0):
 garbage-first heap   total 155648K, used 60843K [0x0000000080000000, 0x0000000100000000)
  region size 1024K, 4 young (4096K), 4 survivors (4096K)
 Metaspace       used 65674K, capacity 67298K, committed 67492K, reserved 1107968K
  class space    used 8360K, capacity 9002K, committed 9088K, reserved 1048576K
}

Deoptimization events (20 events):
Event: 18.575 Thread 0x000001b37f477800 Uncommon trap: trap_request=0xffffff4d fr.pc=0x000001b307aede88 relative=0x00000000000001c8
Event: 18.575 Thread 0x000001b37f477800 Uncommon trap: reason=unstable_if action=reinterpret pc=0x000001b307aede88 method=java.lang.AbstractStringBuilder.isLatin1()Z @ 10 c2
Event: 18.575 Thread 0x000001b37f477800 DEOPT PACKING pc=0x000001b307aede88 sp=0x0000003c42af6560
Event: 18.575 Thread 0x000001b37f477800 DEOPT UNPACKING pc=0x000001b30004a1af sp=0x0000003c42af64a0 mode 2
Event: 18.576 Thread 0x000001b37f477800 Uncommon trap: trap_request=0xffffff4d fr.pc=0x000001b307bb8c78 relative=0x0000000000000598
Event: 18.577 Thread 0x000001b37f477800 Uncommon trap: reason=unstable_if action=reinterpret pc=0x000001b307bb8c78 method=java.lang.AbstractStringBuilder.appendChars(Ljava/lang/CharSequence;II)V @ 4 c2
Event: 18.577 Thread 0x000001b37f477800 DEOPT PACKING pc=0x000001b307bb8c78 sp=0x0000003c42af65f0
Event: 18.577 Thread 0x000001b37f477800 DEOPT UNPACKING pc=0x000001b30004a1af sp=0x0000003c42af64d8 mode 2
Event: 18.577 Thread 0x000001b37f477800 Uncommon trap: trap_request=0xffffff4d fr.pc=0x000001b307b44cc0 relative=0x0000000000000380
Event: 18.577 Thread 0x000001b37f477800 Uncommon trap: reason=unstable_if action=reinterpret pc=0x000001b307b44cc0 method=java.lang.AbstractStringBuilder.isLatin1()Z @ 10 c2
Event: 18.577 Thread 0x000001b37f477800 DEOPT PACKING pc=0x000001b307b44cc0 sp=0x0000003c42af6690
Event: 18.577 Thread 0x000001b37f477800 DEOPT UNPACKING pc=0x000001b30004a1af sp=0x0000003c42af6610 mode 2
Event: 18.577 Thread 0x000001b37f477800 Uncommon trap: trap_request=0xffffff4d fr.pc=0x000001b307af2fa8 relative=0x0000000000000468
Event: 18.577 Thread 0x000001b37f477800 Uncommon trap: reason=unstable_if action=reinterpret pc=0x000001b307af2fa8 method=java.lang.AbstractStringBuilder.putStringAt(ILjava/lang/String;)V @ 8 c2
Event: 18.577 Thread 0x000001b37f477800 DEOPT PACKING pc=0x000001b307af2fa8 sp=0x0000003c42af65e0
Event: 18.577 Thread 0x000001b37f477800 DEOPT UNPACKING pc=0x000001b30004a1af sp=0x0000003c42af6540 mode 2
Event: 18.861 Thread 0x000001b37f477800 Uncommon trap: trap_request=0xffffff4d fr.pc=0x000001b307d1a6b0 relative=0x0000000000000750
Event: 18.861 Thread 0x000001b37f477800 Uncommon trap: reason=unstable_if action=reinterpret pc=0x000001b307d1a6b0 method=java.lang.PublicMethods$MethodList.filter([Ljava/lang/reflect/Method;Ljava/lang/String;[Ljava/lang/Class;Z)Ljava/lang/PublicMethods$MethodList; @ 43 c2
Event: 18.867 Thread 0x000001b37f477800 DEOPT PACKING pc=0x000001b307d1a6b0 sp=0x0000003c42af3dc0
Event: 18.867 Thread 0x000001b37f477800 DEOPT UNPACKING pc=0x000001b30004a1af sp=0x0000003c42af3d80 mode 2

Classes redefined (0 events):
No events

Internal exceptions (20 events):
Event: 19.047 Thread 0x000001b37f477800 Exception <a 'java/lang/ClassNotFoundException'{0x0000000086877650}: com/android/builder/core/AbstractBuildTypeCustomizer> (0x0000000086877650) thrown at [./src/hotspot/share/classfile/systemDictionary.cpp, line 231]
Event: 19.049 Thread 0x000001b37f477800 Exception <a 'java/lang/ClassNotFoundException'{0x00000000868aeed8}: com/android/build/gradle/internal/dsl/BuildTypeCustomizer> (0x00000000868aeed8) thrown at [./src/hotspot/share/classfile/systemDictionary.cpp, line 231]
Event: 19.052 Thread 0x000001b37f477800 Exception <a 'java/lang/ClassNotFoundException'{0x00000000867476b0}: com/android/build/gradle/internal/dsl/BuildType$AgpDecoratedCustomizer> (0x00000000867476b0) thrown at [./src/hotspot/share/classfile/systemDictionary.cpp, line 231]
Event: 19.054 Thread 0x000001b37f477800 Exception <a 'java/lang/ClassNotFoundException'{0x0000000086799e10}: com/android/build/gradle/internal/dsl/BuildType$AgpDecorated_DecoratedCustomizer> (0x0000000086799e10) thrown at [./src/hotspot/share/classfile/systemDictionary.cpp, line 231]
Event: 19.065 Thread 0x000001b37f477800 Exception <a 'java/lang/ClassNotFoundException'{0x000000008666fcb0}: build_7w2lm9u8nyvsvyleklqx5xxvw$_run_closure1$_closure4BeanInfo> (0x000000008666fcb0) thrown at [./src/hotspot/share/classfile/systemDictionary.cpp, line 231]
Event: 19.065 Thread 0x000001b37f477800 Exception <a 'java/lang/ClassNotFoundException'{0x0000000086681420}: build_7w2lm9u8nyvsvyleklqx5xxvw$_run_closure1$_closure4Customizer> (0x0000000086681420) thrown at [./src/hotspot/share/classfile/systemDictionary.cpp, line 231]
Event: 19.069 Thread 0x000001b37f477800 Exception <a 'java/lang/ClassNotFoundException'{0x00000000866b1808}: build_7w2lm9u8nyvsvyleklqx5xxvw$_run_closure1BeanInfo> (0x00000000866b1808) thrown at [./src/hotspot/share/classfile/systemDictionary.cpp, line 231]
Event: 19.069 Thread 0x000001b37f477800 Exception <a 'java/lang/ClassNotFoundException'{0x00000000866c31b8}: build_7w2lm9u8nyvsvyleklqx5xxvw$_run_closure1Customizer> (0x00000000866c31b8) thrown at [./src/hotspot/share/classfile/systemDictionary.cpp, line 231]
Event: 19.097 Thread 0x000001b37f477800 Exception <a 'java/lang/ClassNotFoundException'{0x00000000897238f8}: org/gradle/api/JavaVersionBeanInfo> (0x00000000897238f8) thrown at [./src/hotspot/share/classfile/systemDictionary.cpp, line 231]
Event: 19.099 Thread 0x000001b37f477800 Exception <a 'java/lang/ClassNotFoundException'{0x000000008974f180}: org/gradle/api/JavaVersionCustomizer> (0x000000008974f180) thrown at [./src/hotspot/share/classfile/systemDictionary.cpp, line 231]
Event: 19.103 Thread 0x000001b37f477800 Exception <a 'java/lang/ClassNotFoundException'{0x00000000897bd948}: com/android/build/gradle/internal/CompileOptions$AgpDecorated_DecoratedBeanInfo> (0x00000000897bd948) thrown at [./src/hotspot/share/classfile/systemDictionary.cpp, line 231]
Event: 19.104 Thread 0x000001b37f477800 Exception <a 'java/lang/ClassNotFoundException'{0x00000000897d9de8}: com/android/build/gradle/internal/CompileOptions$AgpDecoratedBeanInfo> (0x00000000897d9de8) thrown at [./src/hotspot/share/classfile/systemDictionary.cpp, line 231]
Event: 19.104 Thread 0x000001b37f477800 Exception <a 'java/lang/ClassNotFoundException'{0x00000000897f3c40}: com/android/build/gradle/internal/CompileOptionsBeanInfo> (0x00000000897f3c40) thrown at [./src/hotspot/share/classfile/systemDictionary.cpp, line 231]
Event: 19.104 Thread 0x000001b37f477800 Exception <a 'java/lang/ClassNotFoundException'{0x000000008960e810}: com/android/build/gradle/internal/CompileOptionsCustomizer> (0x000000008960e810) thrown at [./src/hotspot/share/classfile/systemDictionary.cpp, line 231]
Event: 19.105 Thread 0x000001b37f477800 Exception <a 'java/lang/ClassNotFoundException'{0x0000000089636eb8}: com/android/build/gradle/internal/CompileOptions$AgpDecoratedCustomizer> (0x0000000089636eb8) thrown at [./src/hotspot/share/classfile/systemDictionary.cpp, line 231]
Event: 19.107 Thread 0x000001b37f477800 Exception <a 'java/lang/ClassNotFoundException'{0x0000000089662d70}: com/android/build/gradle/internal/CompileOptions$AgpDecorated_DecoratedCustomizer> (0x0000000089662d70) thrown at [./src/hotspot/share/classfile/systemDictionary.cpp, line 231]
Event: 19.116 Thread 0x000001b37f477800 Exception <a 'java/lang/ClassNotFoundException'{0x0000000089527ca8}: org/gradle/api/internal/artifacts/dsl/dependencies/DefaultDependencyHandler_DecoratedBeanInfo> (0x0000000089527ca8) thrown at [./src/hotspot/share/classfile/systemDictionary.cpp, line 231]
Event: 19.118 Thread 0x000001b37f477800 Exception <a 'java/lang/ClassNotFoundException'{0x0000000089571810}: org/gradle/api/internal/artifacts/dsl/dependencies/DefaultDependencyHandlerBeanInfo> (0x0000000089571810) thrown at [./src/hotspot/share/classfile/systemDictionary.cpp, line 231]
Event: 19.119 Thread 0x000001b37f477800 Exception <a 'java/lang/ClassNotFoundException'{0x00000000895bb868}: org/gradle/api/internal/artifacts/dsl/dependencies/DefaultDependencyHandlerCustomizer> (0x00000000895bb868) thrown at [./src/hotspot/share/classfile/systemDictionary.cpp, line 231]
Event: 19.121 Thread 0x000001b37f477800 Exception <a 'java/lang/ClassNotFoundException'{0x000000008942d408}: org/gradle/api/internal/artifacts/dsl/dependencies/DefaultDependencyHandler_DecoratedCustomizer> (0x000000008942d408) thrown at [./src/hotspot/share/classfile/systemDictionary.cpp, line 231]

Events (20 events):
Event: 19.924 loading class com/android/build/gradle/internal/test/AbstractTestDataImpl$animationsDisabled$1
Event: 19.924 loading class com/android/build/gradle/internal/test/AbstractTestDataImpl$animationsDisabled$1 done
Event: 19.925 loading class com/android/build/gradle/internal/services/TaskCreationServicesImpl$sam$java_util_concurrent_Callable$0
Event: 19.925 loading class com/android/build/gradle/internal/services/TaskCreationServicesImpl$sam$java_util_concurrent_Callable$0 done
Event: 19.925 loading class com/android/build/gradle/internal/test/AbstractTestDataImpl$testCoverageEnabled$1
Event: 19.925 loading class com/android/build/gradle/internal/test/AbstractTestDataImpl$testCoverageEnabled$1 done
Event: 19.926 loading class com/android/build/gradle/internal/test/AbstractTestDataImpl$minSdkVersion$1
Event: 19.926 loading class com/android/build/gradle/internal/test/AbstractTestDataImpl$minSdkVersion$1 done
Event: 19.926 loading class com/android/build/gradle/internal/test/AbstractTestDataImpl$flavorName$1
Event: 19.926 loading class com/android/build/gradle/internal/test/AbstractTestDataImpl$flavorName$1 done
Event: 19.927 loading class com/android/build/gradle/internal/test/AbstractTestDataImpl$testDirectories$1
Event: 19.927 loading class com/android/build/gradle/internal/test/AbstractTestDataImpl$testDirectories$1 done
Event: 19.927 loading class com/android/build/gradle/internal/test/TestDataImpl$libraryType$1
Event: 19.927 loading class com/android/build/gradle/internal/test/TestDataImpl$libraryType$1 done
Event: 19.928 loading class com/android/build/gradle/internal/TaskManager$configureTestData$1
Event: 19.928 loading class com/android/build/gradle/internal/TaskManager$configureTestData$1 done
Event: 19.929 loading class com/android/build/gradle/internal/TaskManager$createConnectedTestForVariant$connectedCheckSerials$1
Event: 19.929 loading class com/android/build/gradle/internal/TaskManager$createConnectedTestForVariant$connectedCheckSerials$1 done
Event: 19.930 loading class com/android/build/gradle/internal/tasks/DeviceProviderInstrumentTestTask$CreationAction
Event: 19.930 loading class com/android/build/gradle/internal/tasks/DeviceProviderInstrumentTestTask$CreationAction done


Dynamic libraries:
0x00007ff7f86e0000 - 0x00007ff7f86ea000 	C:\Program Files\Android\Android Studio\jre\bin\java.exe
0x00007fffd2530000 - 0x00007fffd2749000 	C:\WINDOWS\SYSTEM32\ntdll.dll
0x00007fffd1f10000 - 0x00007fffd1fd2000 	C:\WINDOWS\System32\KERNEL32.DLL
0x00007fffcf950000 - 0x00007fffcfcef000 	C:\WINDOWS\System32\KERNELBASE.dll
0x00007fffcfee0000 - 0x00007fffcffe9000 	C:\WINDOWS\System32\ucrtbase.dll
0x00007fffc23f0000 - 0x00007fffc2409000 	C:\Program Files\Android\Android Studio\jre\bin\jli.dll
0x00007fffc2300000 - 0x00007fffc2317000 	C:\Program Files\Android\Android Studio\jre\bin\VCRUNTIME140.dll
0x00007fffd20a0000 - 0x00007fffd224c000 	C:\WINDOWS\System32\USER32.dll
0x00007fffcf920000 - 0x00007fffcf946000 	C:\WINDOWS\System32\win32u.dll
0x00007fffd1dc0000 - 0x00007fffd1de9000 	C:\WINDOWS\System32\GDI32.dll
0x00007fffbb4b0000 - 0x00007fffbb73e000 	C:\WINDOWS\WinSxS\amd64_microsoft.windows.common-controls_6595b64144ccf1df_6.0.25193.1000_none_762eda99929ed93f\COMCTL32.dll
0x00007fffcfd00000 - 0x00007fffcfe12000 	C:\WINDOWS\System32\gdi32full.dll
0x00007fffd1950000 - 0x00007fffd19f7000 	C:\WINDOWS\System32\msvcrt.dll
0x00007fffd0160000 - 0x00007fffd01fa000 	C:\WINDOWS\System32\msvcp_win.dll
0x00007fffd0980000 - 0x00007fffd09b1000 	C:\WINDOWS\System32\IMM32.DLL
0x00007fffc05f0000 - 0x00007fffc068d000 	C:\Program Files\Android\Android Studio\jre\bin\msvcp140.dll
0x00007fff97870000 - 0x00007fff98355000 	C:\Program Files\Android\Android Studio\jre\bin\server\jvm.dll
0x00007fffd1fe0000 - 0x00007fffd208f000 	C:\WINDOWS\System32\ADVAPI32.dll
0x00007fffd14a0000 - 0x00007fffd1545000 	C:\WINDOWS\System32\sechost.dll
0x00007fffd09c0000 - 0x00007fffd0ae7000 	C:\WINDOWS\System32\RPCRT4.dll
0x00007fffd1f00000 - 0x00007fffd1f08000 	C:\WINDOWS\System32\PSAPI.DLL
0x00007fffb92a0000 - 0x00007fffb92a9000 	C:\WINDOWS\SYSTEM32\WSOCK32.dll
0x00007fffd0350000 - 0x00007fffd03bf000 	C:\WINDOWS\System32\WS2_32.dll
0x00007fffc7910000 - 0x00007fffc7946000 	C:\WINDOWS\SYSTEM32\WINMM.dll
0x00007fffc50d0000 - 0x00007fffc50da000 	C:\WINDOWS\SYSTEM32\VERSION.dll
0x00007fffce890000 - 0x00007fffce8a8000 	C:\WINDOWS\SYSTEM32\kernel.appcore.dll
0x00007fffcc660000 - 0x00007fffcc671000 	C:\Program Files\Android\Android Studio\jre\bin\verify.dll
0x00007fffcd1a0000 - 0x00007fffcd3d1000 	C:\WINDOWS\SYSTEM32\DBGHELP.DLL
0x00007fffd15b0000 - 0x00007fffd1934000 	C:\WINDOWS\System32\combase.dll
0x00007fffd03d0000 - 0x00007fffd04a7000 	C:\WINDOWS\System32\OLEAUT32.dll
0x00007fffb6570000 - 0x00007fffb65a2000 	C:\WINDOWS\SYSTEM32\dbgcore.DLL
0x00007fffd0200000 - 0x00007fffd0278000 	C:\WINDOWS\System32\bcryptPrimitives.dll
0x00007fffc82c0000 - 0x00007fffc82e9000 	C:\Program Files\Android\Android Studio\jre\bin\java.dll
0x00007fffcc780000 - 0x00007fffcc78b000 	C:\Program Files\Android\Android Studio\jre\bin\jimage.dll
0x00007fffc8490000 - 0x00007fffc84a8000 	C:\Program Files\Android\Android Studio\jre\bin\zip.dll
0x00007fffd0af0000 - 0x00007fffd12d1000 	C:\WINDOWS\System32\SHELL32.dll
0x00007fffcd830000 - 0x00007fffce0fc000 	C:\WINDOWS\SYSTEM32\windows.storage.dll
0x00007fffcd690000 - 0x00007fffcd823000 	C:\WINDOWS\SYSTEM32\wintypes.dll
0x00007fffd1a80000 - 0x00007fffd1b6c000 	C:\WINDOWS\System32\SHCORE.dll
0x00007fffd02f0000 - 0x00007fffd034e000 	C:\WINDOWS\System32\shlwapi.dll
0x00007fffcf850000 - 0x00007fffcf872000 	C:\WINDOWS\SYSTEM32\profapi.dll
0x00007fffc82a0000 - 0x00007fffc82ba000 	C:\Program Files\Android\Android Studio\jre\bin\net.dll
0x00007fffc4f40000 - 0x00007fffc506b000 	C:\WINDOWS\SYSTEM32\WINHTTP.dll
0x00007fffced20000 - 0x00007fffced89000 	C:\WINDOWS\system32\mswsock.dll
0x00007fffc8280000 - 0x00007fffc8294000 	C:\Program Files\Android\Android Studio\jre\bin\nio.dll
0x00007fffc5360000 - 0x00007fffc5387000 	C:\Users\DELL\.gradle\native\e1d6ef7f7dcc3fd88c89a11ec53ec762bb8ba0a96d01ffa2cd45eb1d1d8dd5c5\windows-amd64\native-platform.dll
0x00007fffbc230000 - 0x00007fffbc374000 	C:\Users\DELL\.gradle\native\5664cfc778a61ccfe75a443a1ab52a65af34e5dc3c78e0209fed803814484fcb\windows-amd64\native-platform-file-events.dll
0x00007fffcc740000 - 0x00007fffcc74a000 	C:\Program Files\Android\Android Studio\jre\bin\management.dll
0x00007fffc9980000 - 0x00007fffc998d000 	C:\Program Files\Android\Android Studio\jre\bin\management_ext.dll
0x00007fffcf040000 - 0x00007fffcf05b000 	C:\WINDOWS\SYSTEM32\CRYPTSP.dll
0x00007fffce7f0000 - 0x00007fffce824000 	C:\WINDOWS\system32\rsaenh.dll
0x00007fffcede0000 - 0x00007fffcee08000 	C:\WINDOWS\SYSTEM32\USERENV.dll
0x00007fffcf1b0000 - 0x00007fffcf1d8000 	C:\WINDOWS\SYSTEM32\bcrypt.dll
0x00007fffcf020000 - 0x00007fffcf02c000 	C:\WINDOWS\SYSTEM32\CRYPTBASE.dll
0x00007fffce3a0000 - 0x00007fffce3cd000 	C:\WINDOWS\SYSTEM32\IPHLPAPI.DLL
0x00007fffd1940000 - 0x00007fffd1949000 	C:\WINDOWS\System32\NSI.dll
0x00007fffc5420000 - 0x00007fffc5439000 	C:\WINDOWS\SYSTEM32\dhcpcsvc6.DLL
0x00007fffc53f0000 - 0x00007fffc540f000 	C:\WINDOWS\SYSTEM32\dhcpcsvc.DLL
0x00007fffce3d0000 - 0x00007fffce4ce000 	C:\WINDOWS\SYSTEM32\DNSAPI.dll

dbghelp: loaded successfully - version: 4.0.5 - missing functions: none
symbol engine: initialized successfully - sym options: 0x614 - pdb path: .;C:\Program Files\Android\Android Studio\jre\bin;C:\WINDOWS\SYSTEM32;C:\WINDOWS\WinSxS\amd64_microsoft.windows.common-controls_6595b64144ccf1df_6.0.25193.1000_none_762eda99929ed93f;C:\Program Files\Android\Android Studio\jre\bin\server;C:\Users\DELL\.gradle\native\e1d6ef7f7dcc3fd88c89a11ec53ec762bb8ba0a96d01ffa2cd45eb1d1d8dd5c5\windows-amd64;C:\Users\DELL\.gradle\native\5664cfc778a61ccfe75a443a1ab52a65af34e5dc3c78e0209fed803814484fcb\windows-amd64

VM Arguments:
jvm_args: --add-opens=java.base/java.util=ALL-UNNAMED --add-opens=java.base/java.lang=ALL-UNNAMED --add-opens=java.base/java.lang.invoke=ALL-UNNAMED --add-opens=java.base/java.util=ALL-UNNAMED --add-opens=java.prefs/java.util.prefs=ALL-UNNAMED --add-opens=java.prefs/java.util.prefs=ALL-UNNAMED --add-opens=java.base/java.nio.charset=ALL-UNNAMED --add-opens=java.base/java.net=ALL-UNNAMED --add-opens=java.base/java.util.concurrent.atomic=ALL-UNNAMED -Xmx2048m -Dfile.encoding=UTF-8 -Duser.country=US -Duser.language=en -Duser.variant 
java_command: org.gradle.launcher.daemon.bootstrap.GradleDaemon 7.3.3
java_class_path (initial): C:\Users\DELL\.gradle\wrapper\dists\gradle-7.3.3-bin\6a41zxkdtcxs8rphpq6y0069z\gradle-7.3.3\lib\gradle-launcher-7.3.3.jar
Launcher Type: SUN_STANDARD

[Global flags]
     intx CICompilerCount                          = 3                                         {product} {ergonomic}
     uint ConcGCThreads                            = 1                                         {product} {ergonomic}
     uint G1ConcRefinementThreads                  = 4                                         {product} {ergonomic}
   size_t G1HeapRegionSize                         = 1048576                                   {product} {ergonomic}
    uintx GCDrainStackTargetSize                   = 64                                        {product} {ergonomic}
   size_t InitialHeapSize                          = 132120576                                 {product} {ergonomic}
   size_t MarkStackSize                            = 4194304                                   {product} {ergonomic}
   size_t MaxHeapSize                              = 2147483648                                {product} {command line}
   size_t MaxNewSize                               = 1287651328                                {product} {ergonomic}
   size_t MinHeapDeltaBytes                        = 1048576                                   {product} {ergonomic}
    uintx NonNMethodCodeHeapSize                   = 5830732                                {pd product} {ergonomic}
    uintx NonProfiledCodeHeapSize                  = 122913754                              {pd product} {ergonomic}
    uintx ProfiledCodeHeapSize                     = 122913754                              {pd product} {ergonomic}
    uintx ReservedCodeCacheSize                    = 251658240                              {pd product} {ergonomic}
     bool SegmentedCodeCache                       = true                                      {product} {ergonomic}
     bool UseCompressedClassPointers               = true                                 {lp64_product} {ergonomic}
     bool UseCompressedOops                        = true                                 {lp64_product} {ergonomic}
     bool UseG1GC                                  = true                                      {product} {ergonomic}
     bool UseLargePagesIndividualAllocation        = false                                  {pd product} {ergonomic}

Logging:
Log output configuration:
 #0: stdout all=warning uptime,level,tags
 #1: stderr all=off uptime,level,tags

Environment Variables:
PATH=C:\Program Files\Common Files\Oracle\Java\javapath;C:\Program Files (x86)\Common Files\Oracle\Java\javapath;C:\WINDOWS\system32;C:\WINDOWS;C:\WINDOWS\System32\Wbem;C:\WINDOWS\System32\WindowsPowerShell\v1.0\;C:\WINDOWS\System32\OpenSSH\;C:\Program Files\Git\cmd;C:\Program Files\nodejs\;C:\Program Files\Java\jdk-18.0.2.1\bin;C:\Users\DELL\AppData\Local\Microsoft\WindowsApps;;C:\Users\DELL\AppData\Local\Programs\Microsoft VS Code\bin;C:\Program Files\JetBrains\PyCharm 2021.3\bin;
USERNAME=DELL
OS=Windows_NT
PROCESSOR_IDENTIFIER=Intel64 Family 6 Model 142 Stepping 9, GenuineIntel



---------------  S Y S T E M  ---------------

OS: Windows 10 , 64 bit Build 25193 (10.0.25193.1000)
OS uptime: 1 days 18:53 hours
Hyper-V role detected

CPU:total 4 (initial active 4) (2 cores per cpu, 2 threads per core) family 6 model 142 stepping 9 microcode 0xde, cmov, cx8, fxsr, mmx, sse, sse2, sse3, ssse3, sse4.1, sse4.2, popcnt, avx, avx2, aes, clmul, erms, 3dnowpref, lzcnt, ht, tsc, tscinvbit, bmi1, bmi2, adx, fma

Memory: 4k page, system-wide physical 8061M (167M free)
TotalPageFile size 9959M (AvailPageFile size 12M)
current process WorkingSet (physical memory assigned to process): 342M, peak: 342M
current process commit charge ("private bytes"): 382M, peak: 383M

vm_info: OpenJDK 64-Bit Server VM (11.0.12+7-b1504.28-7817840) for windows-amd64 JRE (11.0.12+7-b1504.28-7817840), built on Oct 13 2021 22:12:33 by "builder" with MS VC++ 14.0 (VS2015)

END.
