#
# There is insufficient memory for the Java Runtime Environment to continue.
# Native memory allocation (malloc) failed to allocate 32744 bytes for ChunkPool::allocate
# Possible reasons:
#   The system is out of physical RAM or swap space
#   The process is running with CompressedOops enabled, and the Java Heap may be blocking the growth of the native heap
# Possible solutions:
#   Reduce memory load on the system
#   Increase physical memory or swap space
#   Check if swap backing store is full
#   Decrease Java heap size (-Xmx/-Xms)
#   Decrease number of Java threads
#   Decrease Java thread stack sizes (-Xss)
#   Set larger code cache with -XX:ReservedCodeCacheSize=
#   JVM is running with Unscaled Compressed Oops mode in which the Java heap is
#     placed in the first 4GB address space. The Java Heap base address is the
#     maximum limit for the native heap growth. Please use -XX:HeapBaseMinAddress
#     to set the Java Heap base and to place the Java Heap above 4GB virtual address.
# This output file may be truncated or incomplete.
#
#  Out of Memory Error (./src/hotspot/share/memory/arena.cpp:81), pid=880, tid=3692
#
# JRE version: OpenJDK Runtime Environment (11.0.12+7) (build 11.0.12+7-b1504.28-7817840)
# Java VM: OpenJDK 64-Bit Server VM (11.0.12+7-b1504.28-7817840, mixed mode, tiered, compressed oops, g1 gc, windows-amd64)
# No core dump will be written. Minidumps are not enabled by default on client versions of Windows
#

---------------  S U M M A R Y ------------

Command Line: --add-opens=java.base/java.util=ALL-UNNAMED --add-opens=java.base/java.lang=ALL-UNNAMED --add-opens=java.base/java.lang.invoke=ALL-UNNAMED --add-opens=java.base/java.util=ALL-UNNAMED --add-opens=java.prefs/java.util.prefs=ALL-UNNAMED --add-opens=java.prefs/java.util.prefs=ALL-UNNAMED --add-opens=java.base/java.nio.charset=ALL-UNNAMED --add-opens=java.base/java.net=ALL-UNNAMED --add-opens=java.base/java.util.concurrent.atomic=ALL-UNNAMED -Xmx2048m -Dfile.encoding=UTF-8 -Duser.country=US -Duser.language=en -Duser.variant org.gradle.launcher.daemon.bootstrap.GradleDaemon 7.3.3

Host: Intel(R) Core(TM) i7-7500U CPU @ 2.70GHz, 4 cores, 7G,  Windows 10 , 64 bit Build 25188 (10.0.25188.1000)
Time: Tue Aug 30 15:16:29 2022 Pakistan Standard Time elapsed time: 24.259721 seconds (0d 0h 0m 24s)

---------------  T H R E A D  ---------------

Current thread (0x0000014aff4ed000):  JavaThread "C2 CompilerThread0" daemon [_thread_in_native, id=3692, stack(0x0000000794d00000,0x0000000794e00000)]


Current CompileTask:
C2:  24259 10645       4       org.gradle.internal.service.DefaultServiceRegistry$SingletonService::get (5 bytes)

Stack: [0x0000000794d00000,0x0000000794e00000]
Native frames: (J=compiled Java code, j=interpreted, Vv=VM code, C=native code)
V  [jvm.dll+0x5fbcea]
V  [jvm.dll+0x731905]
V  [jvm.dll+0x732f1d]
V  [jvm.dll+0x7335d3]
V  [jvm.dll+0x247bf8]
V  [jvm.dll+0xc041b]
V  [jvm.dll+0xc06cc]
V  [jvm.dll+0xc02cc]
V  [jvm.dll+0x6282e0]
V  [jvm.dll+0x62c41e]
V  [jvm.dll+0x19d188]
V  [jvm.dll+0x20070e]
V  [jvm.dll+0x1ff794]
V  [jvm.dll+0x18868c]
V  [jvm.dll+0x20e0d7]
V  [jvm.dll+0x20c901]
V  [jvm.dll+0x6f9b7f]
V  [jvm.dll+0x6f26a5]
V  [jvm.dll+0x5fabf6]
C  [ucrtbase.dll+0x6a0e1]
C  [KERNEL32.DLL+0x1458d]
C  [ntdll.dll+0x67558]


---------------  P R O C E S S  ---------------

Threads class SMR info:
_java_thread_list=0x0000014a9900a250, length=78, elements={
0x0000014af68da000, 0x0000014aff4ce000, 0x0000014aff4d1000, 0x0000014a91042800,
0x0000014aff4e9800, 0x0000014aff4ea000, 0x0000014aff4ed000, 0x0000014aff50d000,
0x0000014a910b6000, 0x0000014a911a7800, 0x0000014a934a7800, 0x0000014a91310800,
0x0000014a9381f000, 0x0000014a93565800, 0x0000014a92731000, 0x0000014a931ff800,
0x0000014a931fe800, 0x0000014a931fd800, 0x0000014a93201000, 0x0000014a93202800,
0x0000014a93203800, 0x0000014a93204000, 0x0000014a938b1800, 0x0000014a938af000,
0x0000014a938b2800, 0x0000014a938b4000, 0x0000014a94cc9000, 0x0000014a94cc0000,
0x0000014a94cbd800, 0x0000014a94cbe800, 0x0000014a94cbf000, 0x0000014a94cba000,
0x0000014a94cc0800, 0x0000014a94cbb000, 0x0000014a94cc1800, 0x0000014a94cbc000,
0x0000014a94cc2800, 0x0000014a94cbc800, 0x0000014a94cc3000, 0x0000014a94cc7800,
0x0000014a94cc5000, 0x0000014a94cc8000, 0x0000014a94cc4000, 0x0000014a94cc5800,
0x0000014a94cc6800, 0x0000014a938b6800, 0x0000014a938b5000, 0x0000014a938b0800,
0x0000014a938b5800, 0x0000014a938b9800, 0x0000014a938b8000, 0x0000014a938b9000,
0x0000014a938bd000, 0x0000014a938ba800, 0x0000014a938bb800, 0x0000014a938b7000,
0x0000014a938bc000, 0x0000014a938be000, 0x0000014a93200000, 0x0000014a93202000,
0x0000014a9c8d8800, 0x0000014a9c8df000, 0x0000014a9c8de000, 0x0000014a9c8db800,
0x0000014a9c8da800, 0x0000014a9c8d9000, 0x0000014a9c8df800, 0x0000014a9c8dc800,
0x0000014a9c8dd000, 0x0000014a9c8da000, 0x0000014a9c8e3800, 0x0000014a9c8e3000,
0x0000014a9c8e6000, 0x0000014a9c8e4800, 0x0000014a9c8e0800, 0x0000014a9c8e5800,
0x0000014a9c8e1800, 0x0000014a9c8e7000
}

Java Threads: ( => current thread )
  0x0000014af68da000 JavaThread "main" [_thread_blocked, id=964, stack(0x0000000794100000,0x0000000794200000)]
  0x0000014aff4ce000 JavaThread "Reference Handler" daemon [_thread_blocked, id=5872, stack(0x0000000794800000,0x0000000794900000)]
  0x0000014aff4d1000 JavaThread "Finalizer" daemon [_thread_blocked, id=3144, stack(0x0000000794900000,0x0000000794a00000)]
  0x0000014a91042800 JavaThread "Signal Dispatcher" daemon [_thread_blocked, id=5448, stack(0x0000000794a00000,0x0000000794b00000)]
  0x0000014aff4e9800 JavaThread "Attach Listener" daemon [_thread_blocked, id=2528, stack(0x0000000794b00000,0x0000000794c00000)]
  0x0000014aff4ea000 JavaThread "Service Thread" daemon [_thread_blocked, id=9764, stack(0x0000000794c00000,0x0000000794d00000)]
=>0x0000014aff4ed000 JavaThread "C2 CompilerThread0" daemon [_thread_in_native, id=3692, stack(0x0000000794d00000,0x0000000794e00000)]
  0x0000014aff50d000 JavaThread "C1 CompilerThread0" daemon [_thread_blocked, id=12032, stack(0x0000000794e00000,0x0000000794f00000)]
  0x0000014a910b6000 JavaThread "Sweeper thread" daemon [_thread_blocked, id=12000, stack(0x0000000794f00000,0x0000000795000000)]
  0x0000014a911a7800 JavaThread "Common-Cleaner" daemon [_thread_blocked, id=11388, stack(0x0000000795000000,0x0000000795100000)]
  0x0000014a934a7800 JavaThread "Daemon health stats" [_thread_blocked, id=8236, stack(0x0000000795500000,0x0000000795600000)]
  0x0000014a91310800 JavaThread "Incoming local TCP Connector on port 55715" [_thread_in_native, id=7020, stack(0x0000000795200000,0x0000000795300000)]
  0x0000014a9381f000 JavaThread "Daemon periodic checks" [_thread_blocked, id=9268, stack(0x0000000795600000,0x0000000795700000)]
  0x0000014a93565800 JavaThread "Daemon" [_thread_blocked, id=10988, stack(0x0000000795700000,0x0000000795800000)]
  0x0000014a92731000 JavaThread "Daemon worker" [_thread_in_native, id=9724, stack(0x0000000795a00000,0x0000000795b00000)]
  0x0000014a931ff800 JavaThread "Cache worker for journal cache (C:\Users\DELL\.gradle\caches\journal-1)" [_thread_blocked, id=7852, stack(0x0000000795f00000,0x0000000796000000)]
  0x0000014a931fe800 JavaThread "File lock request listener" [_thread_in_native, id=4800, stack(0x0000000796000000,0x0000000796100000)]
  0x0000014a931fd800 JavaThread "Cache worker for file hash cache (C:\Users\DELL\.gradle\caches\7.3.3\fileHashes)" [_thread_blocked, id=300, stack(0x0000000796100000,0x0000000796200000)]
  0x0000014a93201000 JavaThread "File watcher server" daemon [_thread_in_native, id=4152, stack(0x0000000796300000,0x0000000796400000)]
  0x0000014a93202800 JavaThread "File watcher consumer" daemon [_thread_blocked, id=11272, stack(0x0000000796400000,0x0000000796500000)]
  0x0000014a93203800 JavaThread "jar transforms" [_thread_blocked, id=3068, stack(0x0000000796500000,0x0000000796600000)]
  0x0000014a93204000 JavaThread "jar transforms Thread 2" [_thread_blocked, id=7920, stack(0x0000000796600000,0x0000000796700000)]
  0x0000014a938b1800 JavaThread "jar transforms Thread 3" [_thread_blocked, id=2432, stack(0x0000000796700000,0x0000000796800000)]
  0x0000014a938af000 JavaThread "jar transforms Thread 4" [_thread_blocked, id=11096, stack(0x0000000796800000,0x0000000796900000)]
  0x0000014a938b2800 JavaThread "Cache worker for execution history cache (C:\Users\DELL\.gradle\caches\7.3.3\executionHistory)" [_thread_blocked, id=9952, stack(0x0000000796c00000,0x0000000796d00000)]
  0x0000014a938b4000 JavaThread "Cache worker for file content cache (C:\Users\DELL\.gradle\caches\7.3.3\fileContent)" [_thread_blocked, id=11480, stack(0x0000000796d00000,0x0000000796e00000)]
  0x0000014a94cc9000 JavaThread "Memory manager" [_thread_blocked, id=8136, stack(0x0000000799800000,0x0000000799900000)]
  0x0000014a94cc0000 JavaThread "Handler for socket connection from /127.0.0.1:55715 to /127.0.0.1:55729" [_thread_in_native, id=4164, stack(0x0000000795800000,0x0000000795900000)]
  0x0000014a94cbd800 JavaThread "Cancel handler" [_thread_blocked, id=8368, stack(0x0000000795900000,0x0000000795a00000)]
  0x0000014a94cbe800 JavaThread "Asynchronous log dispatcher for DefaultDaemonConnection: socket connection from /127.0.0.1:55715 to /127.0.0.1:55729" [_thread_blocked, id=11564, stack(0x0000000795b00000,0x0000000795c00000)]
  0x0000014a94cbf000 JavaThread "Stdin handler" [_thread_blocked, id=10860, stack(0x0000000795c00000,0x0000000795d00000)]
  0x0000014a94cba000 JavaThread "Daemon client event forwarder" [_thread_blocked, id=7884, stack(0x0000000795d00000,0x0000000795e00000)]
  0x0000014a94cc0800 JavaThread "Cache worker for file hash cache (C:\Users\DELL\AndroidStudioProjects\Assign_2_BSCS_19011519006\.gradle\7.3.3\fileHashes)" [_thread_blocked, id=9732, stack(0x0000000796200000,0x0000000796300000)]
  0x0000014a94cbb000 JavaThread "Cache worker for checksums cache (C:\Users\DELL\AndroidStudioProjects\Assign_2_BSCS_19011519006\.gradle\7.3.3\checksums)" [_thread_blocked, id=10516, stack(0x0000000796900000,0x0000000796a00000)]
  0x0000014a94cc1800 JavaThread "Cache worker for cache directory md-supplier (C:\Users\DELL\.gradle\caches\7.3.3\md-supplier)" [_thread_blocked, id=1448, stack(0x0000000796a00000,0x0000000796b00000)]
  0x0000014a94cbc000 JavaThread "Cache worker for cache directory md-rule (C:\Users\DELL\.gradle\caches\7.3.3\md-rule)" [_thread_blocked, id=4556, stack(0x0000000796b00000,0x0000000796c00000)]
  0x0000014a94cc2800 JavaThread "Cache worker for dependencies-accessors (C:\Users\DELL\AndroidStudioProjects\Assign_2_BSCS_19011519006\.gradle\7.3.3\dependencies-accessors)" [_thread_blocked, id=5420, stack(0x0000000796e00000,0x0000000796f00000)]
  0x0000014a94cbc800 JavaThread "Cache worker for Build Output Cleanup Cache (C:\Users\DELL\AndroidStudioProjects\Assign_2_BSCS_19011519006\.gradle\buildOutputCleanup)" [_thread_blocked, id=7916, stack(0x0000000796f00000,0x0000000797000000)]
  0x0000014a94cc3000 JavaThread "Unconstrained build operations" [_thread_blocked, id=3864, stack(0x0000000797000000,0x0000000797100000)]
  0x0000014a94cc7800 JavaThread "Unconstrained build operations Thread 2" [_thread_new, id=11740, stack(0x0000000000000000,0x0000000000000000)]
  0x0000014a94cc5000 JavaThread "Unconstrained build operations Thread 3" [_thread_new, id=11768, stack(0x0000000000000000,0x0000000000000000)]
  0x0000014a94cc8000 JavaThread "Unconstrained build operations Thread 4" [_thread_new, id=7312, stack(0x0000000000000000,0x0000000000000000)]
  0x0000014a94cc4000 JavaThread "Unconstrained build operations Thread 5" [_thread_new, id=8932, stack(0x0000000000000000,0x0000000000000000)]
  0x0000014a94cc5800 JavaThread "Unconstrained build operations Thread 6" [_thread_new, id=3456, stack(0x0000000000000000,0x0000000000000000)]
  0x0000014a94cc6800 JavaThread "Unconstrained build operations Thread 7" [_thread_new, id=2336, stack(0x0000000000000000,0x0000000000000000)]
  0x0000014a938b6800 JavaThread "Unconstrained build operations Thread 8" [_thread_new, id=9660, stack(0x0000000000000000,0x0000000000000000)]
  0x0000014a938b5000 JavaThread "Unconstrained build operations Thread 9" [_thread_new, id=1312, stack(0x0000000000000000,0x0000000000000000)]
  0x0000014a938b0800 JavaThread "Unconstrained build operations Thread 10" [_thread_new, id=11864, stack(0x0000000000000000,0x0000000000000000)]
  0x0000014a938b5800 JavaThread "Unconstrained build operations Thread 11" [_thread_new, id=4360, stack(0x0000000000000000,0x0000000000000000)]
  0x0000014a938b9800 JavaThread "Unconstrained build operations Thread 12" [_thread_new, id=2916, stack(0x0000000000000000,0x0000000000000000)]
  0x0000014a938b8000 JavaThread "Unconstrained build operations Thread 13" [_thread_new, id=10808, stack(0x0000000000000000,0x0000000000000000)]
  0x0000014a938b9000 JavaThread "Unconstrained build operations Thread 14" [_thread_new, id=9256, stack(0x0000000000000000,0x0000000000000000)]
  0x0000014a938bd000 JavaThread "Unconstrained build operations Thread 15" [_thread_new, id=11500, stack(0x0000000000000000,0x0000000000000000)]
  0x0000014a938ba800 JavaThread "Unconstrained build operations Thread 16" [_thread_new, id=5100, stack(0x0000000000000000,0x0000000000000000)]
  0x0000014a938bb800 JavaThread "Unconstrained build operations Thread 17" [_thread_new, id=12192, stack(0x0000000000000000,0x0000000000000000)]
  0x0000014a938b7000 JavaThread "Unconstrained build operations Thread 18" [_thread_new, id=6556, stack(0x0000000000000000,0x0000000000000000)]
  0x0000014a938bc000 JavaThread "Unconstrained build operations Thread 19" [_thread_new, id=4364, stack(0x0000000000000000,0x0000000000000000)]
  0x0000014a938be000 JavaThread "Unconstrained build operations Thread 20" [_thread_new, id=11164, stack(0x0000000000000000,0x0000000000000000)]
  0x0000014a93200000 JavaThread "Unconstrained build operations Thread 21" [_thread_new, id=9412, stack(0x0000000000000000,0x0000000000000000)]
  0x0000014a93202000 JavaThread "Unconstrained build operations Thread 22" [_thread_new, id=12100, stack(0x0000000000000000,0x0000000000000000)]
  0x0000014a9c8d8800 JavaThread "Unconstrained build operations Thread 23" [_thread_new, id=9080, stack(0x0000000000000000,0x0000000000000000)]
  0x0000014a9c8df000 JavaThread "Unconstrained build operations Thread 24" [_thread_new, id=6400, stack(0x0000000000000000,0x0000000000000000)]
  0x0000014a9c8de000 JavaThread "Unconstrained build operations Thread 25" [_thread_new, id=7280, stack(0x0000000000000000,0x0000000000000000)]
  0x0000014a9c8db800 JavaThread "Unconstrained build operations Thread 26" [_thread_new, id=11872, stack(0x0000000000000000,0x0000000000000000)]
  0x0000014a9c8da800 JavaThread "Unconstrained build operations Thread 27" [_thread_new, id=7780, stack(0x0000000000000000,0x0000000000000000)]
  0x0000014a9c8d9000 JavaThread "Unconstrained build operations Thread 28" [_thread_new, id=11056, stack(0x0000000000000000,0x0000000000000000)]
  0x0000014a9c8df800 JavaThread "Unconstrained build operations Thread 29" [_thread_new, id=4700, stack(0x0000000000000000,0x0000000000000000)]
  0x0000014a9c8dc800 JavaThread "Unconstrained build operations Thread 30" [_thread_new, id=7304, stack(0x0000000000000000,0x0000000000000000)]
  0x0000014a9c8dd000 JavaThread "Unconstrained build operations Thread 31" [_thread_new, id=3272, stack(0x0000000000000000,0x0000000000000000)]
  0x0000014a9c8da000 JavaThread "Unconstrained build operations Thread 32" [_thread_new, id=3472, stack(0x0000000000000000,0x0000000000000000)]
  0x0000014a9c8e3800 JavaThread "Unconstrained build operations Thread 33" [_thread_new, id=10796, stack(0x0000000000000000,0x0000000000000000)]
  0x0000014a9c8e3000 JavaThread "Unconstrained build operations Thread 34" [_thread_new, id=4028, stack(0x0000000000000000,0x0000000000000000)]
  0x0000014a9c8e6000 JavaThread "Unconstrained build operations Thread 35" [_thread_new, id=2316, stack(0x0000000000000000,0x0000000000000000)]
  0x0000014a9c8e4800 JavaThread "Unconstrained build operations Thread 36" [_thread_new, id=2928, stack(0x0000000000000000,0x0000000000000000)]
  0x0000014a9c8e0800 JavaThread "Unconstrained build operations Thread 37" [_thread_new, id=10008, stack(0x0000000000000000,0x0000000000000000)]
  0x0000014a9c8e5800 JavaThread "Unconstrained build operations Thread 38" [_thread_new, id=11412, stack(0x0000000000000000,0x0000000000000000)]
  0x0000014a9c8e1800 JavaThread "Unconstrained build operations Thread 39" [_thread_new, id=6216, stack(0x0000000000000000,0x0000000000000000)]
  0x0000014a9c8e7000 JavaThread "Unconstrained build operations Thread 40" [_thread_new, id=7192, stack(0x0000000000000000,0x0000000000000000)]

Other Threads:
  0x0000014aff4cc000 VMThread "VM Thread" [stack: 0x0000000794700000,0x0000000794800000] [id=7132] _threads_hazard_ptr=0x0000014a9900a250
  0x0000014a911fd000 WatcherThread [stack: 0x0000000795100000,0x0000000795200000] [id=4228]
  0x0000014af68f3000 GCTaskThread "GC Thread#0" [stack: 0x0000000794200000,0x0000000794300000] [id=8220]
  0x0000014a91b3e800 GCTaskThread "GC Thread#1" [stack: 0x0000000795300000,0x0000000795400000] [id=8600]
  0x0000014a91bfd000 GCTaskThread "GC Thread#2" [stack: 0x0000000795400000,0x0000000795500000] [id=11924]
  0x0000014a93101000 GCTaskThread "GC Thread#3" [stack: 0x0000000795e00000,0x0000000795f00000] [id=7140]
  0x0000014af6923000 ConcurrentGCThread "G1 Main Marker" [stack: 0x0000000794300000,0x0000000794400000] [id=6036]
  0x0000014af6925000 ConcurrentGCThread "G1 Conc#0" [stack: 0x0000000794400000,0x0000000794500000] [id=11572]
  0x0000014aff320800 ConcurrentGCThread "G1 Refine#0" [stack: 0x0000000794500000,0x0000000794600000] [id=1344]
  0x0000014aff321800 ConcurrentGCThread "G1 Young RemSet Sampling" [stack: 0x0000000794600000,0x0000000794700000] [id=12096]

Threads with active compile tasks:
C2 CompilerThread0  24308 10645       4       org.gradle.internal.service.DefaultServiceRegistry$SingletonService::get (5 bytes)

VM state:synchronizing (normal execution)

VM Mutex/Monitor currently owned by a thread:  ([mutex/lock_event])
[0x0000014af68d5ab0] Safepoint_lock - owner thread: 0x0000014aff4cc000
[0x0000014af68d7490] Threads_lock - owner thread: 0x0000014aff4cc000

Heap address: 0x0000000080000000, size: 2048 MB, Compressed Oops mode: 32-bit
Narrow klass base: 0x0000000000000000, Narrow klass shift: 3
Compressed class space size: 1073741824 Address: 0x0000000100000000

Heap:
 garbage-first heap   total 225280K, used 126308K [0x0000000080000000, 0x0000000100000000)
  region size 1024K, 22 young (22528K), 10 survivors (10240K)
 Metaspace       used 94698K, capacity 97395K, committed 97484K, reserved 1134592K
  class space    used 12206K, capacity 13220K, committed 13260K, reserved 1048576K
Heap Regions: E=young(eden), S=young(survivor), O=old, HS=humongous(starts), HC=humongous(continues), CS=collection set, F=free, A=archive, TAMS=top-at-mark-start (previous, next)
|   0|0x0000000080000000, 0x0000000080100000, 0x0000000080100000|100%| O|  |TAMS 0x0000000080100000, 0x0000000080000000| Untracked 
|   1|0x0000000080100000, 0x0000000080200000, 0x0000000080200000|100%| O|  |TAMS 0x0000000080200000, 0x0000000080100000| Untracked 
|   2|0x0000000080200000, 0x0000000080300000, 0x0000000080300000|100%| O|  |TAMS 0x0000000080300000, 0x0000000080200000| Untracked 
|   3|0x0000000080300000, 0x0000000080400000, 0x0000000080400000|100%|HS|  |TAMS 0x0000000080400000, 0x0000000080300000| Complete 
|   4|0x0000000080400000, 0x0000000080500000, 0x0000000080500000|100%|HC|  |TAMS 0x0000000080500000, 0x0000000080400000| Complete 
|   5|0x0000000080500000, 0x0000000080600000, 0x0000000080600000|100%|HC|  |TAMS 0x0000000080600000, 0x0000000080500000| Complete 
|   6|0x0000000080600000, 0x0000000080700000, 0x0000000080700000|100%| O|  |TAMS 0x0000000080700000, 0x0000000080600000| Untracked 
|   7|0x0000000080700000, 0x0000000080800000, 0x0000000080800000|100%| O|  |TAMS 0x0000000080800000, 0x0000000080700000| Untracked 
|   8|0x0000000080800000, 0x0000000080900000, 0x0000000080900000|100%| O|  |TAMS 0x0000000080900000, 0x0000000080800000| Untracked 
|   9|0x0000000080900000, 0x0000000080a00000, 0x0000000080a00000|100%| O|  |TAMS 0x0000000080a00000, 0x0000000080900000| Untracked 
|  10|0x0000000080a00000, 0x0000000080b00000, 0x0000000080b00000|100%| O|  |TAMS 0x0000000080b00000, 0x0000000080a00000| Untracked 
|  11|0x0000000080b00000, 0x0000000080c00000, 0x0000000080c00000|100%| O|  |TAMS 0x0000000080c00000, 0x0000000080b00000| Untracked 
|  12|0x0000000080c00000, 0x0000000080d00000, 0x0000000080d00000|100%| O|  |TAMS 0x0000000080d00000, 0x0000000080c00000| Untracked 
|  13|0x0000000080d00000, 0x0000000080e00000, 0x0000000080e00000|100%| O|  |TAMS 0x0000000080e00000, 0x0000000080d00000| Untracked 
|  14|0x0000000080e00000, 0x0000000080f00000, 0x0000000080f00000|100%| O|  |TAMS 0x0000000080f00000, 0x0000000080e00000| Untracked 
|  15|0x0000000080f00000, 0x0000000081000000, 0x0000000081000000|100%| O|  |TAMS 0x0000000081000000, 0x0000000080f00000| Untracked 
|  16|0x0000000081000000, 0x0000000081100000, 0x0000000081100000|100%| O|  |TAMS 0x0000000081100000, 0x0000000081000000| Untracked 
|  17|0x0000000081100000, 0x0000000081200000, 0x0000000081200000|100%|HS|  |TAMS 0x0000000081200000, 0x0000000081100000| Complete 
|  18|0x0000000081200000, 0x0000000081300000, 0x0000000081300000|100%|HC|  |TAMS 0x0000000081300000, 0x0000000081200000| Complete 
|  19|0x0000000081300000, 0x0000000081400000, 0x0000000081400000|100%|HS|  |TAMS 0x0000000081400000, 0x0000000081300000| Complete 
|  20|0x0000000081400000, 0x0000000081500000, 0x0000000081500000|100%|HC|  |TAMS 0x0000000081500000, 0x0000000081400000| Complete 
|  21|0x0000000081500000, 0x0000000081600000, 0x0000000081600000|100%|HC|  |TAMS 0x0000000081600000, 0x0000000081500000| Complete 
|  22|0x0000000081600000, 0x0000000081700000, 0x0000000081700000|100%|HS|  |TAMS 0x0000000081700000, 0x0000000081600000| Complete 
|  23|0x0000000081700000, 0x0000000081800000, 0x0000000081800000|100%|HS|  |TAMS 0x0000000081800000, 0x0000000081700000| Complete 
|  24|0x0000000081800000, 0x0000000081900000, 0x0000000081900000|100%|HC|  |TAMS 0x0000000081900000, 0x0000000081800000| Complete 
|  25|0x0000000081900000, 0x0000000081a00000, 0x0000000081a00000|100%|HC|  |TAMS 0x0000000081a00000, 0x0000000081900000| Complete 
|  26|0x0000000081a00000, 0x0000000081b00000, 0x0000000081b00000|100%|HC|  |TAMS 0x0000000081b00000, 0x0000000081a00000| Complete 
|  27|0x0000000081b00000, 0x0000000081c00000, 0x0000000081c00000|100%| O|  |TAMS 0x0000000081c00000, 0x0000000081b00000| Untracked 
|  28|0x0000000081c00000, 0x0000000081d00000, 0x0000000081d00000|100%| O|  |TAMS 0x0000000081d00000, 0x0000000081c00000| Untracked 
|  29|0x0000000081d00000, 0x0000000081e00000, 0x0000000081e00000|100%| O|  |TAMS 0x0000000081e00000, 0x0000000081d00000| Untracked 
|  30|0x0000000081e00000, 0x0000000081f00000, 0x0000000081f00000|100%| O|  |TAMS 0x0000000081f00000, 0x0000000081e00000| Untracked 
|  31|0x0000000081f00000, 0x0000000082000000, 0x0000000082000000|100%| O|  |TAMS 0x0000000082000000, 0x0000000081f00000| Untracked 
|  32|0x0000000082000000, 0x0000000082100000, 0x0000000082100000|100%| O|  |TAMS 0x0000000082100000, 0x0000000082000000| Untracked 
|  33|0x0000000082100000, 0x0000000082200000, 0x0000000082200000|100%| O|  |TAMS 0x0000000082200000, 0x0000000082100000| Untracked 
|  34|0x0000000082200000, 0x0000000082300000, 0x0000000082300000|100%| O|  |TAMS 0x0000000082300000, 0x0000000082200000| Untracked 
|  35|0x0000000082300000, 0x0000000082400000, 0x0000000082400000|100%|HS|  |TAMS 0x0000000082400000, 0x0000000082300000| Complete 
|  36|0x0000000082400000, 0x0000000082500000, 0x0000000082500000|100%|HS|  |TAMS 0x0000000082500000, 0x0000000082400000| Complete 
|  37|0x0000000082500000, 0x0000000082600000, 0x0000000082600000|100%|HC|  |TAMS 0x0000000082600000, 0x0000000082500000| Complete 
|  38|0x0000000082600000, 0x0000000082700000, 0x0000000082700000|100%|HC|  |TAMS 0x0000000082700000, 0x0000000082600000| Complete 
|  39|0x0000000082700000, 0x0000000082800000, 0x0000000082800000|100%| O|  |TAMS 0x0000000082800000, 0x0000000082700000| Untracked 
|  40|0x0000000082800000, 0x0000000082900000, 0x0000000082900000|100%| O|  |TAMS 0x0000000082900000, 0x0000000082800000| Untracked 
|  41|0x0000000082900000, 0x0000000082a00000, 0x0000000082a00000|100%| O|  |TAMS 0x0000000082a00000, 0x0000000082900000| Untracked 
|  42|0x0000000082a00000, 0x0000000082b00000, 0x0000000082b00000|100%| O|  |TAMS 0x0000000082b00000, 0x0000000082a00000| Untracked 
|  43|0x0000000082b00000, 0x0000000082c00000, 0x0000000082c00000|100%| O|  |TAMS 0x0000000082c00000, 0x0000000082b00000| Untracked 
|  44|0x0000000082c00000, 0x0000000082d00000, 0x0000000082d00000|100%| O|  |TAMS 0x0000000082d00000, 0x0000000082c00000| Untracked 
|  45|0x0000000082d00000, 0x0000000082e00000, 0x0000000082e00000|100%| O|  |TAMS 0x0000000082e00000, 0x0000000082d00000| Untracked 
|  46|0x0000000082e00000, 0x0000000082f00000, 0x0000000082f00000|100%|HS|  |TAMS 0x0000000082f00000, 0x0000000082e00000| Complete 
|  47|0x0000000082f00000, 0x0000000083000000, 0x0000000083000000|100%|HC|  |TAMS 0x0000000083000000, 0x0000000082f00000| Complete 
|  48|0x0000000083000000, 0x0000000083100000, 0x0000000083100000|100%|HC|  |TAMS 0x0000000083100000, 0x0000000083000000| Complete 
|  49|0x0000000083100000, 0x0000000083200000, 0x0000000083200000|100%|HC|  |TAMS 0x0000000083200000, 0x0000000083100000| Complete 
|  50|0x0000000083200000, 0x0000000083300000, 0x0000000083300000|100%| O|  |TAMS 0x0000000083300000, 0x0000000083200000| Untracked 
|  51|0x0000000083300000, 0x0000000083400000, 0x0000000083400000|100%| O|  |TAMS 0x0000000083400000, 0x0000000083300000| Untracked 
|  52|0x0000000083400000, 0x0000000083500000, 0x0000000083500000|100%| O|  |TAMS 0x0000000083500000, 0x0000000083400000| Untracked 
|  53|0x0000000083500000, 0x0000000083600000, 0x0000000083600000|100%| O|  |TAMS 0x0000000083600000, 0x0000000083500000| Untracked 
|  54|0x0000000083600000, 0x0000000083700000, 0x0000000083700000|100%|HS|  |TAMS 0x0000000083700000, 0x0000000083600000| Complete 
|  55|0x0000000083700000, 0x0000000083800000, 0x0000000083800000|100%|HS|  |TAMS 0x0000000083800000, 0x0000000083700000| Complete 
|  56|0x0000000083800000, 0x0000000083900000, 0x0000000083900000|100%|HS|  |TAMS 0x0000000083900000, 0x0000000083800000| Complete 
|  57|0x0000000083900000, 0x0000000083a00000, 0x0000000083a00000|100%|HC|  |TAMS 0x0000000083a00000, 0x0000000083900000| Complete 
|  58|0x0000000083a00000, 0x0000000083b00000, 0x0000000083b00000|100%| O|  |TAMS 0x0000000083b00000, 0x0000000083a00000| Untracked 
|  59|0x0000000083b00000, 0x0000000083c00000, 0x0000000083c00000|100%| O|  |TAMS 0x0000000083c00000, 0x0000000083b00000| Untracked 
|  60|0x0000000083c00000, 0x0000000083d00000, 0x0000000083d00000|100%| O|  |TAMS 0x0000000083d00000, 0x0000000083c00000| Untracked 
|  61|0x0000000083d00000, 0x0000000083e00000, 0x0000000083e00000|100%| O|  |TAMS 0x0000000083e00000, 0x0000000083d00000| Untracked 
|  62|0x0000000083e00000, 0x0000000083f00000, 0x0000000083f00000|100%| O|  |TAMS 0x0000000083f00000, 0x0000000083e00000| Untracked 
|  63|0x0000000083f00000, 0x0000000084000000, 0x0000000084000000|100%| O|  |TAMS 0x0000000084000000, 0x0000000083f00000| Untracked 
|  64|0x0000000084000000, 0x0000000084100000, 0x0000000084100000|100%| O|  |TAMS 0x0000000084100000, 0x0000000084000000| Untracked 
|  65|0x0000000084100000, 0x0000000084200000, 0x0000000084200000|100%| O|  |TAMS 0x0000000084200000, 0x0000000084100000| Untracked 
|  66|0x0000000084200000, 0x0000000084300000, 0x0000000084300000|100%| O|  |TAMS 0x0000000084300000, 0x0000000084200000| Untracked 
|  67|0x0000000084300000, 0x0000000084400000, 0x0000000084400000|100%| O|  |TAMS 0x0000000084400000, 0x0000000084300000| Untracked 
|  68|0x0000000084400000, 0x0000000084500000, 0x0000000084500000|100%| O|  |TAMS 0x0000000084500000, 0x0000000084400000| Untracked 
|  69|0x0000000084500000, 0x0000000084600000, 0x0000000084600000|100%| O|  |TAMS 0x0000000084600000, 0x0000000084500000| Untracked 
|  70|0x0000000084600000, 0x0000000084700000, 0x0000000084700000|100%|HS|  |TAMS 0x0000000084700000, 0x0000000084600000| Complete 
|  71|0x0000000084700000, 0x0000000084800000, 0x0000000084800000|100%| O|  |TAMS 0x0000000084800000, 0x0000000084700000| Untracked 
|  72|0x0000000084800000, 0x0000000084900000, 0x0000000084900000|100%| O|  |TAMS 0x0000000084900000, 0x0000000084800000| Untracked 
|  73|0x0000000084900000, 0x0000000084a00000, 0x0000000084a00000|100%| O|  |TAMS 0x0000000084a00000, 0x0000000084900000| Untracked 
|  74|0x0000000084a00000, 0x0000000084b00000, 0x0000000084b00000|100%| O|  |TAMS 0x0000000084b00000, 0x0000000084a00000| Untracked 
|  75|0x0000000084b00000, 0x0000000084c00000, 0x0000000084c00000|100%| O|  |TAMS 0x0000000084c00000, 0x0000000084b00000| Untracked 
|  76|0x0000000084c00000, 0x0000000084d00000, 0x0000000084d00000|100%|HS|  |TAMS 0x0000000084d00000, 0x0000000084c00000| Complete 
|  77|0x0000000084d00000, 0x0000000084e00000, 0x0000000084e00000|100%|HC|  |TAMS 0x0000000084e00000, 0x0000000084d00000| Complete 
|  78|0x0000000084e00000, 0x0000000084f00000, 0x0000000084f00000|100%|HS|  |TAMS 0x0000000084f00000, 0x0000000084e00000| Complete 
|  79|0x0000000084f00000, 0x0000000085000000, 0x0000000085000000|100%|HC|  |TAMS 0x0000000085000000, 0x0000000084f00000| Complete 
|  80|0x0000000085000000, 0x0000000085100000, 0x0000000085100000|100%|HC|  |TAMS 0x0000000085100000, 0x0000000085000000| Complete 
|  81|0x0000000085100000, 0x0000000085200000, 0x0000000085200000|100%|HS|  |TAMS 0x0000000085200000, 0x0000000085100000| Complete 
|  82|0x0000000085200000, 0x0000000085300000, 0x0000000085300000|100%|HC|  |TAMS 0x0000000085300000, 0x0000000085200000| Complete 
|  83|0x0000000085300000, 0x0000000085400000, 0x0000000085400000|100%|HC|  |TAMS 0x0000000085400000, 0x0000000085300000| Complete 
|  84|0x0000000085400000, 0x0000000085500000, 0x0000000085500000|100%|HC|  |TAMS 0x0000000085500000, 0x0000000085400000| Complete 
|  85|0x0000000085500000, 0x0000000085600000, 0x0000000085600000|100%| O|  |TAMS 0x0000000085600000, 0x0000000085500000| Untracked 
|  86|0x0000000085600000, 0x0000000085700000, 0x0000000085700000|100%| O|  |TAMS 0x0000000085700000, 0x0000000085600000| Untracked 
|  87|0x0000000085700000, 0x0000000085800000, 0x0000000085800000|100%| O|  |TAMS 0x0000000085800000, 0x0000000085700000| Untracked 
|  88|0x0000000085800000, 0x0000000085900000, 0x0000000085900000|100%| O|  |TAMS 0x0000000085900000, 0x0000000085800000| Untracked 
|  89|0x0000000085900000, 0x0000000085a00000, 0x0000000085a00000|100%| O|  |TAMS 0x0000000085a00000, 0x0000000085900000| Untracked 
|  90|0x0000000085a00000, 0x0000000085b00000, 0x0000000085b00000|100%| O|  |TAMS 0x0000000085b00000, 0x0000000085a00000| Untracked 
|  91|0x0000000085b00000, 0x0000000085c00000, 0x0000000085c00000|100%| O|  |TAMS 0x0000000085c00000, 0x0000000085b00000| Untracked 
|  92|0x0000000085c00000, 0x0000000085d00000, 0x0000000085d00000|100%| O|  |TAMS 0x0000000085d00000, 0x0000000085c00000| Untracked 
|  93|0x0000000085d00000, 0x0000000085e00000, 0x0000000085e00000|100%| O|  |TAMS 0x0000000085e00000, 0x0000000085d00000| Untracked 
|  94|0x0000000085e00000, 0x0000000085f00000, 0x0000000085f00000|100%| O|  |TAMS 0x0000000085f00000, 0x0000000085e00000| Untracked 
|  95|0x0000000085f00000, 0x0000000086000000, 0x0000000086000000|100%| O|  |TAMS 0x0000000086000000, 0x0000000085f00000| Untracked 
|  96|0x0000000086000000, 0x0000000086100000, 0x0000000086100000|100%| O|  |TAMS 0x0000000086100000, 0x0000000086000000| Untracked 
|  97|0x0000000086100000, 0x0000000086200000, 0x0000000086200000|100%| O|  |TAMS 0x0000000086200000, 0x0000000086100000| Untracked 
|  98|0x0000000086200000, 0x0000000086300000, 0x0000000086300000|100%| O|  |TAMS 0x0000000086300000, 0x0000000086200000| Untracked 
|  99|0x0000000086300000, 0x0000000086400000, 0x0000000086400000|100%| O|  |TAMS 0x0000000086400000, 0x0000000086300000| Untracked 
| 100|0x0000000086400000, 0x0000000086500000, 0x0000000086500000|100%| O|  |TAMS 0x0000000086500000, 0x0000000086400000| Untracked 
| 101|0x0000000086500000, 0x0000000086600000, 0x0000000086600000|100%| O|  |TAMS 0x0000000086600000, 0x0000000086500000| Untracked 
| 102|0x0000000086600000, 0x0000000086700000, 0x0000000086700000|100%| O|  |TAMS 0x0000000086700000, 0x0000000086600000| Untracked 
| 103|0x0000000086700000, 0x0000000086700000, 0x0000000086800000|  0%| F|  |TAMS 0x0000000086700000, 0x0000000086700000| Untracked 
| 104|0x0000000086800000, 0x0000000086800000, 0x0000000086900000|  0%| F|  |TAMS 0x0000000086800000, 0x0000000086800000| Untracked 
| 105|0x0000000086900000, 0x0000000086900000, 0x0000000086a00000|  0%| F|  |TAMS 0x0000000086900000, 0x0000000086900000| Untracked 
| 106|0x0000000086a00000, 0x0000000086a00000, 0x0000000086b00000|  0%| F|  |TAMS 0x0000000086a00000, 0x0000000086a00000| Untracked 
| 107|0x0000000086b00000, 0x0000000086b00000, 0x0000000086c00000|  0%| F|  |TAMS 0x0000000086b00000, 0x0000000086b00000| Untracked 
| 108|0x0000000086c00000, 0x0000000086c00000, 0x0000000086d00000|  0%| F|  |TAMS 0x0000000086c00000, 0x0000000086c00000| Untracked 
| 109|0x0000000086d00000, 0x0000000086d00000, 0x0000000086e00000|  0%| F|  |TAMS 0x0000000086d00000, 0x0000000086d00000| Untracked 
| 110|0x0000000086e00000, 0x0000000086e00000, 0x0000000086f00000|  0%| F|  |TAMS 0x0000000086e00000, 0x0000000086e00000| Untracked 
| 111|0x0000000086f00000, 0x0000000086f00000, 0x0000000087000000|  0%| F|  |TAMS 0x0000000086f00000, 0x0000000086f00000| Untracked 
| 112|0x0000000087000000, 0x0000000087000000, 0x0000000087100000|  0%| F|  |TAMS 0x0000000087000000, 0x0000000087000000| Untracked 
| 113|0x0000000087100000, 0x0000000087100000, 0x0000000087200000|  0%| F|  |TAMS 0x0000000087100000, 0x0000000087100000| Untracked 
| 114|0x0000000087200000, 0x0000000087200000, 0x0000000087300000|  0%| F|  |TAMS 0x0000000087200000, 0x0000000087200000| Untracked 
| 115|0x0000000087300000, 0x0000000087300000, 0x0000000087400000|  0%| F|  |TAMS 0x0000000087300000, 0x0000000087300000| Untracked 
| 116|0x0000000087400000, 0x0000000087400000, 0x0000000087500000|  0%| F|  |TAMS 0x0000000087400000, 0x0000000087400000| Untracked 
| 117|0x0000000087500000, 0x0000000087500000, 0x0000000087600000|  0%| F|  |TAMS 0x0000000087500000, 0x0000000087500000| Untracked 
| 118|0x0000000087600000, 0x0000000087600000, 0x0000000087700000|  0%| F|  |TAMS 0x0000000087600000, 0x0000000087600000| Untracked 
| 119|0x0000000087700000, 0x0000000087700000, 0x0000000087800000|  0%| F|  |TAMS 0x0000000087700000, 0x0000000087700000| Untracked 
| 120|0x0000000087800000, 0x0000000087800000, 0x0000000087900000|  0%| F|  |TAMS 0x0000000087800000, 0x0000000087800000| Untracked 
| 121|0x0000000087900000, 0x0000000087900000, 0x0000000087a00000|  0%| F|  |TAMS 0x0000000087900000, 0x0000000087900000| Untracked 
| 122|0x0000000087a00000, 0x0000000087a00000, 0x0000000087b00000|  0%| F|  |TAMS 0x0000000087a00000, 0x0000000087a00000| Untracked 
| 123|0x0000000087b00000, 0x0000000087b00000, 0x0000000087c00000|  0%| F|  |TAMS 0x0000000087b00000, 0x0000000087b00000| Untracked 
| 124|0x0000000087c00000, 0x0000000087c00000, 0x0000000087d00000|  0%| F|  |TAMS 0x0000000087c00000, 0x0000000087c00000| Untracked 
| 125|0x0000000087d00000, 0x0000000087d00000, 0x0000000087e00000|  0%| F|  |TAMS 0x0000000087d00000, 0x0000000087d00000| Untracked 
| 126|0x0000000087e00000, 0x0000000087e00000, 0x0000000087f00000|  0%| F|  |TAMS 0x0000000087e00000, 0x0000000087e00000| Untracked 
| 127|0x0000000087f00000, 0x0000000087f00000, 0x0000000088000000|  0%| F|  |TAMS 0x0000000087f00000, 0x0000000087f00000| Untracked 
| 128|0x0000000088000000, 0x0000000088000000, 0x0000000088100000|  0%| F|  |TAMS 0x0000000088000000, 0x0000000088000000| Untracked 
| 129|0x0000000088100000, 0x0000000088100000, 0x0000000088200000|  0%| F|  |TAMS 0x0000000088100000, 0x0000000088100000| Untracked 
| 130|0x0000000088200000, 0x0000000088200000, 0x0000000088300000|  0%| F|  |TAMS 0x0000000088200000, 0x0000000088200000| Untracked 
| 131|0x0000000088300000, 0x0000000088300000, 0x0000000088400000|  0%| F|  |TAMS 0x0000000088300000, 0x0000000088300000| Untracked 
| 132|0x0000000088400000, 0x0000000088400000, 0x0000000088500000|  0%| F|  |TAMS 0x0000000088400000, 0x0000000088400000| Untracked 
| 133|0x0000000088500000, 0x0000000088500000, 0x0000000088600000|  0%| F|  |TAMS 0x0000000088500000, 0x0000000088500000| Untracked 
| 134|0x0000000088600000, 0x0000000088600000, 0x0000000088700000|  0%| F|  |TAMS 0x0000000088600000, 0x0000000088600000| Untracked 
| 135|0x0000000088700000, 0x00000000887593f0, 0x0000000088800000| 34%| S|CS|TAMS 0x0000000088700000, 0x0000000088700000| Complete 
| 136|0x0000000088800000, 0x0000000088900000, 0x0000000088900000|100%| S|CS|TAMS 0x0000000088800000, 0x0000000088800000| Complete 
| 137|0x0000000088900000, 0x0000000088a00000, 0x0000000088a00000|100%| S|CS|TAMS 0x0000000088900000, 0x0000000088900000| Complete 
| 138|0x0000000088a00000, 0x0000000088a00000, 0x0000000088b00000|  0%| F|  |TAMS 0x0000000088a00000, 0x0000000088a00000| Untracked 
| 139|0x0000000088b00000, 0x0000000088b00000, 0x0000000088c00000|  0%| F|  |TAMS 0x0000000088b00000, 0x0000000088b00000| Untracked 
| 140|0x0000000088c00000, 0x0000000088c00000, 0x0000000088d00000|  0%| F|  |TAMS 0x0000000088c00000, 0x0000000088c00000| Untracked 
| 141|0x0000000088d00000, 0x0000000088d00000, 0x0000000088e00000|  0%| F|  |TAMS 0x0000000088d00000, 0x0000000088d00000| Untracked 
| 142|0x0000000088e00000, 0x0000000088f00000, 0x0000000088f00000|100%| S|CS|TAMS 0x0000000088e00000, 0x0000000088e00000| Complete 
| 143|0x0000000088f00000, 0x0000000089000000, 0x0000000089000000|100%| S|CS|TAMS 0x0000000088f00000, 0x0000000088f00000| Complete 
| 144|0x0000000089000000, 0x0000000089100000, 0x0000000089100000|100%| S|CS|TAMS 0x0000000089000000, 0x0000000089000000| Complete 
| 145|0x0000000089100000, 0x0000000089200000, 0x0000000089200000|100%| S|CS|TAMS 0x0000000089100000, 0x0000000089100000| Complete 
| 146|0x0000000089200000, 0x0000000089300000, 0x0000000089300000|100%| S|CS|TAMS 0x0000000089200000, 0x0000000089200000| Complete 
| 147|0x0000000089300000, 0x0000000089400000, 0x0000000089400000|100%| S|CS|TAMS 0x0000000089300000, 0x0000000089300000| Complete 
| 148|0x0000000089400000, 0x0000000089400000, 0x0000000089500000|  0%| F|  |TAMS 0x0000000089400000, 0x0000000089400000| Untracked 
| 149|0x0000000089500000, 0x0000000089500000, 0x0000000089600000|  0%| F|  |TAMS 0x0000000089500000, 0x0000000089500000| Untracked 
| 150|0x0000000089600000, 0x0000000089600000, 0x0000000089700000|  0%| F|  |TAMS 0x0000000089600000, 0x0000000089600000| Untracked 
| 151|0x0000000089700000, 0x0000000089700000, 0x0000000089800000|  0%| F|  |TAMS 0x0000000089700000, 0x0000000089700000| Untracked 
| 152|0x0000000089800000, 0x0000000089900000, 0x0000000089900000|100%| S|CS|TAMS 0x0000000089800000, 0x0000000089800000| Complete 
| 153|0x0000000089900000, 0x0000000089900000, 0x0000000089a00000|  0%| F|  |TAMS 0x0000000089900000, 0x0000000089900000| Untracked 
| 154|0x0000000089a00000, 0x0000000089a00000, 0x0000000089b00000|  0%| F|  |TAMS 0x0000000089a00000, 0x0000000089a00000| Untracked 
| 155|0x0000000089b00000, 0x0000000089b00000, 0x0000000089c00000|  0%| F|  |TAMS 0x0000000089b00000, 0x0000000089b00000| Untracked 
| 156|0x0000000089c00000, 0x0000000089c00000, 0x0000000089d00000|  0%| F|  |TAMS 0x0000000089c00000, 0x0000000089c00000| Untracked 
| 157|0x0000000089d00000, 0x0000000089d00000, 0x0000000089e00000|  0%| F|  |TAMS 0x0000000089d00000, 0x0000000089d00000| Untracked 
| 158|0x0000000089e00000, 0x0000000089e00000, 0x0000000089f00000|  0%| F|  |TAMS 0x0000000089e00000, 0x0000000089e00000| Untracked 
| 159|0x0000000089f00000, 0x0000000089f00000, 0x000000008a000000|  0%| F|  |TAMS 0x0000000089f00000, 0x0000000089f00000| Untracked 
| 160|0x000000008a000000, 0x000000008a000000, 0x000000008a100000|  0%| F|  |TAMS 0x000000008a000000, 0x000000008a000000| Untracked 
| 161|0x000000008a100000, 0x000000008a100000, 0x000000008a200000|  0%| F|  |TAMS 0x000000008a100000, 0x000000008a100000| Untracked 
| 162|0x000000008a200000, 0x000000008a200000, 0x000000008a300000|  0%| F|  |TAMS 0x000000008a200000, 0x000000008a200000| Untracked 
| 163|0x000000008a300000, 0x000000008a300000, 0x000000008a400000|  0%| F|  |TAMS 0x000000008a300000, 0x000000008a300000| Untracked 
| 164|0x000000008a400000, 0x000000008a400000, 0x000000008a500000|  0%| F|  |TAMS 0x000000008a400000, 0x000000008a400000| Untracked 
| 165|0x000000008a500000, 0x000000008a500000, 0x000000008a600000|  0%| F|  |TAMS 0x000000008a500000, 0x000000008a500000| Untracked 
| 166|0x000000008a600000, 0x000000008a600000, 0x000000008a700000|  0%| F|  |TAMS 0x000000008a600000, 0x000000008a600000| Untracked 
| 167|0x000000008a700000, 0x000000008a700000, 0x000000008a800000|  0%| F|  |TAMS 0x000000008a700000, 0x000000008a700000| Untracked 
| 168|0x000000008a800000, 0x000000008a800000, 0x000000008a900000|  0%| F|  |TAMS 0x000000008a800000, 0x000000008a800000| Untracked 
| 169|0x000000008a900000, 0x000000008a900000, 0x000000008aa00000|  0%| F|  |TAMS 0x000000008a900000, 0x000000008a900000| Untracked 
| 170|0x000000008aa00000, 0x000000008aa00000, 0x000000008ab00000|  0%| F|  |TAMS 0x000000008aa00000, 0x000000008aa00000| Untracked 
| 171|0x000000008ab00000, 0x000000008ab00000, 0x000000008ac00000|  0%| F|  |TAMS 0x000000008ab00000, 0x000000008ab00000| Untracked 
| 172|0x000000008ac00000, 0x000000008ac00000, 0x000000008ad00000|  0%| F|  |TAMS 0x000000008ac00000, 0x000000008ac00000| Untracked 
| 173|0x000000008ad00000, 0x000000008ad00000, 0x000000008ae00000|  0%| F|  |TAMS 0x000000008ad00000, 0x000000008ad00000| Untracked 
| 174|0x000000008ae00000, 0x000000008ae00000, 0x000000008af00000|  0%| F|  |TAMS 0x000000008ae00000, 0x000000008ae00000| Untracked 
| 175|0x000000008af00000, 0x000000008af00000, 0x000000008b000000|  0%| F|  |TAMS 0x000000008af00000, 0x000000008af00000| Untracked 
| 176|0x000000008b000000, 0x000000008b000000, 0x000000008b100000|  0%| F|  |TAMS 0x000000008b000000, 0x000000008b000000| Untracked 
| 177|0x000000008b100000, 0x000000008b100000, 0x000000008b200000|  0%| F|  |TAMS 0x000000008b100000, 0x000000008b100000| Untracked 
| 178|0x000000008b200000, 0x000000008b200000, 0x000000008b300000|  0%| F|  |TAMS 0x000000008b200000, 0x000000008b200000| Untracked 
| 179|0x000000008b300000, 0x000000008b300000, 0x000000008b400000|  0%| F|  |TAMS 0x000000008b300000, 0x000000008b300000| Untracked 
| 180|0x000000008b400000, 0x000000008b400000, 0x000000008b500000|  0%| F|  |TAMS 0x000000008b400000, 0x000000008b400000| Untracked 
| 181|0x000000008b500000, 0x000000008b500000, 0x000000008b600000|  0%| F|  |TAMS 0x000000008b500000, 0x000000008b500000| Untracked 
| 182|0x000000008b600000, 0x000000008b600000, 0x000000008b700000|  0%| F|  |TAMS 0x000000008b600000, 0x000000008b600000| Untracked 
| 183|0x000000008b700000, 0x000000008b700000, 0x000000008b800000|  0%| F|  |TAMS 0x000000008b700000, 0x000000008b700000| Untracked 
| 184|0x000000008b800000, 0x000000008b800000, 0x000000008b900000|  0%| F|  |TAMS 0x000000008b800000, 0x000000008b800000| Untracked 
| 185|0x000000008b900000, 0x000000008b900000, 0x000000008ba00000|  0%| F|  |TAMS 0x000000008b900000, 0x000000008b900000| Untracked 
| 186|0x000000008ba00000, 0x000000008ba00000, 0x000000008bb00000|  0%| F|  |TAMS 0x000000008ba00000, 0x000000008ba00000| Untracked 
| 187|0x000000008bb00000, 0x000000008bb00000, 0x000000008bc00000|  0%| F|  |TAMS 0x000000008bb00000, 0x000000008bb00000| Untracked 
| 188|0x000000008bc00000, 0x000000008bc00000, 0x000000008bd00000|  0%| F|  |TAMS 0x000000008bc00000, 0x000000008bc00000| Untracked 
| 189|0x000000008bd00000, 0x000000008bd00000, 0x000000008be00000|  0%| F|  |TAMS 0x000000008bd00000, 0x000000008bd00000| Untracked 
| 190|0x000000008be00000, 0x000000008be00000, 0x000000008bf00000|  0%| F|  |TAMS 0x000000008be00000, 0x000000008be00000| Untracked 
| 191|0x000000008bf00000, 0x000000008bf00000, 0x000000008c000000|  0%| F|  |TAMS 0x000000008bf00000, 0x000000008bf00000| Untracked 
| 192|0x000000008c000000, 0x000000008c000000, 0x000000008c100000|  0%| F|  |TAMS 0x000000008c000000, 0x000000008c000000| Untracked 
| 193|0x000000008c100000, 0x000000008c100000, 0x000000008c200000|  0%| F|  |TAMS 0x000000008c100000, 0x000000008c100000| Untracked 
| 194|0x000000008c200000, 0x000000008c200000, 0x000000008c300000|  0%| F|  |TAMS 0x000000008c200000, 0x000000008c200000| Untracked 
| 195|0x000000008c300000, 0x000000008c300000, 0x000000008c400000|  0%| F|  |TAMS 0x000000008c300000, 0x000000008c300000| Untracked 
| 196|0x000000008c400000, 0x000000008c400000, 0x000000008c500000|  0%| F|  |TAMS 0x000000008c400000, 0x000000008c400000| Untracked 
| 197|0x000000008c500000, 0x000000008c500000, 0x000000008c600000|  0%| F|  |TAMS 0x000000008c500000, 0x000000008c500000| Untracked 
| 198|0x000000008c600000, 0x000000008c600000, 0x000000008c700000|  0%| F|  |TAMS 0x000000008c600000, 0x000000008c600000| Untracked 
| 199|0x000000008c700000, 0x000000008c700000, 0x000000008c800000|  0%| F|  |TAMS 0x000000008c700000, 0x000000008c700000| Untracked 
| 200|0x000000008c800000, 0x000000008c800000, 0x000000008c900000|  0%| F|  |TAMS 0x000000008c800000, 0x000000008c800000| Untracked 
| 201|0x000000008c900000, 0x000000008c900000, 0x000000008ca00000|  0%| F|  |TAMS 0x000000008c900000, 0x000000008c900000| Untracked 
| 202|0x000000008ca00000, 0x000000008ca00000, 0x000000008cb00000|  0%| F|  |TAMS 0x000000008ca00000, 0x000000008ca00000| Untracked 
| 203|0x000000008cb00000, 0x000000008cb00000, 0x000000008cc00000|  0%| F|  |TAMS 0x000000008cb00000, 0x000000008cb00000| Untracked 
| 204|0x000000008cc00000, 0x000000008cc00000, 0x000000008cd00000|  0%| F|  |TAMS 0x000000008cc00000, 0x000000008cc00000| Untracked 
| 205|0x000000008cd00000, 0x000000008cd00000, 0x000000008ce00000|  0%| F|  |TAMS 0x000000008cd00000, 0x000000008cd00000| Untracked 
| 206|0x000000008ce00000, 0x000000008ce00000, 0x000000008cf00000|  0%| F|  |TAMS 0x000000008ce00000, 0x000000008ce00000| Untracked 
| 207|0x000000008cf00000, 0x000000008cf00000, 0x000000008d000000|  0%| F|  |TAMS 0x000000008cf00000, 0x000000008cf00000| Untracked 
| 208|0x000000008d000000, 0x000000008d0991c8, 0x000000008d100000| 59%| E|  |TAMS 0x000000008d000000, 0x000000008d000000| Complete 
| 209|0x000000008d100000, 0x000000008d200000, 0x000000008d200000|100%| E|CS|TAMS 0x000000008d100000, 0x000000008d100000| Complete 
| 210|0x000000008d200000, 0x000000008d300000, 0x000000008d300000|100%| E|CS|TAMS 0x000000008d200000, 0x000000008d200000| Complete 
| 211|0x000000008d300000, 0x000000008d400000, 0x000000008d400000|100%| E|CS|TAMS 0x000000008d300000, 0x000000008d300000| Complete 
| 212|0x000000008d400000, 0x000000008d500000, 0x000000008d500000|100%| E|CS|TAMS 0x000000008d400000, 0x000000008d400000| Complete 
| 213|0x000000008d500000, 0x000000008d600000, 0x000000008d600000|100%| E|CS|TAMS 0x000000008d500000, 0x000000008d500000| Complete 
| 214|0x000000008d600000, 0x000000008d700000, 0x000000008d700000|100%| E|CS|TAMS 0x000000008d600000, 0x000000008d600000| Complete 
| 215|0x000000008d700000, 0x000000008d800000, 0x000000008d800000|100%| E|CS|TAMS 0x000000008d700000, 0x000000008d700000| Complete 
| 216|0x000000008d800000, 0x000000008d900000, 0x000000008d900000|100%| E|CS|TAMS 0x000000008d800000, 0x000000008d800000| Complete 
| 217|0x000000008d900000, 0x000000008da00000, 0x000000008da00000|100%| E|CS|TAMS 0x000000008d900000, 0x000000008d900000| Complete 
| 218|0x000000008da00000, 0x000000008db00000, 0x000000008db00000|100%| E|CS|TAMS 0x000000008da00000, 0x000000008da00000| Complete 
| 219|0x000000008db00000, 0x000000008dc00000, 0x000000008dc00000|100%| E|CS|TAMS 0x000000008db00000, 0x000000008db00000| Complete 

Card table byte_map: [0x0000014afa7e0000,0x0000014afabe0000] _byte_map_base: 0x0000014afa3e0000

Marking Bits (Prev, Next): (CMBitMap*) 0x0000014af691a0b0, (CMBitMap*) 0x0000014af691a078
 Prev Bits: [0x0000014afcfe0000, 0x0000014afefe0000)
 Next Bits: [0x0000014afafe0000, 0x0000014afcfe0000)

Polling page: 0x0000014af4890000

Metaspace:

Usage:
  Non-class:     82.20 MB capacity,    80.56 MB ( 98%) used,     1.37 MB (  2%) free+waste,   274.94 KB ( <1%) overhead. 
      Class:     12.91 MB capacity,    11.92 MB ( 92%) used,   888.09 KB (  7%) free+waste,   125.88 KB ( <1%) overhead. 
       Both:     95.11 MB capacity,    92.48 MB ( 97%) used,     2.24 MB (  2%) free+waste,   400.81 KB ( <1%) overhead. 

Virtual space:
  Non-class space:       84.00 MB reserved,      82.25 MB ( 98%) committed 
      Class space:        1.00 GB reserved,      12.95 MB (  1%) committed 
             Both:        1.08 GB reserved,      95.20 MB (  9%) committed 

Chunk freelists:
   Non-Class:  49.00 KB
       Class:  28.00 KB
        Both:  77.00 KB

MaxMetaspaceSize: 17179869184.00 GB
CompressedClassSpaceSize: 1.00 GB
Initial GC threshold: 20.80 MB
Current GC threshold: 158.67 MB
CDS: off

CodeHeap 'non-profiled nmethods': size=120064Kb used=4755Kb max_used=4755Kb free=115308Kb
 bounds [0x0000014a87ac0000, 0x0000014a87f70000, 0x0000014a8f000000]
CodeHeap 'profiled nmethods': size=120000Kb used=20899Kb max_used=20899Kb free=99100Kb
 bounds [0x0000014a80590000, 0x0000014a81a00000, 0x0000014a87ac0000]
CodeHeap 'non-nmethods': size=5696Kb used=2401Kb max_used=2449Kb free=3295Kb
 bounds [0x0000014a80000000, 0x0000014a80270000, 0x0000014a80590000]
 total_blobs=11489 nmethods=10571 adapters=830
 compilation: enabled
              stopped_count=0, restarted_count=0
 full_count=0

Compilation events (20 events):
Event: 23.878 Thread 0x0000014aff50d000 10772       1       java.lang.Thread::getPriority (5 bytes)
Event: 23.878 Thread 0x0000014aff50d000 nmethod 10772 0x0000014a87f64690 code [0x0000014a87f64840, 0x0000014a87f648f8]
Event: 23.905 Thread 0x0000014aff50d000 10773       2       org.gradle.api.internal.artifacts.DefaultResolvableArtifact::toString (10 bytes)
Event: 23.905 Thread 0x0000014aff50d000 nmethod 10773 0x0000014a819f5d10 code [0x0000014a819f5ec0, 0x0000014a819f5fe8]
Event: 23.905 Thread 0x0000014aff50d000 10774       2       org.gradle.api.internal.artifacts.DownloadArtifactBuildOperationType$DetailsImpl::<init> (10 bytes)
Event: 23.905 Thread 0x0000014aff50d000 nmethod 10774 0x0000014a819f6090 code [0x0000014a819f6240, 0x0000014a819f6378]
Event: 23.905 Thread 0x0000014aff50d000 10775       2       org.gradle.api.internal.artifacts.ivyservice.resolveengine.artifact.ArtifactBackedResolvedVariant$DownloadArtifactFile::description (50 bytes)
Event: 23.906 Thread 0x0000014aff50d000 nmethod 10775 0x0000014a819f6410 code [0x0000014a819f6640, 0x0000014a819f6cb8]
Event: 23.910 Thread 0x0000014aff50d000 10777       2       com.google.common.cache.LocalCache$Segment::enqueueNotification (67 bytes)
Event: 23.911 Thread 0x0000014aff50d000 nmethod 10777 0x0000014a819f6f10 code [0x0000014a819f7100, 0x0000014a819f7518]
Event: 23.911 Thread 0x0000014aff50d000 10778       2       com.esotericsoftware.kryo.io.Output::writeByte (36 bytes)
Event: 23.911 Thread 0x0000014aff50d000 nmethod 10778 0x0000014a819f7710 code [0x0000014a819f78c0, 0x0000014a819f7a48]
Event: 23.913 Thread 0x0000014aff50d000 10779       2       org.gradle.api.internal.artifacts.ivyservice.modulecache.artifacts.DefaultModuleArtifactCache$CachedArtifactSerializer::denormalizeAndResolveFilePath (55 bytes)
Event: 23.913 Thread 0x0000014aff50d000 nmethod 10779 0x0000014a819f7b90 code [0x0000014a819f7da0, 0x0000014a819f8018]
Event: 23.914 Thread 0x0000014aff50d000 10780       2       org.gradle.internal.model.CalculatedValueContainer$CalculationState::lambda$attachValue$0 (52 bytes)
Event: 23.915 Thread 0x0000014aff50d000 nmethod 10780 0x0000014a819f8210 code [0x0000014a819f8460, 0x0000014a819f8ab8]
Event: 23.922 Thread 0x0000014aff50d000 10782       1       com.google.common.cache.RemovalCause$2::wasEvicted (2 bytes)
Event: 23.922 Thread 0x0000014aff50d000 nmethod 10782 0x0000014a87f64990 code [0x0000014a87f64b40, 0x0000014a87f64bf8]
Event: 23.922 Thread 0x0000014aff50d000 10783       1       com.google.common.cache.RemovalNotification::getCause (5 bytes)
Event: 23.922 Thread 0x0000014aff50d000 nmethod 10783 0x0000014a87f64c90 code [0x0000014a87f64e40, 0x0000014a87f64ef8]

GC Heap History (20 events):
Event: 8.771 GC heap before
{Heap before GC invocations=12 (full 0):
 garbage-first heap   total 155648K, used 112770K [0x0000000080000000, 0x0000000100000000)
  region size 1024K, 62 young (63488K), 5 survivors (5120K)
 Metaspace       used 49376K, capacity 50714K, committed 50944K, reserved 1093632K
  class space    used 6416K, capacity 6882K, committed 6912K, reserved 1048576K
}
Event: 8.785 GC heap after
{Heap after GC invocations=13 (full 0):
 garbage-first heap   total 187392K, used 58597K [0x0000000080000000, 0x0000000100000000)
  region size 1024K, 4 young (4096K), 4 survivors (4096K)
 Metaspace       used 49376K, capacity 50714K, committed 50944K, reserved 1093632K
  class space    used 6416K, capacity 6882K, committed 6912K, reserved 1048576K
}
Event: 10.294 GC heap before
{Heap before GC invocations=13 (full 0):
 garbage-first heap   total 187392K, used 131301K [0x0000000080000000, 0x0000000100000000)
  region size 1024K, 72 young (73728K), 4 survivors (4096K)
 Metaspace       used 53316K, capacity 54825K, committed 55040K, reserved 1097728K
  class space    used 6865K, capacity 7411K, committed 7424K, reserved 1048576K
}
Event: 10.307 GC heap after
{Heap after GC invocations=14 (full 0):
 garbage-first heap   total 187392K, used 71279K [0x0000000080000000, 0x0000000100000000)
  region size 1024K, 9 young (9216K), 9 survivors (9216K)
 Metaspace       used 53316K, capacity 54825K, committed 55040K, reserved 1097728K
  class space    used 6865K, capacity 7411K, committed 7424K, reserved 1048576K
}
Event: 11.024 GC heap before
{Heap before GC invocations=14 (full 0):
 garbage-first heap   total 187392K, used 106095K [0x0000000080000000, 0x0000000100000000)
  region size 1024K, 44 young (45056K), 9 survivors (9216K)
 Metaspace       used 58528K, capacity 60091K, committed 60160K, reserved 1101824K
  class space    used 7503K, capacity 8056K, committed 8064K, reserved 1048576K
}
Event: 11.048 GC heap after
{Heap after GC invocations=15 (full 0):
 garbage-first heap   total 187392K, used 72802K [0x0000000080000000, 0x0000000100000000)
  region size 1024K, 2 young (2048K), 2 survivors (2048K)
 Metaspace       used 58528K, capacity 60091K, committed 60160K, reserved 1101824K
  class space    used 7503K, capacity 8056K, committed 8064K, reserved 1048576K
}
Event: 12.174 GC heap before
{Heap before GC invocations=16 (full 0):
 garbage-first heap   total 187392K, used 127074K [0x0000000080000000, 0x0000000100000000)
  region size 1024K, 56 young (57344K), 2 survivors (2048K)
 Metaspace       used 64810K, capacity 66611K, committed 66892K, reserved 1107968K
  class space    used 8302K, capacity 8942K, committed 9036K, reserved 1048576K
}
Event: 12.188 GC heap after
{Heap after GC invocations=17 (full 0):
 garbage-first heap   total 187392K, used 77033K [0x0000000080000000, 0x0000000100000000)
  region size 1024K, 6 young (6144K), 6 survivors (6144K)
 Metaspace       used 64810K, capacity 66611K, committed 66892K, reserved 1107968K
  class space    used 8302K, capacity 8942K, committed 9036K, reserved 1048576K
}
Event: 12.956 GC heap before
{Heap before GC invocations=18 (full 0):
 garbage-first heap   total 187392K, used 134377K [0x0000000080000000, 0x0000000100000000)
  region size 1024K, 61 young (62464K), 6 survivors (6144K)
 Metaspace       used 67319K, capacity 69089K, committed 69324K, reserved 1110016K
  class space    used 8648K, capacity 9291K, committed 9420K, reserved 1048576K
}
Event: 12.970 GC heap after
{Heap after GC invocations=19 (full 0):
 garbage-first heap   total 225280K, used 80792K [0x0000000080000000, 0x0000000100000000)
  region size 1024K, 4 young (4096K), 4 survivors (4096K)
 Metaspace       used 67319K, capacity 69089K, committed 69324K, reserved 1110016K
  class space    used 8648K, capacity 9291K, committed 9420K, reserved 1048576K
}
Event: 14.457 GC heap before
{Heap before GC invocations=19 (full 0):
 garbage-first heap   total 225280K, used 163736K [0x0000000080000000, 0x0000000100000000)
  region size 1024K, 76 young (77824K), 4 survivors (4096K)
 Metaspace       used 74683K, capacity 76668K, committed 76876K, reserved 1116160K
  class space    used 9805K, capacity 10546K, committed 10572K, reserved 1048576K
}
Event: 14.471 GC heap after
{Heap after GC invocations=20 (full 0):
 garbage-first heap   total 225280K, used 98304K [0x0000000080000000, 0x0000000100000000)
  region size 1024K, 10 young (10240K), 10 survivors (10240K)
 Metaspace       used 74683K, capacity 76668K, committed 76876K, reserved 1116160K
  class space    used 9805K, capacity 10546K, committed 10572K, reserved 1048576K
}
Event: 15.472 GC heap before
{Heap before GC invocations=20 (full 0):
 garbage-first heap   total 225280K, used 166912K [0x0000000080000000, 0x0000000100000000)
  region size 1024K, 77 young (78848K), 10 survivors (10240K)
 Metaspace       used 78455K, capacity 80620K, committed 80844K, reserved 1118208K
  class space    used 10297K, capacity 11120K, committed 11212K, reserved 1048576K
}
Event: 15.489 GC heap after
{Heap after GC invocations=21 (full 0):
 garbage-first heap   total 225280K, used 103207K [0x0000000080000000, 0x0000000100000000)
  region size 1024K, 5 young (5120K), 5 survivors (5120K)
 Metaspace       used 78455K, capacity 80620K, committed 80844K, reserved 1118208K
  class space    used 10297K, capacity 11120K, committed 11212K, reserved 1048576K
}
Event: 16.921 GC heap before
{Heap before GC invocations=21 (full 0):
 garbage-first heap   total 225280K, used 171815K [0x0000000080000000, 0x0000000100000000)
  region size 1024K, 71 young (72704K), 5 survivors (5120K)
 Metaspace       used 87415K, capacity 89696K, committed 89932K, reserved 1126400K
  class space    used 11420K, capacity 12253K, committed 12364K, reserved 1048576K
}
Event: 16.938 GC heap after
{Heap after GC invocations=22 (full 0):
 garbage-first heap   total 225280K, used 105618K [0x0000000080000000, 0x0000000100000000)
  region size 1024K, 7 young (7168K), 7 survivors (7168K)
 Metaspace       used 87415K, capacity 89696K, committed 89932K, reserved 1126400K
  class space    used 11420K, capacity 12253K, committed 12364K, reserved 1048576K
}
Event: 18.861 GC heap before
{Heap before GC invocations=22 (full 0):
 garbage-first heap   total 225280K, used 173202K [0x0000000080000000, 0x0000000100000000)
  region size 1024K, 74 young (75776K), 7 survivors (7168K)
 Metaspace       used 91584K, capacity 93928K, committed 94284K, reserved 1130496K
  class space    used 11891K, capacity 12775K, committed 12876K, reserved 1048576K
}
Event: 18.883 GC heap after
{Heap after GC invocations=23 (full 0):
 garbage-first heap   total 225280K, used 110482K [0x0000000080000000, 0x0000000100000000)
  region size 1024K, 8 young (8192K), 8 survivors (8192K)
 Metaspace       used 91584K, capacity 93928K, committed 94284K, reserved 1130496K
  class space    used 11891K, capacity 12775K, committed 12876K, reserved 1048576K
}
Event: 22.150 GC heap before
{Heap before GC invocations=23 (full 0):
 garbage-first heap   total 225280K, used 179090K [0x0000000080000000, 0x0000000100000000)
  region size 1024K, 75 young (76800K), 8 survivors (8192K)
 Metaspace       used 94443K, capacity 97102K, committed 97228K, reserved 1132544K
  class space    used 12200K, capacity 13191K, committed 13260K, reserved 1048576K
}
Event: 22.173 GC heap after
{Heap after GC invocations=24 (full 0):
 garbage-first heap   total 225280K, used 115044K [0x0000000080000000, 0x0000000100000000)
  region size 1024K, 10 young (10240K), 10 survivors (10240K)
 Metaspace       used 94443K, capacity 97102K, committed 97228K, reserved 1132544K
  class space    used 12200K, capacity 13191K, committed 13260K, reserved 1048576K
}

Deoptimization events (20 events):
Event: 22.730 Thread 0x0000014a92731000 DEOPT PACKING pc=0x0000014a87f1d160 sp=0x0000000795af8880
Event: 22.730 Thread 0x0000014a92731000 DEOPT UNPACKING pc=0x0000014a8004a1af sp=0x0000000795af87b8 mode 2
Event: 23.865 Thread 0x0000014a92731000 Uncommon trap: trap_request=0xffffffc6 fr.pc=0x0000014a87f1d160 relative=0x0000000000000380
Event: 23.865 Thread 0x0000014a92731000 Uncommon trap: reason=bimorphic_or_optimized_type_check action=maybe_recompile pc=0x0000014a87f1d160 method=com.google.common.collect.NaturalOrdering.compare(Ljava/lang/Comparable;Ljava/lang/Comparable;)I @ 12 c2
Event: 23.865 Thread 0x0000014a92731000 DEOPT PACKING pc=0x0000014a87f1d160 sp=0x0000000795af9800
Event: 23.865 Thread 0x0000014a92731000 DEOPT UNPACKING pc=0x0000014a8004a1af sp=0x0000000795af9738 mode 2
Event: 23.873 Thread 0x0000014a92731000 DEOPT PACKING pc=0x0000014a80f79e83 sp=0x0000000795af9060
Event: 23.873 Thread 0x0000014a92731000 DEOPT UNPACKING pc=0x0000014a8004a95e sp=0x0000000795af8508 mode 0
Event: 23.907 Thread 0x0000014a92731000 DEOPT PACKING pc=0x0000014a814e4a44 sp=0x0000000795af7720
Event: 23.907 Thread 0x0000014a92731000 DEOPT UNPACKING pc=0x0000014a8004a95e sp=0x0000000795af6cc0 mode 0
Event: 23.911 Thread 0x0000014a92731000 DEOPT PACKING pc=0x0000014a8167bfb1 sp=0x0000000795af8030
Event: 23.911 Thread 0x0000014a92731000 DEOPT UNPACKING pc=0x0000014a8004a95e sp=0x0000000795af74f8 mode 0
Event: 23.912 Thread 0x0000014a92731000 DEOPT PACKING pc=0x0000014a814e4a44 sp=0x0000000795af8140
Event: 23.912 Thread 0x0000014a92731000 DEOPT UNPACKING pc=0x0000014a8004a95e sp=0x0000000795af76e0 mode 0
Event: 23.917 Thread 0x0000014a92731000 DEOPT PACKING pc=0x0000014a814e4a44 sp=0x0000000795af80e0
Event: 23.917 Thread 0x0000014a92731000 DEOPT UNPACKING pc=0x0000014a8004a95e sp=0x0000000795af7680 mode 0
Event: 23.921 Thread 0x0000014a92731000 DEOPT PACKING pc=0x0000014a8167bfb1 sp=0x0000000795af7fd0
Event: 23.921 Thread 0x0000014a92731000 DEOPT UNPACKING pc=0x0000014a8004a95e sp=0x0000000795af7498 mode 0
Event: 23.921 Thread 0x0000014a92731000 DEOPT PACKING pc=0x0000014a814e4a44 sp=0x0000000795af80e0
Event: 23.921 Thread 0x0000014a92731000 DEOPT UNPACKING pc=0x0000014a8004a95e sp=0x0000000795af7680 mode 0

Classes redefined (0 events):
No events

Internal exceptions (20 events):
Event: 17.220 Thread 0x0000014a938b9800 Exception <a 'java/lang/IncompatibleClassChangeError'{0x000000008cdfdea8}: Found class java.lang.Object, but interface was expected> (0x000000008cdfdea8) thrown at [./src/hotspot/share/interpreter/linkResolver.cpp, line 839]
Event: 17.244 Thread 0x0000014a938b9800 Exception <a 'java/lang/NoSuchMethodError'{0x000000008cbb56a8}: 'int java.lang.invoke.DirectMethodHandle$Holder.invokeStaticInit(java.lang.Object, java.lang.Object, java.lang.Object, java.lang.Object, java.lang.Object)'> (0x000000008cbb56a8) thrown at [./src/hotspot/share/interpreter/linkResolver.cpp, line 773]
Event: 17.963 Thread 0x0000014a938ba800 Exception <a 'java/lang/NoSuchMethodError'{0x000000008b308e08}: 'java.lang.Object java.lang.invoke.DirectMethodHandle$Holder.invokeSpecialIFC(java.lang.Object, java.lang.Object, java.lang.Object)'> (0x000000008b308e08) thrown at [./src/hotspot/share/interpreter/linkResolver.cpp, line 773]
Event: 17.963 Thread 0x0000014a92731000 Exception <a 'java/lang/NoSuchMethodError'{0x000000008b4a2608}: 'java.lang.Object java.lang.invoke.DirectMethodHandle$Holder.invokeSpecialIFC(java.lang.Object, java.lang.Object, java.lang.Object)'> (0x000000008b4a2608) thrown at [./src/hotspot/share/interpreter/linkResolver.cpp, line 773]
Event: 19.291 Thread 0x0000014a94e4a800 Exception <a 'java/lang/NoSuchMethodError'{0x000000008d498eb8}: 'void java.lang.invoke.DirectMethodHandle$Holder.invokeVirtual(java.lang.Object, java.lang.Object)'> (0x000000008d498eb8) thrown at [./src/hotspot/share/interpreter/linkResolver.cpp, line 773]
Event: 20.166 Thread 0x0000014a92731000 Exception <a 'java/lang/NoSuchMethodError'{0x000000008a9cbdb0}: <clinit>> (0x000000008a9cbdb0) thrown at [./src/hotspot/share/prims/jni.cpp, line 1365]
Event: 20.305 Thread 0x0000014a93202000 Exception <a 'java/lang/NoSuchMethodError'{0x000000008a412178}: <clinit>> (0x000000008a412178) thrown at [./src/hotspot/share/prims/jni.cpp, line 1365]
Event: 20.306 Thread 0x0000014a93202000 Exception <a 'java/lang/NoSuchMethodError'{0x000000008a423d28}: <clinit>> (0x000000008a423d28) thrown at [./src/hotspot/share/prims/jni.cpp, line 1365]
Event: 20.328 Thread 0x0000014a93202000 Exception <a 'java/lang/NoSuchMethodError'{0x000000008a43e028}: <clinit>> (0x000000008a43e028) thrown at [./src/hotspot/share/prims/jni.cpp, line 1365]
Event: 20.407 Thread 0x0000014a93202000 Exception <a 'java/lang/NoSuchMethodError'{0x000000008a45bc50}: <clinit>> (0x000000008a45bc50) thrown at [./src/hotspot/share/prims/jni.cpp, line 1365]
Event: 20.409 Thread 0x0000014a93202000 Exception <a 'java/lang/NoSuchMethodError'{0x000000008a46b8a0}: <clinit>> (0x000000008a46b8a0) thrown at [./src/hotspot/share/prims/jni.cpp, line 1365]
Event: 21.830 Thread 0x0000014a92731000 Implicit null exception at 0x0000014a87b1fdef to 0x0000014a87b2042c
Event: 21.863 Thread 0x0000014a92731000 Exception <a 'java/lang/NoSuchMethodError'{0x0000000089e6de30}: <clinit>> (0x0000000089e6de30) thrown at [./src/hotspot/share/prims/jni.cpp, line 1365]
Event: 21.879 Thread 0x0000014a92731000 Exception <a 'java/lang/NoSuchMethodError'{0x0000000089d405b8}: <clinit>> (0x0000000089d405b8) thrown at [./src/hotspot/share/prims/jni.cpp, line 1365]
Event: 21.879 Thread 0x0000014a92731000 Exception <a 'java/lang/NoSuchMethodError'{0x0000000089d42ff0}: <clinit>> (0x0000000089d42ff0) thrown at [./src/hotspot/share/prims/jni.cpp, line 1365]
Event: 21.879 Thread 0x0000014a92731000 Exception <a 'java/lang/NoSuchMethodError'{0x0000000089d445f8}: <clinit>> (0x0000000089d445f8) thrown at [./src/hotspot/share/prims/jni.cpp, line 1365]
Event: 21.879 Thread 0x0000014a92731000 Exception <a 'java/lang/NoSuchMethodError'{0x0000000089d45b90}: <clinit>> (0x0000000089d45b90) thrown at [./src/hotspot/share/prims/jni.cpp, line 1365]
Event: 21.879 Thread 0x0000014a92731000 Exception <a 'java/lang/NoSuchMethodError'{0x0000000089d472f0}: <clinit>> (0x0000000089d472f0) thrown at [./src/hotspot/share/prims/jni.cpp, line 1365]
Event: 21.879 Thread 0x0000014a92731000 Exception <a 'java/lang/NoSuchMethodError'{0x0000000089d486e0}: <clinit>> (0x0000000089d486e0) thrown at [./src/hotspot/share/prims/jni.cpp, line 1365]
Event: 21.879 Thread 0x0000014a92731000 Exception <a 'java/lang/NoSuchMethodError'{0x0000000089d49970}: <clinit>> (0x0000000089d49970) thrown at [./src/hotspot/share/prims/jni.cpp, line 1365]

Events (20 events):
Event: 23.871 Thread 0x0000014a93200000 Thread added: 0x0000014a93200000
Event: 23.871 Thread 0x0000014a93202000 Thread added: 0x0000014a93202000
Event: 23.872 Thread 0x0000014a9c8d8800 Thread added: 0x0000014a9c8d8800
Event: 23.872 Thread 0x0000014a9c8df000 Thread added: 0x0000014a9c8df000
Event: 23.873 Thread 0x0000014a9c8de000 Thread added: 0x0000014a9c8de000
Event: 23.873 Thread 0x0000014a9c8db800 Thread added: 0x0000014a9c8db800
Event: 23.873 Thread 0x0000014a9c8da800 Thread added: 0x0000014a9c8da800
Event: 23.873 Thread 0x0000014a9c8d9000 Thread added: 0x0000014a9c8d9000
Event: 23.873 Thread 0x0000014a9c8df800 Thread added: 0x0000014a9c8df800
Event: 23.873 Thread 0x0000014a9c8dc800 Thread added: 0x0000014a9c8dc800
Event: 23.873 Thread 0x0000014a9c8dd000 Thread added: 0x0000014a9c8dd000
Event: 23.874 Thread 0x0000014a9c8da000 Thread added: 0x0000014a9c8da000
Event: 23.874 Thread 0x0000014a9c8e3800 Thread added: 0x0000014a9c8e3800
Event: 23.874 Thread 0x0000014a9c8e3000 Thread added: 0x0000014a9c8e3000
Event: 23.874 Thread 0x0000014a9c8e6000 Thread added: 0x0000014a9c8e6000
Event: 23.874 Thread 0x0000014a9c8e4800 Thread added: 0x0000014a9c8e4800
Event: 23.874 Thread 0x0000014a9c8e0800 Thread added: 0x0000014a9c8e0800
Event: 23.874 Thread 0x0000014a9c8e5800 Thread added: 0x0000014a9c8e5800
Event: 23.874 Thread 0x0000014a9c8e1800 Thread added: 0x0000014a9c8e1800
Event: 23.874 Thread 0x0000014a9c8e7000 Thread added: 0x0000014a9c8e7000


Dynamic libraries:
0x00007ff7fb590000 - 0x00007ff7fb59a000 	C:\Program Files\Android\Android Studio\jre\bin\java.exe
0x00007fff5b6d0000 - 0x00007fff5b8e9000 	C:\WINDOWS\SYSTEM32\ntdll.dll
0x00007fff5a4b0000 - 0x00007fff5a572000 	C:\WINDOWS\System32\KERNEL32.DLL
0x00007fff58c90000 - 0x00007fff5902f000 	C:\WINDOWS\System32\KERNELBASE.dll
0x00007fff59370000 - 0x00007fff59479000 	C:\WINDOWS\System32\ucrtbase.dll
0x00007fff517e0000 - 0x00007fff517f7000 	C:\Program Files\Android\Android Studio\jre\bin\VCRUNTIME140.dll
0x00007fff4f0c0000 - 0x00007fff4f0d9000 	C:\Program Files\Android\Android Studio\jre\bin\jli.dll
0x00007fff45fe0000 - 0x00007fff4626e000 	C:\WINDOWS\WinSxS\amd64_microsoft.windows.common-controls_6595b64144ccf1df_6.0.25188.1000_none_79003e7f0fe4f35d\COMCTL32.dll
0x00007fff5ad80000 - 0x00007fff5af2c000 	C:\WINDOWS\System32\USER32.dll
0x00007fff5ab00000 - 0x00007fff5aba7000 	C:\WINDOWS\System32\msvcrt.dll
0x00007fff59040000 - 0x00007fff59066000 	C:\WINDOWS\System32\win32u.dll
0x00007fff5b660000 - 0x00007fff5b689000 	C:\WINDOWS\System32\GDI32.dll
0x00007fff59070000 - 0x00007fff59182000 	C:\WINDOWS\System32\gdi32full.dll
0x00007fff58b70000 - 0x00007fff58c0a000 	C:\WINDOWS\System32\msvcp_win.dll
0x00007fff5b560000 - 0x00007fff5b591000 	C:\WINDOWS\System32\IMM32.DLL
0x00007fff4f020000 - 0x00007fff4f0bd000 	C:\Program Files\Android\Android Studio\jre\bin\msvcp140.dll
0x00007fff28320000 - 0x00007fff28e05000 	C:\Program Files\Android\Android Studio\jre\bin\server\jvm.dll
0x00007fff59b90000 - 0x00007fff59c3f000 	C:\WINDOWS\System32\ADVAPI32.dll
0x00007fff5abb0000 - 0x00007fff5ac5a000 	C:\WINDOWS\System32\sechost.dll
0x00007fff59520000 - 0x00007fff59647000 	C:\WINDOWS\System32\RPCRT4.dll
0x00007fff5b550000 - 0x00007fff5b558000 	C:\WINDOWS\System32\PSAPI.DLL
0x00007fff41910000 - 0x00007fff41919000 	C:\WINDOWS\SYSTEM32\WSOCK32.dll
0x00007fff59790000 - 0x00007fff597ff000 	C:\WINDOWS\System32\WS2_32.dll
0x00007fff52110000 - 0x00007fff52146000 	C:\WINDOWS\SYSTEM32\WINMM.dll
0x00007fff52030000 - 0x00007fff5203a000 	C:\WINDOWS\SYSTEM32\VERSION.dll
0x00007fff57a20000 - 0x00007fff57a38000 	C:\WINDOWS\SYSTEM32\kernel.appcore.dll
0x00007fff51c10000 - 0x00007fff51c21000 	C:\Program Files\Android\Android Studio\jre\bin\verify.dll
0x00007fff564b0000 - 0x00007fff566e1000 	C:\WINDOWS\SYSTEM32\DBGHELP.DLL
0x00007fff5afa0000 - 0x00007fff5b329000 	C:\WINDOWS\System32\combase.dll
0x00007fff59910000 - 0x00007fff599e7000 	C:\WINDOWS\System32\OLEAUT32.dll
0x00007fff41690000 - 0x00007fff416c2000 	C:\WINDOWS\SYSTEM32\dbgcore.DLL
0x00007fff58c10000 - 0x00007fff58c8b000 	C:\WINDOWS\System32\bcryptPrimitives.dll
0x00007fff49760000 - 0x00007fff49789000 	C:\Program Files\Android\Android Studio\jre\bin\java.dll
0x00007fff51c00000 - 0x00007fff51c0b000 	C:\Program Files\Android\Android Studio\jre\bin\jimage.dll
0x00007fff49820000 - 0x00007fff49838000 	C:\Program Files\Android\Android Studio\jre\bin\zip.dll
0x00007fff59cc0000 - 0x00007fff5a4a3000 	C:\WINDOWS\System32\SHELL32.dll
0x00007fff569c0000 - 0x00007fff57287000 	C:\WINDOWS\SYSTEM32\windows.storage.dll
0x00007fff56830000 - 0x00007fff569ba000 	C:\WINDOWS\SYSTEM32\wintypes.dll
0x00007fff59820000 - 0x00007fff5990c000 	C:\WINDOWS\System32\SHCORE.dll
0x00007fff5ac60000 - 0x00007fff5acbe000 	C:\WINDOWS\System32\shlwapi.dll
0x00007fff589e0000 - 0x00007fff58a03000 	C:\WINDOWS\SYSTEM32\profapi.dll
0x00007fff495f0000 - 0x00007fff4960a000 	C:\Program Files\Android\Android Studio\jre\bin\net.dll
0x00007fff4f8c0000 - 0x00007fff4f9eb000 	C:\WINDOWS\SYSTEM32\WINHTTP.dll
0x00007fff57eb0000 - 0x00007fff57f19000 	C:\WINDOWS\system32\mswsock.dll
0x00007fff495d0000 - 0x00007fff495e4000 	C:\Program Files\Android\Android Studio\jre\bin\nio.dll
0x00007fff49050000 - 0x00007fff49077000 	C:\Users\DELL\.gradle\native\e1d6ef7f7dcc3fd88c89a11ec53ec762bb8ba0a96d01ffa2cd45eb1d1d8dd5c5\windows-amd64\native-platform.dll
0x00007fff14b40000 - 0x00007fff14c84000 	C:\Users\DELL\.gradle\native\5664cfc778a61ccfe75a443a1ab52a65af34e5dc3c78e0209fed803814484fcb\windows-amd64\native-platform-file-events.dll
0x00007fff51bf0000 - 0x00007fff51bfa000 	C:\Program Files\Android\Android Studio\jre\bin\management.dll
0x00007fff51ba0000 - 0x00007fff51bad000 	C:\Program Files\Android\Android Studio\jre\bin\management_ext.dll
0x00007fff581d0000 - 0x00007fff581eb000 	C:\WINDOWS\SYSTEM32\CRYPTSP.dll
0x00007fff57980000 - 0x00007fff579b4000 	C:\WINDOWS\system32\rsaenh.dll
0x00007fff57f70000 - 0x00007fff57f98000 	C:\WINDOWS\SYSTEM32\USERENV.dll
0x00007fff58340000 - 0x00007fff58368000 	C:\WINDOWS\SYSTEM32\bcrypt.dll
0x00007fff581b0000 - 0x00007fff581bc000 	C:\WINDOWS\SYSTEM32\CRYPTBASE.dll
0x00007fff57530000 - 0x00007fff5755d000 	C:\WINDOWS\SYSTEM32\IPHLPAPI.DLL
0x00007fff5b330000 - 0x00007fff5b339000 	C:\WINDOWS\System32\NSI.dll
0x00007fff4fa20000 - 0x00007fff4fa39000 	C:\WINDOWS\SYSTEM32\dhcpcsvc6.DLL
0x00007fff4f800000 - 0x00007fff4f81f000 	C:\WINDOWS\SYSTEM32\dhcpcsvc.DLL
0x00007fff57560000 - 0x00007fff5765e000 	C:\WINDOWS\SYSTEM32\DNSAPI.dll

dbghelp: loaded successfully - version: 4.0.5 - missing functions: none
symbol engine: initialized successfully - sym options: 0x614 - pdb path: .;C:\Program Files\Android\Android Studio\jre\bin;C:\WINDOWS\SYSTEM32;C:\WINDOWS\WinSxS\amd64_microsoft.windows.common-controls_6595b64144ccf1df_6.0.25188.1000_none_79003e7f0fe4f35d;C:\Program Files\Android\Android Studio\jre\bin\server;C:\Users\DELL\.gradle\native\e1d6ef7f7dcc3fd88c89a11ec53ec762bb8ba0a96d01ffa2cd45eb1d1d8dd5c5\windows-amd64;C:\Users\DELL\.gradle\native\5664cfc778a61ccfe75a443a1ab52a65af34e5dc3c78e0209fed803814484fcb\windows-amd64

VM Arguments:
jvm_args: --add-opens=java.base/java.util=ALL-UNNAMED --add-opens=java.base/java.lang=ALL-UNNAMED --add-opens=java.base/java.lang.invoke=ALL-UNNAMED --add-opens=java.base/java.util=ALL-UNNAMED --add-opens=java.prefs/java.util.prefs=ALL-UNNAMED --add-opens=java.prefs/java.util.prefs=ALL-UNNAMED --add-opens=java.base/java.nio.charset=ALL-UNNAMED --add-opens=java.base/java.net=ALL-UNNAMED --add-opens=java.base/java.util.concurrent.atomic=ALL-UNNAMED -Xmx2048m -Dfile.encoding=UTF-8 -Duser.country=US -Duser.language=en -Duser.variant 
java_command: org.gradle.launcher.daemon.bootstrap.GradleDaemon 7.3.3
java_class_path (initial): C:\Users\DELL\.gradle\wrapper\dists\gradle-7.3.3-bin\6a41zxkdtcxs8rphpq6y0069z\gradle-7.3.3\lib\gradle-launcher-7.3.3.jar
Launcher Type: SUN_STANDARD

[Global flags]
     intx CICompilerCount                          = 3                                         {product} {ergonomic}
     uint ConcGCThreads                            = 1                                         {product} {ergonomic}
     uint G1ConcRefinementThreads                  = 4                                         {product} {ergonomic}
   size_t G1HeapRegionSize                         = 1048576                                   {product} {ergonomic}
    uintx GCDrainStackTargetSize                   = 64                                        {product} {ergonomic}
   size_t InitialHeapSize                          = 132120576                                 {product} {ergonomic}
   size_t MarkStackSize                            = 4194304                                   {product} {ergonomic}
   size_t MaxHeapSize                              = 2147483648                                {product} {command line}
   size_t MaxNewSize                               = 1287651328                                {product} {ergonomic}
   size_t MinHeapDeltaBytes                        = 1048576                                   {product} {ergonomic}
    uintx NonNMethodCodeHeapSize                   = 5830732                                {pd product} {ergonomic}
    uintx NonProfiledCodeHeapSize                  = 122913754                              {pd product} {ergonomic}
    uintx ProfiledCodeHeapSize                     = 122913754                              {pd product} {ergonomic}
    uintx ReservedCodeCacheSize                    = 251658240                              {pd product} {ergonomic}
     bool SegmentedCodeCache                       = true                                      {product} {ergonomic}
     bool UseCompressedClassPointers               = true                                 {lp64_product} {ergonomic}
     bool UseCompressedOops                        = true                                 {lp64_product} {ergonomic}
     bool UseG1GC                                  = true                                      {product} {ergonomic}
     bool UseLargePagesIndividualAllocation        = false                                  {pd product} {ergonomic}

Logging:
Log output configuration:
 #0: stdout all=warning uptime,level,tags
 #1: stderr all=off uptime,level,tags

Environment Variables:
PATH=C:\Program Files\Common Files\Oracle\Java\javapath;C:\Program Files (x86)\Common Files\Oracle\Java\javapath;C:\WINDOWS\system32;C:\WINDOWS;C:\WINDOWS\System32\Wbem;C:\WINDOWS\System32\WindowsPowerShell\v1.0\;C:\WINDOWS\System32\OpenSSH\;C:\Program Files\Git\cmd;C:\Program Files\nodejs\;C:\Program Files\Java\jdk-18.0.2.1\bin;C:\Users\DELL\AppData\Local\Microsoft\WindowsApps;;C:\Users\DELL\AppData\Local\Programs\Microsoft VS Code\bin;C:\Program Files\JetBrains\PyCharm 2021.3\bin;
USERNAME=DELL
OS=Windows_NT
PROCESSOR_IDENTIFIER=Intel64 Family 6 Model 142 Stepping 9, GenuineIntel



---------------  S Y S T E M  ---------------

OS: Windows 10 , 64 bit Build 25188 (10.0.25188.1000)
OS uptime: 0 days 9:17 hours
Hyper-V role detected

CPU:total 4 (initial active 4) (2 cores per cpu, 2 threads per core) family 6 model 142 stepping 9 microcode 0xde, cmov, cx8, fxsr, mmx, sse, sse2, sse3, ssse3, sse4.1, sse4.2, popcnt, avx, avx2, aes, clmul, erms, 3dnowpref, lzcnt, ht, tsc, tscinvbit, bmi1, bmi2, adx, fma

Memory: 4k page, system-wide physical 8061M (221M free)
TotalPageFile size 9959M (AvailPageFile size 3M)
current process WorkingSet (physical memory assigned to process): 492M, peak: 492M
current process commit charge ("private bytes"): 521M, peak: 521M

vm_info: OpenJDK 64-Bit Server VM (11.0.12+7-b1504.28-7817840) for windows-amd64 JRE (11.0.12+7-b1504.28-7817840), built on Oct 13 2021 22:12:33 by "builder" with MS VC++ 14.0 (VS2015)

END.
