#
# There is insufficient memory for the Java Runtime Environment to continue.
# Native memory allocation (malloc) failed to allocate 1048576 bytes for AllocateHeap
# Possible reasons:
#   The system is out of physical RAM or swap space
#   The process is running with CompressedOops enabled, and the Java Heap may be blocking the growth of the native heap
# Possible solutions:
#   Reduce memory load on the system
#   Increase physical memory or swap space
#   Check if swap backing store is full
#   Decrease Java heap size (-Xmx/-Xms)
#   Decrease number of Java threads
#   Decrease Java thread stack sizes (-Xss)
#   Set larger code cache with -XX:ReservedCodeCacheSize=
#   JVM is running with Unscaled Compressed Oops mode in which the Java heap is
#     placed in the first 4GB address space. The Java Heap base address is the
#     maximum limit for the native heap growth. Please use -XX:HeapBaseMinAddress
#     to set the Java Heap base and to place the Java Heap above 4GB virtual address.
# This output file may be truncated or incomplete.
#
#  Out of Memory Error (./src/hotspot/share/memory/allocation.cpp:46), pid=12460, tid=2916
#
# JRE version: OpenJDK Runtime Environment (11.0.12+7) (build 11.0.12+7-b1504.28-7817840)
# Java VM: OpenJDK 64-Bit Server VM (11.0.12+7-b1504.28-7817840, mixed mode, tiered, compressed oops, g1 gc, windows-amd64)
# No core dump will be written. Minidumps are not enabled by default on client versions of Windows
#

---------------  S U M M A R Y ------------

Command Line: --add-opens=java.base/java.util=ALL-UNNAMED --add-opens=java.base/java.lang=ALL-UNNAMED --add-opens=java.base/java.lang.invoke=ALL-UNNAMED --add-opens=java.base/java.util=ALL-UNNAMED --add-opens=java.prefs/java.util.prefs=ALL-UNNAMED --add-opens=java.prefs/java.util.prefs=ALL-UNNAMED --add-opens=java.base/java.nio.charset=ALL-UNNAMED --add-opens=java.base/java.net=ALL-UNNAMED --add-opens=java.base/java.util.concurrent.atomic=ALL-UNNAMED -Xmx2048m -Dfile.encoding=UTF-8 -Duser.country=US -Duser.language=en -Duser.variant org.gradle.launcher.daemon.bootstrap.GradleDaemon 7.3.3

Host: Intel(R) Core(TM) i7-7500U CPU @ 2.70GHz, 4 cores, 7G,  Windows 10 , 64 bit Build 25188 (10.0.25188.1000)
Time: Wed Aug 31 13:56:14 2022 Pakistan Standard Time elapsed time: 16.976977 seconds (0d 0h 0m 16s)

---------------  T H R E A D  ---------------

Current thread (0x000002642f317000):  VMThread "VM Thread" [stack: 0x00000088f3c00000,0x00000088f3d00000] [id=2916]

Stack: [0x00000088f3c00000,0x00000088f3d00000]
[error occurred during error reporting (printing stack bounds), id 0xc0000005, EXCEPTION_ACCESS_VIOLATION (0xc0000005) at pc=0x000002641923112d]

Native frames: (J=compiled Java code, j=interpreted, Vv=VM code, C=native code)
V  [jvm.dll+0x5fbcea]
V  [jvm.dll+0x731905]
V  [jvm.dll+0x732f1d]
V  [jvm.dll+0x733535]
V  [jvm.dll+0x7334eb]
V  [jvm.dll+0x5fb080]
V  [jvm.dll+0x5fb818]
C  [ntdll.dll+0xa66df]
C  [ntdll.dll+0x3d0af]
C  [ntdll.dll+0xa56de]
C  0x000002641923112d

VM_Operation (0x00000088f91f8a10): CollectForMetadataAllocation, mode: safepoint, requested by thread 0x00000264357dc000


---------------  P R O C E S S  ---------------

Threads class SMR info:
_java_thread_list=0x00000264375e9e50, length=84, elements={
0x0000026415729800, 0x000002642f31c000, 0x000002642f325800, 0x000002642fca2800,
0x000002642f33c800, 0x000002642f33d800, 0x000002642f343800, 0x000002642f347800,
0x000002642f350800, 0x000002642fdea800, 0x0000026431359000, 0x00000264333dd800,
0x00000264311ee000, 0x000002643171c000, 0x00000264313de800, 0x00000264324e0800,
0x0000026431bd8000, 0x0000026432508000, 0x0000026431dad800, 0x0000026431db4000,
0x0000026431dae000, 0x0000026431daf000, 0x0000026431db3000, 0x0000026431db1800,
0x0000026431db2000, 0x0000026431daf800, 0x0000026431db0800, 0x00000264322f1000,
0x00000264322f1800, 0x00000264322f0000, 0x00000264322f8800, 0x00000264322f6800,
0x00000264322f7800, 0x00000264322f3800, 0x00000264322f5000, 0x00000264322fa000,
0x00000264322f9000, 0x00000264322f4000, 0x00000264322fb800, 0x00000264322fc800,
0x00000264322fd000, 0x00000264322fa800, 0x00000264322fe000, 0x00000264322ff000,
0x00000264357e8000, 0x00000264357e8800, 0x00000264357ea800, 0x00000264357e9800,
0x00000264357eb000, 0x00000264357e7000, 0x00000264357e5800, 0x00000264357ec000,
0x00000264357e6800, 0x000002643517c000, 0x000002643517d000, 0x000002643517a800,
0x000002643517e800, 0x0000026435180000, 0x000002643517d800, 0x000002643517f000,
0x0000026435181000, 0x000002643517b000, 0x0000026435185000, 0x0000026435184000,
0x0000026435186000, 0x0000026435186800, 0x0000026435183800, 0x0000026435187800,
0x0000026435181800, 0x0000026435188000, 0x0000026435182800, 0x0000026435189000,
0x00000264357d6800, 0x00000264357d2800, 0x00000264357d3000, 0x00000264357d4000,
0x00000264357d5000, 0x00000264357d1800, 0x00000264357d1000, 0x00000264357db800,
0x00000264357dc000, 0x00000264357dd000, 0x00000264357d7800, 0x00000264357d8000
}

Java Threads: ( => current thread )
  0x0000026415729800 JavaThread "main" [_thread_blocked, id=792, stack(0x00000088f3600000,0x00000088f3700000)]
  0x000002642f31c000 JavaThread "Reference Handler" daemon [_thread_blocked, id=2488, stack(0x00000088f3d00000,0x00000088f3e00000)]
  0x000002642f325800 JavaThread "Finalizer" daemon [_thread_blocked, id=7764, stack(0x00000088f3e00000,0x00000088f3f00000)]
  0x000002642fca2800 JavaThread "Signal Dispatcher" daemon [_thread_blocked, id=6620, stack(0x00000088f3f00000,0x00000088f4000000)]
  0x000002642f33c800 JavaThread "Attach Listener" daemon [_thread_blocked, id=7508, stack(0x00000088f4000000,0x00000088f4100000)]
  0x000002642f33d800 JavaThread "Service Thread" daemon [_thread_blocked, id=8588, stack(0x00000088f4100000,0x00000088f4200000)]
  0x000002642f343800 JavaThread "C2 CompilerThread0" daemon [_thread_blocked, id=9796, stack(0x00000088f4200000,0x00000088f4300000)]
  0x000002642f347800 JavaThread "C1 CompilerThread0" daemon [_thread_blocked, id=11940, stack(0x00000088f4300000,0x00000088f4400000)]
  0x000002642f350800 JavaThread "Sweeper thread" daemon [_thread_blocked, id=6468, stack(0x00000088f4400000,0x00000088f4500000)]
  0x000002642fdea800 JavaThread "Common-Cleaner" daemon [_thread_blocked, id=12724, stack(0x00000088f4500000,0x00000088f4600000)]
  0x0000026431359000 JavaThread "Daemon health stats" [_thread_blocked, id=6320, stack(0x00000088f4a00000,0x00000088f4b00000)]
  0x00000264333dd800 JavaThread "Incoming local TCP Connector on port 51532" [_thread_in_native, id=10572, stack(0x00000088f4b00000,0x00000088f4c00000)]
  0x00000264311ee000 JavaThread "Daemon periodic checks" [_thread_blocked, id=6512, stack(0x00000088f4c00000,0x00000088f4d00000)]
  0x000002643171c000 JavaThread "Daemon" [_thread_blocked, id=5508, stack(0x00000088f4d00000,0x00000088f4e00000)]
  0x00000264313de800 JavaThread "Handler for socket connection from /127.0.0.1:51532 to /127.0.0.1:51533" [_thread_in_native, id=12596, stack(0x00000088f4e00000,0x00000088f4f00000)]
  0x00000264324e0800 JavaThread "Cancel handler" [_thread_blocked, id=4808, stack(0x00000088f4f00000,0x00000088f5000000)]
  0x0000026431bd8000 JavaThread "Daemon worker" [_thread_blocked, id=6344, stack(0x00000088f5000000,0x00000088f5100000)]
  0x0000026432508000 JavaThread "Asynchronous log dispatcher for DefaultDaemonConnection: socket connection from /127.0.0.1:51532 to /127.0.0.1:51533" [_thread_blocked, id=9004, stack(0x00000088f5100000,0x00000088f5200000)]
  0x0000026431dad800 JavaThread "Stdin handler" [_thread_blocked, id=7840, stack(0x00000088f5200000,0x00000088f5300000)]
  0x0000026431db4000 JavaThread "Daemon client event forwarder" [_thread_blocked, id=6608, stack(0x00000088f5300000,0x00000088f5400000)]
  0x0000026431dae000 JavaThread "Cache worker for journal cache (C:\Users\DELL\.gradle\caches\journal-1)" [_thread_blocked, id=8040, stack(0x00000088f5500000,0x00000088f5600000)]
  0x0000026431daf000 JavaThread "File lock request listener" [_thread_in_native, id=11676, stack(0x00000088f5600000,0x00000088f5700000)]
  0x0000026431db3000 JavaThread "Cache worker for file hash cache (C:\Users\DELL\.gradle\caches\7.3.3\fileHashes)" [_thread_blocked, id=11260, stack(0x00000088f5700000,0x00000088f5800000)]
  0x0000026431db1800 JavaThread "Cache worker for file hash cache (C:\Users\DELL\AndroidStudioProjects\Assign_2_BSCS_19011519006\.gradle\7.3.3\fileHashes)" [_thread_blocked, id=9048, stack(0x00000088f5800000,0x00000088f5900000)]
  0x0000026431db2000 JavaThread "File watcher server" daemon [_thread_blocked, id=1356, stack(0x00000088f5900000,0x00000088f5a00000)]
  0x0000026431daf800 JavaThread "File watcher consumer" daemon [_thread_blocked, id=10164, stack(0x00000088f5a00000,0x00000088f5b00000)]
  0x0000026431db0800 JavaThread "Cache worker for checksums cache (C:\Users\DELL\AndroidStudioProjects\Assign_2_BSCS_19011519006\.gradle\7.3.3\checksums)" [_thread_blocked, id=10224, stack(0x00000088f5b00000,0x00000088f5c00000)]
  0x00000264322f1000 JavaThread "Cache worker for cache directory md-supplier (C:\Users\DELL\.gradle\caches\7.3.3\md-supplier)" [_thread_blocked, id=5932, stack(0x00000088f5c00000,0x00000088f5d00000)]
  0x00000264322f1800 JavaThread "Cache worker for cache directory md-rule (C:\Users\DELL\.gradle\caches\7.3.3\md-rule)" [_thread_blocked, id=1088, stack(0x00000088f5d00000,0x00000088f5e00000)]
  0x00000264322f0000 JavaThread "Cache worker for execution history cache (C:\Users\DELL\.gradle\caches\7.3.3\executionHistory)" [_thread_blocked, id=12128, stack(0x00000088f5e00000,0x00000088f5f00000)]
  0x00000264322f8800 JavaThread "jar transforms" [_thread_blocked, id=7156, stack(0x00000088f5f00000,0x00000088f6000000)]
  0x00000264322f6800 JavaThread "Cache worker for file content cache (C:\Users\DELL\.gradle\caches\7.3.3\fileContent)" [_thread_blocked, id=12732, stack(0x00000088f6000000,0x00000088f6100000)]
  0x00000264322f7800 JavaThread "jar transforms Thread 2" [_thread_blocked, id=1672, stack(0x00000088f6100000,0x00000088f6200000)]
  0x00000264322f3800 JavaThread "Cache worker for dependencies-accessors (C:\Users\DELL\AndroidStudioProjects\Assign_2_BSCS_19011519006\.gradle\7.3.3\dependencies-accessors)" [_thread_blocked, id=6224, stack(0x00000088f6200000,0x00000088f6300000)]
  0x00000264322f5000 JavaThread "jar transforms Thread 3" [_thread_blocked, id=11904, stack(0x00000088f6300000,0x00000088f6400000)]
  0x00000264322fa000 JavaThread "Cache worker for Build Output Cleanup Cache (C:\Users\DELL\AndroidStudioProjects\Assign_2_BSCS_19011519006\.gradle\buildOutputCleanup)" [_thread_blocked, id=10636, stack(0x00000088f6400000,0x00000088f6500000)]
  0x00000264322f9000 JavaThread "Unconstrained build operations" [_thread_blocked, id=2704, stack(0x00000088f6500000,0x00000088f6600000)]
  0x00000264322f4000 JavaThread "Unconstrained build operations Thread 2" [_thread_blocked, id=12808, stack(0x00000088f6600000,0x00000088f6700000)]
  0x00000264322fb800 JavaThread "Unconstrained build operations Thread 3" [_thread_blocked, id=9400, stack(0x00000088f6700000,0x00000088f6800000)]
  0x00000264322fc800 JavaThread "Unconstrained build operations Thread 4" [_thread_blocked, id=12620, stack(0x00000088f6800000,0x00000088f6900000)]
  0x00000264322fd000 JavaThread "Unconstrained build operations Thread 5" [_thread_blocked, id=12592, stack(0x00000088f6900000,0x00000088f6a00000)]
  0x00000264322fa800 JavaThread "Unconstrained build operations Thread 6" [_thread_blocked, id=1304, stack(0x00000088f6a00000,0x00000088f6b00000)]
  0x00000264322fe000 JavaThread "Unconstrained build operations Thread 7" [_thread_blocked, id=5180, stack(0x00000088f6b00000,0x00000088f6c00000)]
  0x00000264322ff000 JavaThread "Unconstrained build operations Thread 8" [_thread_blocked, id=10304, stack(0x00000088f6c00000,0x00000088f6d00000)]
  0x00000264357e8000 JavaThread "Unconstrained build operations Thread 9" [_thread_blocked, id=6984, stack(0x00000088f6d00000,0x00000088f6e00000)]
  0x00000264357e8800 JavaThread "Unconstrained build operations Thread 10" [_thread_blocked, id=9528, stack(0x00000088f6e00000,0x00000088f6f00000)]
  0x00000264357ea800 JavaThread "Unconstrained build operations Thread 11" [_thread_blocked, id=6372, stack(0x00000088f6f00000,0x00000088f7000000)]
  0x00000264357e9800 JavaThread "Unconstrained build operations Thread 12" [_thread_blocked, id=1776, stack(0x00000088f7000000,0x00000088f7100000)]
  0x00000264357eb000 JavaThread "Unconstrained build operations Thread 13" [_thread_blocked, id=12096, stack(0x00000088f7100000,0x00000088f7200000)]
  0x00000264357e7000 JavaThread "Unconstrained build operations Thread 14" [_thread_blocked, id=7060, stack(0x00000088f7200000,0x00000088f7300000)]
  0x00000264357e5800 JavaThread "Unconstrained build operations Thread 15" [_thread_blocked, id=7076, stack(0x00000088f7300000,0x00000088f7400000)]
  0x00000264357ec000 JavaThread "Unconstrained build operations Thread 16" [_thread_blocked, id=3236, stack(0x00000088f7400000,0x00000088f7500000)]
  0x00000264357e6800 JavaThread "Unconstrained build operations Thread 17" [_thread_blocked, id=12084, stack(0x00000088f7500000,0x00000088f7600000)]
  0x000002643517c000 JavaThread "Unconstrained build operations Thread 18" [_thread_blocked, id=1564, stack(0x00000088f7600000,0x00000088f7700000)]
  0x000002643517d000 JavaThread "Unconstrained build operations Thread 19" [_thread_blocked, id=7852, stack(0x00000088f7700000,0x00000088f7800000)]
  0x000002643517a800 JavaThread "Unconstrained build operations Thread 20" [_thread_blocked, id=2776, stack(0x00000088f7800000,0x00000088f7900000)]
  0x000002643517e800 JavaThread "Unconstrained build operations Thread 21" [_thread_blocked, id=2268, stack(0x00000088f7900000,0x00000088f7a00000)]
  0x0000026435180000 JavaThread "Unconstrained build operations Thread 22" [_thread_blocked, id=6244, stack(0x00000088f7a00000,0x00000088f7b00000)]
  0x000002643517d800 JavaThread "Unconstrained build operations Thread 23" [_thread_blocked, id=6824, stack(0x00000088f7b00000,0x00000088f7c00000)]
  0x000002643517f000 JavaThread "Unconstrained build operations Thread 24" [_thread_blocked, id=9748, stack(0x00000088f7c00000,0x00000088f7d00000)]
  0x0000026435181000 JavaThread "Unconstrained build operations Thread 25" [_thread_blocked, id=7752, stack(0x00000088f7d00000,0x00000088f7e00000)]
  0x000002643517b000 JavaThread "Unconstrained build operations Thread 26" [_thread_blocked, id=9164, stack(0x00000088f7e00000,0x00000088f7f00000)]
  0x0000026435185000 JavaThread "Unconstrained build operations Thread 27" [_thread_blocked, id=2732, stack(0x00000088f7f00000,0x00000088f8000000)]
  0x0000026435184000 JavaThread "Unconstrained build operations Thread 28" [_thread_blocked, id=8356, stack(0x00000088f8000000,0x00000088f8100000)]
  0x0000026435186000 JavaThread "Unconstrained build operations Thread 29" [_thread_blocked, id=6680, stack(0x00000088f8100000,0x00000088f8200000)]
  0x0000026435186800 JavaThread "Unconstrained build operations Thread 30" [_thread_blocked, id=12772, stack(0x00000088f8200000,0x00000088f8300000)]
  0x0000026435183800 JavaThread "Unconstrained build operations Thread 31" [_thread_blocked, id=7480, stack(0x00000088f8300000,0x00000088f8400000)]
  0x0000026435187800 JavaThread "Unconstrained build operations Thread 32" [_thread_blocked, id=2212, stack(0x00000088f8400000,0x00000088f8500000)]
  0x0000026435181800 JavaThread "Unconstrained build operations Thread 33" [_thread_blocked, id=1416, stack(0x00000088f8500000,0x00000088f8600000)]
  0x0000026435188000 JavaThread "Unconstrained build operations Thread 34" [_thread_blocked, id=3648, stack(0x00000088f8600000,0x00000088f8700000)]
  0x0000026435182800 JavaThread "Unconstrained build operations Thread 35" [_thread_blocked, id=12088, stack(0x00000088f8700000,0x00000088f8800000)]
  0x0000026435189000 JavaThread "Unconstrained build operations Thread 36" [_thread_blocked, id=8680, stack(0x00000088f8800000,0x00000088f8900000)]
  0x00000264357d6800 JavaThread "Unconstrained build operations Thread 37" [_thread_blocked, id=6024, stack(0x00000088f8900000,0x00000088f8a00000)]
  0x00000264357d2800 JavaThread "Unconstrained build operations Thread 38" [_thread_blocked, id=12836, stack(0x00000088f8a00000,0x00000088f8b00000)]
  0x00000264357d3000 JavaThread "Unconstrained build operations Thread 39" [_thread_blocked, id=12868, stack(0x00000088f8b00000,0x00000088f8c00000)]
  0x00000264357d4000 JavaThread "Unconstrained build operations Thread 40" [_thread_blocked, id=2500, stack(0x00000088f8c00000,0x00000088f8d00000)]
  0x00000264357d5000 JavaThread "jar transforms Thread 4" [_thread_blocked, id=9016, stack(0x00000088f8d00000,0x00000088f8e00000)]
  0x00000264357d1800 JavaThread "Memory manager" [_thread_blocked, id=4816, stack(0x00000088f8e00000,0x00000088f8f00000)]
  0x00000264357d1000 JavaThread "build event listener" [_thread_blocked, id=7500, stack(0x00000088f8f00000,0x00000088f9000000)]
  0x00000264357db800 JavaThread "Execution worker for ':'" [_thread_blocked, id=11988, stack(0x00000088f9000000,0x00000088f9100000)]
  0x00000264357dc000 JavaThread "Execution worker for ':' Thread 2" [_thread_blocked, id=9624, stack(0x00000088f9100000,0x00000088f9200000)]
  0x00000264357dd000 JavaThread "Execution worker for ':' Thread 3" [_thread_blocked, id=11588, stack(0x00000088f9200000,0x00000088f9300000)]
  0x00000264357d7800 JavaThread "Cache worker for execution history cache (C:\Users\DELL\AndroidStudioProjects\Assign_2_BSCS_19011519006\.gradle\7.3.3\executionHistory)" [_thread_blocked, id=3360, stack(0x00000088f9300000,0x00000088f9400000)]
  0x00000264357d8000 JavaThread "Cache worker for Java compile cache (C:\Users\DELL\.gradle\caches\7.3.3\javaCompile)" [_thread_blocked, id=9824, stack(0x00000088f4700000,0x00000088f4800000)]

Other Threads:
=>0x000002642f317000 VMThread "VM Thread" [stack: 0x00000088f3c00000,0x00000088f3d00000] [id=2916]
  0x000002642fe10000 WatcherThread [stack: 0x00000088f4600000,0x00000088f4700000] [id=4032]
  0x0000026415743800 GCTaskThread "GC Thread#0" [stack: 0x00000088f3700000,0x00000088f3800000] [id=8804]
  0x00000264309c1000 GCTaskThread "GC Thread#1" [stack: 0x00000088f4800000,0x00000088f4900000] [id=11256]
  0x0000026430459800 GCTaskThread "GC Thread#2" [stack: 0x00000088f4900000,0x00000088f4a00000] [id=8552]
  0x0000026432505800 GCTaskThread "GC Thread#3" [stack: 0x00000088f5400000,0x00000088f5500000] [id=11996]
  0x0000026415777000 ConcurrentGCThread "G1 Main Marker" [stack: 0x00000088f3800000,0x00000088f3900000] [id=13260]
  0x000002641577a000 ConcurrentGCThread "G1 Conc#0" [stack: 0x00000088f3900000,0x00000088f3a00000] [id=8348]
  0x000002642f170800 ConcurrentGCThread "G1 Refine#0" [stack: 0x00000088f3a00000,0x00000088f3b00000] [id=9508]
  0x000002642f171800 ConcurrentGCThread "G1 Young RemSet Sampling" [stack: 0x00000088f3b00000,0x00000088f3c00000] [id=648]

Threads with active compile tasks:
C2 CompilerThread0  17002 9509   !   4       jdk.internal.loader.BuiltinClassLoader::loadClassOrNull (143 bytes)

VM state:at safepoint (normal execution)

VM Mutex/Monitor currently owned by a thread:  ([mutex/lock_event])
[0x00000264157269b0] Threads_lock - owner thread: 0x000002642f317000
[0x00000264157262f0] Heap_lock - owner thread: 0x00000264357dc000

Heap address: 0x0000000080000000, size: 2048 MB, Compressed Oops mode: 32-bit
Narrow klass base: 0x0000000000000000, Narrow klass shift: 3
Compressed class space size: 1073741824 Address: 0x0000000100000000

Heap:
 garbage-first heap   total 225280K, used 73712K [0x0000000080000000, 0x0000000100000000)
  region size 1024K, 7 young (7168K), 7 survivors (7168K)
 Metaspace       used 86851K, capacity 88967K, committed 89036K, reserved 1134592K
  class space    used 11387K, capacity 12229K, committed 12288K, reserved 1048576K
Heap Regions: E=young(eden), S=young(survivor), O=old, HS=humongous(starts), HC=humongous(continues), CS=collection set, F=free, A=archive, TAMS=top-at-mark-start (previous, next)
|   0|0x0000000080000000, 0x0000000080100000, 0x0000000080100000|100%| O|  |TAMS 0x0000000080100000, 0x0000000080100000| Untracked 
|   1|0x0000000080100000, 0x0000000080200000, 0x0000000080200000|100%| O|  |TAMS 0x0000000080200000, 0x0000000080200000| Untracked 
|   2|0x0000000080200000, 0x0000000080300000, 0x0000000080300000|100%| O|  |TAMS 0x0000000080300000, 0x0000000080300000| Untracked 
|   3|0x0000000080300000, 0x0000000080400000, 0x0000000080400000|100%|HS|  |TAMS 0x0000000080400000, 0x0000000080400000| Complete 
|   4|0x0000000080400000, 0x0000000080500000, 0x0000000080500000|100%|HC|  |TAMS 0x0000000080500000, 0x0000000080500000| Complete 
|   5|0x0000000080500000, 0x0000000080600000, 0x0000000080600000|100%|HC|  |TAMS 0x0000000080600000, 0x0000000080600000| Complete 
|   6|0x0000000080600000, 0x0000000080700000, 0x0000000080700000|100%| O|  |TAMS 0x0000000080700000, 0x0000000080700000| Untracked 
|   7|0x0000000080700000, 0x0000000080800000, 0x0000000080800000|100%| O|  |TAMS 0x0000000080800000, 0x0000000080800000| Untracked 
|   8|0x0000000080800000, 0x0000000080900000, 0x0000000080900000|100%| O|  |TAMS 0x0000000080900000, 0x0000000080900000| Untracked 
|   9|0x0000000080900000, 0x0000000080a00000, 0x0000000080a00000|100%| O|  |TAMS 0x0000000080a00000, 0x0000000080a00000| Untracked 
|  10|0x0000000080a00000, 0x0000000080b00000, 0x0000000080b00000|100%| O|  |TAMS 0x0000000080b00000, 0x0000000080b00000| Untracked 
|  11|0x0000000080b00000, 0x0000000080c00000, 0x0000000080c00000|100%| O|  |TAMS 0x0000000080c00000, 0x0000000080c00000| Untracked 
|  12|0x0000000080c00000, 0x0000000080d00000, 0x0000000080d00000|100%| O|  |TAMS 0x0000000080d00000, 0x0000000080d00000| Untracked 
|  13|0x0000000080d00000, 0x0000000080e00000, 0x0000000080e00000|100%| O|  |TAMS 0x0000000080e00000, 0x0000000080e00000| Untracked 
|  14|0x0000000080e00000, 0x0000000080f00000, 0x0000000080f00000|100%| O|  |TAMS 0x0000000080f00000, 0x0000000080f00000| Untracked 
|  15|0x0000000080f00000, 0x0000000081000000, 0x0000000081000000|100%| O|  |TAMS 0x0000000081000000, 0x0000000081000000| Untracked 
|  16|0x0000000081000000, 0x0000000081100000, 0x0000000081100000|100%| O|  |TAMS 0x0000000081100000, 0x0000000081100000| Untracked 
|  17|0x0000000081100000, 0x0000000081200000, 0x0000000081200000|100%| O|  |TAMS 0x0000000081200000, 0x0000000081200000| Untracked 
|  18|0x0000000081200000, 0x0000000081300000, 0x0000000081300000|100%|HS|  |TAMS 0x0000000081300000, 0x0000000081300000| Complete 
|  19|0x0000000081300000, 0x0000000081400000, 0x0000000081400000|100%| O|  |TAMS 0x0000000081400000, 0x0000000081400000| Untracked 
|  20|0x0000000081400000, 0x0000000081500000, 0x0000000081500000|100%| O|  |TAMS 0x0000000081500000, 0x0000000081500000| Untracked 
|  21|0x0000000081500000, 0x0000000081600000, 0x0000000081600000|100%| O|  |TAMS 0x0000000081600000, 0x0000000081600000| Untracked 
|  22|0x0000000081600000, 0x0000000081700000, 0x0000000081700000|100%| O|  |TAMS 0x0000000081700000, 0x0000000081700000| Untracked 
|  23|0x0000000081700000, 0x0000000081800000, 0x0000000081800000|100%|HS|  |TAMS 0x0000000081800000, 0x0000000081800000| Complete 
|  24|0x0000000081800000, 0x0000000081900000, 0x0000000081900000|100%|HS|  |TAMS 0x0000000081900000, 0x0000000081900000| Complete 
|  25|0x0000000081900000, 0x0000000081a00000, 0x0000000081a00000|100%|HC|  |TAMS 0x0000000081a00000, 0x0000000081a00000| Complete 
|  26|0x0000000081a00000, 0x0000000081b00000, 0x0000000081b00000|100%| O|  |TAMS 0x0000000081b00000, 0x0000000081b00000| Untracked 
|  27|0x0000000081b00000, 0x0000000081c00000, 0x0000000081c00000|100%| O|  |TAMS 0x0000000081c00000, 0x0000000081c00000| Untracked 
|  28|0x0000000081c00000, 0x0000000081d00000, 0x0000000081d00000|100%| O|  |TAMS 0x0000000081d00000, 0x0000000081d00000| Untracked 
|  29|0x0000000081d00000, 0x0000000081e00000, 0x0000000081e00000|100%| O|  |TAMS 0x0000000081e00000, 0x0000000081e00000| Untracked 
|  30|0x0000000081e00000, 0x0000000081f00000, 0x0000000081f00000|100%| O|  |TAMS 0x0000000081f00000, 0x0000000081f00000| Untracked 
|  31|0x0000000081f00000, 0x0000000082000000, 0x0000000082000000|100%| O|  |TAMS 0x0000000082000000, 0x0000000082000000| Untracked 
|  32|0x0000000082000000, 0x0000000082100000, 0x0000000082100000|100%| O|  |TAMS 0x0000000082100000, 0x0000000082100000| Untracked 
|  33|0x0000000082100000, 0x0000000082200000, 0x0000000082200000|100%| O|  |TAMS 0x0000000082200000, 0x0000000082200000| Untracked 
|  34|0x0000000082200000, 0x0000000082300000, 0x0000000082300000|100%| O|  |TAMS 0x0000000082300000, 0x0000000082300000| Untracked 
|  35|0x0000000082300000, 0x0000000082400000, 0x0000000082400000|100%| O|  |TAMS 0x0000000082400000, 0x0000000082400000| Untracked 
|  36|0x0000000082400000, 0x0000000082500000, 0x0000000082500000|100%| O|  |TAMS 0x0000000082500000, 0x0000000082500000| Untracked 
|  37|0x0000000082500000, 0x0000000082600000, 0x0000000082600000|100%| O|  |TAMS 0x0000000082600000, 0x0000000082600000| Untracked 
|  38|0x0000000082600000, 0x0000000082700000, 0x0000000082700000|100%| O|  |TAMS 0x0000000082700000, 0x0000000082700000| Untracked 
|  39|0x0000000082700000, 0x0000000082800000, 0x0000000082800000|100%| O|  |TAMS 0x0000000082800000, 0x0000000082800000| Untracked 
|  40|0x0000000082800000, 0x0000000082900000, 0x0000000082900000|100%| O|  |TAMS 0x0000000082900000, 0x0000000082900000| Untracked 
|  41|0x0000000082900000, 0x0000000082a00000, 0x0000000082a00000|100%| O|  |TAMS 0x0000000082a00000, 0x0000000082a00000| Untracked 
|  42|0x0000000082a00000, 0x0000000082b00000, 0x0000000082b00000|100%| O|  |TAMS 0x0000000082b00000, 0x0000000082b00000| Untracked 
|  43|0x0000000082b00000, 0x0000000082c00000, 0x0000000082c00000|100%| O|  |TAMS 0x0000000082c00000, 0x0000000082c00000| Untracked 
|  44|0x0000000082c00000, 0x0000000082d00000, 0x0000000082d00000|100%| O|  |TAMS 0x0000000082cda400, 0x0000000082d00000| Untracked 
|  45|0x0000000082d00000, 0x0000000082e00000, 0x0000000082e00000|100%| O|  |TAMS 0x0000000082d00000, 0x0000000082e00000| Untracked 
|  46|0x0000000082e00000, 0x0000000082f00000, 0x0000000082f00000|100%| O|  |TAMS 0x0000000082e00000, 0x0000000082f00000| Untracked 
|  47|0x0000000082f00000, 0x0000000083000000, 0x0000000083000000|100%| O|  |TAMS 0x0000000082f00000, 0x0000000083000000| Untracked 
|  48|0x0000000083000000, 0x0000000083100000, 0x0000000083100000|100%| O|  |TAMS 0x0000000083000000, 0x0000000083100000| Untracked 
|  49|0x0000000083100000, 0x0000000083200000, 0x0000000083200000|100%| O|  |TAMS 0x0000000083100000, 0x0000000083200000| Untracked 
|  50|0x0000000083200000, 0x0000000083300000, 0x0000000083300000|100%| O|  |TAMS 0x0000000083200000, 0x0000000083300000| Untracked 
|  51|0x0000000083300000, 0x0000000083400000, 0x0000000083400000|100%| O|  |TAMS 0x0000000083300000, 0x0000000083400000| Untracked 
|  52|0x0000000083400000, 0x0000000083500000, 0x0000000083500000|100%| O|  |TAMS 0x0000000083400000, 0x0000000083500000| Untracked 
|  53|0x0000000083500000, 0x0000000083600000, 0x0000000083600000|100%| O|  |TAMS 0x0000000083500000, 0x0000000083600000| Untracked 
|  54|0x0000000083600000, 0x0000000083700000, 0x0000000083700000|100%| O|  |TAMS 0x0000000083600000, 0x0000000083700000| Untracked 
|  55|0x0000000083700000, 0x0000000083800000, 0x0000000083800000|100%| O|  |TAMS 0x0000000083700000, 0x0000000083800000| Untracked 
|  56|0x0000000083800000, 0x0000000083900000, 0x0000000083900000|100%| O|  |TAMS 0x0000000083800000, 0x0000000083900000| Untracked 
|  57|0x0000000083900000, 0x0000000083a00000, 0x0000000083a00000|100%| O|  |TAMS 0x0000000083900000, 0x0000000083a00000| Untracked 
|  58|0x0000000083a00000, 0x0000000083b00000, 0x0000000083b00000|100%| O|  |TAMS 0x0000000083a00000, 0x0000000083b00000| Untracked 
|  59|0x0000000083b00000, 0x0000000083c00000, 0x0000000083c00000|100%| O|  |TAMS 0x0000000083b00000, 0x0000000083c00000| Untracked 
|  60|0x0000000083c00000, 0x0000000083d00000, 0x0000000083d00000|100%| O|  |TAMS 0x0000000083c00000, 0x0000000083d00000| Untracked 
|  61|0x0000000083d00000, 0x0000000083e00000, 0x0000000083e00000|100%| O|  |TAMS 0x0000000083d00000, 0x0000000083e00000| Untracked 
|  62|0x0000000083e00000, 0x0000000083f00000, 0x0000000083f00000|100%| O|  |TAMS 0x0000000083e00000, 0x0000000083f00000| Untracked 
|  63|0x0000000083f00000, 0x0000000084000000, 0x0000000084000000|100%| O|  |TAMS 0x0000000083f00000, 0x0000000084000000| Untracked 
|  64|0x0000000084000000, 0x0000000084100000, 0x0000000084100000|100%| O|  |TAMS 0x0000000084000000, 0x0000000084100000| Untracked 
|  65|0x0000000084100000, 0x0000000084100000, 0x0000000084200000|  0%| F|  |TAMS 0x0000000084100000, 0x0000000084100000| Untracked 
|  66|0x0000000084200000, 0x0000000084200000, 0x0000000084300000|  0%| F|  |TAMS 0x0000000084200000, 0x0000000084200000| Untracked 
|  67|0x0000000084300000, 0x0000000084300000, 0x0000000084400000|  0%| F|  |TAMS 0x0000000084300000, 0x0000000084300000| Untracked 
|  68|0x0000000084400000, 0x0000000084400000, 0x0000000084500000|  0%| F|  |TAMS 0x0000000084400000, 0x0000000084400000| Untracked 
|  69|0x0000000084500000, 0x0000000084500000, 0x0000000084600000|  0%| F|  |TAMS 0x0000000084500000, 0x0000000084500000| Untracked 
|  70|0x0000000084600000, 0x0000000084600000, 0x0000000084700000|  0%| F|  |TAMS 0x0000000084600000, 0x0000000084600000| Untracked 
|  71|0x0000000084700000, 0x0000000084700000, 0x0000000084800000|  0%| F|  |TAMS 0x0000000084700000, 0x0000000084700000| Untracked 
|  72|0x0000000084800000, 0x0000000084800000, 0x0000000084900000|  0%| F|  |TAMS 0x0000000084800000, 0x0000000084800000| Untracked 
|  73|0x0000000084900000, 0x0000000084900000, 0x0000000084a00000|  0%| F|  |TAMS 0x0000000084900000, 0x0000000084900000| Untracked 
|  74|0x0000000084a00000, 0x0000000084a00000, 0x0000000084b00000|  0%| F|  |TAMS 0x0000000084a00000, 0x0000000084a00000| Untracked 
|  75|0x0000000084b00000, 0x0000000084b00000, 0x0000000084c00000|  0%| F|  |TAMS 0x0000000084b00000, 0x0000000084b00000| Untracked 
|  76|0x0000000084c00000, 0x0000000084c00000, 0x0000000084d00000|  0%| F|  |TAMS 0x0000000084c00000, 0x0000000084c00000| Untracked 
|  77|0x0000000084d00000, 0x0000000084d00000, 0x0000000084e00000|  0%| F|  |TAMS 0x0000000084d00000, 0x0000000084d00000| Untracked 
|  78|0x0000000084e00000, 0x0000000084e00000, 0x0000000084f00000|  0%| F|  |TAMS 0x0000000084e00000, 0x0000000084e00000| Untracked 
|  79|0x0000000084f00000, 0x0000000084f00000, 0x0000000085000000|  0%| F|  |TAMS 0x0000000084f00000, 0x0000000084f00000| Untracked 
|  80|0x0000000085000000, 0x0000000085000000, 0x0000000085100000|  0%| F|  |TAMS 0x0000000085000000, 0x0000000085000000| Untracked 
|  81|0x0000000085100000, 0x0000000085100000, 0x0000000085200000|  0%| F|  |TAMS 0x0000000085100000, 0x0000000085100000| Untracked 
|  82|0x0000000085200000, 0x0000000085200000, 0x0000000085300000|  0%| F|  |TAMS 0x0000000085200000, 0x0000000085200000| Untracked 
|  83|0x0000000085300000, 0x0000000085300000, 0x0000000085400000|  0%| F|  |TAMS 0x0000000085300000, 0x0000000085300000| Untracked 
|  84|0x0000000085400000, 0x0000000085400000, 0x0000000085500000|  0%| F|  |TAMS 0x0000000085400000, 0x0000000085400000| Untracked 
|  85|0x0000000085500000, 0x0000000085500000, 0x0000000085600000|  0%| F|  |TAMS 0x0000000085500000, 0x0000000085500000| Untracked 
|  86|0x0000000085600000, 0x0000000085600000, 0x0000000085700000|  0%| F|  |TAMS 0x0000000085600000, 0x0000000085600000| Untracked 
|  87|0x0000000085700000, 0x0000000085700000, 0x0000000085800000|  0%| F|  |TAMS 0x0000000085700000, 0x0000000085700000| Untracked 
|  88|0x0000000085800000, 0x0000000085800000, 0x0000000085900000|  0%| F|  |TAMS 0x0000000085800000, 0x0000000085800000| Untracked 
|  89|0x0000000085900000, 0x0000000085900000, 0x0000000085a00000|  0%| F|  |TAMS 0x0000000085900000, 0x0000000085900000| Untracked 
|  90|0x0000000085a00000, 0x0000000085a00000, 0x0000000085b00000|  0%| F|  |TAMS 0x0000000085a00000, 0x0000000085a00000| Untracked 
|  91|0x0000000085b00000, 0x0000000085b00000, 0x0000000085c00000|  0%| F|  |TAMS 0x0000000085b00000, 0x0000000085b00000| Untracked 
|  92|0x0000000085c00000, 0x0000000085c00000, 0x0000000085d00000|  0%| F|  |TAMS 0x0000000085c00000, 0x0000000085c00000| Untracked 
|  93|0x0000000085d00000, 0x0000000085d00000, 0x0000000085e00000|  0%| F|  |TAMS 0x0000000085d00000, 0x0000000085d00000| Untracked 
|  94|0x0000000085e00000, 0x0000000085e00000, 0x0000000085f00000|  0%| F|  |TAMS 0x0000000085e00000, 0x0000000085e00000| Untracked 
|  95|0x0000000085f00000, 0x0000000085f00000, 0x0000000086000000|  0%| F|  |TAMS 0x0000000085f00000, 0x0000000085f00000| Untracked 
|  96|0x0000000086000000, 0x0000000086000000, 0x0000000086100000|  0%| F|  |TAMS 0x0000000086000000, 0x0000000086000000| Untracked 
|  97|0x0000000086100000, 0x0000000086100000, 0x0000000086200000|  0%| F|  |TAMS 0x0000000086100000, 0x0000000086100000| Untracked 
|  98|0x0000000086200000, 0x0000000086200000, 0x0000000086300000|  0%| F|  |TAMS 0x0000000086200000, 0x0000000086200000| Untracked 
|  99|0x0000000086300000, 0x0000000086300000, 0x0000000086400000|  0%| F|  |TAMS 0x0000000086300000, 0x0000000086300000| Untracked 
| 100|0x0000000086400000, 0x0000000086400000, 0x0000000086500000|  0%| F|  |TAMS 0x0000000086400000, 0x0000000086400000| Untracked 
| 101|0x0000000086500000, 0x0000000086500000, 0x0000000086600000|  0%| F|  |TAMS 0x0000000086500000, 0x0000000086500000| Untracked 
| 102|0x0000000086600000, 0x0000000086600000, 0x0000000086700000|  0%| F|  |TAMS 0x0000000086600000, 0x0000000086600000| Untracked 
| 103|0x0000000086700000, 0x0000000086700000, 0x0000000086800000|  0%| F|  |TAMS 0x0000000086700000, 0x0000000086700000| Untracked 
| 104|0x0000000086800000, 0x0000000086800000, 0x0000000086900000|  0%| F|  |TAMS 0x0000000086800000, 0x0000000086800000| Untracked 
| 105|0x0000000086900000, 0x0000000086900000, 0x0000000086a00000|  0%| F|  |TAMS 0x0000000086900000, 0x0000000086900000| Untracked 
| 106|0x0000000086a00000, 0x0000000086a00000, 0x0000000086b00000|  0%| F|  |TAMS 0x0000000086a00000, 0x0000000086a00000| Untracked 
| 107|0x0000000086b00000, 0x0000000086b00000, 0x0000000086c00000|  0%| F|  |TAMS 0x0000000086b00000, 0x0000000086b00000| Untracked 
| 108|0x0000000086c00000, 0x0000000086c00000, 0x0000000086d00000|  0%| F|  |TAMS 0x0000000086c00000, 0x0000000086c00000| Untracked 
| 109|0x0000000086d00000, 0x0000000086d00000, 0x0000000086e00000|  0%| F|  |TAMS 0x0000000086d00000, 0x0000000086d00000| Untracked 
| 110|0x0000000086e00000, 0x0000000086e00000, 0x0000000086f00000|  0%| F|  |TAMS 0x0000000086e00000, 0x0000000086e00000| Untracked 
| 111|0x0000000086f00000, 0x0000000086f00000, 0x0000000087000000|  0%| F|  |TAMS 0x0000000086f00000, 0x0000000086f00000| Untracked 
| 112|0x0000000087000000, 0x0000000087000000, 0x0000000087100000|  0%| F|  |TAMS 0x0000000087000000, 0x0000000087000000| Untracked 
| 113|0x0000000087100000, 0x0000000087100000, 0x0000000087200000|  0%| F|  |TAMS 0x0000000087100000, 0x0000000087100000| Untracked 
| 114|0x0000000087200000, 0x0000000087200000, 0x0000000087300000|  0%| F|  |TAMS 0x0000000087200000, 0x0000000087200000| Untracked 
| 115|0x0000000087300000, 0x0000000087300000, 0x0000000087400000|  0%| F|  |TAMS 0x0000000087300000, 0x0000000087300000| Untracked 
| 116|0x0000000087400000, 0x0000000087400000, 0x0000000087500000|  0%| F|  |TAMS 0x0000000087400000, 0x0000000087400000| Untracked 
| 117|0x0000000087500000, 0x0000000087500000, 0x0000000087600000|  0%| F|  |TAMS 0x0000000087500000, 0x0000000087500000| Untracked 
| 118|0x0000000087600000, 0x0000000087600000, 0x0000000087700000|  0%| F|  |TAMS 0x0000000087600000, 0x0000000087600000| Untracked 
| 119|0x0000000087700000, 0x0000000087700000, 0x0000000087800000|  0%| F|  |TAMS 0x0000000087700000, 0x0000000087700000| Untracked 
| 120|0x0000000087800000, 0x0000000087800000, 0x0000000087900000|  0%| F|  |TAMS 0x0000000087800000, 0x0000000087800000| Untracked 
| 121|0x0000000087900000, 0x0000000087900000, 0x0000000087a00000|  0%| F|  |TAMS 0x0000000087900000, 0x0000000087900000| Untracked 
| 122|0x0000000087a00000, 0x0000000087a00000, 0x0000000087b00000|  0%| F|  |TAMS 0x0000000087a00000, 0x0000000087a00000| Untracked 
| 123|0x0000000087b00000, 0x0000000087b00000, 0x0000000087c00000|  0%| F|  |TAMS 0x0000000087b00000, 0x0000000087b00000| Untracked 
| 124|0x0000000087c00000, 0x0000000087c00000, 0x0000000087d00000|  0%| F|  |TAMS 0x0000000087c00000, 0x0000000087c00000| Untracked 
| 125|0x0000000087d00000, 0x0000000087d00000, 0x0000000087e00000|  0%| F|  |TAMS 0x0000000087d00000, 0x0000000087d00000| Untracked 
| 126|0x0000000087e00000, 0x0000000087e00000, 0x0000000087f00000|  0%| F|  |TAMS 0x0000000087e00000, 0x0000000087e00000| Untracked 
| 127|0x0000000087f00000, 0x0000000087f00000, 0x0000000088000000|  0%| F|  |TAMS 0x0000000087f00000, 0x0000000087f00000| Untracked 
| 128|0x0000000088000000, 0x0000000088000000, 0x0000000088100000|  0%| F|  |TAMS 0x0000000088000000, 0x0000000088000000| Untracked 
| 129|0x0000000088100000, 0x0000000088100000, 0x0000000088200000|  0%| F|  |TAMS 0x0000000088100000, 0x0000000088100000| Untracked 
| 130|0x0000000088200000, 0x0000000088200000, 0x0000000088300000|  0%| F|  |TAMS 0x0000000088200000, 0x0000000088200000| Untracked 
| 131|0x0000000088300000, 0x0000000088300000, 0x0000000088400000|  0%| F|  |TAMS 0x0000000088300000, 0x0000000088300000| Untracked 
| 132|0x0000000088400000, 0x0000000088400000, 0x0000000088500000|  0%| F|  |TAMS 0x0000000088400000, 0x0000000088400000| Untracked 
| 133|0x0000000088500000, 0x0000000088500000, 0x0000000088600000|  0%| F|  |TAMS 0x0000000088500000, 0x0000000088500000| Untracked 
| 134|0x0000000088600000, 0x0000000088600000, 0x0000000088700000|  0%| F|  |TAMS 0x0000000088600000, 0x0000000088600000| Untracked 
| 135|0x0000000088700000, 0x0000000088700000, 0x0000000088800000|  0%| F|  |TAMS 0x0000000088700000, 0x0000000088700000| Untracked 
| 136|0x0000000088800000, 0x0000000088800000, 0x0000000088900000|  0%| F|  |TAMS 0x0000000088800000, 0x0000000088800000| Untracked 
| 137|0x0000000088900000, 0x0000000088900000, 0x0000000088a00000|  0%| F|  |TAMS 0x0000000088900000, 0x0000000088900000| Untracked 
| 138|0x0000000088a00000, 0x0000000088a00000, 0x0000000088b00000|  0%| F|  |TAMS 0x0000000088a00000, 0x0000000088a00000| Untracked 
| 139|0x0000000088b00000, 0x0000000088b00000, 0x0000000088c00000|  0%| F|  |TAMS 0x0000000088b00000, 0x0000000088b00000| Untracked 
| 140|0x0000000088c00000, 0x0000000088c00000, 0x0000000088d00000|  0%| F|  |TAMS 0x0000000088c00000, 0x0000000088c00000| Untracked 
| 141|0x0000000088d00000, 0x0000000088d00000, 0x0000000088e00000|  0%| F|  |TAMS 0x0000000088d00000, 0x0000000088d00000| Untracked 
| 142|0x0000000088e00000, 0x0000000088e00000, 0x0000000088f00000|  0%| F|  |TAMS 0x0000000088e00000, 0x0000000088e00000| Untracked 
| 143|0x0000000088f00000, 0x0000000088f00000, 0x0000000089000000|  0%| F|  |TAMS 0x0000000088f00000, 0x0000000088f00000| Untracked 
| 144|0x0000000089000000, 0x0000000089000000, 0x0000000089100000|  0%| F|  |TAMS 0x0000000089000000, 0x0000000089000000| Untracked 
| 145|0x0000000089100000, 0x0000000089100000, 0x0000000089200000|  0%| F|  |TAMS 0x0000000089100000, 0x0000000089100000| Untracked 
| 146|0x0000000089200000, 0x0000000089200000, 0x0000000089300000|  0%| F|  |TAMS 0x0000000089200000, 0x0000000089200000| Untracked 
| 147|0x0000000089300000, 0x0000000089300000, 0x0000000089400000|  0%| F|  |TAMS 0x0000000089300000, 0x0000000089300000| Untracked 
| 148|0x0000000089400000, 0x0000000089400000, 0x0000000089500000|  0%| F|  |TAMS 0x0000000089400000, 0x0000000089400000| Untracked 
| 149|0x0000000089500000, 0x0000000089500000, 0x0000000089600000|  0%| F|  |TAMS 0x0000000089500000, 0x0000000089500000| Untracked 
| 150|0x0000000089600000, 0x0000000089600000, 0x0000000089700000|  0%| F|  |TAMS 0x0000000089600000, 0x0000000089600000| Untracked 
| 151|0x0000000089700000, 0x0000000089700000, 0x0000000089800000|  0%| F|  |TAMS 0x0000000089700000, 0x0000000089700000| Untracked 
| 152|0x0000000089800000, 0x0000000089800000, 0x0000000089900000|  0%| F|  |TAMS 0x0000000089800000, 0x0000000089800000| Untracked 
| 153|0x0000000089900000, 0x0000000089900000, 0x0000000089a00000|  0%| F|  |TAMS 0x0000000089900000, 0x0000000089900000| Untracked 
| 154|0x0000000089a00000, 0x0000000089a00000, 0x0000000089b00000|  0%| F|  |TAMS 0x0000000089a00000, 0x0000000089a00000| Untracked 
| 155|0x0000000089b00000, 0x0000000089b00000, 0x0000000089c00000|  0%| F|  |TAMS 0x0000000089b00000, 0x0000000089b00000| Untracked 
| 156|0x0000000089c00000, 0x0000000089c00000, 0x0000000089d00000|  0%| F|  |TAMS 0x0000000089c00000, 0x0000000089c00000| Untracked 
| 157|0x0000000089d00000, 0x0000000089d00000, 0x0000000089e00000|  0%| F|  |TAMS 0x0000000089d00000, 0x0000000089d00000| Untracked 
| 158|0x0000000089e00000, 0x0000000089e00000, 0x0000000089f00000|  0%| F|  |TAMS 0x0000000089e00000, 0x0000000089e00000| Untracked 
| 159|0x0000000089f00000, 0x0000000089f00000, 0x000000008a000000|  0%| F|  |TAMS 0x0000000089f00000, 0x0000000089f00000| Untracked 
| 160|0x000000008a000000, 0x000000008a000000, 0x000000008a100000|  0%| F|  |TAMS 0x000000008a000000, 0x000000008a000000| Untracked 
| 161|0x000000008a100000, 0x000000008a100000, 0x000000008a200000|  0%| F|  |TAMS 0x000000008a100000, 0x000000008a100000| Untracked 
| 162|0x000000008a200000, 0x000000008a200000, 0x000000008a300000|  0%| F|  |TAMS 0x000000008a200000, 0x000000008a200000| Untracked 
| 163|0x000000008a300000, 0x000000008a300000, 0x000000008a400000|  0%| F|  |TAMS 0x000000008a300000, 0x000000008a300000| Untracked 
| 164|0x000000008a400000, 0x000000008a400000, 0x000000008a500000|  0%| F|  |TAMS 0x000000008a400000, 0x000000008a400000| Untracked 
| 165|0x000000008a500000, 0x000000008a500000, 0x000000008a600000|  0%| F|  |TAMS 0x000000008a500000, 0x000000008a500000| Untracked 
| 166|0x000000008a600000, 0x000000008a600000, 0x000000008a700000|  0%| F|  |TAMS 0x000000008a600000, 0x000000008a600000| Untracked 
| 167|0x000000008a700000, 0x000000008a700000, 0x000000008a800000|  0%| F|  |TAMS 0x000000008a700000, 0x000000008a700000| Untracked 
| 168|0x000000008a800000, 0x000000008a800000, 0x000000008a900000|  0%| F|  |TAMS 0x000000008a800000, 0x000000008a800000| Untracked 
| 169|0x000000008a900000, 0x000000008a900000, 0x000000008aa00000|  0%| F|  |TAMS 0x000000008a900000, 0x000000008a900000| Untracked 
| 170|0x000000008aa00000, 0x000000008aa00000, 0x000000008ab00000|  0%| F|  |TAMS 0x000000008aa00000, 0x000000008aa00000| Untracked 
| 171|0x000000008ab00000, 0x000000008ab00000, 0x000000008ac00000|  0%| F|  |TAMS 0x000000008ab00000, 0x000000008ab00000| Untracked 
| 172|0x000000008ac00000, 0x000000008ac00000, 0x000000008ad00000|  0%| F|  |TAMS 0x000000008ac00000, 0x000000008ac00000| Untracked 
| 173|0x000000008ad00000, 0x000000008ad00000, 0x000000008ae00000|  0%| F|  |TAMS 0x000000008ad00000, 0x000000008ad00000| Untracked 
| 174|0x000000008ae00000, 0x000000008ae00000, 0x000000008af00000|  0%| F|  |TAMS 0x000000008ae00000, 0x000000008ae00000| Untracked 
| 175|0x000000008af00000, 0x000000008af00000, 0x000000008b000000|  0%| F|  |TAMS 0x000000008af00000, 0x000000008af00000| Untracked 
| 176|0x000000008b000000, 0x000000008b000000, 0x000000008b100000|  0%| F|  |TAMS 0x000000008b000000, 0x000000008b000000| Untracked 
| 177|0x000000008b100000, 0x000000008b100000, 0x000000008b200000|  0%| F|  |TAMS 0x000000008b100000, 0x000000008b100000| Untracked 
| 178|0x000000008b200000, 0x000000008b200000, 0x000000008b300000|  0%| F|  |TAMS 0x000000008b200000, 0x000000008b200000| Untracked 
| 179|0x000000008b300000, 0x000000008b300000, 0x000000008b400000|  0%| F|  |TAMS 0x000000008b300000, 0x000000008b300000| Untracked 
| 180|0x000000008b400000, 0x000000008b400000, 0x000000008b500000|  0%| F|  |TAMS 0x000000008b400000, 0x000000008b400000| Untracked 
| 181|0x000000008b500000, 0x000000008b500000, 0x000000008b600000|  0%| F|  |TAMS 0x000000008b500000, 0x000000008b500000| Untracked 
| 182|0x000000008b600000, 0x000000008b600000, 0x000000008b700000|  0%| F|  |TAMS 0x000000008b600000, 0x000000008b600000| Untracked 
| 183|0x000000008b700000, 0x000000008b700000, 0x000000008b800000|  0%| F|  |TAMS 0x000000008b700000, 0x000000008b700000| Untracked 
| 184|0x000000008b800000, 0x000000008b800000, 0x000000008b900000|  0%| F|  |TAMS 0x000000008b800000, 0x000000008b800000| Untracked 
| 185|0x000000008b900000, 0x000000008b900000, 0x000000008ba00000|  0%| F|  |TAMS 0x000000008b900000, 0x000000008b900000| Untracked 
| 186|0x000000008ba00000, 0x000000008ba00000, 0x000000008bb00000|  0%| F|  |TAMS 0x000000008ba00000, 0x000000008ba00000| Untracked 
| 187|0x000000008bb00000, 0x000000008bb00000, 0x000000008bc00000|  0%| F|  |TAMS 0x000000008bb00000, 0x000000008bb00000| Untracked 
| 188|0x000000008bc00000, 0x000000008bc00000, 0x000000008bd00000|  0%| F|  |TAMS 0x000000008bc00000, 0x000000008bc00000| Untracked 
| 189|0x000000008bd00000, 0x000000008bd00000, 0x000000008be00000|  0%| F|  |TAMS 0x000000008bd00000, 0x000000008bd00000| Untracked 
| 190|0x000000008be00000, 0x000000008be00000, 0x000000008bf00000|  0%| F|  |TAMS 0x000000008be00000, 0x000000008be00000| Untracked 
| 191|0x000000008bf00000, 0x000000008bf00000, 0x000000008c000000|  0%| F|  |TAMS 0x000000008bf00000, 0x000000008bf00000| Untracked 
| 192|0x000000008c000000, 0x000000008c000000, 0x000000008c100000|  0%| F|  |TAMS 0x000000008c000000, 0x000000008c000000| Untracked 
| 193|0x000000008c100000, 0x000000008c100000, 0x000000008c200000|  0%| F|  |TAMS 0x000000008c100000, 0x000000008c100000| Untracked 
| 194|0x000000008c200000, 0x000000008c200000, 0x000000008c300000|  0%| F|  |TAMS 0x000000008c200000, 0x000000008c200000| Untracked 
| 195|0x000000008c300000, 0x000000008c300000, 0x000000008c400000|  0%| F|  |TAMS 0x000000008c300000, 0x000000008c300000| Untracked 
| 196|0x000000008c400000, 0x000000008c400000, 0x000000008c500000|  0%| F|  |TAMS 0x000000008c400000, 0x000000008c400000| Untracked 
| 197|0x000000008c500000, 0x000000008c500000, 0x000000008c600000|  0%| F|  |TAMS 0x000000008c500000, 0x000000008c500000| Untracked 
| 198|0x000000008c600000, 0x000000008c600000, 0x000000008c700000|  0%| F|  |TAMS 0x000000008c600000, 0x000000008c600000| Untracked 
| 199|0x000000008c700000, 0x000000008c700000, 0x000000008c800000|  0%| F|  |TAMS 0x000000008c700000, 0x000000008c700000| Untracked 
| 200|0x000000008c800000, 0x000000008c800000, 0x000000008c900000|  0%| F|  |TAMS 0x000000008c800000, 0x000000008c800000| Untracked 
| 201|0x000000008c900000, 0x000000008c900000, 0x000000008ca00000|  0%| F|  |TAMS 0x000000008c900000, 0x000000008c900000| Untracked 
| 202|0x000000008ca00000, 0x000000008ca00000, 0x000000008cb00000|  0%| F|  |TAMS 0x000000008ca00000, 0x000000008ca00000| Untracked 
| 203|0x000000008cb00000, 0x000000008cb00000, 0x000000008cc00000|  0%| F|  |TAMS 0x000000008cb00000, 0x000000008cb00000| Untracked 
| 204|0x000000008cc00000, 0x000000008cc00000, 0x000000008cd00000|  0%| F|  |TAMS 0x000000008cc00000, 0x000000008cc00000| Untracked 
| 205|0x000000008cd00000, 0x000000008cdfc340, 0x000000008ce00000| 98%| S|CS|TAMS 0x000000008cd00000, 0x000000008cd00000| Complete 
| 206|0x000000008ce00000, 0x000000008cf00000, 0x000000008cf00000|100%| S|CS|TAMS 0x000000008ce00000, 0x000000008ce00000| Complete 
| 207|0x000000008cf00000, 0x000000008d000000, 0x000000008d000000|100%| S|CS|TAMS 0x000000008cf00000, 0x000000008cf00000| Complete 
| 208|0x000000008d000000, 0x000000008d100000, 0x000000008d100000|100%| S|CS|TAMS 0x000000008d000000, 0x000000008d000000| Complete 
| 209|0x000000008d100000, 0x000000008d200000, 0x000000008d200000|100%| S|CS|TAMS 0x000000008d100000, 0x000000008d100000| Complete 
| 210|0x000000008d200000, 0x000000008d300000, 0x000000008d300000|100%| S|CS|TAMS 0x000000008d200000, 0x000000008d200000| Complete 
| 211|0x000000008d300000, 0x000000008d400000, 0x000000008d400000|100%| S|CS|TAMS 0x000000008d300000, 0x000000008d300000| Complete 
| 212|0x000000008d400000, 0x000000008d400000, 0x000000008d500000|  0%| F|  |TAMS 0x000000008d400000, 0x000000008d400000| Untracked 
| 213|0x000000008d500000, 0x000000008d500000, 0x000000008d600000|  0%| F|  |TAMS 0x000000008d500000, 0x000000008d500000| Untracked 
| 214|0x000000008d600000, 0x000000008d600000, 0x000000008d700000|  0%| F|  |TAMS 0x000000008d600000, 0x000000008d600000| Untracked 
| 215|0x000000008d700000, 0x000000008d700000, 0x000000008d800000|  0%| F|  |TAMS 0x000000008d700000, 0x000000008d700000| Untracked 
| 216|0x000000008d800000, 0x000000008d800000, 0x000000008d900000|  0%| F|  |TAMS 0x000000008d800000, 0x000000008d800000| Untracked 
| 217|0x000000008d900000, 0x000000008d900000, 0x000000008da00000|  0%| F|  |TAMS 0x000000008d900000, 0x000000008d900000| Untracked 
| 218|0x000000008da00000, 0x000000008da00000, 0x000000008db00000|  0%| F|  |TAMS 0x000000008da00000, 0x000000008da00000| Untracked 
| 219|0x000000008db00000, 0x000000008db00000, 0x000000008dc00000|  0%| F|  |TAMS 0x000000008db00000, 0x000000008db00000| Untracked 

Card table byte_map: [0x0000026428630000,0x0000026428a30000] _byte_map_base: 0x0000026428230000

Marking Bits (Prev, Next): (CMBitMap*) 0x000002641576dfc8, (CMBitMap*) 0x000002641576e000
 Prev Bits: [0x0000026428e30000, 0x000002642ae30000)
 Next Bits: [0x000002642ae30000, 0x000002642ce30000)

Polling page: 0x0000026413670000

Metaspace:

Usage:
  Non-class:     74.94 MB capacity,    73.70 MB ( 98%) used,  1021.81 KB (  1%) free+waste,   252.25 KB ( <1%) overhead. 
      Class:     11.94 MB capacity,    11.12 MB ( 93%) used,   726.22 KB (  6%) free+waste,   115.31 KB ( <1%) overhead. 
       Both:     86.88 MB capacity,    84.82 MB ( 98%) used,     1.71 MB (  2%) free+waste,   367.56 KB ( <1%) overhead. 

Virtual space:
  Non-class space:       84.00 MB reserved,      74.95 MB ( 89%) committed 
      Class space:        1.00 GB reserved,      12.00 MB (  1%) committed 
             Both:        1.08 GB reserved,      86.95 MB (  8%) committed 

Chunk freelists:
   Non-Class:  10.00 KB
       Class:  27.00 KB
        Both:  37.00 KB

MaxMetaspaceSize: 17179869184.00 GB
CompressedClassSpaceSize: 1.00 GB
Initial GC threshold: 20.80 MB
Current GC threshold: 108.99 MB
CDS: off

CodeHeap 'non-profiled nmethods': size=120064Kb used=5271Kb max_used=5271Kb free=114792Kb
 bounds [0x0000026420cf0000, 0x0000026421220000, 0x0000026428230000]
CodeHeap 'profiled nmethods': size=120000Kb used=19743Kb max_used=19743Kb free=100256Kb
 bounds [0x00000264197c0000, 0x000002641ab10000, 0x0000026420cf0000]
CodeHeap 'non-nmethods': size=5696Kb used=2371Kb max_used=2425Kb free=3324Kb
 bounds [0x0000026419230000, 0x00000264194a0000, 0x00000264197c0000]
 total_blobs=10333 nmethods=9447 adapters=796
 compilation: enabled
              stopped_count=0, restarted_count=0
 full_count=0

Compilation events (20 events):
Event: 16.824 Thread 0x000002642f343800 nmethod 9462 0x0000026421210490 code [0x0000026421210620, 0x0000026421210858]
Event: 16.824 Thread 0x000002642f343800 9461       4       java.nio.ByteBuffer::limit (6 bytes)
Event: 16.825 Thread 0x000002642f343800 nmethod 9461 0x0000026421210910 code [0x0000026421210aa0, 0x0000026421210b98]
Event: 16.825 Thread 0x000002642f343800 9489       4       jdk.internal.misc.Unsafe::checkNativeAddress (28 bytes)
Event: 16.825 Thread 0x000002642f343800 nmethod 9489 0x0000026421210c90 code [0x0000026421210e20, 0x0000026421210e78]
Event: 16.825 Thread 0x000002642f343800 9468       4       jdk.internal.module.SystemModuleFinders$SystemImage::reader (4 bytes)
Event: 16.825 Thread 0x000002642f343800 nmethod 9468 0x0000026421210f90 code [0x0000026421211120, 0x0000026421211178]
Event: 16.825 Thread 0x000002642f343800 9503       4       java.lang.String::regionMatches (187 bytes)
Event: 16.825 Thread 0x000002642f347800 9504   !   3       jdk.internal.jimage.BasicImageReader::readBuffer (232 bytes)
Event: 16.827 Thread 0x000002642f347800 nmethod 9504 0x000002641aaffb10 code [0x000002641aaffe80, 0x000002641ab013f8]
Event: 16.827 Thread 0x000002642f347800 9505   !   3       jdk.internal.jimage.decompressor.Decompressor::decompressResource (260 bytes)
Event: 16.849 Thread 0x000002642f343800 nmethod 9503 0x0000026421211290 code [0x0000026421211440, 0x0000026421211718]
Event: 16.851 Thread 0x000002642f347800 nmethod 9505 0x000002641ab01b90 code [0x000002641ab02100, 0x000002641ab050a8]
Event: 16.855 Thread 0x000002642f347800 9506       3       java.security.CodeSource::getCertificates (98 bytes)
Event: 16.855 Thread 0x000002642f347800 nmethod 9506 0x000002641ab06490 code [0x000002641ab06700, 0x000002641ab073c8]
Event: 16.857 Thread 0x000002642f343800 9507       4       java.util.TimSort::sort (229 bytes)
Event: 16.924 Thread 0x000002642f347800 9510       3       java.security.CodeSource::<init> (52 bytes)
Event: 16.925 Thread 0x000002642f347800 nmethod 9510 0x000002641ab07690 code [0x000002641ab07880, 0x000002641ab07df8]
Event: 16.929 Thread 0x000002642f343800 nmethod 9507 0x0000026421211990 code [0x0000026421211c00, 0x00000264212148f0]
Event: 16.929 Thread 0x000002642f343800 9509   !   4       jdk.internal.loader.BuiltinClassLoader::loadClassOrNull (143 bytes)

GC Heap History (20 events):
Event: 6.441 GC heap before
{Heap before GC invocations=10 (full 0):
 garbage-first heap   total 155648K, used 98975K [0x0000000080000000, 0x0000000100000000)
  region size 1024K, 78 young (79872K), 6 survivors (6144K)
 Metaspace       used 40829K, capacity 41789K, committed 41932K, reserved 1085440K
  class space    used 5220K, capacity 5578K, committed 5632K, reserved 1048576K
}
Event: 6.456 GC heap after
{Heap after GC invocations=11 (full 0):
 garbage-first heap   total 155648K, used 28545K [0x0000000080000000, 0x0000000100000000)
  region size 1024K, 10 young (10240K), 10 survivors (10240K)
 Metaspace       used 40829K, capacity 41789K, committed 41932K, reserved 1085440K
  class space    used 5220K, capacity 5578K, committed 5632K, reserved 1048576K
}
Event: 7.695 GC heap before
{Heap before GC invocations=11 (full 0):
 garbage-first heap   total 155648K, used 110465K [0x0000000080000000, 0x0000000100000000)
  region size 1024K, 90 young (92160K), 10 survivors (10240K)
 Metaspace       used 47606K, capacity 48685K, committed 48716K, reserved 1091584K
  class space    used 6126K, capacity 6526K, committed 6528K, reserved 1048576K
}
Event: 7.716 GC heap after
{Heap after GC invocations=12 (full 0):
 garbage-first heap   total 155648K, used 32573K [0x0000000080000000, 0x0000000100000000)
  region size 1024K, 10 young (10240K), 10 survivors (10240K)
 Metaspace       used 47606K, capacity 48685K, committed 48716K, reserved 1091584K
  class space    used 6126K, capacity 6526K, committed 6528K, reserved 1048576K
}
Event: 9.267 GC heap before
{Heap before GC invocations=12 (full 0):
 garbage-first heap   total 155648K, used 117565K [0x0000000080000000, 0x0000000100000000)
  region size 1024K, 89 young (91136K), 10 survivors (10240K)
 Metaspace       used 53628K, capacity 54953K, committed 55244K, reserved 1097728K
  class space    used 6856K, capacity 7362K, committed 7424K, reserved 1048576K
}
Event: 9.288 GC heap after
{Heap after GC invocations=13 (full 0):
 garbage-first heap   total 187392K, used 45968K [0x0000000080000000, 0x0000000100000000)
  region size 1024K, 12 young (12288K), 12 survivors (12288K)
 Metaspace       used 53628K, capacity 54953K, committed 55244K, reserved 1097728K
  class space    used 6856K, capacity 7362K, committed 7424K, reserved 1048576K
}
Event: 9.950 GC heap before
{Heap before GC invocations=13 (full 0):
 garbage-first heap   total 187392K, used 76688K [0x0000000080000000, 0x0000000100000000)
  region size 1024K, 43 young (44032K), 12 survivors (12288K)
 Metaspace       used 58666K, capacity 60112K, committed 60236K, reserved 1101824K
  class space    used 7488K, capacity 8055K, committed 8064K, reserved 1048576K
}
Event: 9.971 GC heap after
{Heap after GC invocations=14 (full 0):
 garbage-first heap   total 187392K, used 47959K [0x0000000080000000, 0x0000000100000000)
  region size 1024K, 2 young (2048K), 2 survivors (2048K)
 Metaspace       used 58666K, capacity 60112K, committed 60236K, reserved 1101824K
  class space    used 7488K, capacity 8055K, committed 8064K, reserved 1048576K
}
Event: 11.071 GC heap before
{Heap before GC invocations=15 (full 0):
 garbage-first heap   total 187392K, used 115543K [0x0000000080000000, 0x0000000100000000)
  region size 1024K, 68 young (69632K), 2 survivors (2048K)
 Metaspace       used 64898K, capacity 66467K, committed 66764K, reserved 1107968K
  class space    used 8260K, capacity 8839K, committed 8960K, reserved 1048576K
}
Event: 11.083 GC heap after
{Heap after GC invocations=16 (full 0):
 garbage-first heap   total 187392K, used 53267K [0x0000000080000000, 0x0000000100000000)
  region size 1024K, 8 young (8192K), 8 survivors (8192K)
 Metaspace       used 64898K, capacity 66467K, committed 66764K, reserved 1107968K
  class space    used 8260K, capacity 8839K, committed 8960K, reserved 1048576K
}
Event: 12.096 GC heap before
{Heap before GC invocations=17 (full 0):
 garbage-first heap   total 187392K, used 121875K [0x0000000080000000, 0x0000000100000000)
  region size 1024K, 75 young (76800K), 8 survivors (8192K)
 Metaspace       used 69486K, capacity 71018K, committed 71116K, reserved 1110016K
  class space    used 9060K, capacity 9648K, committed 9728K, reserved 1048576K
}
Event: 12.112 GC heap after
{Heap after GC invocations=18 (full 0):
 garbage-first heap   total 187392K, used 57452K [0x0000000080000000, 0x0000000100000000)
  region size 1024K, 5 young (5120K), 5 survivors (5120K)
 Metaspace       used 69486K, capacity 71018K, committed 71116K, reserved 1110016K
  class space    used 9060K, capacity 9648K, committed 9728K, reserved 1048576K
}
Event: 13.685 GC heap before
{Heap before GC invocations=18 (full 0):
 garbage-first heap   total 187392K, used 127084K [0x0000000080000000, 0x0000000100000000)
  region size 1024K, 73 young (74752K), 5 survivors (5120K)
 Metaspace       used 76702K, capacity 78431K, committed 78540K, reserved 1118208K
  class space    used 10076K, capacity 10740K, committed 10752K, reserved 1048576K
}
Event: 13.704 GC heap after
{Heap after GC invocations=19 (full 0):
 garbage-first heap   total 187392K, used 61804K [0x0000000080000000, 0x0000000100000000)
  region size 1024K, 10 young (10240K), 10 survivors (10240K)
 Metaspace       used 76702K, capacity 78431K, committed 78540K, reserved 1118208K
  class space    used 10076K, capacity 10740K, committed 10752K, reserved 1048576K
}
Event: 15.409 GC heap before
{Heap before GC invocations=19 (full 0):
 garbage-first heap   total 187392K, used 131436K [0x0000000080000000, 0x0000000100000000)
  region size 1024K, 79 young (80896K), 10 survivors (10240K)
 Metaspace       used 80933K, capacity 83010K, committed 83148K, reserved 1120256K
  class space    used 10696K, capacity 11495K, committed 11520K, reserved 1048576K
}
Event: 15.430 GC heap after
{Heap after GC invocations=20 (full 0):
 garbage-first heap   total 225280K, used 66418K [0x0000000080000000, 0x0000000100000000)
  region size 1024K, 9 young (9216K), 9 survivors (9216K)
 Metaspace       used 80933K, capacity 83010K, committed 83148K, reserved 1120256K
  class space    used 10696K, capacity 11495K, committed 11520K, reserved 1048576K
}
Event: 16.828 GC heap before
{Heap before GC invocations=20 (full 0):
 garbage-first heap   total 225280K, used 153458K [0x0000000080000000, 0x0000000100000000)
  region size 1024K, 95 young (97280K), 9 survivors (9216K)
 Metaspace       used 85031K, capacity 87185K, committed 87244K, reserved 1124352K
  class space    used 11131K, capacity 11997K, committed 12032K, reserved 1048576K
}
Event: 16.849 GC heap after
{Heap after GC invocations=21 (full 0):
 garbage-first heap   total 225280K, used 72645K [0x0000000080000000, 0x0000000100000000)
  region size 1024K, 11 young (11264K), 11 survivors (11264K)
 Metaspace       used 85031K, capacity 87185K, committed 87244K, reserved 1124352K
  class space    used 11131K, capacity 11997K, committed 12032K, reserved 1048576K
}
Event: 16.956 GC heap before
{Heap before GC invocations=21 (full 0):
 garbage-first heap   total 225280K, used 78789K [0x0000000080000000, 0x0000000100000000)
  region size 1024K, 19 young (19456K), 11 survivors (11264K)
 Metaspace       used 86851K, capacity 88967K, committed 89036K, reserved 1132544K
  class space    used 11387K, capacity 12229K, committed 12288K, reserved 1048576K
}
Event: 16.974 GC heap after
{Heap after GC invocations=22 (full 0):
 garbage-first heap   total 225280K, used 73712K [0x0000000080000000, 0x0000000100000000)
  region size 1024K, 7 young (7168K), 7 survivors (7168K)
 Metaspace       used 86851K, capacity 88967K, committed 89036K, reserved 1132544K
  class space    used 11387K, capacity 12229K, committed 12288K, reserved 1048576K
}

Deoptimization events (20 events):
Event: 16.243 Thread 0x00000264322f4000 DEOPT PACKING pc=0x000002641a6addc4 sp=0x00000088f66fc000
Event: 16.243 Thread 0x00000264322f4000 DEOPT UNPACKING pc=0x000002641927a95e sp=0x00000088f66fb5a0 mode 0
Event: 16.313 Thread 0x00000264357dc000 Uncommon trap: trap_request=0xffffffc6 fr.pc=0x00000264211e4068 relative=0x0000000000000488
Event: 16.313 Thread 0x00000264357dc000 Uncommon trap: reason=bimorphic_or_optimized_type_check action=maybe_recompile pc=0x00000264211e4068 method=java.util.Collections.indexedBinarySearch(Ljava/util/List;Ljava/lang/Object;Ljava/util/Comparator;)I @ 3 c2
Event: 16.313 Thread 0x00000264357dc000 DEOPT PACKING pc=0x00000264211e4068 sp=0x00000088f91fafa0
Event: 16.313 Thread 0x00000264357dc000 DEOPT UNPACKING pc=0x000002641927a1af sp=0x00000088f91faee8 mode 2
Event: 16.317 Thread 0x00000264357dc000 Uncommon trap: trap_request=0xffffffc6 fr.pc=0x00000264211e4068 relative=0x0000000000000488
Event: 16.317 Thread 0x00000264357dc000 Uncommon trap: reason=bimorphic_or_optimized_type_check action=maybe_recompile pc=0x00000264211e4068 method=java.util.Collections.indexedBinarySearch(Ljava/util/List;Ljava/lang/Object;Ljava/util/Comparator;)I @ 3 c2
Event: 16.317 Thread 0x00000264357dc000 DEOPT PACKING pc=0x00000264211e4068 sp=0x00000088f91faff0
Event: 16.317 Thread 0x00000264357dc000 DEOPT UNPACKING pc=0x000002641927a1af sp=0x00000088f91faf38 mode 2
Event: 16.317 Thread 0x00000264357dc000 Uncommon trap: trap_request=0xffffffc6 fr.pc=0x00000264211e4068 relative=0x0000000000000488
Event: 16.317 Thread 0x00000264357dc000 Uncommon trap: reason=bimorphic_or_optimized_type_check action=maybe_recompile pc=0x00000264211e4068 method=java.util.Collections.indexedBinarySearch(Ljava/util/List;Ljava/lang/Object;Ljava/util/Comparator;)I @ 3 c2
Event: 16.317 Thread 0x00000264357dc000 DEOPT PACKING pc=0x00000264211e4068 sp=0x00000088f91faff0
Event: 16.317 Thread 0x00000264357dc000 DEOPT UNPACKING pc=0x000002641927a1af sp=0x00000088f91faf38 mode 2
Event: 16.317 Thread 0x00000264357dc000 Uncommon trap: trap_request=0xffffffc6 fr.pc=0x00000264211e4068 relative=0x0000000000000488
Event: 16.317 Thread 0x00000264357dc000 Uncommon trap: reason=bimorphic_or_optimized_type_check action=maybe_recompile pc=0x00000264211e4068 method=java.util.Collections.indexedBinarySearch(Ljava/util/List;Ljava/lang/Object;Ljava/util/Comparator;)I @ 3 c2
Event: 16.317 Thread 0x00000264357dc000 DEOPT PACKING pc=0x00000264211e4068 sp=0x00000088f91faff0
Event: 16.317 Thread 0x00000264357dc000 DEOPT UNPACKING pc=0x000002641927a1af sp=0x00000088f91faf38 mode 2
Event: 16.527 Thread 0x00000264357dc000 DEOPT PACKING pc=0x000002641a7f92d0 sp=0x00000088f91fa840
Event: 16.527 Thread 0x00000264357dc000 DEOPT UNPACKING pc=0x000002641927a95e sp=0x00000088f91f9d58 mode 0

Classes redefined (0 events):
No events

Internal exceptions (20 events):
Event: 14.528 Thread 0x0000026431bd8000 Exception <a 'java/lang/NoSuchMethodError'{0x0000000089418920}: 'java.lang.Object java.lang.invoke.DirectMethodHandle$Holder.invokeInterface(java.lang.Object, java.lang.Object, int)'> (0x0000000089418920) thrown at [./src/hotspot/share/interpreter/linkResolver.cpp, line 773]
Event: 14.533 Thread 0x0000026431db4000 Exception <a 'java/lang/NoSuchMethodError'{0x0000000089487ea8}: <clinit>> (0x0000000089487ea8) thrown at [./src/hotspot/share/prims/jni.cpp, line 1365]
Event: 14.540 Thread 0x0000026431bd8000 Exception <a 'java/lang/NoSuchMethodError'{0x000000008942dd78}: 'void java.lang.invoke.DirectMethodHandle$Holder.invokeStatic(java.lang.Object, java.lang.Object, java.lang.Object, int)'> (0x000000008942dd78) thrown at [./src/hotspot/share/interpreter/linkResolver.cpp, line 773]
Event: 14.632 Thread 0x0000026431bd8000 Implicit null exception at 0x0000026420f9ed77 to 0x0000026420f9ef08
Event: 14.659 Thread 0x0000026431bd8000 Exception <a 'java/lang/IncompatibleClassChangeError'{0x00000000893e7e50}: Found class java.lang.Object, but interface was expected> (0x00000000893e7e50) thrown at [./src/hotspot/share/interpreter/linkResolver.cpp, line 839]
Event: 14.711 Thread 0x0000026431bd8000 Exception <a 'java/lang/NoSuchMethodError'{0x0000000088f0d540}: 'int java.lang.invoke.DirectMethodHandle$Holder.invokeStaticInit(java.lang.Object, java.lang.Object, java.lang.Object, java.lang.Object, java.lang.Object)'> (0x0000000088f0d540) thrown at [./src/hotspot/share/interpreter/linkResolver.cpp, line 773]
Event: 15.111 Thread 0x00000264357dc000 Exception <a 'java/lang/NoSuchMethodError'{0x00000000889d36f8}: 'void java.lang.invoke.DirectMethodHandle$Holder.invokeStatic(java.lang.Object, java.lang.Object, java.lang.Object, java.lang.Object, int, java.lang.Object, java.lang.Object)'> (0x00000000889d36f8) thrown at [./src/hotspot/share/interpreter/linkResolver.cpp, line 773]
Event: 15.142 Thread 0x00000264322f9000 Exception <a 'java/lang/NoSuchMethodError'{0x00000000884f72d0}: 'java.lang.Object java.lang.invoke.DirectMethodHandle$Holder.invokeSpecialIFC(java.lang.Object, java.lang.Object, java.lang.Object)'> (0x00000000884f72d0) thrown at [./src/hotspot/share/interpreter/linkResolver.cpp, line 773]
Event: 15.142 Thread 0x00000264322f4000 Exception <a 'java/lang/NoSuchMethodError'{0x0000000088337d08}: 'java.lang.Object java.lang.invoke.DirectMethodHandle$Holder.invokeSpecialIFC(java.lang.Object, java.lang.Object, java.lang.Object)'> (0x0000000088337d08) thrown at [./src/hotspot/share/interpreter/linkResolver.cpp, line 773]
Event: 15.143 Thread 0x00000264322fb800 Exception <a 'java/lang/NoSuchMethodError'{0x000000008831e140}: 'java.lang.Object java.lang.invoke.DirectMethodHandle$Holder.invokeSpecialIFC(java.lang.Object, java.lang.Object, java.lang.Object)'> (0x000000008831e140) thrown at [./src/hotspot/share/interpreter/linkResolver.cpp, line 773]
Event: 15.142 Thread 0x00000264357eb000 Exception <a 'java/lang/NoSuchMethodError'{0x0000000088310060}: 'java.lang.Object java.lang.invoke.DirectMethodHandle$Holder.invokeSpecialIFC(java.lang.Object, java.lang.Object, java.lang.Object)'> (0x0000000088310060) thrown at [./src/hotspot/share/interpreter/linkResolver.cpp, line 773]
Event: 16.078 Thread 0x00000264357dc000 Exception <a 'java/lang/NoSuchMethodError'{0x000000008b4170e0}: <clinit>> (0x000000008b4170e0) thrown at [./src/hotspot/share/prims/jni.cpp, line 1365]
Event: 16.078 Thread 0x00000264357dc000 Exception <a 'java/lang/NoSuchMethodError'{0x000000008b4186e8}: <clinit>> (0x000000008b4186e8) thrown at [./src/hotspot/share/prims/jni.cpp, line 1365]
Event: 16.078 Thread 0x00000264357dc000 Exception <a 'java/lang/NoSuchMethodError'{0x000000008b41b2e8}: <clinit>> (0x000000008b41b2e8) thrown at [./src/hotspot/share/prims/jni.cpp, line 1365]
Event: 16.079 Thread 0x00000264357dc000 Exception <a 'java/lang/NoSuchMethodError'{0x000000008b4336c0}: <clinit>> (0x000000008b4336c0) thrown at [./src/hotspot/share/prims/jni.cpp, line 1365]
Event: 16.079 Thread 0x00000264357dc000 Exception <a 'java/lang/NoSuchMethodError'{0x000000008b4348f8}: <clinit>> (0x000000008b4348f8) thrown at [./src/hotspot/share/prims/jni.cpp, line 1365]
Event: 16.382 Thread 0x0000026435188000 Exception <a 'java/lang/NoSuchMethodError'{0x0000000089a209f8}: 'void java.lang.invoke.DirectMethodHandle$Holder.invokeVirtual(java.lang.Object, java.lang.Object)'> (0x0000000089a209f8) thrown at [./src/hotspot/share/interpreter/linkResolver.cpp, line 773]
Event: 16.439 Thread 0x00000264357dc000 Exception <a 'java/lang/NoSuchMethodError'{0x000000008961be38}: 'int java.lang.invoke.DirectMethodHandle$Holder.invokeSpecial(java.lang.Object, java.lang.Object, java.lang.Object, java.lang.Object, java.lang.Object)'> (0x000000008961be38) thrown at [./src/hotspot/share/interpreter/linkResolver.cpp, line 773]
Event: 16.779 Thread 0x00000264357dc000 Exception <a 'java/lang/NoSuchMethodError'{0x00000000889f8f90}: 'java.lang.Object java.lang.invoke.Invokers$Holder.linkToTargetMethod(java.lang.Object, java.lang.Object, java.lang.Object, int, int, java.lang.Object)'> (0x00000000889f8f90) thrown at [./src/hotspot/share/interpreter/linkResolver.cpp, line 773]
Event: 16.788 Thread 0x00000264357dc000 Exception <a 'java/lang/NoSuchMethodError'{0x00000000888478a0}: 'void java.lang.invoke.DirectMethodHandle$Holder.invokeVirtual(java.lang.Object, java.lang.Object, java.lang.Object, java.lang.Object)'> (0x00000000888478a0) thrown at [./src/hotspot/share/interpreter/linkResolver.cpp, line 773]

Events (20 events):
Event: 16.919 loading class com/sun/tools/javac/code/Symbol done
Event: 16.919 loading class com/sun/tools/javac/code/Symbol
Event: 16.919 loading class com/sun/tools/javac/code/Symbol done
Event: 16.919 loading class com/sun/tools/javac/util/Filter
Event: 16.919 loading class com/sun/tools/javac/util/Filter done
Event: 16.932 loading class com/sun/tools/javac/comp/Env
Event: 16.932 loading class com/sun/tools/javac/comp/Env done
Event: 16.933 loading class com/sun/tools/javac/comp/Env
Event: 16.933 loading class com/sun/tools/javac/comp/Env done
Event: 16.933 loading class com/sun/tools/javac/comp/Resolve$RecoveryLoadClass
Event: 16.933 loading class com/sun/tools/javac/comp/Resolve$RecoveryLoadClass done
Event: 16.933 loading class com/sun/tools/javac/comp/Env
Event: 16.933 loading class com/sun/tools/javac/comp/Env done
Event: 16.933 loading class com/sun/tools/javac/comp/Resolve
Event: 16.933 loading class com/sun/tools/javac/comp/Resolve done
Event: 16.934 loading class com/sun/tools/javac/comp/Env
Event: 16.934 loading class com/sun/tools/javac/comp/Env done
Event: 16.934 loading class com/sun/tools/javac/comp/Resolve
Event: 16.934 loading class com/sun/tools/javac/comp/Resolve done
Event: 16.956 Executing VM operation: CollectForMetadataAllocation


Dynamic libraries:
0x00007ff7f8e90000 - 0x00007ff7f8e9a000 	C:\Program Files\Android\Android Studio\jre\bin\java.exe
0x00007ffc0cfd0000 - 0x00007ffc0d1e9000 	C:\WINDOWS\SYSTEM32\ntdll.dll
0x00007ffc0c0d0000 - 0x00007ffc0c192000 	C:\WINDOWS\System32\KERNEL32.DLL
0x00007ffc0a420000 - 0x00007ffc0a7bf000 	C:\WINDOWS\System32\KERNELBASE.dll
0x00007ffc0aa90000 - 0x00007ffc0ab99000 	C:\WINDOWS\System32\ucrtbase.dll
0x00007ffc020d0000 - 0x00007ffc020e7000 	C:\Program Files\Android\Android Studio\jre\bin\VCRUNTIME140.dll
0x00007ffc01ea0000 - 0x00007ffc01eb9000 	C:\Program Files\Android\Android Studio\jre\bin\jli.dll
0x00007ffc0ad80000 - 0x00007ffc0af2c000 	C:\WINDOWS\System32\USER32.dll
0x00007ffbf70a0000 - 0x00007ffbf732e000 	C:\WINDOWS\WinSxS\amd64_microsoft.windows.common-controls_6595b64144ccf1df_6.0.25188.1000_none_79003e7f0fe4f35d\COMCTL32.dll
0x00007ffc0ca60000 - 0x00007ffc0cb07000 	C:\WINDOWS\System32\msvcrt.dll
0x00007ffc0a8f0000 - 0x00007ffc0a916000 	C:\WINDOWS\System32\win32u.dll
0x00007ffc0c1a0000 - 0x00007ffc0c1c9000 	C:\WINDOWS\System32\GDI32.dll
0x00007ffc0ac60000 - 0x00007ffc0ad72000 	C:\WINDOWS\System32\gdi32full.dll
0x00007ffc0a7d0000 - 0x00007ffc0a86a000 	C:\WINDOWS\System32\msvcp_win.dll
0x00007ffc0b700000 - 0x00007ffc0b731000 	C:\WINDOWS\System32\IMM32.DLL
0x00007ffbf8120000 - 0x00007ffbf81bd000 	C:\Program Files\Android\Android Studio\jre\bin\msvcp140.dll
0x00007ffbd99d0000 - 0x00007ffbda4b5000 	C:\Program Files\Android\Android Studio\jre\bin\server\jvm.dll
0x00007ffc0c790000 - 0x00007ffc0c83f000 	C:\WINDOWS\System32\ADVAPI32.dll
0x00007ffc0c480000 - 0x00007ffc0c52a000 	C:\WINDOWS\System32\sechost.dll
0x00007ffc0b030000 - 0x00007ffc0b157000 	C:\WINDOWS\System32\RPCRT4.dll
0x00007ffc0b160000 - 0x00007ffc0b168000 	C:\WINDOWS\System32\PSAPI.DLL
0x00007ffc00dc0000 - 0x00007ffc00df6000 	C:\WINDOWS\SYSTEM32\WINMM.dll
0x00007ffbff6f0000 - 0x00007ffbff6fa000 	C:\WINDOWS\SYSTEM32\VERSION.dll
0x00007ffbf4210000 - 0x00007ffbf4219000 	C:\WINDOWS\SYSTEM32\WSOCK32.dll
0x00007ffc0b740000 - 0x00007ffc0b7af000 	C:\WINDOWS\System32\WS2_32.dll
0x00007ffc09320000 - 0x00007ffc09338000 	C:\WINDOWS\SYSTEM32\kernel.appcore.dll
0x00007ffc03ce0000 - 0x00007ffc03cf1000 	C:\Program Files\Android\Android Studio\jre\bin\verify.dll
0x00007ffc07db0000 - 0x00007ffc07fe1000 	C:\WINDOWS\SYSTEM32\DBGHELP.DLL
0x00007ffc0b1d0000 - 0x00007ffc0b559000 	C:\WINDOWS\System32\combase.dll
0x00007ffc0c8e0000 - 0x00007ffc0c9b7000 	C:\WINDOWS\System32\OLEAUT32.dll
0x00007ffbf2c20000 - 0x00007ffbf2c52000 	C:\WINDOWS\SYSTEM32\dbgcore.DLL
0x00007ffc0a870000 - 0x00007ffc0a8eb000 	C:\WINDOWS\System32\bcryptPrimitives.dll
0x00007ffc02420000 - 0x00007ffc02449000 	C:\Program Files\Android\Android Studio\jre\bin\java.dll
0x00007ffc07110000 - 0x00007ffc0711b000 	C:\Program Files\Android\Android Studio\jre\bin\jimage.dll
0x00007ffc02360000 - 0x00007ffc02378000 	C:\Program Files\Android\Android Studio\jre\bin\zip.dll
0x00007ffc0b8e0000 - 0x00007ffc0c0c3000 	C:\WINDOWS\System32\SHELL32.dll
0x00007ffc082c0000 - 0x00007ffc08b87000 	C:\WINDOWS\SYSTEM32\windows.storage.dll
0x00007ffc08130000 - 0x00007ffc082ba000 	C:\WINDOWS\SYSTEM32\wintypes.dll
0x00007ffc0b7f0000 - 0x00007ffc0b8dc000 	C:\WINDOWS\System32\SHCORE.dll
0x00007ffc0c410000 - 0x00007ffc0c46e000 	C:\WINDOWS\System32\shlwapi.dll
0x00007ffc0a2e0000 - 0x00007ffc0a303000 	C:\WINDOWS\SYSTEM32\profapi.dll
0x00007ffc022a0000 - 0x00007ffc022ba000 	C:\Program Files\Android\Android Studio\jre\bin\net.dll
0x00007ffbfff90000 - 0x00007ffc000bb000 	C:\WINDOWS\SYSTEM32\WINHTTP.dll
0x00007ffc097b0000 - 0x00007ffc09819000 	C:\WINDOWS\system32\mswsock.dll
0x00007ffc02260000 - 0x00007ffc02274000 	C:\Program Files\Android\Android Studio\jre\bin\nio.dll
0x00007ffbfb820000 - 0x00007ffbfb847000 	C:\Users\DELL\.gradle\native\e1d6ef7f7dcc3fd88c89a11ec53ec762bb8ba0a96d01ffa2cd45eb1d1d8dd5c5\windows-amd64\native-platform.dll
0x00007ffbf7fd0000 - 0x00007ffbf8114000 	C:\Users\DELL\.gradle\native\5664cfc778a61ccfe75a443a1ab52a65af34e5dc3c78e0209fed803814484fcb\windows-amd64\native-platform-file-events.dll
0x00007ffc049e0000 - 0x00007ffc049ea000 	C:\Program Files\Android\Android Studio\jre\bin\management.dll
0x00007ffc04950000 - 0x00007ffc0495d000 	C:\Program Files\Android\Android Studio\jre\bin\management_ext.dll
0x00007ffc09ad0000 - 0x00007ffc09aeb000 	C:\WINDOWS\SYSTEM32\CRYPTSP.dll
0x00007ffc09280000 - 0x00007ffc092b4000 	C:\WINDOWS\system32\rsaenh.dll
0x00007ffc09870000 - 0x00007ffc09898000 	C:\WINDOWS\SYSTEM32\USERENV.dll
0x00007ffc09c40000 - 0x00007ffc09c68000 	C:\WINDOWS\SYSTEM32\bcrypt.dll
0x00007ffc09ab0000 - 0x00007ffc09abc000 	C:\WINDOWS\SYSTEM32\CRYPTBASE.dll
0x00007ffc08df0000 - 0x00007ffc08e1d000 	C:\WINDOWS\SYSTEM32\IPHLPAPI.DLL
0x00007ffc0c470000 - 0x00007ffc0c479000 	C:\WINDOWS\System32\NSI.dll
0x00007ffbfff50000 - 0x00007ffbfff69000 	C:\WINDOWS\SYSTEM32\dhcpcsvc6.DLL
0x00007ffbfff20000 - 0x00007ffbfff3f000 	C:\WINDOWS\SYSTEM32\dhcpcsvc.DLL
0x00007ffc08e60000 - 0x00007ffc08f5e000 	C:\WINDOWS\SYSTEM32\DNSAPI.dll

dbghelp: loaded successfully - version: 4.0.5 - missing functions: none
symbol engine: initialized successfully - sym options: 0x614 - pdb path: .;C:\Program Files\Android\Android Studio\jre\bin;C:\WINDOWS\SYSTEM32;C:\WINDOWS\WinSxS\amd64_microsoft.windows.common-controls_6595b64144ccf1df_6.0.25188.1000_none_79003e7f0fe4f35d;C:\Program Files\Android\Android Studio\jre\bin\server;C:\Users\DELL\.gradle\native\e1d6ef7f7dcc3fd88c89a11ec53ec762bb8ba0a96d01ffa2cd45eb1d1d8dd5c5\windows-amd64;C:\Users\DELL\.gradle\native\5664cfc778a61ccfe75a443a1ab52a65af34e5dc3c78e0209fed803814484fcb\windows-amd64

VM Arguments:
jvm_args: --add-opens=java.base/java.util=ALL-UNNAMED --add-opens=java.base/java.lang=ALL-UNNAMED --add-opens=java.base/java.lang.invoke=ALL-UNNAMED --add-opens=java.base/java.util=ALL-UNNAMED --add-opens=java.prefs/java.util.prefs=ALL-UNNAMED --add-opens=java.prefs/java.util.prefs=ALL-UNNAMED --add-opens=java.base/java.nio.charset=ALL-UNNAMED --add-opens=java.base/java.net=ALL-UNNAMED --add-opens=java.base/java.util.concurrent.atomic=ALL-UNNAMED -Xmx2048m -Dfile.encoding=UTF-8 -Duser.country=US -Duser.language=en -Duser.variant 
java_command: org.gradle.launcher.daemon.bootstrap.GradleDaemon 7.3.3
java_class_path (initial): C:\Users\DELL\.gradle\wrapper\dists\gradle-7.3.3-bin\6a41zxkdtcxs8rphpq6y0069z\gradle-7.3.3\lib\gradle-launcher-7.3.3.jar
Launcher Type: SUN_STANDARD

[Global flags]
     intx CICompilerCount                          = 3                                         {product} {ergonomic}
     uint ConcGCThreads                            = 1                                         {product} {ergonomic}
     uint G1ConcRefinementThreads                  = 4                                         {product} {ergonomic}
   size_t G1HeapRegionSize                         = 1048576                                   {product} {ergonomic}
    uintx GCDrainStackTargetSize                   = 64                                        {product} {ergonomic}
   size_t InitialHeapSize                          = 132120576                                 {product} {ergonomic}
   size_t MarkStackSize                            = 4194304                                   {product} {ergonomic}
   size_t MaxHeapSize                              = 2147483648                                {product} {command line}
   size_t MaxNewSize                               = 1287651328                                {product} {ergonomic}
   size_t MinHeapDeltaBytes                        = 1048576                                   {product} {ergonomic}
    uintx NonNMethodCodeHeapSize                   = 5830732                                {pd product} {ergonomic}
    uintx NonProfiledCodeHeapSize                  = 122913754                              {pd product} {ergonomic}
    uintx ProfiledCodeHeapSize                     = 122913754                              {pd product} {ergonomic}
    uintx ReservedCodeCacheSize                    = 251658240                              {pd product} {ergonomic}
     bool SegmentedCodeCache                       = true                                      {product} {ergonomic}
     bool UseCompressedClassPointers               = true                                 {lp64_product} {ergonomic}
     bool UseCompressedOops                        = true                                 {lp64_product} {ergonomic}
     bool UseG1GC                                  = true                                      {product} {ergonomic}
     bool UseLargePagesIndividualAllocation        = false                                  {pd product} {ergonomic}

Logging:
Log output configuration:
 #0: stdout all=warning uptime,level,tags
 #1: stderr all=off uptime,level,tags

Environment Variables:
PATH=C:\Program Files\Common Files\Oracle\Java\javapath;C:\Program Files (x86)\Common Files\Oracle\Java\javapath;C:\WINDOWS\system32;C:\WINDOWS;C:\WINDOWS\System32\Wbem;C:\WINDOWS\System32\WindowsPowerShell\v1.0\;C:\WINDOWS\System32\OpenSSH\;C:\Program Files\Git\cmd;C:\Program Files\nodejs\;C:\Program Files\Java\jdk-18.0.2.1\bin;C:\Users\DELL\AppData\Local\Microsoft\WindowsApps;;C:\Users\DELL\AppData\Local\Programs\Microsoft VS Code\bin;C:\Program Files\JetBrains\PyCharm 2021.3\bin;
USERNAME=DELL
OS=Windows_NT
PROCESSOR_IDENTIFIER=Intel64 Family 6 Model 142 Stepping 9, GenuineIntel



---------------  S Y S T E M  ---------------

OS: Windows 10 , 64 bit Build 25188 (10.0.25188.1000)
OS uptime: 0 days 15:30 hours
Hyper-V role detected

CPU:total 4 (initial active 4) (2 cores per cpu, 2 threads per core) family 6 model 142 stepping 9 microcode 0xde, cmov, cx8, fxsr, mmx, sse, sse2, sse3, ssse3, sse4.1, sse4.2, popcnt, avx, avx2, aes, clmul, erms, 3dnowpref, lzcnt, ht, tsc, tscinvbit, bmi1, bmi2, adx, fma

Memory: 4k page, system-wide physical 8061M (259M free)
TotalPageFile size 9959M (AvailPageFile size 5M)
current process WorkingSet (physical memory assigned to process): 465M, peak: 465M
current process commit charge ("private bytes"): 493M, peak: 494M

vm_info: OpenJDK 64-Bit Server VM (11.0.12+7-b1504.28-7817840) for windows-amd64 JRE (11.0.12+7-b1504.28-7817840), built on Oct 13 2021 22:12:33 by "builder" with MS VC++ 14.0 (VS2015)

END.
