#
# There is insufficient memory for the Java Runtime Environment to continue.
# Native memory allocation (malloc) failed to allocate 1973936 bytes for Chunk::new
# Possible reasons:
#   The system is out of physical RAM or swap space
#   The process is running with CompressedOops enabled, and the Java Heap may be blocking the growth of the native heap
# Possible solutions:
#   Reduce memory load on the system
#   Increase physical memory or swap space
#   Check if swap backing store is full
#   Decrease Java heap size (-Xmx/-Xms)
#   Decrease number of Java threads
#   Decrease Java thread stack sizes (-Xss)
#   Set larger code cache with -XX:ReservedCodeCacheSize=
#   JVM is running with Unscaled Compressed Oops mode in which the Java heap is
#     placed in the first 4GB address space. The Java Heap base address is the
#     maximum limit for the native heap growth. Please use -XX:HeapBaseMinAddress
#     to set the Java Heap base and to place the Java Heap above 4GB virtual address.
# This output file may be truncated or incomplete.
#
#  Out of Memory Error (./src/hotspot/share/memory/arena.cpp:197), pid=22188, tid=23080
#
# JRE version: OpenJDK Runtime Environment (11.0.12+7) (build 11.0.12+7-b1504.28-7817840)
# Java VM: OpenJDK 64-Bit Server VM (11.0.12+7-b1504.28-7817840, mixed mode, tiered, compressed oops, g1 gc, windows-amd64)
# No core dump will be written. Minidumps are not enabled by default on client versions of Windows
#

---------------  S U M M A R Y ------------

Command Line: --add-opens=java.base/java.util=ALL-UNNAMED --add-opens=java.base/java.lang=ALL-UNNAMED --add-opens=java.base/java.lang.invoke=ALL-UNNAMED --add-opens=java.base/java.util=ALL-UNNAMED --add-opens=java.prefs/java.util.prefs=ALL-UNNAMED --add-opens=java.prefs/java.util.prefs=ALL-UNNAMED --add-opens=java.base/java.nio.charset=ALL-UNNAMED --add-opens=java.base/java.net=ALL-UNNAMED --add-opens=java.base/java.util.concurrent.atomic=ALL-UNNAMED -Xmx2048m -Dfile.encoding=UTF-8 -Duser.country=US -Duser.language=en -Duser.variant org.gradle.launcher.daemon.bootstrap.GradleDaemon 7.3.3

Host: Intel(R) Core(TM) i7-7500U CPU @ 2.70GHz, 4 cores, 7G,  Windows 10 , 64 bit Build 25182 (10.0.25182.1000)
Time: Sun Aug 28 09:59:01 2022 Pakistan Standard Time elapsed time: 35.221926 seconds (0d 0h 0m 35s)

---------------  T H R E A D  ---------------

Current thread (0x00000203338ff800):  JavaThread "C2 CompilerThread0" daemon [_thread_in_native, id=23080, stack(0x000000a096e00000,0x000000a096f00000)]


Current CompileTask:
C2:  35222 6697       4       sun.reflect.generics.parser.SignatureParser::parsePackageNameAndSimpleClassTypeSignature (119 bytes)

Stack: [0x000000a096e00000,0x000000a096f00000]
Native frames: (J=compiled Java code, j=interpreted, Vv=VM code, C=native code)
V  [jvm.dll+0x5fbcea]
V  [jvm.dll+0x731905]
V  [jvm.dll+0x732f1d]
V  [jvm.dll+0x7335d3]
V  [jvm.dll+0x247bf8]
V  [jvm.dll+0xc018c]
V  [jvm.dll+0xc06cc]
V  [jvm.dll+0x35b2db]
V  [jvm.dll+0x328803]
V  [jvm.dll+0x327cfa]
V  [jvm.dll+0x200602]
V  [jvm.dll+0x1ff794]
V  [jvm.dll+0x18868c]
V  [jvm.dll+0x20e0d7]
V  [jvm.dll+0x20c901]
V  [jvm.dll+0x6f9b7f]
V  [jvm.dll+0x6f26a5]
V  [jvm.dll+0x5fabf6]
C  [ucrtbase.dll+0x6a0e1]
C  [KERNEL32.DLL+0x1458d]
C  [ntdll.dll+0x67558]


---------------  P R O C E S S  ---------------

Threads class SMR info:
_java_thread_list=0x00000203388ffcd0, length=78, elements={
0x0000020319ce8000, 0x00000203338df800, 0x00000203338e1800, 0x0000020334262800,
0x00000203338fb800, 0x00000203338fe800, 0x00000203338ff800, 0x0000020333905000,
0x000002033391e000, 0x00000203343aa800, 0x0000020335583000, 0x0000020335bf6800,
0x00000203356eb800, 0x00000203359aa000, 0x000002033607f000, 0x0000020334f25800,
0x0000020334f26800, 0x00000203361cc000, 0x00000203361cd000, 0x00000203362ec000,
0x00000203362e6000, 0x00000203362e8800, 0x00000203362e9800, 0x00000203362eb000,
0x00000203362e7800, 0x00000203362ec800, 0x00000203362ea000, 0x00000203362e7000,
0x000002033840d800, 0x000002033840f000, 0x000002033840b000, 0x000002033840c000,
0x0000020338409800, 0x0000020338410000, 0x000002033840a000, 0x0000020338415000,
0x0000020338415800, 0x0000020338411800, 0x0000020338416800, 0x0000020338410800,
0x0000020338417000, 0x0000020338418000, 0x0000020338412800, 0x0000020338413000,
0x0000020338414000, 0x0000020338abb000, 0x0000020338abc800, 0x0000020338aba800,
0x0000020338abc000, 0x0000020338ac2800, 0x0000020338abd800, 0x0000020338ac3800,
0x0000020338ac1000, 0x0000020338ac4000, 0x0000020338ac1800, 0x0000020338abe800,
0x0000020338abf000, 0x0000020338ac5000, 0x0000020338ac5800, 0x0000020338ac0000,
0x0000020338ac6800, 0x0000020338ac9000, 0x0000020338ac7800, 0x0000020338ac8000,
0x0000020339299000, 0x0000020339298800, 0x0000020339295000, 0x0000020339293800,
0x0000020339297800, 0x0000020339294800, 0x000002033929a000, 0x000002033929b800,
0x0000020339296800, 0x000002033929b000, 0x0000020339296000, 0x000002033929c800,
0x000002033929d000, 0x000002033929e000
}

Java Threads: ( => current thread )
  0x0000020319ce8000 JavaThread "main" [_thread_blocked, id=22392, stack(0x000000a096200000,0x000000a096300000)]
  0x00000203338df800 JavaThread "Reference Handler" daemon [_thread_blocked, id=19568, stack(0x000000a096900000,0x000000a096a00000)]
  0x00000203338e1800 JavaThread "Finalizer" daemon [_thread_blocked, id=23792, stack(0x000000a096a00000,0x000000a096b00000)]
  0x0000020334262800 JavaThread "Signal Dispatcher" daemon [_thread_blocked, id=17640, stack(0x000000a096b00000,0x000000a096c00000)]
  0x00000203338fb800 JavaThread "Attach Listener" daemon [_thread_blocked, id=3984, stack(0x000000a096c00000,0x000000a096d00000)]
  0x00000203338fe800 JavaThread "Service Thread" daemon [_thread_blocked, id=19252, stack(0x000000a096d00000,0x000000a096e00000)]
=>0x00000203338ff800 JavaThread "C2 CompilerThread0" daemon [_thread_in_native, id=23080, stack(0x000000a096e00000,0x000000a096f00000)]
  0x0000020333905000 JavaThread "C1 CompilerThread0" daemon [_thread_blocked, id=15668, stack(0x000000a096f00000,0x000000a097000000)]
  0x000002033391e000 JavaThread "Sweeper thread" daemon [_thread_blocked, id=22536, stack(0x000000a097000000,0x000000a097100000)]
  0x00000203343aa800 JavaThread "Common-Cleaner" daemon [_thread_blocked, id=13840, stack(0x000000a097100000,0x000000a097200000)]
  0x0000020335583000 JavaThread "Daemon health stats" [_thread_blocked, id=15312, stack(0x000000a097600000,0x000000a097700000)]
  0x0000020335bf6800 JavaThread "Incoming local TCP Connector on port 62442" [_thread_in_native, id=3164, stack(0x000000a097700000,0x000000a097800000)]
  0x00000203356eb800 JavaThread "Daemon periodic checks" [_thread_blocked, id=21932, stack(0x000000a097800000,0x000000a097900000)]
  0x00000203359aa000 JavaThread "Daemon" [_thread_blocked, id=21596, stack(0x000000a097900000,0x000000a097a00000)]
  0x000002033607f000 JavaThread "Handler for socket connection from /127.0.0.1:62442 to /127.0.0.1:62443" [_thread_in_native, id=19996, stack(0x000000a097a00000,0x000000a097b00000)]
  0x0000020334f25800 JavaThread "Cancel handler" [_thread_blocked, id=22524, stack(0x000000a097b00000,0x000000a097c00000)]
  0x0000020334f26800 JavaThread "Daemon worker" [_thread_in_vm, id=25196, stack(0x000000a097c00000,0x000000a097d00000)]
  0x00000203361cc000 JavaThread "Asynchronous log dispatcher for DefaultDaemonConnection: socket connection from /127.0.0.1:62442 to /127.0.0.1:62443" [_thread_blocked, id=22740, stack(0x000000a097d00000,0x000000a097e00000)]
  0x00000203361cd000 JavaThread "Stdin handler" [_thread_blocked, id=19676, stack(0x000000a097e00000,0x000000a097f00000)]
  0x00000203362ec000 JavaThread "Daemon client event forwarder" [_thread_blocked, id=6400, stack(0x000000a097f00000,0x000000a098000000)]
  0x00000203362e6000 JavaThread "Cache worker for journal cache (C:\Users\DELL\.gradle\caches\journal-1)" [_thread_blocked, id=21840, stack(0x000000a098100000,0x000000a098200000)]
  0x00000203362e8800 JavaThread "File lock request listener" [_thread_in_native, id=22872, stack(0x000000a098200000,0x000000a098300000)]
  0x00000203362e9800 JavaThread "Cache worker for file hash cache (C:\Users\DELL\.gradle\caches\7.3.3\fileHashes)" [_thread_blocked, id=18008, stack(0x000000a098300000,0x000000a098400000)]
  0x00000203362eb000 JavaThread "Cache worker for file hash cache (C:\Users\DELL\AndroidStudioProjects\Assign_2_BSCS_19011519006\.gradle\7.3.3\fileHashes)" [_thread_blocked, id=23776, stack(0x000000a098400000,0x000000a098500000)]
  0x00000203362e7800 JavaThread "File watcher server" daemon [_thread_in_native, id=23232, stack(0x000000a098500000,0x000000a098600000)]
  0x00000203362ec800 JavaThread "File watcher consumer" daemon [_thread_blocked, id=19516, stack(0x000000a098600000,0x000000a098700000)]
  0x00000203362ea000 JavaThread "Cache worker for checksums cache (C:\Users\DELL\AndroidStudioProjects\Assign_2_BSCS_19011519006\.gradle\7.3.3\checksums)" [_thread_blocked, id=21868, stack(0x000000a098700000,0x000000a098800000)]
  0x00000203362e7000 JavaThread "Cache worker for cache directory md-supplier (C:\Users\DELL\.gradle\caches\7.3.3\md-supplier)" [_thread_blocked, id=9300, stack(0x000000a098800000,0x000000a098900000)]
  0x000002033840d800 JavaThread "Cache worker for cache directory md-rule (C:\Users\DELL\.gradle\caches\7.3.3\md-rule)" [_thread_blocked, id=19392, stack(0x000000a098900000,0x000000a098a00000)]
  0x000002033840f000 JavaThread "Cache worker for execution history cache (C:\Users\DELL\.gradle\caches\7.3.3\executionHistory)" [_thread_blocked, id=21412, stack(0x000000a098a00000,0x000000a098b00000)]
  0x000002033840b000 JavaThread "jar transforms" [_thread_blocked, id=22388, stack(0x000000a098b00000,0x000000a098c00000)]
  0x000002033840c000 JavaThread "Cache worker for file content cache (C:\Users\DELL\.gradle\caches\7.3.3\fileContent)" [_thread_blocked, id=20608, stack(0x000000a098c00000,0x000000a098d00000)]
  0x0000020338409800 JavaThread "jar transforms Thread 2" [_thread_blocked, id=22060, stack(0x000000a098d00000,0x000000a098e00000)]
  0x0000020338410000 JavaThread "Cache worker for dependencies-accessors (C:\Users\DELL\AndroidStudioProjects\Assign_2_BSCS_19011519006\.gradle\7.3.3\dependencies-accessors)" [_thread_blocked, id=22444, stack(0x000000a098e00000,0x000000a098f00000)]
  0x000002033840a000 JavaThread "jar transforms Thread 3" [_thread_blocked, id=24572, stack(0x000000a098f00000,0x000000a099000000)]
  0x0000020338415000 JavaThread "Cache worker for Build Output Cleanup Cache (C:\Users\DELL\AndroidStudioProjects\Assign_2_BSCS_19011519006\.gradle\buildOutputCleanup)" [_thread_blocked, id=24884, stack(0x000000a099000000,0x000000a099100000)]
  0x0000020338415800 JavaThread "Unconstrained build operations" [_thread_blocked, id=11588, stack(0x000000a099100000,0x000000a099200000)]
  0x0000020338411800 JavaThread "Unconstrained build operations Thread 2" [_thread_blocked, id=15512, stack(0x000000a099200000,0x000000a099300000)]
  0x0000020338416800 JavaThread "Unconstrained build operations Thread 3" [_thread_blocked, id=25492, stack(0x000000a099300000,0x000000a099400000)]
  0x0000020338410800 JavaThread "Unconstrained build operations Thread 4" [_thread_blocked, id=22812, stack(0x000000a099400000,0x000000a099500000)]
  0x0000020338417000 JavaThread "Unconstrained build operations Thread 5" [_thread_blocked, id=22632, stack(0x000000a099500000,0x000000a099600000)]
  0x0000020338418000 JavaThread "Unconstrained build operations Thread 6" [_thread_blocked, id=21036, stack(0x000000a099600000,0x000000a099700000)]
  0x0000020338412800 JavaThread "Unconstrained build operations Thread 7" [_thread_blocked, id=21244, stack(0x000000a099700000,0x000000a099800000)]
  0x0000020338413000 JavaThread "Unconstrained build operations Thread 8" [_thread_blocked, id=23320, stack(0x000000a099800000,0x000000a099900000)]
  0x0000020338414000 JavaThread "Unconstrained build operations Thread 9" [_thread_blocked, id=23512, stack(0x000000a099900000,0x000000a099a00000)]
  0x0000020338abb000 JavaThread "Unconstrained build operations Thread 10" [_thread_blocked, id=23572, stack(0x000000a099a00000,0x000000a099b00000)]
  0x0000020338abc800 JavaThread "Unconstrained build operations Thread 11" [_thread_blocked, id=21956, stack(0x000000a099b00000,0x000000a099c00000)]
  0x0000020338aba800 JavaThread "Unconstrained build operations Thread 12" [_thread_blocked, id=22296, stack(0x000000a099c00000,0x000000a099d00000)]
  0x0000020338abc000 JavaThread "Unconstrained build operations Thread 13" [_thread_blocked, id=22212, stack(0x000000a099d00000,0x000000a099e00000)]
  0x0000020338ac2800 JavaThread "Unconstrained build operations Thread 14" [_thread_blocked, id=25356, stack(0x000000a099e00000,0x000000a099f00000)]
  0x0000020338abd800 JavaThread "Unconstrained build operations Thread 15" [_thread_blocked, id=22380, stack(0x000000a099f00000,0x000000a09a000000)]
  0x0000020338ac3800 JavaThread "Unconstrained build operations Thread 16" [_thread_blocked, id=19220, stack(0x000000a09a000000,0x000000a09a100000)]
  0x0000020338ac1000 JavaThread "Unconstrained build operations Thread 17" [_thread_blocked, id=18032, stack(0x000000a09a100000,0x000000a09a200000)]
  0x0000020338ac4000 JavaThread "Unconstrained build operations Thread 18" [_thread_blocked, id=25068, stack(0x000000a09a200000,0x000000a09a300000)]
  0x0000020338ac1800 JavaThread "Unconstrained build operations Thread 19" [_thread_blocked, id=21936, stack(0x000000a09a300000,0x000000a09a400000)]
  0x0000020338abe800 JavaThread "Unconstrained build operations Thread 20" [_thread_blocked, id=16540, stack(0x000000a09a400000,0x000000a09a500000)]
  0x0000020338abf000 JavaThread "Unconstrained build operations Thread 21" [_thread_blocked, id=23940, stack(0x000000a09a500000,0x000000a09a600000)]
  0x0000020338ac5000 JavaThread "Unconstrained build operations Thread 22" [_thread_blocked, id=23852, stack(0x000000a09a600000,0x000000a09a700000)]
  0x0000020338ac5800 JavaThread "Unconstrained build operations Thread 23" [_thread_blocked, id=22124, stack(0x000000a09a700000,0x000000a09a800000)]
  0x0000020338ac0000 JavaThread "Unconstrained build operations Thread 24" [_thread_blocked, id=20284, stack(0x000000a09a800000,0x000000a09a900000)]
  0x0000020338ac6800 JavaThread "Unconstrained build operations Thread 25" [_thread_blocked, id=8140, stack(0x000000a09a900000,0x000000a09aa00000)]
  0x0000020338ac9000 JavaThread "Unconstrained build operations Thread 26" [_thread_blocked, id=22928, stack(0x000000a09aa00000,0x000000a09ab00000)]
  0x0000020338ac7800 JavaThread "Unconstrained build operations Thread 27" [_thread_blocked, id=21172, stack(0x000000a09ab00000,0x000000a09ac00000)]
  0x0000020338ac8000 JavaThread "Unconstrained build operations Thread 28" [_thread_blocked, id=13828, stack(0x000000a09ac00000,0x000000a09ad00000)]
  0x0000020339299000 JavaThread "Unconstrained build operations Thread 29" [_thread_blocked, id=16804, stack(0x000000a09ad00000,0x000000a09ae00000)]
  0x0000020339298800 JavaThread "Unconstrained build operations Thread 30" [_thread_blocked, id=22964, stack(0x000000a09ae00000,0x000000a09af00000)]
  0x0000020339295000 JavaThread "Unconstrained build operations Thread 31" [_thread_blocked, id=17224, stack(0x000000a09af00000,0x000000a09b000000)]
  0x0000020339293800 JavaThread "Unconstrained build operations Thread 32" [_thread_blocked, id=19868, stack(0x000000a09b000000,0x000000a09b100000)]
  0x0000020339297800 JavaThread "Unconstrained build operations Thread 33" [_thread_blocked, id=9288, stack(0x000000a09b100000,0x000000a09b200000)]
  0x0000020339294800 JavaThread "Unconstrained build operations Thread 34" [_thread_blocked, id=20408, stack(0x000000a09b200000,0x000000a09b300000)]
  0x000002033929a000 JavaThread "Unconstrained build operations Thread 35" [_thread_blocked, id=24452, stack(0x000000a09b300000,0x000000a09b400000)]
  0x000002033929b800 JavaThread "Unconstrained build operations Thread 36" [_thread_blocked, id=19500, stack(0x000000a09b400000,0x000000a09b500000)]
  0x0000020339296800 JavaThread "Unconstrained build operations Thread 37" [_thread_blocked, id=20120, stack(0x000000a09b500000,0x000000a09b600000)]
  0x000002033929b000 JavaThread "Unconstrained build operations Thread 38" [_thread_blocked, id=23280, stack(0x000000a09b600000,0x000000a09b700000)]
  0x0000020339296000 JavaThread "Unconstrained build operations Thread 39" [_thread_blocked, id=19484, stack(0x000000a09b700000,0x000000a09b800000)]
  0x000002033929c800 JavaThread "Unconstrained build operations Thread 40" [_thread_blocked, id=23892, stack(0x000000a09b800000,0x000000a09b900000)]
  0x000002033929d000 JavaThread "jar transforms Thread 4" [_thread_blocked, id=23808, stack(0x000000a09b900000,0x000000a09ba00000)]
  0x000002033929e000 JavaThread "Memory manager" [_thread_blocked, id=24112, stack(0x000000a09ba00000,0x000000a09bb00000)]

Other Threads:
  0x00000203338dc000 VMThread "VM Thread" [stack: 0x000000a096800000,0x000000a096900000] [id=9324]
  0x00000203343c4000 WatcherThread [stack: 0x000000a097200000,0x000000a097300000] [id=13488]
  0x0000020319d03000 GCTaskThread "GC Thread#0" [stack: 0x000000a096300000,0x000000a096400000] [id=21884]
  0x00000203349fe000 GCTaskThread "GC Thread#1" [stack: 0x000000a097400000,0x000000a097500000] [id=24560]
  0x0000020334616000 GCTaskThread "GC Thread#2" [stack: 0x000000a097500000,0x000000a097600000] [id=22140]
  0x0000020336305000 GCTaskThread "GC Thread#3" [stack: 0x000000a098000000,0x000000a098100000] [id=22516]
  0x0000020319d33800 ConcurrentGCThread "G1 Main Marker" [stack: 0x000000a096400000,0x000000a096500000] [id=24908]
  0x0000020319d35000 ConcurrentGCThread "G1 Conc#0" [stack: 0x000000a096500000,0x000000a096600000] [id=1632]
  0x0000020333730800 ConcurrentGCThread "G1 Refine#0" [stack: 0x000000a096600000,0x000000a096700000] [id=12728]
  0x0000020333731800 ConcurrentGCThread "G1 Young RemSet Sampling" [stack: 0x000000a096700000,0x000000a096800000] [id=21140]

Threads with active compile tasks:
C2 CompilerThread0  35281 6697       4       sun.reflect.generics.parser.SignatureParser::parsePackageNameAndSimpleClassTypeSignature (119 bytes)

VM state:not at safepoint (normal execution)

VM Mutex/Monitor currently owned by a thread: None

Heap address: 0x0000000080000000, size: 2048 MB, Compressed Oops mode: 32-bit
Narrow klass base: 0x0000000000000000, Narrow klass shift: 3
Compressed class space size: 1073741824 Address: 0x0000000100000000

Heap:
 garbage-first heap   total 187392K, used 108123K [0x0000000080000000, 0x0000000100000000)
  region size 1024K, 62 young (63488K), 8 survivors (8192K)
 Metaspace       used 67452K, capacity 69048K, committed 69420K, reserved 1110016K
  class space    used 8620K, capacity 9222K, committed 9344K, reserved 1048576K
Heap Regions: E=young(eden), S=young(survivor), O=old, HS=humongous(starts), HC=humongous(continues), CS=collection set, F=free, A=archive, TAMS=top-at-mark-start (previous, next)
|   0|0x0000000080000000, 0x0000000080100000, 0x0000000080100000|100%| O|  |TAMS 0x0000000080100000, 0x0000000080000000| Untracked 
|   1|0x0000000080100000, 0x0000000080200000, 0x0000000080200000|100%| O|  |TAMS 0x0000000080200000, 0x0000000080100000| Untracked 
|   2|0x0000000080200000, 0x0000000080300000, 0x0000000080300000|100%| O|  |TAMS 0x0000000080300000, 0x0000000080200000| Untracked 
|   3|0x0000000080300000, 0x0000000080400000, 0x0000000080400000|100%|HS|  |TAMS 0x0000000080400000, 0x0000000080300000| Complete 
|   4|0x0000000080400000, 0x0000000080500000, 0x0000000080500000|100%|HC|  |TAMS 0x0000000080500000, 0x0000000080400000| Complete 
|   5|0x0000000080500000, 0x0000000080600000, 0x0000000080600000|100%|HC|  |TAMS 0x0000000080600000, 0x0000000080500000| Complete 
|   6|0x0000000080600000, 0x0000000080700000, 0x0000000080700000|100%| O|  |TAMS 0x0000000080700000, 0x0000000080600000| Untracked 
|   7|0x0000000080700000, 0x0000000080800000, 0x0000000080800000|100%| O|  |TAMS 0x0000000080800000, 0x0000000080700000| Untracked 
|   8|0x0000000080800000, 0x0000000080900000, 0x0000000080900000|100%| O|  |TAMS 0x0000000080900000, 0x0000000080800000| Untracked 
|   9|0x0000000080900000, 0x0000000080a00000, 0x0000000080a00000|100%| O|  |TAMS 0x0000000080a00000, 0x0000000080900000| Untracked 
|  10|0x0000000080a00000, 0x0000000080b00000, 0x0000000080b00000|100%| O|  |TAMS 0x0000000080b00000, 0x0000000080a00000| Untracked 
|  11|0x0000000080b00000, 0x0000000080c00000, 0x0000000080c00000|100%| O|  |TAMS 0x0000000080c00000, 0x0000000080b00000| Untracked 
|  12|0x0000000080c00000, 0x0000000080d00000, 0x0000000080d00000|100%| O|  |TAMS 0x0000000080d00000, 0x0000000080c00000| Untracked 
|  13|0x0000000080d00000, 0x0000000080e00000, 0x0000000080e00000|100%| O|  |TAMS 0x0000000080e00000, 0x0000000080d00000| Untracked 
|  14|0x0000000080e00000, 0x0000000080f00000, 0x0000000080f00000|100%|HS|  |TAMS 0x0000000080f00000, 0x0000000080e00000| Complete 
|  15|0x0000000080f00000, 0x0000000081000000, 0x0000000081000000|100%| O|  |TAMS 0x0000000081000000, 0x0000000080f00000| Untracked 
|  16|0x0000000081000000, 0x0000000081100000, 0x0000000081100000|100%| O|  |TAMS 0x0000000081100000, 0x0000000081000000| Untracked 
|  17|0x0000000081100000, 0x0000000081200000, 0x0000000081200000|100%| O|  |TAMS 0x0000000081200000, 0x0000000081100000| Untracked 
|  18|0x0000000081200000, 0x0000000081300000, 0x0000000081300000|100%| O|  |TAMS 0x0000000081300000, 0x0000000081200000| Untracked 
|  19|0x0000000081300000, 0x0000000081400000, 0x0000000081400000|100%| O|  |TAMS 0x0000000081400000, 0x0000000081300000| Untracked 
|  20|0x0000000081400000, 0x0000000081500000, 0x0000000081500000|100%| O|  |TAMS 0x0000000081500000, 0x0000000081400000| Untracked 
|  21|0x0000000081500000, 0x0000000081600000, 0x0000000081600000|100%| O|  |TAMS 0x0000000081600000, 0x0000000081500000| Untracked 
|  22|0x0000000081600000, 0x0000000081700000, 0x0000000081700000|100%| O|  |TAMS 0x0000000081700000, 0x0000000081600000| Untracked 
|  23|0x0000000081700000, 0x0000000081800000, 0x0000000081800000|100%| O|  |TAMS 0x0000000081800000, 0x0000000081700000| Untracked 
|  24|0x0000000081800000, 0x0000000081900000, 0x0000000081900000|100%|HS|  |TAMS 0x0000000081900000, 0x0000000081800000| Complete 
|  25|0x0000000081900000, 0x0000000081a00000, 0x0000000081a00000|100%|HS|  |TAMS 0x0000000081a00000, 0x0000000081900000| Complete 
|  26|0x0000000081a00000, 0x0000000081b00000, 0x0000000081b00000|100%|HC|  |TAMS 0x0000000081b00000, 0x0000000081a00000| Complete 
|  27|0x0000000081b00000, 0x0000000081c00000, 0x0000000081c00000|100%| O|  |TAMS 0x0000000081c00000, 0x0000000081b00000| Untracked 
|  28|0x0000000081c00000, 0x0000000081d00000, 0x0000000081d00000|100%| O|  |TAMS 0x0000000081d00000, 0x0000000081c00000| Untracked 
|  29|0x0000000081d00000, 0x0000000081e00000, 0x0000000081e00000|100%| O|  |TAMS 0x0000000081e00000, 0x0000000081d00000| Untracked 
|  30|0x0000000081e00000, 0x0000000081f00000, 0x0000000081f00000|100%| O|  |TAMS 0x0000000081f00000, 0x0000000081e00000| Untracked 
|  31|0x0000000081f00000, 0x0000000082000000, 0x0000000082000000|100%| O|  |TAMS 0x0000000082000000, 0x0000000081f00000| Untracked 
|  32|0x0000000082000000, 0x0000000082100000, 0x0000000082100000|100%| O|  |TAMS 0x0000000082100000, 0x0000000082000000| Untracked 
|  33|0x0000000082100000, 0x0000000082200000, 0x0000000082200000|100%| O|  |TAMS 0x0000000082200000, 0x0000000082100000| Untracked 
|  34|0x0000000082200000, 0x0000000082300000, 0x0000000082300000|100%| O|  |TAMS 0x0000000082300000, 0x0000000082200000| Untracked 
|  35|0x0000000082300000, 0x0000000082400000, 0x0000000082400000|100%| O|  |TAMS 0x0000000082400000, 0x0000000082300000| Untracked 
|  36|0x0000000082400000, 0x0000000082500000, 0x0000000082500000|100%| O|  |TAMS 0x0000000082500000, 0x0000000082400000| Untracked 
|  37|0x0000000082500000, 0x0000000082600000, 0x0000000082600000|100%| O|  |TAMS 0x0000000082600000, 0x0000000082500000| Untracked 
|  38|0x0000000082600000, 0x0000000082700000, 0x0000000082700000|100%| O|  |TAMS 0x0000000082700000, 0x0000000082600000| Untracked 
|  39|0x0000000082700000, 0x0000000082800000, 0x0000000082800000|100%| O|  |TAMS 0x0000000082800000, 0x0000000082700000| Untracked 
|  40|0x0000000082800000, 0x0000000082900000, 0x0000000082900000|100%| O|  |TAMS 0x0000000082900000, 0x0000000082800000| Untracked 
|  41|0x0000000082900000, 0x0000000082a00000, 0x0000000082a00000|100%| O|  |TAMS 0x0000000082a00000, 0x0000000082900000| Untracked 
|  42|0x0000000082a00000, 0x0000000082b00000, 0x0000000082b00000|100%| O|  |TAMS 0x0000000082b00000, 0x0000000082a00000| Untracked 
|  43|0x0000000082b00000, 0x0000000082c00000, 0x0000000082c00000|100%| O|  |TAMS 0x0000000082c00000, 0x0000000082b00000| Untracked 
|  44|0x0000000082c00000, 0x0000000082d00000, 0x0000000082d00000|100%| O|  |TAMS 0x0000000082d00000, 0x0000000082c00000| Untracked 
|  45|0x0000000082d00000, 0x0000000082d4d800, 0x0000000082e00000| 30%| O|  |TAMS 0x0000000082d4d800, 0x0000000082d00000| Untracked 
|  46|0x0000000082e00000, 0x0000000082e00000, 0x0000000082f00000|  0%| F|  |TAMS 0x0000000082e00000, 0x0000000082e00000| Untracked 
|  47|0x0000000082f00000, 0x0000000082f00000, 0x0000000083000000|  0%| F|  |TAMS 0x0000000082f00000, 0x0000000082f00000| Untracked 
|  48|0x0000000083000000, 0x0000000083000000, 0x0000000083100000|  0%| F|  |TAMS 0x0000000083000000, 0x0000000083000000| Untracked 
|  49|0x0000000083100000, 0x0000000083100000, 0x0000000083200000|  0%| F|  |TAMS 0x0000000083100000, 0x0000000083100000| Untracked 
|  50|0x0000000083200000, 0x0000000083200000, 0x0000000083300000|  0%| F|  |TAMS 0x0000000083200000, 0x0000000083200000| Untracked 
|  51|0x0000000083300000, 0x0000000083300000, 0x0000000083400000|  0%| F|  |TAMS 0x0000000083300000, 0x0000000083300000| Untracked 
|  52|0x0000000083400000, 0x0000000083400000, 0x0000000083500000|  0%| F|  |TAMS 0x0000000083400000, 0x0000000083400000| Untracked 
|  53|0x0000000083500000, 0x0000000083500000, 0x0000000083600000|  0%| F|  |TAMS 0x0000000083500000, 0x0000000083500000| Untracked 
|  54|0x0000000083600000, 0x0000000083600000, 0x0000000083700000|  0%| F|  |TAMS 0x0000000083600000, 0x0000000083600000| Untracked 
|  55|0x0000000083700000, 0x0000000083700000, 0x0000000083800000|  0%| F|  |TAMS 0x0000000083700000, 0x0000000083700000| Untracked 
|  56|0x0000000083800000, 0x0000000083800000, 0x0000000083900000|  0%| F|  |TAMS 0x0000000083800000, 0x0000000083800000| Untracked 
|  57|0x0000000083900000, 0x0000000083900000, 0x0000000083a00000|  0%| F|  |TAMS 0x0000000083900000, 0x0000000083900000| Untracked 
|  58|0x0000000083a00000, 0x0000000083a00000, 0x0000000083b00000|  0%| F|  |TAMS 0x0000000083a00000, 0x0000000083a00000| Untracked 
|  59|0x0000000083b00000, 0x0000000083b00000, 0x0000000083c00000|  0%| F|  |TAMS 0x0000000083b00000, 0x0000000083b00000| Untracked 
|  60|0x0000000083c00000, 0x0000000083c00000, 0x0000000083d00000|  0%| F|  |TAMS 0x0000000083c00000, 0x0000000083c00000| Untracked 
|  61|0x0000000083d00000, 0x0000000083d00000, 0x0000000083e00000|  0%| F|  |TAMS 0x0000000083d00000, 0x0000000083d00000| Untracked 
|  62|0x0000000083e00000, 0x0000000083e00000, 0x0000000083f00000|  0%| F|  |TAMS 0x0000000083e00000, 0x0000000083e00000| Untracked 
|  63|0x0000000083f00000, 0x0000000083f00000, 0x0000000084000000|  0%| F|  |TAMS 0x0000000083f00000, 0x0000000083f00000| Untracked 
|  64|0x0000000084000000, 0x0000000084000000, 0x0000000084100000|  0%| F|  |TAMS 0x0000000084000000, 0x0000000084000000| Untracked 
|  65|0x0000000084100000, 0x0000000084100000, 0x0000000084200000|  0%| F|  |TAMS 0x0000000084100000, 0x0000000084100000| Untracked 
|  66|0x0000000084200000, 0x0000000084200000, 0x0000000084300000|  0%| F|  |TAMS 0x0000000084200000, 0x0000000084200000| Untracked 
|  67|0x0000000084300000, 0x0000000084300000, 0x0000000084400000|  0%| F|  |TAMS 0x0000000084300000, 0x0000000084300000| Untracked 
|  68|0x0000000084400000, 0x0000000084400000, 0x0000000084500000|  0%| F|  |TAMS 0x0000000084400000, 0x0000000084400000| Untracked 
|  69|0x0000000084500000, 0x0000000084500000, 0x0000000084600000|  0%| F|  |TAMS 0x0000000084500000, 0x0000000084500000| Untracked 
|  70|0x0000000084600000, 0x0000000084600000, 0x0000000084700000|  0%| F|  |TAMS 0x0000000084600000, 0x0000000084600000| Untracked 
|  71|0x0000000084700000, 0x0000000084700000, 0x0000000084800000|  0%| F|  |TAMS 0x0000000084700000, 0x0000000084700000| Untracked 
|  72|0x0000000084800000, 0x0000000084800000, 0x0000000084900000|  0%| F|  |TAMS 0x0000000084800000, 0x0000000084800000| Untracked 
|  73|0x0000000084900000, 0x0000000084900000, 0x0000000084a00000|  0%| F|  |TAMS 0x0000000084900000, 0x0000000084900000| Untracked 
|  74|0x0000000084a00000, 0x0000000084a00000, 0x0000000084b00000|  0%| F|  |TAMS 0x0000000084a00000, 0x0000000084a00000| Untracked 
|  75|0x0000000084b00000, 0x0000000084b00000, 0x0000000084c00000|  0%| F|  |TAMS 0x0000000084b00000, 0x0000000084b00000| Untracked 
|  76|0x0000000084c00000, 0x0000000084c00000, 0x0000000084d00000|  0%| F|  |TAMS 0x0000000084c00000, 0x0000000084c00000| Untracked 
|  77|0x0000000084d00000, 0x0000000084d00000, 0x0000000084e00000|  0%| F|  |TAMS 0x0000000084d00000, 0x0000000084d00000| Untracked 
|  78|0x0000000084e00000, 0x0000000084e00000, 0x0000000084f00000|  0%| F|  |TAMS 0x0000000084e00000, 0x0000000084e00000| Untracked 
|  79|0x0000000084f00000, 0x0000000084f00000, 0x0000000085000000|  0%| F|  |TAMS 0x0000000084f00000, 0x0000000084f00000| Untracked 
|  80|0x0000000085000000, 0x0000000085000000, 0x0000000085100000|  0%| F|  |TAMS 0x0000000085000000, 0x0000000085000000| Untracked 
|  81|0x0000000085100000, 0x0000000085100000, 0x0000000085200000|  0%| F|  |TAMS 0x0000000085100000, 0x0000000085100000| Untracked 
|  82|0x0000000085200000, 0x0000000085200000, 0x0000000085300000|  0%| F|  |TAMS 0x0000000085200000, 0x0000000085200000| Untracked 
|  83|0x0000000085300000, 0x0000000085300000, 0x0000000085400000|  0%| F|  |TAMS 0x0000000085300000, 0x0000000085300000| Untracked 
|  84|0x0000000085400000, 0x0000000085400000, 0x0000000085500000|  0%| F|  |TAMS 0x0000000085400000, 0x0000000085400000| Untracked 
|  85|0x0000000085500000, 0x0000000085500000, 0x0000000085600000|  0%| F|  |TAMS 0x0000000085500000, 0x0000000085500000| Untracked 
|  86|0x0000000085600000, 0x0000000085600000, 0x0000000085700000|  0%| F|  |TAMS 0x0000000085600000, 0x0000000085600000| Untracked 
|  87|0x0000000085700000, 0x0000000085700000, 0x0000000085800000|  0%| F|  |TAMS 0x0000000085700000, 0x0000000085700000| Untracked 
|  88|0x0000000085800000, 0x0000000085800000, 0x0000000085900000|  0%| F|  |TAMS 0x0000000085800000, 0x0000000085800000| Untracked 
|  89|0x0000000085900000, 0x0000000085900000, 0x0000000085a00000|  0%| F|  |TAMS 0x0000000085900000, 0x0000000085900000| Untracked 
|  90|0x0000000085a00000, 0x0000000085a00000, 0x0000000085b00000|  0%| F|  |TAMS 0x0000000085a00000, 0x0000000085a00000| Untracked 
|  91|0x0000000085b00000, 0x0000000085b00000, 0x0000000085c00000|  0%| F|  |TAMS 0x0000000085b00000, 0x0000000085b00000| Untracked 
|  92|0x0000000085c00000, 0x0000000085c00000, 0x0000000085d00000|  0%| F|  |TAMS 0x0000000085c00000, 0x0000000085c00000| Untracked 
|  93|0x0000000085d00000, 0x0000000085d00000, 0x0000000085e00000|  0%| F|  |TAMS 0x0000000085d00000, 0x0000000085d00000| Untracked 
|  94|0x0000000085e00000, 0x0000000085e00000, 0x0000000085f00000|  0%| F|  |TAMS 0x0000000085e00000, 0x0000000085e00000| Untracked 
|  95|0x0000000085f00000, 0x0000000085f00000, 0x0000000086000000|  0%| F|  |TAMS 0x0000000085f00000, 0x0000000085f00000| Untracked 
|  96|0x0000000086000000, 0x0000000086000000, 0x0000000086100000|  0%| F|  |TAMS 0x0000000086000000, 0x0000000086000000| Untracked 
|  97|0x0000000086100000, 0x0000000086100000, 0x0000000086200000|  0%| F|  |TAMS 0x0000000086100000, 0x0000000086100000| Untracked 
|  98|0x0000000086200000, 0x0000000086200000, 0x0000000086300000|  0%| F|  |TAMS 0x0000000086200000, 0x0000000086200000| Untracked 
|  99|0x0000000086300000, 0x0000000086300000, 0x0000000086400000|  0%| F|  |TAMS 0x0000000086300000, 0x0000000086300000| Untracked 
| 100|0x0000000086400000, 0x0000000086400000, 0x0000000086500000|  0%| F|  |TAMS 0x0000000086400000, 0x0000000086400000| Untracked 
| 101|0x0000000086500000, 0x0000000086500000, 0x0000000086600000|  0%| F|  |TAMS 0x0000000086500000, 0x0000000086500000| Untracked 
| 102|0x0000000086600000, 0x0000000086600000, 0x0000000086700000|  0%| F|  |TAMS 0x0000000086600000, 0x0000000086600000| Untracked 
| 103|0x0000000086700000, 0x0000000086700000, 0x0000000086800000|  0%| F|  |TAMS 0x0000000086700000, 0x0000000086700000| Untracked 
| 104|0x0000000086800000, 0x0000000086800000, 0x0000000086900000|  0%| F|  |TAMS 0x0000000086800000, 0x0000000086800000| Untracked 
| 105|0x0000000086900000, 0x0000000086900000, 0x0000000086a00000|  0%| F|  |TAMS 0x0000000086900000, 0x0000000086900000| Untracked 
| 106|0x0000000086a00000, 0x0000000086a00000, 0x0000000086b00000|  0%| F|  |TAMS 0x0000000086a00000, 0x0000000086a00000| Untracked 
| 107|0x0000000086b00000, 0x0000000086b00000, 0x0000000086c00000|  0%| F|  |TAMS 0x0000000086b00000, 0x0000000086b00000| Untracked 
| 108|0x0000000086c00000, 0x0000000086c00000, 0x0000000086d00000|  0%| F|  |TAMS 0x0000000086c00000, 0x0000000086c00000| Untracked 
| 109|0x0000000086d00000, 0x0000000086d49450, 0x0000000086e00000| 28%| S|CS|TAMS 0x0000000086d00000, 0x0000000086d00000| Complete 
| 110|0x0000000086e00000, 0x0000000086f00000, 0x0000000086f00000|100%| S|CS|TAMS 0x0000000086e00000, 0x0000000086e00000| Complete 
| 111|0x0000000086f00000, 0x0000000087000000, 0x0000000087000000|100%| S|CS|TAMS 0x0000000086f00000, 0x0000000086f00000| Complete 
| 112|0x0000000087000000, 0x0000000087100000, 0x0000000087100000|100%| S|CS|TAMS 0x0000000087000000, 0x0000000087000000| Complete 
| 113|0x0000000087100000, 0x0000000087200000, 0x0000000087200000|100%| S|CS|TAMS 0x0000000087100000, 0x0000000087100000| Complete 
| 114|0x0000000087200000, 0x0000000087300000, 0x0000000087300000|100%| S|CS|TAMS 0x0000000087200000, 0x0000000087200000| Complete 
| 115|0x0000000087300000, 0x0000000087400000, 0x0000000087400000|100%| S|CS|TAMS 0x0000000087300000, 0x0000000087300000| Complete 
| 116|0x0000000087400000, 0x0000000087500000, 0x0000000087500000|100%| S|CS|TAMS 0x0000000087400000, 0x0000000087400000| Complete 
| 117|0x0000000087500000, 0x0000000087500000, 0x0000000087600000|  0%| F|  |TAMS 0x0000000087500000, 0x0000000087500000| Untracked 
| 118|0x0000000087600000, 0x0000000087600000, 0x0000000087700000|  0%| F|  |TAMS 0x0000000087600000, 0x0000000087600000| Untracked 
| 119|0x0000000087700000, 0x0000000087700000, 0x0000000087800000|  0%| F|  |TAMS 0x0000000087700000, 0x0000000087700000| Untracked 
| 120|0x0000000087800000, 0x0000000087800000, 0x0000000087900000|  0%| F|  |TAMS 0x0000000087800000, 0x0000000087800000| Untracked 
| 121|0x0000000087900000, 0x0000000087900000, 0x0000000087a00000|  0%| F|  |TAMS 0x0000000087900000, 0x0000000087900000| Untracked 
| 122|0x0000000087a00000, 0x0000000087a00000, 0x0000000087b00000|  0%| F|  |TAMS 0x0000000087a00000, 0x0000000087a00000| Untracked 
| 123|0x0000000087b00000, 0x0000000087b00000, 0x0000000087c00000|  0%| F|  |TAMS 0x0000000087b00000, 0x0000000087b00000| Untracked 
| 124|0x0000000087c00000, 0x0000000087c00000, 0x0000000087d00000|  0%| F|  |TAMS 0x0000000087c00000, 0x0000000087c00000| Untracked 
| 125|0x0000000087d00000, 0x0000000087d00000, 0x0000000087e00000|  0%| F|  |TAMS 0x0000000087d00000, 0x0000000087d00000| Untracked 
| 126|0x0000000087e00000, 0x0000000087e00000, 0x0000000087f00000|  0%| F|  |TAMS 0x0000000087e00000, 0x0000000087e00000| Untracked 
| 127|0x0000000087f00000, 0x0000000087f00000, 0x0000000088000000|  0%| F|  |TAMS 0x0000000087f00000, 0x0000000087f00000| Untracked 
| 128|0x0000000088000000, 0x0000000088000000, 0x0000000088100000|  0%| F|  |TAMS 0x0000000088000000, 0x0000000088000000| Untracked 
| 129|0x0000000088100000, 0x0000000088200000, 0x0000000088200000|100%| E|  |TAMS 0x0000000088100000, 0x0000000088100000| Complete 
| 130|0x0000000088200000, 0x0000000088300000, 0x0000000088300000|100%| E|CS|TAMS 0x0000000088200000, 0x0000000088200000| Complete 
| 131|0x0000000088300000, 0x0000000088400000, 0x0000000088400000|100%| E|CS|TAMS 0x0000000088300000, 0x0000000088300000| Complete 
| 132|0x0000000088400000, 0x0000000088500000, 0x0000000088500000|100%| E|CS|TAMS 0x0000000088400000, 0x0000000088400000| Complete 
| 133|0x0000000088500000, 0x0000000088600000, 0x0000000088600000|100%| E|CS|TAMS 0x0000000088500000, 0x0000000088500000| Complete 
| 134|0x0000000088600000, 0x0000000088700000, 0x0000000088700000|100%| E|CS|TAMS 0x0000000088600000, 0x0000000088600000| Complete 
| 135|0x0000000088700000, 0x0000000088800000, 0x0000000088800000|100%| E|CS|TAMS 0x0000000088700000, 0x0000000088700000| Complete 
| 136|0x0000000088800000, 0x0000000088900000, 0x0000000088900000|100%| E|CS|TAMS 0x0000000088800000, 0x0000000088800000| Complete 
| 137|0x0000000088900000, 0x0000000088a00000, 0x0000000088a00000|100%| E|CS|TAMS 0x0000000088900000, 0x0000000088900000| Complete 
| 138|0x0000000088a00000, 0x0000000088b00000, 0x0000000088b00000|100%| E|CS|TAMS 0x0000000088a00000, 0x0000000088a00000| Complete 
| 139|0x0000000088b00000, 0x0000000088c00000, 0x0000000088c00000|100%| E|CS|TAMS 0x0000000088b00000, 0x0000000088b00000| Complete 
| 140|0x0000000088c00000, 0x0000000088d00000, 0x0000000088d00000|100%| E|CS|TAMS 0x0000000088c00000, 0x0000000088c00000| Complete 
| 141|0x0000000088d00000, 0x0000000088e00000, 0x0000000088e00000|100%| E|CS|TAMS 0x0000000088d00000, 0x0000000088d00000| Complete 
| 142|0x0000000088e00000, 0x0000000088f00000, 0x0000000088f00000|100%| E|CS|TAMS 0x0000000088e00000, 0x0000000088e00000| Complete 
| 143|0x0000000088f00000, 0x0000000089000000, 0x0000000089000000|100%| E|CS|TAMS 0x0000000088f00000, 0x0000000088f00000| Complete 
| 144|0x0000000089000000, 0x0000000089100000, 0x0000000089100000|100%| E|CS|TAMS 0x0000000089000000, 0x0000000089000000| Complete 
| 145|0x0000000089100000, 0x0000000089200000, 0x0000000089200000|100%| E|CS|TAMS 0x0000000089100000, 0x0000000089100000| Complete 
| 146|0x0000000089200000, 0x0000000089300000, 0x0000000089300000|100%| E|CS|TAMS 0x0000000089200000, 0x0000000089200000| Complete 
| 147|0x0000000089300000, 0x0000000089400000, 0x0000000089400000|100%| E|CS|TAMS 0x0000000089300000, 0x0000000089300000| Complete 
| 148|0x0000000089400000, 0x0000000089500000, 0x0000000089500000|100%| E|CS|TAMS 0x0000000089400000, 0x0000000089400000| Complete 
| 149|0x0000000089500000, 0x0000000089600000, 0x0000000089600000|100%| E|CS|TAMS 0x0000000089500000, 0x0000000089500000| Complete 
| 150|0x0000000089600000, 0x0000000089700000, 0x0000000089700000|100%| E|CS|TAMS 0x0000000089600000, 0x0000000089600000| Complete 
| 151|0x0000000089700000, 0x0000000089800000, 0x0000000089800000|100%| E|CS|TAMS 0x0000000089700000, 0x0000000089700000| Complete 
| 152|0x0000000089800000, 0x0000000089900000, 0x0000000089900000|100%| E|CS|TAMS 0x0000000089800000, 0x0000000089800000| Complete 
| 153|0x0000000089900000, 0x0000000089a00000, 0x0000000089a00000|100%| E|CS|TAMS 0x0000000089900000, 0x0000000089900000| Complete 
| 154|0x0000000089a00000, 0x0000000089b00000, 0x0000000089b00000|100%| E|CS|TAMS 0x0000000089a00000, 0x0000000089a00000| Complete 
| 155|0x0000000089b00000, 0x0000000089c00000, 0x0000000089c00000|100%| E|CS|TAMS 0x0000000089b00000, 0x0000000089b00000| Complete 
| 156|0x0000000089c00000, 0x0000000089d00000, 0x0000000089d00000|100%| E|CS|TAMS 0x0000000089c00000, 0x0000000089c00000| Complete 
| 157|0x0000000089d00000, 0x0000000089e00000, 0x0000000089e00000|100%| E|CS|TAMS 0x0000000089d00000, 0x0000000089d00000| Complete 
| 158|0x0000000089e00000, 0x0000000089f00000, 0x0000000089f00000|100%| E|CS|TAMS 0x0000000089e00000, 0x0000000089e00000| Complete 
| 159|0x0000000089f00000, 0x000000008a000000, 0x000000008a000000|100%| E|CS|TAMS 0x0000000089f00000, 0x0000000089f00000| Complete 
| 160|0x000000008a000000, 0x000000008a100000, 0x000000008a100000|100%| E|CS|TAMS 0x000000008a000000, 0x000000008a000000| Complete 
| 161|0x000000008a100000, 0x000000008a200000, 0x000000008a200000|100%| E|CS|TAMS 0x000000008a100000, 0x000000008a100000| Complete 
| 162|0x000000008a200000, 0x000000008a300000, 0x000000008a300000|100%| E|CS|TAMS 0x000000008a200000, 0x000000008a200000| Complete 
| 163|0x000000008a300000, 0x000000008a400000, 0x000000008a400000|100%| E|CS|TAMS 0x000000008a300000, 0x000000008a300000| Complete 
| 164|0x000000008a400000, 0x000000008a500000, 0x000000008a500000|100%| E|CS|TAMS 0x000000008a400000, 0x000000008a400000| Complete 
| 165|0x000000008a500000, 0x000000008a600000, 0x000000008a600000|100%| E|CS|TAMS 0x000000008a500000, 0x000000008a500000| Complete 
| 166|0x000000008a600000, 0x000000008a700000, 0x000000008a700000|100%| E|CS|TAMS 0x000000008a600000, 0x000000008a600000| Complete 
| 167|0x000000008a700000, 0x000000008a800000, 0x000000008a800000|100%| E|CS|TAMS 0x000000008a700000, 0x000000008a700000| Complete 
| 168|0x000000008a800000, 0x000000008a900000, 0x000000008a900000|100%| E|CS|TAMS 0x000000008a800000, 0x000000008a800000| Complete 
| 169|0x000000008a900000, 0x000000008aa00000, 0x000000008aa00000|100%| E|CS|TAMS 0x000000008a900000, 0x000000008a900000| Complete 
| 170|0x000000008aa00000, 0x000000008ab00000, 0x000000008ab00000|100%| E|CS|TAMS 0x000000008aa00000, 0x000000008aa00000| Complete 
| 171|0x000000008ab00000, 0x000000008ac00000, 0x000000008ac00000|100%| E|CS|TAMS 0x000000008ab00000, 0x000000008ab00000| Complete 
| 172|0x000000008ac00000, 0x000000008ad00000, 0x000000008ad00000|100%| E|CS|TAMS 0x000000008ac00000, 0x000000008ac00000| Complete 
| 173|0x000000008ad00000, 0x000000008ae00000, 0x000000008ae00000|100%| E|CS|TAMS 0x000000008ad00000, 0x000000008ad00000| Complete 
| 174|0x000000008ae00000, 0x000000008af00000, 0x000000008af00000|100%| E|CS|TAMS 0x000000008ae00000, 0x000000008ae00000| Complete 
| 175|0x000000008af00000, 0x000000008b000000, 0x000000008b000000|100%| E|CS|TAMS 0x000000008af00000, 0x000000008af00000| Complete 
| 176|0x000000008b000000, 0x000000008b100000, 0x000000008b100000|100%| E|CS|TAMS 0x000000008b000000, 0x000000008b000000| Complete 
| 177|0x000000008b100000, 0x000000008b200000, 0x000000008b200000|100%| E|CS|TAMS 0x000000008b100000, 0x000000008b100000| Complete 
| 178|0x000000008b200000, 0x000000008b300000, 0x000000008b300000|100%| E|CS|TAMS 0x000000008b200000, 0x000000008b200000| Complete 
| 179|0x000000008b300000, 0x000000008b400000, 0x000000008b400000|100%| E|CS|TAMS 0x000000008b300000, 0x000000008b300000| Complete 
| 180|0x000000008b400000, 0x000000008b500000, 0x000000008b500000|100%| E|CS|TAMS 0x000000008b400000, 0x000000008b400000| Complete 
| 181|0x000000008b500000, 0x000000008b600000, 0x000000008b600000|100%| E|CS|TAMS 0x000000008b500000, 0x000000008b500000| Complete 
| 182|0x000000008b600000, 0x000000008b700000, 0x000000008b700000|100%| E|CS|TAMS 0x000000008b600000, 0x000000008b600000| Complete 

Card table byte_map: [0x000002032cbf0000,0x000002032cff0000] _byte_map_base: 0x000002032c7f0000

Marking Bits (Prev, Next): (CMBitMap*) 0x0000020319d2adf8, (CMBitMap*) 0x0000020319d2ae30
 Prev Bits: [0x000002032d3f0000, 0x000002032f3f0000)
 Next Bits: [0x000002032f3f0000, 0x00000203313f0000)

Polling page: 0x0000020317cc0000

Metaspace:

Usage:
  Non-class:     58.42 MB capacity,    57.46 MB ( 98%) used,   813.73 KB (  1%) free+waste,   168.75 KB ( <1%) overhead. 
      Class:      9.01 MB capacity,     8.42 MB ( 94%) used,   518.55 KB (  6%) free+waste,    78.56 KB ( <1%) overhead. 
       Both:     67.43 MB capacity,    65.89 MB ( 98%) used,     1.30 MB (  2%) free+waste,   247.31 KB ( <1%) overhead. 

Virtual space:
  Non-class space:       60.00 MB reserved,      58.67 MB ( 98%) committed 
      Class space:        1.00 GB reserved,       9.13 MB ( <1%) committed 
             Both:        1.06 GB reserved,      67.79 MB (  6%) committed 

Chunk freelists:
   Non-Class:  58.00 KB
       Class:  26.00 KB
        Both:  84.00 KB

MaxMetaspaceSize: 17179869184.00 GB
CompressedClassSpaceSize: 1.00 GB
Initial GC threshold: 20.80 MB
Current GC threshold: 109.03 MB
CDS: off

CodeHeap 'non-profiled nmethods': size=120064Kb used=3778Kb max_used=3778Kb free=116285Kb
 bounds [0x00000203252b0000, 0x0000020325670000, 0x000002032c7f0000]
CodeHeap 'profiled nmethods': size=120000Kb used=14335Kb max_used=14335Kb free=105664Kb
 bounds [0x000002031dd80000, 0x000002031eb80000, 0x00000203252b0000]
CodeHeap 'non-nmethods': size=5696Kb used=2348Kb max_used=2400Kb free=3348Kb
 bounds [0x000002031d7f0000, 0x000002031da60000, 0x000002031dd80000]
 total_blobs=7476 nmethods=6620 adapters=768
 compilation: enabled
              stopped_count=0, restarted_count=0
 full_count=0

Compilation events (20 events):
Event: 34.925 Thread 0x00000203338ff800 nmethod 6667 0x000002032565d290 code [0x000002032565d420, 0x000002032565d478]
Event: 34.925 Thread 0x00000203338ff800 6673       4       java.util.TreeMap$PrivateEntryIterator::hasNext (13 bytes)
Event: 34.925 Thread 0x00000203338ff800 nmethod 6673 0x000002032565d590 code [0x000002032565d720, 0x000002032565d798]
Event: 34.925 Thread 0x00000203338ff800 6671       4       org.gradle.internal.reflect.MethodSet$MethodKey::equals (89 bytes)
Event: 34.932 Thread 0x00000203338ff800 nmethod 6671 0x000002032565d890 code [0x000002032565da40, 0x000002032565de18]
Event: 34.932 Thread 0x00000203338ff800 6666       4       org.objectweb.asm.Attribute::computeAttributesSize (62 bytes)
Event: 34.934 Thread 0x00000203338ff800 nmethod 6666 0x000002032565e110 code [0x000002032565e2c0, 0x000002032565e3a8]
Event: 34.934 Thread 0x00000203338ff800 6665       4       java.util.TreeMap$ValueIterator::next (8 bytes)
Event: 34.939 Thread 0x00000203338ff800 nmethod 6665 0x000002032565e510 code [0x000002032565e6a0, 0x000002032565e958]
Event: 34.939 Thread 0x00000203338ff800 6664       4       java.beans.Introspector::decapitalize (68 bytes)
Event: 34.954 Thread 0x00000203338ff800 nmethod 6664 0x000002032565eb10 code [0x000002032565ed20, 0x000002032565f6d8]
Event: 34.969 Thread 0x0000020333905000 6694       3       org.gradle.api.internal.tasks.DefaultTaskContainer_Decorated::getMutationGuard (39 bytes)
Event: 34.970 Thread 0x0000020333905000 nmethod 6694 0x000002031eb7e690 code [0x000002031eb7e8e0, 0x000002031eb7f228]
Event: 34.970 Thread 0x00000203338ff800 6695       4       java.lang.StringBuilder::toString (35 bytes)
Event: 34.976 Thread 0x00000203338ff800 nmethod 6695 0x000002032565fd90 code [0x000002032565ff40, 0x0000020325660348]
Event: 34.978 Thread 0x0000020333905000 6696       3       org.gradle.api.internal.DefaultNamedDomainObjectCollection::findByNameWithoutRules (11 bytes)
Event: 34.978 Thread 0x0000020333905000 nmethod 6696 0x000002031eb7f510 code [0x000002031eb7f6c0, 0x000002031eb7f888]
Event: 34.982 Thread 0x00000203338ff800 6697       4       sun.reflect.generics.parser.SignatureParser::parsePackageNameAndSimpleClassTypeSignature (119 bytes)
Event: 34.982 Thread 0x0000020333905000 6699       3       java.lang.AbstractStringBuilder::append (43 bytes)
Event: 34.982 Thread 0x0000020333905000 nmethod 6699 0x000002031eb7f990 code [0x000002031eb7fb80, 0x000002031eb7fe58]

GC Heap History (20 events):
Event: 2.154 GC heap before
{Heap before GC invocations=2 (full 0):
 garbage-first heap   total 129024K, used 49141K [0x0000000080000000, 0x0000000100000000)
  region size 1024K, 41 young (41984K), 2 survivors (2048K)
 Metaspace       used 11000K, capacity 11321K, committed 11520K, reserved 1058816K
  class space    used 1150K, capacity 1247K, committed 1280K, reserved 1048576K
}
Event: 2.162 GC heap after
{Heap after GC invocations=3 (full 0):
 garbage-first heap   total 129024K, used 13608K [0x0000000080000000, 0x0000000100000000)
  region size 1024K, 6 young (6144K), 6 survivors (6144K)
 Metaspace       used 11000K, capacity 11321K, committed 11520K, reserved 1058816K
  class space    used 1150K, capacity 1247K, committed 1280K, reserved 1048576K
}
Event: 4.418 GC heap before
{Heap before GC invocations=3 (full 0):
 garbage-first heap   total 129024K, used 68904K [0x0000000080000000, 0x0000000100000000)
  region size 1024K, 60 young (61440K), 6 survivors (6144K)
 Metaspace       used 19958K, capacity 20381K, committed 20608K, reserved 1067008K
  class space    used 2456K, capacity 2607K, committed 2688K, reserved 1048576K
}
Event: 4.431 GC heap after
{Heap after GC invocations=4 (full 0):
 garbage-first heap   total 129024K, used 17451K [0x0000000080000000, 0x0000000100000000)
  region size 1024K, 4 young (4096K), 4 survivors (4096K)
 Metaspace       used 19958K, capacity 20381K, committed 20608K, reserved 1067008K
  class space    used 2456K, capacity 2607K, committed 2688K, reserved 1048576K
}
Event: 4.584 GC heap before
{Heap before GC invocations=4 (full 0):
 garbage-first heap   total 129024K, used 21547K [0x0000000080000000, 0x0000000100000000)
  region size 1024K, 9 young (9216K), 4 survivors (4096K)
 Metaspace       used 20701K, capacity 21135K, committed 21248K, reserved 1067008K
  class space    used 2541K, capacity 2710K, committed 2816K, reserved 1048576K
}
Event: 4.591 GC heap after
{Heap after GC invocations=5 (full 0):
 garbage-first heap   total 155648K, used 17624K [0x0000000080000000, 0x0000000100000000)
  region size 1024K, 4 young (4096K), 4 survivors (4096K)
 Metaspace       used 20701K, capacity 21135K, committed 21248K, reserved 1067008K
  class space    used 2541K, capacity 2710K, committed 2816K, reserved 1048576K
}
Event: 7.718 GC heap before
{Heap before GC invocations=6 (full 0):
 garbage-first heap   total 155648K, used 89304K [0x0000000080000000, 0x0000000100000000)
  region size 1024K, 74 young (75776K), 4 survivors (4096K)
 Metaspace       used 27852K, capacity 28508K, committed 28800K, reserved 1075200K
  class space    used 3665K, capacity 3925K, committed 3968K, reserved 1048576K
}
Event: 7.730 GC heap after
{Heap after GC invocations=7 (full 0):
 garbage-first heap   total 155648K, used 19902K [0x0000000080000000, 0x0000000100000000)
  region size 1024K, 6 young (6144K), 6 survivors (6144K)
 Metaspace       used 27852K, capacity 28508K, committed 28800K, reserved 1075200K
  class space    used 3665K, capacity 3925K, committed 3968K, reserved 1048576K
}
Event: 11.686 GC heap before
{Heap before GC invocations=7 (full 0):
 garbage-first heap   total 155648K, used 57790K [0x0000000080000000, 0x0000000100000000)
  region size 1024K, 44 young (45056K), 6 survivors (6144K)
 Metaspace       used 34968K, capacity 35786K, committed 35840K, reserved 1081344K
  class space    used 4531K, capacity 4839K, committed 4864K, reserved 1048576K
}
Event: 11.704 GC heap after
{Heap after GC invocations=8 (full 0):
 garbage-first heap   total 155648K, used 22687K [0x0000000080000000, 0x0000000100000000)
  region size 1024K, 9 young (9216K), 9 survivors (9216K)
 Metaspace       used 34968K, capacity 35786K, committed 35840K, reserved 1081344K
  class space    used 4531K, capacity 4839K, committed 4864K, reserved 1048576K
}
Event: 15.732 GC heap before
{Heap before GC invocations=9 (full 0):
 garbage-first heap   total 155648K, used 102559K [0x0000000080000000, 0x0000000100000000)
  region size 1024K, 85 young (87040K), 9 survivors (9216K)
 Metaspace       used 41528K, capacity 42531K, committed 42624K, reserved 1085440K
  class space    used 5323K, capacity 5689K, committed 5760K, reserved 1048576K
}
Event: 15.761 GC heap after
{Heap after GC invocations=10 (full 0):
 garbage-first heap   total 155648K, used 29143K [0x0000000080000000, 0x0000000100000000)
  region size 1024K, 11 young (11264K), 11 survivors (11264K)
 Metaspace       used 41528K, capacity 42531K, committed 42624K, reserved 1085440K
  class space    used 5323K, capacity 5689K, committed 5760K, reserved 1048576K
}
Event: 19.600 GC heap before
{Heap before GC invocations=10 (full 0):
 garbage-first heap   total 155648K, used 107991K [0x0000000080000000, 0x0000000100000000)
  region size 1024K, 88 young (90112K), 11 survivors (11264K)
 Metaspace       used 47998K, capacity 49196K, committed 49408K, reserved 1091584K
  class space    used 6160K, capacity 6631K, committed 6656K, reserved 1048576K
}
Event: 19.632 GC heap after
{Heap after GC invocations=11 (full 0):
 garbage-first heap   total 155648K, used 32277K [0x0000000080000000, 0x0000000100000000)
  region size 1024K, 9 young (9216K), 9 survivors (9216K)
 Metaspace       used 47998K, capacity 49196K, committed 49408K, reserved 1091584K
  class space    used 6160K, capacity 6631K, committed 6656K, reserved 1048576K
}
Event: 24.839 GC heap before
{Heap before GC invocations=11 (full 0):
 garbage-first heap   total 155648K, used 115221K [0x0000000080000000, 0x0000000100000000)
  region size 1024K, 86 young (88064K), 9 survivors (9216K)
 Metaspace       used 54454K, capacity 55756K, committed 55936K, reserved 1097728K
  class space    used 6959K, capacity 7457K, committed 7552K, reserved 1048576K
}
Event: 24.875 GC heap after
{Heap after GC invocations=12 (full 0):
 garbage-first heap   total 155648K, used 45690K [0x0000000080000000, 0x0000000100000000)
  region size 1024K, 11 young (11264K), 11 survivors (11264K)
 Metaspace       used 54454K, capacity 55756K, committed 55936K, reserved 1097728K
  class space    used 6959K, capacity 7457K, committed 7552K, reserved 1048576K
}
Event: 27.456 GC heap before
{Heap before GC invocations=12 (full 0):
 garbage-first heap   total 155648K, used 72314K [0x0000000080000000, 0x0000000100000000)
  region size 1024K, 38 young (38912K), 11 survivors (11264K)
 Metaspace       used 58390K, capacity 59790K, committed 59948K, reserved 1101824K
  class space    used 7433K, capacity 7965K, committed 8064K, reserved 1048576K
}
Event: 27.485 GC heap after
{Heap after GC invocations=13 (full 0):
 garbage-first heap   total 187392K, used 47887K [0x0000000080000000, 0x0000000100000000)
  region size 1024K, 2 young (2048K), 2 survivors (2048K)
 Metaspace       used 58390K, capacity 59790K, committed 59948K, reserved 1101824K
  class space    used 7433K, capacity 7965K, committed 8064K, reserved 1048576K
}
Event: 31.411 GC heap before
{Heap before GC invocations=14 (full 0):
 garbage-first heap   total 187392K, used 114447K [0x0000000080000000, 0x0000000100000000)
  region size 1024K, 66 young (67584K), 2 survivors (2048K)
 Metaspace       used 64909K, capacity 66405K, committed 66732K, reserved 1107968K
  class space    used 8238K, capacity 8837K, committed 8960K, reserved 1048576K
}
Event: 31.432 GC heap after
{Heap after GC invocations=15 (full 0):
 garbage-first heap   total 187392K, used 53851K [0x0000000080000000, 0x0000000100000000)
  region size 1024K, 8 young (8192K), 8 survivors (8192K)
 Metaspace       used 64909K, capacity 66405K, committed 66732K, reserved 1107968K
  class space    used 8238K, capacity 8837K, committed 8960K, reserved 1048576K
}

Deoptimization events (20 events):
Event: 31.501 Thread 0x0000020334f26800 DEOPT PACKING pc=0x00000203252bc654 sp=0x000000a097cf69d0
Event: 31.501 Thread 0x0000020334f26800 DEOPT UNPACKING pc=0x000002031d83a1af sp=0x000000a097cf6960 mode 2
Event: 31.501 Thread 0x0000020334f26800 Uncommon trap: trap_request=0xffffff4d fr.pc=0x0000020325303214 relative=0x0000000000000454
Event: 31.501 Thread 0x0000020334f26800 Uncommon trap: reason=unstable_if action=reinterpret pc=0x0000020325303214 method=java.lang.AbstractStringBuilder.putStringAt(ILjava/lang/String;)V @ 8 c2
Event: 31.501 Thread 0x0000020334f26800 DEOPT PACKING pc=0x0000020325303214 sp=0x000000a097cf6aa0
Event: 31.501 Thread 0x0000020334f26800 DEOPT UNPACKING pc=0x000002031d83a1af sp=0x000000a097cf6a00 mode 2
Event: 31.501 Thread 0x0000020334f26800 Uncommon trap: trap_request=0xffffff4d fr.pc=0x00000203253001ec relative=0x00000000000000cc
Event: 31.501 Thread 0x0000020334f26800 Uncommon trap: reason=unstable_if action=reinterpret pc=0x00000203253001ec method=java.lang.String.getBytes([BIB)V @ 5 c2
Event: 31.501 Thread 0x0000020334f26800 DEOPT PACKING pc=0x00000203253001ec sp=0x000000a097cf69b0
Event: 31.501 Thread 0x0000020334f26800 DEOPT UNPACKING pc=0x000002031d83a1af sp=0x000000a097cf6978 mode 2
Event: 31.847 Thread 0x0000020334f26800 Uncommon trap: trap_request=0xffffff4d fr.pc=0x000002032542d780 relative=0x0000000000000340
Event: 31.847 Thread 0x0000020334f26800 Uncommon trap: reason=unstable_if action=reinterpret pc=0x000002032542d780 method=java.util.StringJoiner.add(Ljava/lang/CharSequence;)Ljava/util/StringJoiner; @ 33 c2
Event: 31.847 Thread 0x0000020334f26800 DEOPT PACKING pc=0x000002032542d780 sp=0x000000a097cf59d0
Event: 31.847 Thread 0x0000020334f26800 DEOPT UNPACKING pc=0x000002031d83a1af sp=0x000000a097cf5980 mode 2
Event: 33.045 Thread 0x0000020334f26800 Uncommon trap: trap_request=0xffffff4d fr.pc=0x0000020325487fd0 relative=0x0000000000000f70
Event: 33.045 Thread 0x0000020334f26800 Uncommon trap: reason=unstable_if action=reinterpret pc=0x0000020325487fd0 method=org.codehaus.groovy.runtime.metaclass.MetaMethodIndex.isOverridden(Lgroovy/lang/MetaMethod;Lgroovy/lang/MetaMethod;)Z @ 33 c2
Event: 33.045 Thread 0x0000020334f26800 DEOPT PACKING pc=0x0000020325487fd0 sp=0x000000a097cf48a0
Event: 33.045 Thread 0x0000020334f26800 DEOPT UNPACKING pc=0x000002031d83a1af sp=0x000000a097cf47f8 mode 2
Event: 34.815 Thread 0x0000020334f26800 DEOPT PACKING pc=0x000002031eb0a3dd sp=0x000000a097cf8570
Event: 34.815 Thread 0x0000020334f26800 DEOPT UNPACKING pc=0x000002031d83a95e sp=0x000000a097cf7a28 mode 0

Classes redefined (0 events):
No events

Internal exceptions (20 events):
Event: 33.096 Thread 0x0000020334f26800 Exception <a 'java/lang/ClassNotFoundException'{0x00000000897eabd8}: com/android/builder/core/AbstractBuildTypeCustomizer> (0x00000000897eabd8) thrown at [./src/hotspot/share/classfile/systemDictionary.cpp, line 231]
Event: 33.101 Thread 0x0000020334f26800 Exception <a 'java/lang/ClassNotFoundException'{0x00000000896203e0}: com/android/build/gradle/internal/dsl/BuildTypeCustomizer> (0x00000000896203e0) thrown at [./src/hotspot/share/classfile/systemDictionary.cpp, line 231]
Event: 33.131 Thread 0x0000020334f26800 Exception <a 'java/lang/ClassNotFoundException'{0x00000000896b5df0}: com/android/build/gradle/internal/dsl/BuildType$AgpDecoratedCustomizer> (0x00000000896b5df0) thrown at [./src/hotspot/share/classfile/systemDictionary.cpp, line 231]
Event: 33.142 Thread 0x0000020334f26800 Exception <a 'java/lang/ClassNotFoundException'{0x0000000089506240}: com/android/build/gradle/internal/dsl/BuildType$AgpDecorated_DecoratedCustomizer> (0x0000000089506240) thrown at [./src/hotspot/share/classfile/systemDictionary.cpp, line 231]
Event: 33.195 Thread 0x0000020334f26800 Exception <a 'java/lang/ClassNotFoundException'{0x00000000895d47f0}: build_7w2lm9u8nyvsvyleklqx5xxvw$_run_closure1$_closure4BeanInfo> (0x00000000895d47f0) thrown at [./src/hotspot/share/classfile/systemDictionary.cpp, line 231]
Event: 33.196 Thread 0x0000020334f26800 Exception <a 'java/lang/ClassNotFoundException'{0x00000000895e52a8}: build_7w2lm9u8nyvsvyleklqx5xxvw$_run_closure1$_closure4Customizer> (0x00000000895e52a8) thrown at [./src/hotspot/share/classfile/systemDictionary.cpp, line 231]
Event: 33.212 Thread 0x0000020334f26800 Exception <a 'java/lang/ClassNotFoundException'{0x000000008940e760}: build_7w2lm9u8nyvsvyleklqx5xxvw$_run_closure1BeanInfo> (0x000000008940e760) thrown at [./src/hotspot/share/classfile/systemDictionary.cpp, line 231]
Event: 33.214 Thread 0x0000020334f26800 Exception <a 'java/lang/ClassNotFoundException'{0x000000008941e7b0}: build_7w2lm9u8nyvsvyleklqx5xxvw$_run_closure1Customizer> (0x000000008941e7b0) thrown at [./src/hotspot/share/classfile/systemDictionary.cpp, line 231]
Event: 33.232 Thread 0x0000020334f26800 Exception <a 'java/lang/ClassNotFoundException'{0x0000000089479fc0}: org/gradle/api/JavaVersionBeanInfo> (0x0000000089479fc0) thrown at [./src/hotspot/share/classfile/systemDictionary.cpp, line 231]
Event: 33.254 Thread 0x0000020334f26800 Exception <a 'java/lang/ClassNotFoundException'{0x00000000894a2988}: org/gradle/api/JavaVersionCustomizer> (0x00000000894a2988) thrown at [./src/hotspot/share/classfile/systemDictionary.cpp, line 231]
Event: 33.292 Thread 0x0000020334f26800 Exception <a 'java/lang/ClassNotFoundException'{0x0000000089308888}: com/android/build/gradle/internal/CompileOptions$AgpDecorated_DecoratedBeanInfo> (0x0000000089308888) thrown at [./src/hotspot/share/classfile/systemDictionary.cpp, line 231]
Event: 33.294 Thread 0x0000020334f26800 Exception <a 'java/lang/ClassNotFoundException'{0x0000000089322fc8}: com/android/build/gradle/internal/CompileOptions$AgpDecoratedBeanInfo> (0x0000000089322fc8) thrown at [./src/hotspot/share/classfile/systemDictionary.cpp, line 231]
Event: 33.295 Thread 0x0000020334f26800 Exception <a 'java/lang/ClassNotFoundException'{0x000000008933b8b8}: com/android/build/gradle/internal/CompileOptionsBeanInfo> (0x000000008933b8b8) thrown at [./src/hotspot/share/classfile/systemDictionary.cpp, line 231]
Event: 33.295 Thread 0x0000020334f26800 Exception <a 'java/lang/ClassNotFoundException'{0x0000000089354798}: com/android/build/gradle/internal/CompileOptionsCustomizer> (0x0000000089354798) thrown at [./src/hotspot/share/classfile/systemDictionary.cpp, line 231]
Event: 33.297 Thread 0x0000020334f26800 Exception <a 'java/lang/ClassNotFoundException'{0x000000008937ab90}: com/android/build/gradle/internal/CompileOptions$AgpDecoratedCustomizer> (0x000000008937ab90) thrown at [./src/hotspot/share/classfile/systemDictionary.cpp, line 231]
Event: 33.298 Thread 0x0000020334f26800 Exception <a 'java/lang/ClassNotFoundException'{0x00000000893a4730}: com/android/build/gradle/internal/CompileOptions$AgpDecorated_DecoratedCustomizer> (0x00000000893a4730) thrown at [./src/hotspot/share/classfile/systemDictionary.cpp, line 231]
Event: 33.330 Thread 0x0000020334f26800 Exception <a 'java/lang/ClassNotFoundException'{0x000000008925e970}: org/gradle/api/internal/artifacts/dsl/dependencies/DefaultDependencyHandler_DecoratedBeanInfo> (0x000000008925e970) thrown at [./src/hotspot/share/classfile/systemDictionary.cpp, line 231]
Event: 33.331 Thread 0x0000020334f26800 Exception <a 'java/lang/ClassNotFoundException'{0x00000000892a4a40}: org/gradle/api/internal/artifacts/dsl/dependencies/DefaultDependencyHandlerBeanInfo> (0x00000000892a4a40) thrown at [./src/hotspot/share/classfile/systemDictionary.cpp, line 231]
Event: 33.333 Thread 0x0000020334f26800 Exception <a 'java/lang/ClassNotFoundException'{0x00000000892ea2a0}: org/gradle/api/internal/artifacts/dsl/dependencies/DefaultDependencyHandlerCustomizer> (0x00000000892ea2a0) thrown at [./src/hotspot/share/classfile/systemDictionary.cpp, line 231]
Event: 33.341 Thread 0x0000020334f26800 Exception <a 'java/lang/ClassNotFoundException'{0x00000000891572b0}: org/gradle/api/internal/artifacts/dsl/dependencies/DefaultDependencyHandler_DecoratedCustomizer> (0x00000000891572b0) thrown at [./src/hotspot/share/classfile/systemDictionary.cpp, line 231]

Events (20 events):
Event: 34.978 loading class com/android/build/gradle/internal/testing/utp/UtpTestUtilsKt
Event: 34.978 loading class com/android/build/gradle/internal/testing/utp/UtpTestUtilsKt done
Event: 34.981 loading class com/android/builder/dexing/DexingTypeKt
Event: 34.981 loading class com/android/builder/dexing/DexingTypeKt done
Event: 34.984 loading class com/android/build/gradle/internal/TaskManager$createAssembleTask$1
Event: 34.984 loading class com/android/build/gradle/internal/TaskManager$createAssembleTask$1 done
Event: 34.985 loading class com/android/build/gradle/internal/TaskManager$createAssembleTask$2
Event: 34.985 loading class com/android/build/gradle/internal/TaskManager$createAssembleTask$2 done
Event: 34.986 loading class com/android/build/gradle/internal/TaskManager$createBundleTask$1
Event: 34.986 loading class com/android/build/gradle/internal/TaskManager$createBundleTask$1 done
Event: 34.987 loading class com/android/build/gradle/internal/TaskManager$createBundleTask$2
Event: 34.987 loading class com/android/build/gradle/internal/TaskManager$createBundleTask$2 done
Event: 35.034 loading class com/android/build/gradle/internal/tasks/AppPreBuildTask
Event: 35.034 loading class com/android/build/gradle/internal/tasks/AppPreBuildTask done
Event: 35.044 loading class com/android/build/gradle/internal/tasks/AppPreBuildTask$Companion
Event: 35.044 loading class com/android/build/gradle/internal/tasks/AppPreBuildTask$Companion done
Event: 35.045 loading class com/android/build/gradle/internal/tasks/AppPreBuildTask$EmptyCreationAction
Event: 35.045 loading class com/android/build/gradle/internal/tasks/AppPreBuildTask$EmptyCreationAction done
Event: 35.051 loading class com/android/build/gradle/internal/TaskManager$createAnchorTasks$1
Event: 35.051 loading class com/android/build/gradle/internal/TaskManager$createAnchorTasks$1 done


Dynamic libraries:
0x00007ff75d6b0000 - 0x00007ff75d6ba000 	C:\Program Files\Android\Android Studio\jre\bin\java.exe
0x00007ffcb39b0000 - 0x00007ffcb3bc9000 	C:\WINDOWS\SYSTEM32\ntdll.dll
0x00007ffcb2010000 - 0x00007ffcb20d2000 	C:\WINDOWS\System32\KERNEL32.DLL
0x00007ffcb1250000 - 0x00007ffcb15ee000 	C:\WINDOWS\System32\KERNELBASE.dll
0x00007ffcb1140000 - 0x00007ffcb1249000 	C:\WINDOWS\System32\ucrtbase.dll
0x00007ffc55a90000 - 0x00007ffc55aa9000 	C:\Program Files\Android\Android Studio\jre\bin\jli.dll
0x00007ffcb1d80000 - 0x00007ffcb1f2c000 	C:\WINDOWS\System32\USER32.dll
0x00007ffcb0e10000 - 0x00007ffcb0e36000 	C:\WINDOWS\System32\win32u.dll
0x00007ffcb1d50000 - 0x00007ffcb1d79000 	C:\WINDOWS\System32\GDI32.dll
0x00007ffcb1020000 - 0x00007ffcb1132000 	C:\WINDOWS\System32\gdi32full.dll
0x00007ffcb0f80000 - 0x00007ffcb101a000 	C:\WINDOWS\System32\msvcp_win.dll
0x00007ffc54d80000 - 0x00007ffc54d97000 	C:\Program Files\Android\Android Studio\jre\bin\VCRUNTIME140.dll
0x00007ffc9e500000 - 0x00007ffc9e78e000 	C:\WINDOWS\WinSxS\amd64_microsoft.windows.common-controls_6595b64144ccf1df_6.0.25182.1000_none_75c9d140792f88e7\COMCTL32.dll
0x00007ffcb19d0000 - 0x00007ffcb1a77000 	C:\WINDOWS\System32\msvcrt.dll
0x00007ffcb18a0000 - 0x00007ffcb18d1000 	C:\WINDOWS\System32\IMM32.DLL
0x00007ffc54ce0000 - 0x00007ffc54d7d000 	C:\Program Files\Android\Android Studio\jre\bin\msvcp140.dll
0x00007ffc53b30000 - 0x00007ffc54615000 	C:\Program Files\Android\Android Studio\jre\bin\server\jvm.dll
0x00007ffcb1af0000 - 0x00007ffcb1b9f000 	C:\WINDOWS\System32\ADVAPI32.dll
0x00007ffcb28e0000 - 0x00007ffcb298a000 	C:\WINDOWS\System32\sechost.dll
0x00007ffcb3740000 - 0x00007ffcb3867000 	C:\WINDOWS\System32\RPCRT4.dll
0x00007ffcb2580000 - 0x00007ffcb2588000 	C:\WINDOWS\System32\PSAPI.DLL
0x00007ffc99910000 - 0x00007ffc99919000 	C:\WINDOWS\SYSTEM32\WSOCK32.dll
0x00007ffcb1820000 - 0x00007ffcb188f000 	C:\WINDOWS\System32\WS2_32.dll
0x00007ffca81e0000 - 0x00007ffca8216000 	C:\WINDOWS\SYSTEM32\WINMM.dll
0x00007ffca32c0000 - 0x00007ffca32ca000 	C:\WINDOWS\SYSTEM32\VERSION.dll
0x00007ffcafd20000 - 0x00007ffcafd38000 	C:\WINDOWS\SYSTEM32\kernel.appcore.dll
0x00007ffc83020000 - 0x00007ffc83031000 	C:\Program Files\Android\Android Studio\jre\bin\verify.dll
0x00007ffcae640000 - 0x00007ffcae871000 	C:\WINDOWS\SYSTEM32\DBGHELP.DLL
0x00007ffcb2990000 - 0x00007ffcb2d19000 	C:\WINDOWS\System32\combase.dll
0x00007ffcb25d0000 - 0x00007ffcb26a7000 	C:\WINDOWS\System32\OLEAUT32.dll
0x00007ffc95500000 - 0x00007ffc95532000 	C:\WINDOWS\SYSTEM32\dbgcore.DLL
0x00007ffcb0f00000 - 0x00007ffcb0f7b000 	C:\WINDOWS\System32\bcryptPrimitives.dll
0x00007ffc72620000 - 0x00007ffc72649000 	C:\Program Files\Android\Android Studio\jre\bin\java.dll
0x00007ffca3a80000 - 0x00007ffca3a8b000 	C:\Program Files\Android\Android Studio\jre\bin\jimage.dll
0x00007ffc7d250000 - 0x00007ffc7d268000 	C:\Program Files\Android\Android Studio\jre\bin\zip.dll
0x00007ffcb2db0000 - 0x00007ffcb3594000 	C:\WINDOWS\System32\SHELL32.dll
0x00007ffcaecc0000 - 0x00007ffcaf587000 	C:\WINDOWS\SYSTEM32\windows.storage.dll
0x00007ffcaeb30000 - 0x00007ffcaecba000 	C:\WINDOWS\SYSTEM32\wintypes.dll
0x00007ffcb18e0000 - 0x00007ffcb19cc000 	C:\WINDOWS\System32\SHCORE.dll
0x00007ffcb1f30000 - 0x00007ffcb1f8e000 	C:\WINDOWS\System32\shlwapi.dll
0x00007ffcb0cd0000 - 0x00007ffcb0cf3000 	C:\WINDOWS\SYSTEM32\profapi.dll
0x00007ffc72600000 - 0x00007ffc7261a000 	C:\Program Files\Android\Android Studio\jre\bin\net.dll
0x00007ffca6c50000 - 0x00007ffca6d7c000 	C:\WINDOWS\SYSTEM32\WINHTTP.dll
0x00007ffcb01b0000 - 0x00007ffcb0219000 	C:\WINDOWS\system32\mswsock.dll
0x00007ffc725e0000 - 0x00007ffc725f4000 	C:\Program Files\Android\Android Studio\jre\bin\nio.dll
0x00007ffc634c0000 - 0x00007ffc634e7000 	C:\Users\DELL\.gradle\native\e1d6ef7f7dcc3fd88c89a11ec53ec762bb8ba0a96d01ffa2cd45eb1d1d8dd5c5\windows-amd64\native-platform.dll
0x00007ffc54700000 - 0x00007ffc54844000 	C:\Users\DELL\.gradle\native\5664cfc778a61ccfe75a443a1ab52a65af34e5dc3c78e0209fed803814484fcb\windows-amd64\native-platform-file-events.dll
0x00007ffca3a00000 - 0x00007ffca3a0a000 	C:\Program Files\Android\Android Studio\jre\bin\management.dll
0x00007ffc9fe40000 - 0x00007ffc9fe4d000 	C:\Program Files\Android\Android Studio\jre\bin\management_ext.dll
0x00007ffcb04c0000 - 0x00007ffcb04db000 	C:\WINDOWS\SYSTEM32\CRYPTSP.dll
0x00007ffcafc80000 - 0x00007ffcafcb4000 	C:\WINDOWS\system32\rsaenh.dll
0x00007ffcb0270000 - 0x00007ffcb0298000 	C:\WINDOWS\SYSTEM32\USERENV.dll
0x00007ffcb0630000 - 0x00007ffcb0658000 	C:\WINDOWS\SYSTEM32\bcrypt.dll
0x00007ffcb04a0000 - 0x00007ffcb04ac000 	C:\WINDOWS\SYSTEM32\CRYPTBASE.dll
0x00007ffcaf830000 - 0x00007ffcaf85d000 	C:\WINDOWS\SYSTEM32\IPHLPAPI.DLL
0x00007ffcb20e0000 - 0x00007ffcb20e9000 	C:\WINDOWS\System32\NSI.dll
0x00007ffca6c30000 - 0x00007ffca6c49000 	C:\WINDOWS\SYSTEM32\dhcpcsvc6.DLL
0x00007ffca6c00000 - 0x00007ffca6c1f000 	C:\WINDOWS\SYSTEM32\dhcpcsvc.DLL
0x00007ffcaf860000 - 0x00007ffcaf95c000 	C:\WINDOWS\SYSTEM32\DNSAPI.dll

dbghelp: loaded successfully - version: 4.0.5 - missing functions: none
symbol engine: initialized successfully - sym options: 0x614 - pdb path: .;C:\Program Files\Android\Android Studio\jre\bin;C:\WINDOWS\SYSTEM32;C:\WINDOWS\WinSxS\amd64_microsoft.windows.common-controls_6595b64144ccf1df_6.0.25182.1000_none_75c9d140792f88e7;C:\Program Files\Android\Android Studio\jre\bin\server;C:\Users\DELL\.gradle\native\e1d6ef7f7dcc3fd88c89a11ec53ec762bb8ba0a96d01ffa2cd45eb1d1d8dd5c5\windows-amd64;C:\Users\DELL\.gradle\native\5664cfc778a61ccfe75a443a1ab52a65af34e5dc3c78e0209fed803814484fcb\windows-amd64

VM Arguments:
jvm_args: --add-opens=java.base/java.util=ALL-UNNAMED --add-opens=java.base/java.lang=ALL-UNNAMED --add-opens=java.base/java.lang.invoke=ALL-UNNAMED --add-opens=java.base/java.util=ALL-UNNAMED --add-opens=java.prefs/java.util.prefs=ALL-UNNAMED --add-opens=java.prefs/java.util.prefs=ALL-UNNAMED --add-opens=java.base/java.nio.charset=ALL-UNNAMED --add-opens=java.base/java.net=ALL-UNNAMED --add-opens=java.base/java.util.concurrent.atomic=ALL-UNNAMED -Xmx2048m -Dfile.encoding=UTF-8 -Duser.country=US -Duser.language=en -Duser.variant 
java_command: org.gradle.launcher.daemon.bootstrap.GradleDaemon 7.3.3
java_class_path (initial): C:\Users\DELL\.gradle\wrapper\dists\gradle-7.3.3-bin\6a41zxkdtcxs8rphpq6y0069z\gradle-7.3.3\lib\gradle-launcher-7.3.3.jar
Launcher Type: SUN_STANDARD

[Global flags]
     intx CICompilerCount                          = 3                                         {product} {ergonomic}
     uint ConcGCThreads                            = 1                                         {product} {ergonomic}
     uint G1ConcRefinementThreads                  = 4                                         {product} {ergonomic}
   size_t G1HeapRegionSize                         = 1048576                                   {product} {ergonomic}
    uintx GCDrainStackTargetSize                   = 64                                        {product} {ergonomic}
   size_t InitialHeapSize                          = 132120576                                 {product} {ergonomic}
   size_t MarkStackSize                            = 4194304                                   {product} {ergonomic}
   size_t MaxHeapSize                              = 2147483648                                {product} {command line}
   size_t MaxNewSize                               = 1287651328                                {product} {ergonomic}
   size_t MinHeapDeltaBytes                        = 1048576                                   {product} {ergonomic}
    uintx NonNMethodCodeHeapSize                   = 5830732                                {pd product} {ergonomic}
    uintx NonProfiledCodeHeapSize                  = 122913754                              {pd product} {ergonomic}
    uintx ProfiledCodeHeapSize                     = 122913754                              {pd product} {ergonomic}
    uintx ReservedCodeCacheSize                    = 251658240                              {pd product} {ergonomic}
     bool SegmentedCodeCache                       = true                                      {product} {ergonomic}
     bool UseCompressedClassPointers               = true                                 {lp64_product} {ergonomic}
     bool UseCompressedOops                        = true                                 {lp64_product} {ergonomic}
     bool UseG1GC                                  = true                                      {product} {ergonomic}
     bool UseLargePagesIndividualAllocation        = false                                  {pd product} {ergonomic}

Logging:
Log output configuration:
 #0: stdout all=warning uptime,level,tags
 #1: stderr all=off uptime,level,tags

Environment Variables:
PATH=C:\Program Files\Common Files\Oracle\Java\javapath;C:\Program Files (x86)\Common Files\Oracle\Java\javapath;C:\WINDOWS\system32;C:\WINDOWS;C:\WINDOWS\System32\Wbem;C:\WINDOWS\System32\WindowsPowerShell\v1.0\;C:\WINDOWS\System32\OpenSSH\;C:\Program Files\Git\cmd;C:\Program Files\nodejs\;C:\Program Files\Java\jdk-18.0.2.1\bin;C:\Users\DELL\AppData\Local\Microsoft\WindowsApps;;C:\Users\DELL\AppData\Local\Programs\Microsoft VS Code\bin;C:\Program Files\JetBrains\PyCharm 2021.3\bin;
USERNAME=DELL
OS=Windows_NT
PROCESSOR_IDENTIFIER=Intel64 Family 6 Model 142 Stepping 9, GenuineIntel



---------------  S Y S T E M  ---------------

OS: Windows 10 , 64 bit Build 25182 (10.0.25182.1000)
OS uptime: 3 days 10:11 hours
Hyper-V role detected

CPU:total 4 (initial active 4) (2 cores per cpu, 2 threads per core) family 6 model 142 stepping 9 microcode 0xde, cmov, cx8, fxsr, mmx, sse, sse2, sse3, ssse3, sse4.1, sse4.2, popcnt, avx, avx2, aes, clmul, erms, 3dnowpref, lzcnt, ht, tsc, tscinvbit, bmi1, bmi2, adx, fma

Memory: 4k page, system-wide physical 8061M (217M free)
TotalPageFile size 9959M (AvailPageFile size 3M)
current process WorkingSet (physical memory assigned to process): 388M, peak: 388M
current process commit charge ("private bytes"): 425M, peak: 427M

vm_info: OpenJDK 64-Bit Server VM (11.0.12+7-b1504.28-7817840) for windows-amd64 JRE (11.0.12+7-b1504.28-7817840), built on Oct 13 2021 22:12:33 by "builder" with MS VC++ 14.0 (VS2015)

END.
