#
# There is insufficient memory for the Java Runtime Environment to continue.
# Native memory allocation (malloc) failed to allocate 32744 bytes for ChunkPool::allocate
# Possible reasons:
#   The system is out of physical RAM or swap space
#   The process is running with CompressedOops enabled, and the Java Heap may be blocking the growth of the native heap
# Possible solutions:
#   Reduce memory load on the system
#   Increase physical memory or swap space
#   Check if swap backing store is full
#   Decrease Java heap size (-Xmx/-Xms)
#   Decrease number of Java threads
#   Decrease Java thread stack sizes (-Xss)
#   Set larger code cache with -XX:ReservedCodeCacheSize=
#   JVM is running with Unscaled Compressed Oops mode in which the Java heap is
#     placed in the first 4GB address space. The Java Heap base address is the
#     maximum limit for the native heap growth. Please use -XX:HeapBaseMinAddress
#     to set the Java Heap base and to place the Java Heap above 4GB virtual address.
# This output file may be truncated or incomplete.
#
#  Out of Memory Error (./src/hotspot/share/memory/arena.cpp:81), pid=22160, tid=6260
#
# JRE version: OpenJDK Runtime Environment (11.0.12+7) (build 11.0.12+7-b1504.28-7817840)
# Java VM: OpenJDK 64-Bit Server VM (11.0.12+7-b1504.28-7817840, mixed mode, tiered, compressed oops, g1 gc, windows-amd64)
# No core dump will be written. Minidumps are not enabled by default on client versions of Windows
#

---------------  S U M M A R Y ------------

Command Line: --add-opens=java.base/java.util=ALL-UNNAMED --add-opens=java.base/java.lang=ALL-UNNAMED --add-opens=java.base/java.lang.invoke=ALL-UNNAMED --add-opens=java.base/java.util=ALL-UNNAMED --add-opens=java.prefs/java.util.prefs=ALL-UNNAMED --add-opens=java.prefs/java.util.prefs=ALL-UNNAMED --add-opens=java.base/java.nio.charset=ALL-UNNAMED --add-opens=java.base/java.net=ALL-UNNAMED --add-opens=java.base/java.util.concurrent.atomic=ALL-UNNAMED -Xmx2048m -Dfile.encoding=UTF-8 -Duser.country=US -Duser.language=en -Duser.variant org.gradle.launcher.daemon.bootstrap.GradleDaemon 7.3.3

Host: Intel(R) Core(TM) i7-7500U CPU @ 2.70GHz, 4 cores, 7G,  Windows 10 , 64 bit Build 25182 (10.0.25182.1000)
Time: Sun Aug 28 10:00:37 2022 Pakistan Standard Time elapsed time: 38.852322 seconds (0d 0h 0m 38s)

---------------  T H R E A D  ---------------

Current thread (0x0000023ab7c9d000):  JavaThread "C2 CompilerThread0" daemon [_thread_in_native, id=6260, stack(0x0000006938e00000,0x0000006938f00000)]


Current CompileTask:
C2:  38852 6919       4       org.gradle.internal.instantiation.generator.AbstractClassGenerator::inspectType (560 bytes)

Stack: [0x0000006938e00000,0x0000006938f00000]
Native frames: (J=compiled Java code, j=interpreted, Vv=VM code, C=native code)
V  [jvm.dll+0x5fbcea]
V  [jvm.dll+0x731905]
V  [jvm.dll+0x732f1d]
V  [jvm.dll+0x7335d3]
V  [jvm.dll+0x247bf8]
V  [jvm.dll+0xc041b]
V  [jvm.dll+0xc06cc]
V  [jvm.dll+0xc02cc]
V  [jvm.dll+0x5dbbae]
V  [jvm.dll+0x2c6395]
V  [jvm.dll+0x2c42b4]
V  [jvm.dll+0x2c7898]
V  [jvm.dll+0x2c3387]
V  [jvm.dll+0x2c386c]
V  [jvm.dll+0x20193c]
V  [jvm.dll+0x1ff71f]
V  [jvm.dll+0x18868c]
V  [jvm.dll+0x20e0d7]
V  [jvm.dll+0x20c901]
V  [jvm.dll+0x6f9b7f]
V  [jvm.dll+0x6f26a5]
V  [jvm.dll+0x5fabf6]
C  [ucrtbase.dll+0x6a0e1]
C  [KERNEL32.DLL+0x1458d]
C  [ntdll.dll+0x67558]


---------------  P R O C E S S  ---------------

Threads class SMR info:
_java_thread_list=0x0000023ab8e0ceb0, length=78, elements={
0x0000023a9e07e800, 0x0000023ab7c7c000, 0x0000023ab7c7e000, 0x0000023ab8602800,
0x0000023ab7c99000, 0x0000023ab7c99800, 0x0000023ab7c9d000, 0x0000023ab7ca1000,
0x0000023ab7cbd800, 0x0000023ab8746000, 0x0000023ab997d800, 0x0000023aba5e1000,
0x0000023aba6c2000, 0x0000023ab9544800, 0x0000023abb466000, 0x0000023aba642800,
0x0000023ab8812800, 0x0000023ab9c94800, 0x0000023abaad2800, 0x0000023abaad9000,
0x0000023abaad3000, 0x0000023abaad4000, 0x0000023abaad5800, 0x0000023abaad4800,
0x0000023abaad6800, 0x0000023abaad7000, 0x0000023abaad8000, 0x0000023abb014000,
0x0000023abb015000, 0x0000023abb01a800, 0x0000023abb019000, 0x0000023abb017800,
0x0000023abb01c000, 0x0000023abb018000, 0x0000023abb016800, 0x0000023abb022000,
0x0000023abb021000, 0x0000023abb022800, 0x0000023abb01d000, 0x0000023abb01e000,
0x0000023abb01e800, 0x0000023abb01f800, 0x0000023abb020800, 0x0000023ab8b91000,
0x0000023ab8b93800, 0x0000023ab8b92000, 0x0000023ab8b94800, 0x0000023ab8b95000,
0x0000023ab8b96000, 0x0000023ab8b90800, 0x0000023ab8b92800, 0x0000023ab8b97000,
0x0000023ab8b9d800, 0x0000023ab8b9a000, 0x0000023ab8b9b000, 0x0000023ab8b9b800,
0x0000023ab8b9c800, 0x0000023ab8b98800, 0x0000023ab8b99800, 0x0000023ab8b97800,
0x0000023ab8b9e000, 0x0000023ab8b9f000, 0x0000023abb59b800, 0x0000023abb59c800,
0x0000023abb599000, 0x0000023abb597800, 0x0000023abb59d000, 0x0000023abb59a000,
0x0000023abb59e000, 0x0000023abb598000, 0x0000023abb5a0800, 0x0000023abb59e800,
0x0000023abb59f800, 0x0000023abb59a800, 0x0000023abb5a1000, 0x0000023abb5a2000,
0x0000023abb5a5000, 0x0000023abb5a3000
}

Java Threads: ( => current thread )
  0x0000023a9e07e800 JavaThread "main" [_thread_blocked, id=8796, stack(0x0000006938200000,0x0000006938300000)]
  0x0000023ab7c7c000 JavaThread "Reference Handler" daemon [_thread_blocked, id=8300, stack(0x0000006938900000,0x0000006938a00000)]
  0x0000023ab7c7e000 JavaThread "Finalizer" daemon [_thread_blocked, id=7836, stack(0x0000006938a00000,0x0000006938b00000)]
  0x0000023ab8602800 JavaThread "Signal Dispatcher" daemon [_thread_blocked, id=5908, stack(0x0000006938b00000,0x0000006938c00000)]
  0x0000023ab7c99000 JavaThread "Attach Listener" daemon [_thread_blocked, id=12648, stack(0x0000006938c00000,0x0000006938d00000)]
  0x0000023ab7c99800 JavaThread "Service Thread" daemon [_thread_blocked, id=13172, stack(0x0000006938d00000,0x0000006938e00000)]
=>0x0000023ab7c9d000 JavaThread "C2 CompilerThread0" daemon [_thread_in_native, id=6260, stack(0x0000006938e00000,0x0000006938f00000)]
  0x0000023ab7ca1000 JavaThread "C1 CompilerThread0" daemon [_thread_blocked, id=5384, stack(0x0000006938f00000,0x0000006939000000)]
  0x0000023ab7cbd800 JavaThread "Sweeper thread" daemon [_thread_blocked, id=11568, stack(0x0000006939000000,0x0000006939100000)]
  0x0000023ab8746000 JavaThread "Common-Cleaner" daemon [_thread_blocked, id=7196, stack(0x0000006939100000,0x0000006939200000)]
  0x0000023ab997d800 JavaThread "Daemon health stats" [_thread_blocked, id=18596, stack(0x0000006939600000,0x0000006939700000)]
  0x0000023aba5e1000 JavaThread "Incoming local TCP Connector on port 62819" [_thread_in_native, id=20624, stack(0x0000006939300000,0x0000006939400000)]
  0x0000023aba6c2000 JavaThread "Daemon" [_thread_blocked, id=22820, stack(0x0000006939700000,0x0000006939800000)]
  0x0000023ab9544800 JavaThread "Handler for socket connection from /127.0.0.1:62819 to /127.0.0.1:62820" [_thread_in_native, id=23916, stack(0x0000006939800000,0x0000006939900000)]
  0x0000023abb466000 JavaThread "Daemon periodic checks" [_thread_blocked, id=20208, stack(0x0000006939900000,0x0000006939a00000)]
  0x0000023aba642800 JavaThread "Cancel handler" [_thread_blocked, id=9684, stack(0x0000006939a00000,0x0000006939b00000)]
  0x0000023ab8812800 JavaThread "Daemon worker" [_thread_in_Java, id=14408, stack(0x0000006939b00000,0x0000006939c00000)]
  0x0000023ab9c94800 JavaThread "Asynchronous log dispatcher for DefaultDaemonConnection: socket connection from /127.0.0.1:62819 to /127.0.0.1:62820" [_thread_blocked, id=4740, stack(0x0000006939c00000,0x0000006939d00000)]
  0x0000023abaad2800 JavaThread "Stdin handler" [_thread_blocked, id=3576, stack(0x0000006939d00000,0x0000006939e00000)]
  0x0000023abaad9000 JavaThread "Daemon client event forwarder" [_thread_blocked, id=20188, stack(0x0000006939e00000,0x0000006939f00000)]
  0x0000023abaad3000 JavaThread "Cache worker for journal cache (C:\Users\DELL\.gradle\caches\journal-1)" [_thread_blocked, id=23796, stack(0x000000693a000000,0x000000693a100000)]
  0x0000023abaad4000 JavaThread "File lock request listener" [_thread_in_native, id=18788, stack(0x000000693a100000,0x000000693a200000)]
  0x0000023abaad5800 JavaThread "Cache worker for file hash cache (C:\Users\DELL\.gradle\caches\7.3.3\fileHashes)" [_thread_blocked, id=25008, stack(0x000000693a200000,0x000000693a300000)]
  0x0000023abaad4800 JavaThread "Cache worker for file hash cache (C:\Users\DELL\AndroidStudioProjects\Assign_2_BSCS_19011519006\.gradle\7.3.3\fileHashes)" [_thread_blocked, id=21536, stack(0x000000693a400000,0x000000693a500000)]
  0x0000023abaad6800 JavaThread "File watcher server" daemon [_thread_in_native, id=21764, stack(0x000000693a500000,0x000000693a600000)]
  0x0000023abaad7000 JavaThread "File watcher consumer" daemon [_thread_blocked, id=20316, stack(0x000000693a600000,0x000000693a700000)]
  0x0000023abaad8000 JavaThread "Cache worker for checksums cache (C:\Users\DELL\AndroidStudioProjects\Assign_2_BSCS_19011519006\.gradle\7.3.3\checksums)" [_thread_blocked, id=22624, stack(0x000000693a300000,0x000000693a400000)]
  0x0000023abb014000 JavaThread "Cache worker for cache directory md-supplier (C:\Users\DELL\.gradle\caches\7.3.3\md-supplier)" [_thread_blocked, id=13208, stack(0x000000693a700000,0x000000693a800000)]
  0x0000023abb015000 JavaThread "Cache worker for cache directory md-rule (C:\Users\DELL\.gradle\caches\7.3.3\md-rule)" [_thread_blocked, id=19632, stack(0x000000693a900000,0x000000693aa00000)]
  0x0000023abb01a800 JavaThread "Cache worker for execution history cache (C:\Users\DELL\.gradle\caches\7.3.3\executionHistory)" [_thread_blocked, id=20000, stack(0x000000693aa00000,0x000000693ab00000)]
  0x0000023abb019000 JavaThread "jar transforms" [_thread_blocked, id=20076, stack(0x000000693ab00000,0x000000693ac00000)]
  0x0000023abb017800 JavaThread "Cache worker for file content cache (C:\Users\DELL\.gradle\caches\7.3.3\fileContent)" [_thread_blocked, id=23860, stack(0x000000693ac00000,0x000000693ad00000)]
  0x0000023abb01c000 JavaThread "jar transforms Thread 2" [_thread_blocked, id=22800, stack(0x000000693ad00000,0x000000693ae00000)]
  0x0000023abb018000 JavaThread "Cache worker for dependencies-accessors (C:\Users\DELL\AndroidStudioProjects\Assign_2_BSCS_19011519006\.gradle\7.3.3\dependencies-accessors)" [_thread_blocked, id=23336, stack(0x000000693ae00000,0x000000693af00000)]
  0x0000023abb016800 JavaThread "jar transforms Thread 3" [_thread_blocked, id=18356, stack(0x000000693a800000,0x000000693a900000)]
  0x0000023abb022000 JavaThread "Cache worker for Build Output Cleanup Cache (C:\Users\DELL\AndroidStudioProjects\Assign_2_BSCS_19011519006\.gradle\buildOutputCleanup)" [_thread_blocked, id=24916, stack(0x000000693af00000,0x000000693b000000)]
  0x0000023abb021000 JavaThread "Unconstrained build operations" [_thread_blocked, id=21100, stack(0x000000693b000000,0x000000693b100000)]
  0x0000023abb022800 JavaThread "Unconstrained build operations Thread 2" [_thread_blocked, id=24848, stack(0x000000693b100000,0x000000693b200000)]
  0x0000023abb01d000 JavaThread "Unconstrained build operations Thread 3" [_thread_blocked, id=23208, stack(0x000000693b200000,0x000000693b300000)]
  0x0000023abb01e000 JavaThread "Unconstrained build operations Thread 4" [_thread_blocked, id=23620, stack(0x000000693b300000,0x000000693b400000)]
  0x0000023abb01e800 JavaThread "Unconstrained build operations Thread 5" [_thread_blocked, id=3420, stack(0x000000693b400000,0x000000693b500000)]
  0x0000023abb01f800 JavaThread "Unconstrained build operations Thread 6" [_thread_blocked, id=20248, stack(0x000000693b500000,0x000000693b600000)]
  0x0000023abb020800 JavaThread "Unconstrained build operations Thread 7" [_thread_blocked, id=24328, stack(0x000000693b600000,0x000000693b700000)]
  0x0000023ab8b91000 JavaThread "Unconstrained build operations Thread 8" [_thread_blocked, id=20324, stack(0x000000693b700000,0x000000693b800000)]
  0x0000023ab8b93800 JavaThread "Unconstrained build operations Thread 9" [_thread_blocked, id=23560, stack(0x000000693b800000,0x000000693b900000)]
  0x0000023ab8b92000 JavaThread "Unconstrained build operations Thread 10" [_thread_blocked, id=22968, stack(0x000000693b900000,0x000000693ba00000)]
  0x0000023ab8b94800 JavaThread "Unconstrained build operations Thread 11" [_thread_blocked, id=23912, stack(0x000000693ba00000,0x000000693bb00000)]
  0x0000023ab8b95000 JavaThread "Unconstrained build operations Thread 12" [_thread_blocked, id=25460, stack(0x000000693bb00000,0x000000693bc00000)]
  0x0000023ab8b96000 JavaThread "Unconstrained build operations Thread 13" [_thread_blocked, id=1116, stack(0x000000693bc00000,0x000000693bd00000)]
  0x0000023ab8b90800 JavaThread "Unconstrained build operations Thread 14" [_thread_blocked, id=17360, stack(0x000000693bd00000,0x000000693be00000)]
  0x0000023ab8b92800 JavaThread "Unconstrained build operations Thread 15" [_thread_blocked, id=24748, stack(0x000000693be00000,0x000000693bf00000)]
  0x0000023ab8b97000 JavaThread "Unconstrained build operations Thread 16" [_thread_blocked, id=22312, stack(0x000000693bf00000,0x000000693c000000)]
  0x0000023ab8b9d800 JavaThread "Unconstrained build operations Thread 17" [_thread_blocked, id=23588, stack(0x000000693c000000,0x000000693c100000)]
  0x0000023ab8b9a000 JavaThread "Unconstrained build operations Thread 18" [_thread_blocked, id=25220, stack(0x000000693c100000,0x000000693c200000)]
  0x0000023ab8b9b000 JavaThread "Unconstrained build operations Thread 19" [_thread_blocked, id=19464, stack(0x000000693c200000,0x000000693c300000)]
  0x0000023ab8b9b800 JavaThread "Unconstrained build operations Thread 20" [_thread_blocked, id=10160, stack(0x000000693c300000,0x000000693c400000)]
  0x0000023ab8b9c800 JavaThread "Unconstrained build operations Thread 21" [_thread_blocked, id=13292, stack(0x000000693c400000,0x000000693c500000)]
  0x0000023ab8b98800 JavaThread "Unconstrained build operations Thread 22" [_thread_blocked, id=9292, stack(0x000000693c500000,0x000000693c600000)]
  0x0000023ab8b99800 JavaThread "Unconstrained build operations Thread 23" [_thread_blocked, id=22676, stack(0x000000693c600000,0x000000693c700000)]
  0x0000023ab8b97800 JavaThread "Unconstrained build operations Thread 24" [_thread_blocked, id=21828, stack(0x000000693c700000,0x000000693c800000)]
  0x0000023ab8b9e000 JavaThread "Unconstrained build operations Thread 25" [_thread_blocked, id=21380, stack(0x000000693c800000,0x000000693c900000)]
  0x0000023ab8b9f000 JavaThread "Unconstrained build operations Thread 26" [_thread_blocked, id=20508, stack(0x000000693c900000,0x000000693ca00000)]
  0x0000023abb59b800 JavaThread "Unconstrained build operations Thread 27" [_thread_blocked, id=20300, stack(0x000000693ca00000,0x000000693cb00000)]
  0x0000023abb59c800 JavaThread "Unconstrained build operations Thread 28" [_thread_blocked, id=22912, stack(0x000000693cb00000,0x000000693cc00000)]
  0x0000023abb599000 JavaThread "Unconstrained build operations Thread 29" [_thread_blocked, id=22448, stack(0x000000693cc00000,0x000000693cd00000)]
  0x0000023abb597800 JavaThread "Unconstrained build operations Thread 30" [_thread_blocked, id=18516, stack(0x000000693cd00000,0x000000693ce00000)]
  0x0000023abb59d000 JavaThread "Unconstrained build operations Thread 31" [_thread_blocked, id=19744, stack(0x000000693ce00000,0x000000693cf00000)]
  0x0000023abb59a000 JavaThread "Unconstrained build operations Thread 32" [_thread_blocked, id=22180, stack(0x000000693cf00000,0x000000693d000000)]
  0x0000023abb59e000 JavaThread "Unconstrained build operations Thread 33" [_thread_blocked, id=24564, stack(0x000000693d000000,0x000000693d100000)]
  0x0000023abb598000 JavaThread "Unconstrained build operations Thread 34" [_thread_blocked, id=18468, stack(0x000000693d100000,0x000000693d200000)]
  0x0000023abb5a0800 JavaThread "Unconstrained build operations Thread 35" [_thread_blocked, id=20584, stack(0x000000693d200000,0x000000693d300000)]
  0x0000023abb59e800 JavaThread "Unconstrained build operations Thread 36" [_thread_blocked, id=21620, stack(0x000000693d300000,0x000000693d400000)]
  0x0000023abb59f800 JavaThread "Unconstrained build operations Thread 37" [_thread_blocked, id=20720, stack(0x000000693d400000,0x000000693d500000)]
  0x0000023abb59a800 JavaThread "Unconstrained build operations Thread 38" [_thread_blocked, id=25456, stack(0x000000693d500000,0x000000693d600000)]
  0x0000023abb5a1000 JavaThread "Unconstrained build operations Thread 39" [_thread_blocked, id=13556, stack(0x000000693d600000,0x000000693d700000)]
  0x0000023abb5a2000 JavaThread "Unconstrained build operations Thread 40" [_thread_blocked, id=20328, stack(0x000000693d700000,0x000000693d800000)]
  0x0000023abb5a5000 JavaThread "jar transforms Thread 4" [_thread_blocked, id=18164, stack(0x000000693d800000,0x000000693d900000)]
  0x0000023abb5a3000 JavaThread "Memory manager" [_thread_blocked, id=20920, stack(0x000000693d900000,0x000000693da00000)]

Other Threads:
  0x0000023ab7c78000 VMThread "VM Thread" [stack: 0x0000006938800000,0x0000006938900000] [id=8876]
  0x0000023ab8773000 WatcherThread [stack: 0x0000006939200000,0x0000006939300000] [id=1364]
  0x0000023a9e093800 GCTaskThread "GC Thread#0" [stack: 0x0000006938300000,0x0000006938400000] [id=1864]
  0x0000023ab8a2a800 GCTaskThread "GC Thread#1" [stack: 0x0000006939400000,0x0000006939500000] [id=24028]
  0x0000023ab91be000 GCTaskThread "GC Thread#2" [stack: 0x0000006939500000,0x0000006939600000] [id=20916]
  0x0000023abb773800 GCTaskThread "GC Thread#3" [stack: 0x0000006939f00000,0x000000693a000000] [id=19048]
  0x0000023a9e0c4000 ConcurrentGCThread "G1 Main Marker" [stack: 0x0000006938400000,0x0000006938500000] [id=12052]
  0x0000023a9e0c5800 ConcurrentGCThread "G1 Conc#0" [stack: 0x0000006938500000,0x0000006938600000] [id=7504]
  0x0000023ab7ad0800 ConcurrentGCThread "G1 Refine#0" [stack: 0x0000006938600000,0x0000006938700000] [id=11476]
  0x0000023a9e149000 ConcurrentGCThread "G1 Young RemSet Sampling" [stack: 0x0000006938700000,0x0000006938800000] [id=11088]

Threads with active compile tasks:
C2 CompilerThread0  38934 6919       4       org.gradle.internal.instantiation.generator.AbstractClassGenerator::inspectType (560 bytes)

VM state:not at safepoint (normal execution)

VM Mutex/Monitor currently owned by a thread: None

Heap address: 0x0000000080000000, size: 2048 MB, Compressed Oops mode: 32-bit
Narrow klass base: 0x0000000000000000, Narrow klass shift: 3
Compressed class space size: 1073741824 Address: 0x0000000100000000

Heap:
 garbage-first heap   total 155648K, used 75473K [0x0000000080000000, 0x0000000100000000)
  region size 1024K, 25 young (25600K), 5 survivors (5120K)
 Metaspace       used 70080K, capacity 71759K, committed 71852K, reserved 1112064K
  class space    used 9111K, capacity 9715K, committed 9728K, reserved 1048576K
Heap Regions: E=young(eden), S=young(survivor), O=old, HS=humongous(starts), HC=humongous(continues), CS=collection set, F=free, A=archive, TAMS=top-at-mark-start (previous, next)
|   0|0x0000000080000000, 0x0000000080100000, 0x0000000080100000|100%|HS|  |TAMS 0x0000000080100000, 0x0000000080000000| Complete 
|   1|0x0000000080100000, 0x0000000080200000, 0x0000000080200000|100%| O|  |TAMS 0x0000000080200000, 0x0000000080100000| Untracked 
|   2|0x0000000080200000, 0x0000000080300000, 0x0000000080300000|100%| O|  |TAMS 0x0000000080300000, 0x0000000080200000| Untracked 
|   3|0x0000000080300000, 0x0000000080400000, 0x0000000080400000|100%|HS|  |TAMS 0x0000000080400000, 0x0000000080300000| Complete 
|   4|0x0000000080400000, 0x0000000080500000, 0x0000000080500000|100%|HC|  |TAMS 0x0000000080500000, 0x0000000080400000| Complete 
|   5|0x0000000080500000, 0x0000000080600000, 0x0000000080600000|100%|HC|  |TAMS 0x0000000080600000, 0x0000000080500000| Complete 
|   6|0x0000000080600000, 0x0000000080700000, 0x0000000080700000|100%| O|  |TAMS 0x0000000080700000, 0x0000000080600000| Untracked 
|   7|0x0000000080700000, 0x0000000080800000, 0x0000000080800000|100%| O|  |TAMS 0x0000000080800000, 0x0000000080700000| Untracked 
|   8|0x0000000080800000, 0x0000000080900000, 0x0000000080900000|100%| O|  |TAMS 0x0000000080900000, 0x0000000080800000| Untracked 
|   9|0x0000000080900000, 0x0000000080a00000, 0x0000000080a00000|100%| O|  |TAMS 0x0000000080a00000, 0x0000000080900000| Untracked 
|  10|0x0000000080a00000, 0x0000000080b00000, 0x0000000080b00000|100%| O|  |TAMS 0x0000000080b00000, 0x0000000080a00000| Untracked 
|  11|0x0000000080b00000, 0x0000000080c00000, 0x0000000080c00000|100%| O|  |TAMS 0x0000000080c00000, 0x0000000080b00000| Untracked 
|  12|0x0000000080c00000, 0x0000000080d00000, 0x0000000080d00000|100%| O|  |TAMS 0x0000000080d00000, 0x0000000080c00000| Untracked 
|  13|0x0000000080d00000, 0x0000000080e00000, 0x0000000080e00000|100%| O|  |TAMS 0x0000000080e00000, 0x0000000080d00000| Untracked 
|  14|0x0000000080e00000, 0x0000000080f00000, 0x0000000080f00000|100%| O|  |TAMS 0x0000000080f00000, 0x0000000080e00000| Untracked 
|  15|0x0000000080f00000, 0x0000000081000000, 0x0000000081000000|100%| O|  |TAMS 0x0000000081000000, 0x0000000080f00000| Untracked 
|  16|0x0000000081000000, 0x0000000081100000, 0x0000000081100000|100%| O|  |TAMS 0x0000000081100000, 0x0000000081000000| Untracked 
|  17|0x0000000081100000, 0x0000000081200000, 0x0000000081200000|100%| O|  |TAMS 0x0000000081200000, 0x0000000081100000| Untracked 
|  18|0x0000000081200000, 0x0000000081300000, 0x0000000081300000|100%| O|  |TAMS 0x0000000081300000, 0x0000000081200000| Untracked 
|  19|0x0000000081300000, 0x0000000081400000, 0x0000000081400000|100%| O|  |TAMS 0x0000000081400000, 0x0000000081300000| Untracked 
|  20|0x0000000081400000, 0x0000000081500000, 0x0000000081500000|100%| O|  |TAMS 0x0000000081500000, 0x0000000081400000| Untracked 
|  21|0x0000000081500000, 0x0000000081600000, 0x0000000081600000|100%| O|  |TAMS 0x0000000081600000, 0x0000000081500000| Untracked 
|  22|0x0000000081600000, 0x0000000081700000, 0x0000000081700000|100%| O|  |TAMS 0x0000000081700000, 0x0000000081600000| Untracked 
|  23|0x0000000081700000, 0x0000000081800000, 0x0000000081800000|100%| O|  |TAMS 0x0000000081800000, 0x0000000081700000| Untracked 
|  24|0x0000000081800000, 0x0000000081900000, 0x0000000081900000|100%| O|  |TAMS 0x0000000081900000, 0x0000000081800000| Untracked 
|  25|0x0000000081900000, 0x0000000081a00000, 0x0000000081a00000|100%| O|  |TAMS 0x0000000081a00000, 0x0000000081900000| Untracked 
|  26|0x0000000081a00000, 0x0000000081b00000, 0x0000000081b00000|100%| O|  |TAMS 0x0000000081b00000, 0x0000000081a00000| Untracked 
|  27|0x0000000081b00000, 0x0000000081c00000, 0x0000000081c00000|100%| O|  |TAMS 0x0000000081c00000, 0x0000000081b00000| Untracked 
|  28|0x0000000081c00000, 0x0000000081d00000, 0x0000000081d00000|100%|HS|  |TAMS 0x0000000081d00000, 0x0000000081c00000| Complete 
|  29|0x0000000081d00000, 0x0000000081e00000, 0x0000000081e00000|100%|HS|  |TAMS 0x0000000081e00000, 0x0000000081d00000| Complete 
|  30|0x0000000081e00000, 0x0000000081f00000, 0x0000000081f00000|100%|HC|  |TAMS 0x0000000081f00000, 0x0000000081e00000| Complete 
|  31|0x0000000081f00000, 0x0000000082000000, 0x0000000082000000|100%| O|  |TAMS 0x0000000082000000, 0x0000000081f00000| Untracked 
|  32|0x0000000082000000, 0x0000000082100000, 0x0000000082100000|100%| O|  |TAMS 0x0000000082100000, 0x0000000082000000| Untracked 
|  33|0x0000000082100000, 0x0000000082200000, 0x0000000082200000|100%| O|  |TAMS 0x0000000082200000, 0x0000000082100000| Untracked 
|  34|0x0000000082200000, 0x0000000082300000, 0x0000000082300000|100%| O|  |TAMS 0x0000000082300000, 0x0000000082200000| Untracked 
|  35|0x0000000082300000, 0x0000000082400000, 0x0000000082400000|100%| O|  |TAMS 0x0000000082400000, 0x0000000082300000| Untracked 
|  36|0x0000000082400000, 0x0000000082500000, 0x0000000082500000|100%| O|  |TAMS 0x0000000082500000, 0x0000000082400000| Untracked 
|  37|0x0000000082500000, 0x0000000082600000, 0x0000000082600000|100%| O|  |TAMS 0x0000000082600000, 0x0000000082500000| Untracked 
|  38|0x0000000082600000, 0x0000000082700000, 0x0000000082700000|100%| O|  |TAMS 0x0000000082700000, 0x0000000082600000| Untracked 
|  39|0x0000000082700000, 0x0000000082800000, 0x0000000082800000|100%| O|  |TAMS 0x0000000082800000, 0x0000000082700000| Untracked 
|  40|0x0000000082800000, 0x0000000082900000, 0x0000000082900000|100%| O|  |TAMS 0x0000000082900000, 0x0000000082800000| Untracked 
|  41|0x0000000082900000, 0x0000000082a00000, 0x0000000082a00000|100%| O|  |TAMS 0x0000000082a00000, 0x0000000082900000| Untracked 
|  42|0x0000000082a00000, 0x0000000082b00000, 0x0000000082b00000|100%| O|  |TAMS 0x0000000082b00000, 0x0000000082a00000| Untracked 
|  43|0x0000000082b00000, 0x0000000082c00000, 0x0000000082c00000|100%| O|  |TAMS 0x0000000082bdae00, 0x0000000082b00000| Untracked 
|  44|0x0000000082c00000, 0x0000000082c00000, 0x0000000082d00000|  0%| F|  |TAMS 0x0000000082c00000, 0x0000000082c00000| Untracked 
|  45|0x0000000082d00000, 0x0000000082e00000, 0x0000000082e00000|100%| O|  |TAMS 0x0000000082d00000, 0x0000000082d00000| Untracked 
|  46|0x0000000082e00000, 0x0000000082f00000, 0x0000000082f00000|100%| O|  |TAMS 0x0000000082e00000, 0x0000000082e00000| Untracked 
|  47|0x0000000082f00000, 0x0000000083000000, 0x0000000083000000|100%| O|  |TAMS 0x0000000082f00000, 0x0000000082f00000| Untracked 
|  48|0x0000000083000000, 0x0000000083100000, 0x0000000083100000|100%| O|  |TAMS 0x0000000083000000, 0x0000000083000000| Untracked 
|  49|0x0000000083100000, 0x0000000083200000, 0x0000000083200000|100%| O|  |TAMS 0x0000000083100000, 0x0000000083100000| Untracked 
|  50|0x0000000083200000, 0x0000000083300000, 0x0000000083300000|100%| O|  |TAMS 0x0000000083200000, 0x0000000083200000| Untracked 
|  51|0x0000000083300000, 0x000000008332a600, 0x0000000083400000| 16%| O|  |TAMS 0x0000000083300000, 0x0000000083300000| Untracked 
|  52|0x0000000083400000, 0x0000000083400000, 0x0000000083500000|  0%| F|  |TAMS 0x0000000083400000, 0x0000000083400000| Untracked 
|  53|0x0000000083500000, 0x0000000083500000, 0x0000000083600000|  0%| F|  |TAMS 0x0000000083500000, 0x0000000083500000| Untracked 
|  54|0x0000000083600000, 0x0000000083600000, 0x0000000083700000|  0%| F|  |TAMS 0x0000000083600000, 0x0000000083600000| Untracked 
|  55|0x0000000083700000, 0x0000000083700000, 0x0000000083800000|  0%| F|  |TAMS 0x0000000083700000, 0x0000000083700000| Untracked 
|  56|0x0000000083800000, 0x0000000083800000, 0x0000000083900000|  0%| F|  |TAMS 0x0000000083800000, 0x0000000083800000| Untracked 
|  57|0x0000000083900000, 0x0000000083900000, 0x0000000083a00000|  0%| F|  |TAMS 0x0000000083900000, 0x0000000083900000| Untracked 
|  58|0x0000000083a00000, 0x0000000083a00000, 0x0000000083b00000|  0%| F|  |TAMS 0x0000000083a00000, 0x0000000083a00000| Untracked 
|  59|0x0000000083b00000, 0x0000000083b00000, 0x0000000083c00000|  0%| F|  |TAMS 0x0000000083b00000, 0x0000000083b00000| Untracked 
|  60|0x0000000083c00000, 0x0000000083c00000, 0x0000000083d00000|  0%| F|  |TAMS 0x0000000083c00000, 0x0000000083c00000| Untracked 
|  61|0x0000000083d00000, 0x0000000083d00000, 0x0000000083e00000|  0%| F|  |TAMS 0x0000000083d00000, 0x0000000083d00000| Untracked 
|  62|0x0000000083e00000, 0x0000000083e00000, 0x0000000083f00000|  0%| F|  |TAMS 0x0000000083e00000, 0x0000000083e00000| Untracked 
|  63|0x0000000083f00000, 0x0000000083f00000, 0x0000000084000000|  0%| F|  |TAMS 0x0000000083f00000, 0x0000000083f00000| Untracked 
|  64|0x0000000084000000, 0x0000000084000000, 0x0000000084100000|  0%| F|  |TAMS 0x0000000084000000, 0x0000000084000000| Untracked 
|  65|0x0000000084100000, 0x0000000084100000, 0x0000000084200000|  0%| F|  |TAMS 0x0000000084100000, 0x0000000084100000| Untracked 
|  66|0x0000000084200000, 0x0000000084200000, 0x0000000084300000|  0%| F|  |TAMS 0x0000000084200000, 0x0000000084200000| Untracked 
|  67|0x0000000084300000, 0x0000000084300000, 0x0000000084400000|  0%| F|  |TAMS 0x0000000084300000, 0x0000000084300000| Untracked 
|  68|0x0000000084400000, 0x0000000084400000, 0x0000000084500000|  0%| F|  |TAMS 0x0000000084400000, 0x0000000084400000| Untracked 
|  69|0x0000000084500000, 0x0000000084500000, 0x0000000084600000|  0%| F|  |TAMS 0x0000000084500000, 0x0000000084500000| Untracked 
|  70|0x0000000084600000, 0x0000000084600000, 0x0000000084700000|  0%| F|  |TAMS 0x0000000084600000, 0x0000000084600000| Untracked 
|  71|0x0000000084700000, 0x0000000084700000, 0x0000000084800000|  0%| F|  |TAMS 0x0000000084700000, 0x0000000084700000| Untracked 
|  72|0x0000000084800000, 0x0000000084800000, 0x0000000084900000|  0%| F|  |TAMS 0x0000000084800000, 0x0000000084800000| Untracked 
|  73|0x0000000084900000, 0x0000000084900000, 0x0000000084a00000|  0%| F|  |TAMS 0x0000000084900000, 0x0000000084900000| Untracked 
|  74|0x0000000084a00000, 0x0000000084a00000, 0x0000000084b00000|  0%| F|  |TAMS 0x0000000084a00000, 0x0000000084a00000| Untracked 
|  75|0x0000000084b00000, 0x0000000084b00000, 0x0000000084c00000|  0%| F|  |TAMS 0x0000000084b00000, 0x0000000084b00000| Untracked 
|  76|0x0000000084c00000, 0x0000000084c00000, 0x0000000084d00000|  0%| F|  |TAMS 0x0000000084c00000, 0x0000000084c00000| Untracked 
|  77|0x0000000084d00000, 0x0000000084d00000, 0x0000000084e00000|  0%| F|  |TAMS 0x0000000084d00000, 0x0000000084d00000| Untracked 
|  78|0x0000000084e00000, 0x0000000084e00000, 0x0000000084f00000|  0%| F|  |TAMS 0x0000000084e00000, 0x0000000084e00000| Untracked 
|  79|0x0000000084f00000, 0x0000000084f00000, 0x0000000085000000|  0%| F|  |TAMS 0x0000000084f00000, 0x0000000084f00000| Untracked 
|  80|0x0000000085000000, 0x0000000085000000, 0x0000000085100000|  0%| F|  |TAMS 0x0000000085000000, 0x0000000085000000| Untracked 
|  81|0x0000000085100000, 0x0000000085100000, 0x0000000085200000|  0%| F|  |TAMS 0x0000000085100000, 0x0000000085100000| Untracked 
|  82|0x0000000085200000, 0x0000000085289e80, 0x0000000085300000| 53%| S|CS|TAMS 0x0000000085200000, 0x0000000085200000| Complete 
|  83|0x0000000085300000, 0x0000000085400000, 0x0000000085400000|100%| S|CS|TAMS 0x0000000085300000, 0x0000000085300000| Complete 
|  84|0x0000000085400000, 0x0000000085400000, 0x0000000085500000|  0%| F|  |TAMS 0x0000000085400000, 0x0000000085400000| Untracked 
|  85|0x0000000085500000, 0x0000000085500000, 0x0000000085600000|  0%| F|  |TAMS 0x0000000085500000, 0x0000000085500000| Untracked 
|  86|0x0000000085600000, 0x0000000085600000, 0x0000000085700000|  0%| F|  |TAMS 0x0000000085600000, 0x0000000085600000| Untracked 
|  87|0x0000000085700000, 0x0000000085700000, 0x0000000085800000|  0%| F|  |TAMS 0x0000000085700000, 0x0000000085700000| Untracked 
|  88|0x0000000085800000, 0x0000000085800000, 0x0000000085900000|  0%| F|  |TAMS 0x0000000085800000, 0x0000000085800000| Untracked 
|  89|0x0000000085900000, 0x0000000085900000, 0x0000000085a00000|  0%| F|  |TAMS 0x0000000085900000, 0x0000000085900000| Untracked 
|  90|0x0000000085a00000, 0x0000000085a00000, 0x0000000085b00000|  0%| F|  |TAMS 0x0000000085a00000, 0x0000000085a00000| Untracked 
|  91|0x0000000085b00000, 0x0000000085c00000, 0x0000000085c00000|100%| S|CS|TAMS 0x0000000085b00000, 0x0000000085b00000| Complete 
|  92|0x0000000085c00000, 0x0000000085d00000, 0x0000000085d00000|100%| S|CS|TAMS 0x0000000085c00000, 0x0000000085c00000| Complete 
|  93|0x0000000085d00000, 0x0000000085e00000, 0x0000000085e00000|100%| S|CS|TAMS 0x0000000085d00000, 0x0000000085d00000| Complete 
|  94|0x0000000085e00000, 0x0000000085e00000, 0x0000000085f00000|  0%| F|  |TAMS 0x0000000085e00000, 0x0000000085e00000| Untracked 
|  95|0x0000000085f00000, 0x0000000085f00000, 0x0000000086000000|  0%| F|  |TAMS 0x0000000085f00000, 0x0000000085f00000| Untracked 
|  96|0x0000000086000000, 0x0000000086000000, 0x0000000086100000|  0%| F|  |TAMS 0x0000000086000000, 0x0000000086000000| Untracked 
|  97|0x0000000086100000, 0x0000000086100000, 0x0000000086200000|  0%| F|  |TAMS 0x0000000086100000, 0x0000000086100000| Untracked 
|  98|0x0000000086200000, 0x0000000086200000, 0x0000000086300000|  0%| F|  |TAMS 0x0000000086200000, 0x0000000086200000| Untracked 
|  99|0x0000000086300000, 0x0000000086300000, 0x0000000086400000|  0%| F|  |TAMS 0x0000000086300000, 0x0000000086300000| Untracked 
| 100|0x0000000086400000, 0x0000000086400000, 0x0000000086500000|  0%| F|  |TAMS 0x0000000086400000, 0x0000000086400000| Untracked 
| 101|0x0000000086500000, 0x0000000086500000, 0x0000000086600000|  0%| F|  |TAMS 0x0000000086500000, 0x0000000086500000| Untracked 
| 102|0x0000000086600000, 0x0000000086600000, 0x0000000086700000|  0%| F|  |TAMS 0x0000000086600000, 0x0000000086600000| Untracked 
| 103|0x0000000086700000, 0x0000000086700000, 0x0000000086800000|  0%| F|  |TAMS 0x0000000086700000, 0x0000000086700000| Untracked 
| 104|0x0000000086800000, 0x0000000086800000, 0x0000000086900000|  0%| F|  |TAMS 0x0000000086800000, 0x0000000086800000| Untracked 
| 105|0x0000000086900000, 0x0000000086900000, 0x0000000086a00000|  0%| F|  |TAMS 0x0000000086900000, 0x0000000086900000| Untracked 
| 106|0x0000000086a00000, 0x0000000086a00000, 0x0000000086b00000|  0%| F|  |TAMS 0x0000000086a00000, 0x0000000086a00000| Untracked 
| 107|0x0000000086b00000, 0x0000000086b00000, 0x0000000086c00000|  0%| F|  |TAMS 0x0000000086b00000, 0x0000000086b00000| Untracked 
| 108|0x0000000086c00000, 0x0000000086c00000, 0x0000000086d00000|  0%| F|  |TAMS 0x0000000086c00000, 0x0000000086c00000| Untracked 
| 109|0x0000000086d00000, 0x0000000086d00000, 0x0000000086e00000|  0%| F|  |TAMS 0x0000000086d00000, 0x0000000086d00000| Untracked 
| 110|0x0000000086e00000, 0x0000000086e00000, 0x0000000086f00000|  0%| F|  |TAMS 0x0000000086e00000, 0x0000000086e00000| Untracked 
| 111|0x0000000086f00000, 0x0000000086f00000, 0x0000000087000000|  0%| F|  |TAMS 0x0000000086f00000, 0x0000000086f00000| Untracked 
| 112|0x0000000087000000, 0x0000000087000000, 0x0000000087100000|  0%| F|  |TAMS 0x0000000087000000, 0x0000000087000000| Untracked 
| 113|0x0000000087100000, 0x0000000087100000, 0x0000000087200000|  0%| F|  |TAMS 0x0000000087100000, 0x0000000087100000| Untracked 
| 114|0x0000000087200000, 0x0000000087200000, 0x0000000087300000|  0%| F|  |TAMS 0x0000000087200000, 0x0000000087200000| Untracked 
| 115|0x0000000087300000, 0x0000000087300000, 0x0000000087400000|  0%| F|  |TAMS 0x0000000087300000, 0x0000000087300000| Untracked 
| 116|0x0000000087400000, 0x0000000087400000, 0x0000000087500000|  0%| F|  |TAMS 0x0000000087400000, 0x0000000087400000| Untracked 
| 117|0x0000000087500000, 0x0000000087500000, 0x0000000087600000|  0%| F|  |TAMS 0x0000000087500000, 0x0000000087500000| Untracked 
| 118|0x0000000087600000, 0x0000000087600000, 0x0000000087700000|  0%| F|  |TAMS 0x0000000087600000, 0x0000000087600000| Untracked 
| 119|0x0000000087700000, 0x0000000087700000, 0x0000000087800000|  0%| F|  |TAMS 0x0000000087700000, 0x0000000087700000| Untracked 
| 120|0x0000000087800000, 0x0000000087800000, 0x0000000087900000|  0%| F|  |TAMS 0x0000000087800000, 0x0000000087800000| Untracked 
| 121|0x0000000087900000, 0x0000000087900000, 0x0000000087a00000|  0%| F|  |TAMS 0x0000000087900000, 0x0000000087900000| Untracked 
| 122|0x0000000087a00000, 0x0000000087a00000, 0x0000000087b00000|  0%| F|  |TAMS 0x0000000087a00000, 0x0000000087a00000| Untracked 
| 123|0x0000000087b00000, 0x0000000087b00000, 0x0000000087c00000|  0%| F|  |TAMS 0x0000000087b00000, 0x0000000087b00000| Untracked 
| 124|0x0000000087c00000, 0x0000000087c00000, 0x0000000087d00000|  0%| F|  |TAMS 0x0000000087c00000, 0x0000000087c00000| Untracked 
| 125|0x0000000087d00000, 0x0000000087d00000, 0x0000000087e00000|  0%| F|  |TAMS 0x0000000087d00000, 0x0000000087d00000| Untracked 
| 126|0x0000000087e00000, 0x0000000087e00000, 0x0000000087f00000|  0%| F|  |TAMS 0x0000000087e00000, 0x0000000087e00000| Untracked 
| 127|0x0000000087f00000, 0x0000000087f00000, 0x0000000088000000|  0%| F|  |TAMS 0x0000000087f00000, 0x0000000087f00000| Untracked 
| 128|0x0000000088000000, 0x0000000088000000, 0x0000000088100000|  0%| F|  |TAMS 0x0000000088000000, 0x0000000088000000| Untracked 
| 129|0x0000000088100000, 0x0000000088100000, 0x0000000088200000|  0%| F|  |TAMS 0x0000000088100000, 0x0000000088100000| Untracked 
| 130|0x0000000088200000, 0x0000000088200000, 0x0000000088300000|  0%| F|  |TAMS 0x0000000088200000, 0x0000000088200000| Untracked 
| 131|0x0000000088300000, 0x0000000088300000, 0x0000000088400000|  0%| F|  |TAMS 0x0000000088300000, 0x0000000088300000| Untracked 
| 132|0x0000000088400000, 0x0000000088500000, 0x0000000088500000|100%| E|  |TAMS 0x0000000088400000, 0x0000000088400000| Complete 
| 133|0x0000000088500000, 0x0000000088600000, 0x0000000088600000|100%| E|CS|TAMS 0x0000000088500000, 0x0000000088500000| Complete 
| 134|0x0000000088600000, 0x0000000088700000, 0x0000000088700000|100%| E|CS|TAMS 0x0000000088600000, 0x0000000088600000| Complete 
| 135|0x0000000088700000, 0x0000000088800000, 0x0000000088800000|100%| E|CS|TAMS 0x0000000088700000, 0x0000000088700000| Complete 
| 136|0x0000000088800000, 0x0000000088900000, 0x0000000088900000|100%| E|CS|TAMS 0x0000000088800000, 0x0000000088800000| Complete 
| 137|0x0000000088900000, 0x0000000088a00000, 0x0000000088a00000|100%| E|CS|TAMS 0x0000000088900000, 0x0000000088900000| Complete 
| 138|0x0000000088a00000, 0x0000000088b00000, 0x0000000088b00000|100%| E|CS|TAMS 0x0000000088a00000, 0x0000000088a00000| Complete 
| 139|0x0000000088b00000, 0x0000000088c00000, 0x0000000088c00000|100%| E|CS|TAMS 0x0000000088b00000, 0x0000000088b00000| Complete 
| 140|0x0000000088c00000, 0x0000000088d00000, 0x0000000088d00000|100%| E|CS|TAMS 0x0000000088c00000, 0x0000000088c00000| Complete 
| 141|0x0000000088d00000, 0x0000000088e00000, 0x0000000088e00000|100%| E|CS|TAMS 0x0000000088d00000, 0x0000000088d00000| Complete 
| 142|0x0000000088e00000, 0x0000000088f00000, 0x0000000088f00000|100%| E|CS|TAMS 0x0000000088e00000, 0x0000000088e00000| Complete 
| 143|0x0000000088f00000, 0x0000000089000000, 0x0000000089000000|100%| E|CS|TAMS 0x0000000088f00000, 0x0000000088f00000| Complete 
| 144|0x0000000089000000, 0x0000000089100000, 0x0000000089100000|100%| E|CS|TAMS 0x0000000089000000, 0x0000000089000000| Complete 
| 145|0x0000000089100000, 0x0000000089200000, 0x0000000089200000|100%| E|CS|TAMS 0x0000000089100000, 0x0000000089100000| Complete 
| 146|0x0000000089200000, 0x0000000089300000, 0x0000000089300000|100%| E|CS|TAMS 0x0000000089200000, 0x0000000089200000| Complete 
| 147|0x0000000089300000, 0x0000000089400000, 0x0000000089400000|100%| E|CS|TAMS 0x0000000089300000, 0x0000000089300000| Complete 
| 148|0x0000000089400000, 0x0000000089500000, 0x0000000089500000|100%| E|CS|TAMS 0x0000000089400000, 0x0000000089400000| Complete 
| 149|0x0000000089500000, 0x0000000089600000, 0x0000000089600000|100%| E|CS|TAMS 0x0000000089500000, 0x0000000089500000| Complete 
| 150|0x0000000089600000, 0x0000000089700000, 0x0000000089700000|100%| E|CS|TAMS 0x0000000089600000, 0x0000000089600000| Complete 
| 151|0x0000000089700000, 0x0000000089800000, 0x0000000089800000|100%| E|CS|TAMS 0x0000000089700000, 0x0000000089700000| Complete 

Card table byte_map: [0x0000023ab0f80000,0x0000023ab1380000] _byte_map_base: 0x0000023ab0b80000

Marking Bits (Prev, Next): (CMBitMap*) 0x0000023a9e0bb638, (CMBitMap*) 0x0000023a9e0bb670
 Prev Bits: [0x0000023ab1780000, 0x0000023ab3780000)
 Next Bits: [0x0000023ab3780000, 0x0000023ab5780000)

Polling page: 0x0000023a9c020000

Metaspace:

Usage:
  Non-class:     60.59 MB capacity,    59.54 MB ( 98%) used,   901.20 KB (  1%) free+waste,   172.94 KB ( <1%) overhead. 
      Class:      9.49 MB capacity,     8.90 MB ( 94%) used,   523.65 KB (  5%) free+waste,    80.31 KB ( <1%) overhead. 
       Both:     70.08 MB capacity,    68.44 MB ( 98%) used,     1.39 MB (  2%) free+waste,   253.25 KB ( <1%) overhead. 

Virtual space:
  Non-class space:       62.00 MB reserved,      60.67 MB ( 98%) committed 
      Class space:        1.00 GB reserved,       9.50 MB ( <1%) committed 
             Both:        1.06 GB reserved,      70.17 MB (  6%) committed 

Chunk freelists:
   Non-Class:  16.00 KB
       Class:  13.00 KB
        Both:  29.00 KB

MaxMetaspaceSize: 17179869184.00 GB
CompressedClassSpaceSize: 1.00 GB
Initial GC threshold: 20.80 MB
Current GC threshold: 107.57 MB
CDS: off

CodeHeap 'non-profiled nmethods': size=120064Kb used=4198Kb max_used=4198Kb free=115865Kb
 bounds [0x0000023aa9640000, 0x0000023aa9a60000, 0x0000023ab0b80000]
CodeHeap 'profiled nmethods': size=120000Kb used=14863Kb max_used=14863Kb free=105136Kb
 bounds [0x0000023aa2110000, 0x0000023aa2fa0000, 0x0000023aa9640000]
CodeHeap 'non-nmethods': size=5696Kb used=2349Kb max_used=2398Kb free=3346Kb
 bounds [0x0000023aa1b80000, 0x0000023aa1df0000, 0x0000023aa2110000]
 total_blobs=7767 nmethods=6909 adapters=770
 compilation: enabled
              stopped_count=0, restarted_count=0
 full_count=0

Compilation events (20 events):
Event: 38.724 Thread 0x0000023ab7ca1000 nmethod 6917 0x0000023aa2f8f910 code [0x0000023aa2f8fb00, 0x0000023aa2f90018]
Event: 38.725 Thread 0x0000023ab7ca1000 6918       3       java.util.TreeMap$EntryIterator::<init> (12 bytes)
Event: 38.725 Thread 0x0000023ab7ca1000 nmethod 6918 0x0000023aa2f90210 code [0x0000023aa2f903e0, 0x0000023aa2f906f8]
Event: 38.726 Thread 0x0000023ab7c9d000 6919       4       org.gradle.internal.instantiation.generator.AbstractClassGenerator::inspectType (560 bytes)
Event: 38.726 Thread 0x0000023ab7ca1000 6920       3       org.objectweb.asm.AnnotationWriter::<init> (60 bytes)
Event: 38.727 Thread 0x0000023ab7ca1000 nmethod 6920 0x0000023aa2f90810 code [0x0000023aa2f909e0, 0x0000023aa2f90dc8]
Event: 38.727 Thread 0x0000023ab7ca1000 6921       3       org.objectweb.asm.AnnotationVisitor::<init> (7 bytes)
Event: 38.727 Thread 0x0000023ab7ca1000 nmethod 6921 0x0000023aa2f90f10 code [0x0000023aa2f910c0, 0x0000023aa2f911e8]
Event: 38.731 Thread 0x0000023ab7ca1000 6922       3       java.util.AbstractMap::isEmpty (13 bytes)
Event: 38.732 Thread 0x0000023ab7ca1000 nmethod 6922 0x0000023aa2f91290 code [0x0000023aa2f91440, 0x0000023aa2f91648]
Event: 38.734 Thread 0x0000023ab7ca1000 6923       3       org.gradle.internal.instantiation.generator.AsmBackedClassGenerator::getFactoryForNext (30 bytes)
Event: 38.735 Thread 0x0000023ab7ca1000 nmethod 6923 0x0000023aa2f91710 code [0x0000023aa2f91900, 0x0000023aa2f91da8]
Event: 38.771 Thread 0x0000023ab7ca1000 6925       3       sun.reflect.generics.tree.Wildcard::make (10 bytes)
Event: 38.771 Thread 0x0000023ab7ca1000 nmethod 6925 0x0000023aa2f91f10 code [0x0000023aa2f920e0, 0x0000023aa2f92398]
Event: 38.771 Thread 0x0000023ab7ca1000 6926       3       sun.reflect.generics.tree.Wildcard::<init> (15 bytes)
Event: 38.772 Thread 0x0000023ab7ca1000 nmethod 6926 0x0000023aa2f92490 code [0x0000023aa2f92640, 0x0000023aa2f92858]
Event: 38.776 Thread 0x0000023ab7ca1000 6927   !   3       java.lang.reflect.Proxy$ProxyBuilder::ensureVisible (52 bytes)
Event: 38.779 Thread 0x0000023ab7ca1000 nmethod 6927 0x0000023aa2f92910 code [0x0000023aa2f92bc0, 0x0000023aa2f93648]
Event: 38.779 Thread 0x0000023ab7ca1000 6928       3       java.lang.reflect.ProxyGenerator::code_astore (11 bytes)
Event: 38.779 Thread 0x0000023ab7ca1000 nmethod 6928 0x0000023aa2f93a90 code [0x0000023aa2f93c40, 0x0000023aa2f93d88]

GC Heap History (20 events):
Event: 5.611 GC heap before
{Heap before GC invocations=2 (full 0):
 garbage-first heap   total 129024K, used 53028K [0x0000000080000000, 0x0000000100000000)
  region size 1024K, 46 young (47104K), 5 survivors (5120K)
 Metaspace       used 17496K, capacity 17879K, committed 18176K, reserved 1064960K
  class space    used 2057K, capacity 2177K, committed 2304K, reserved 1048576K
}
Event: 5.635 GC heap after
{Heap after GC invocations=3 (full 0):
 garbage-first heap   total 129024K, used 17133K [0x0000000080000000, 0x0000000100000000)
  region size 1024K, 6 young (6144K), 6 survivors (6144K)
 Metaspace       used 17496K, capacity 17879K, committed 18176K, reserved 1064960K
  class space    used 2057K, capacity 2177K, committed 2304K, reserved 1048576K
}
Event: 6.288 GC heap before
{Heap before GC invocations=3 (full 0):
 garbage-first heap   total 129024K, used 46829K [0x0000000080000000, 0x0000000100000000)
  region size 1024K, 36 young (36864K), 6 survivors (6144K)
 Metaspace       used 20741K, capacity 21142K, committed 21248K, reserved 1067008K
  class space    used 2550K, capacity 2711K, committed 2816K, reserved 1048576K
}
Event: 6.298 GC heap after
{Heap after GC invocations=4 (full 0):
 garbage-first heap   total 129024K, used 18401K [0x0000000080000000, 0x0000000100000000)
  region size 1024K, 2 young (2048K), 2 survivors (2048K)
 Metaspace       used 20741K, capacity 21142K, committed 21248K, reserved 1067008K
  class space    used 2550K, capacity 2711K, committed 2816K, reserved 1048576K
}
Event: 7.904 GC heap before
{Heap before GC invocations=5 (full 0):
 garbage-first heap   total 129024K, used 67553K [0x0000000080000000, 0x0000000100000000)
  region size 1024K, 51 young (52224K), 2 survivors (2048K)
 Metaspace       used 26138K, capacity 26691K, committed 27008K, reserved 1073152K
  class space    used 3390K, capacity 3587K, committed 3712K, reserved 1048576K
}
Event: 7.911 GC heap after
{Heap after GC invocations=6 (full 0):
 garbage-first heap   total 129024K, used 19127K [0x0000000080000000, 0x0000000100000000)
  region size 1024K, 3 young (3072K), 3 survivors (3072K)
 Metaspace       used 26138K, capacity 26691K, committed 27008K, reserved 1073152K
  class space    used 3390K, capacity 3587K, committed 3712K, reserved 1048576K
}
Event: 10.049 GC heap before
{Heap before GC invocations=6 (full 0):
 garbage-first heap   total 129024K, used 77495K [0x0000000080000000, 0x0000000100000000)
  region size 1024K, 61 young (62464K), 3 survivors (3072K)
 Metaspace       used 34895K, capacity 35662K, committed 35840K, reserved 1081344K
  class space    used 4531K, capacity 4839K, committed 4864K, reserved 1048576K
}
Event: 10.073 GC heap after
{Heap after GC invocations=7 (full 0):
 garbage-first heap   total 129024K, used 22482K [0x0000000080000000, 0x0000000100000000)
  region size 1024K, 7 young (7168K), 7 survivors (7168K)
 Metaspace       used 34895K, capacity 35662K, committed 35840K, reserved 1081344K
  class space    used 4531K, capacity 4839K, committed 4864K, reserved 1048576K
}
Event: 12.380 GC heap before
{Heap before GC invocations=8 (full 0):
 garbage-first heap   total 129024K, used 86994K [0x0000000080000000, 0x0000000100000000)
  region size 1024K, 68 young (69632K), 7 survivors (7168K)
 Metaspace       used 39933K, capacity 40915K, committed 41088K, reserved 1085440K
  class space    used 5110K, capacity 5434K, committed 5504K, reserved 1048576K
}
Event: 12.400 GC heap after
{Heap after GC invocations=9 (full 0):
 garbage-first heap   total 129024K, used 27640K [0x0000000080000000, 0x0000000100000000)
  region size 1024K, 9 young (9216K), 9 survivors (9216K)
 Metaspace       used 39933K, capacity 40915K, committed 41088K, reserved 1085440K
  class space    used 5110K, capacity 5434K, committed 5504K, reserved 1048576K
}
Event: 14.451 GC heap before
{Heap before GC invocations=9 (full 0):
 garbage-first heap   total 129024K, used 91128K [0x0000000080000000, 0x0000000100000000)
  region size 1024K, 71 young (72704K), 9 survivors (9216K)
 Metaspace       used 45803K, capacity 46874K, committed 47104K, reserved 1089536K
  class space    used 5892K, capacity 6282K, committed 6400K, reserved 1048576K
}
Event: 14.471 GC heap after
{Heap after GC invocations=10 (full 0):
 garbage-first heap   total 155648K, used 29900K [0x0000000080000000, 0x0000000100000000)
  region size 1024K, 3 young (3072K), 3 survivors (3072K)
 Metaspace       used 45803K, capacity 46874K, committed 47104K, reserved 1089536K
  class space    used 5892K, capacity 6282K, committed 6400K, reserved 1048576K
}
Event: 21.910 GC heap before
{Heap before GC invocations=10 (full 0):
 garbage-first heap   total 155648K, used 123084K [0x0000000080000000, 0x0000000100000000)
  region size 1024K, 91 young (93184K), 3 survivors (3072K)
 Metaspace       used 51615K, capacity 52910K, committed 53248K, reserved 1095680K
  class space    used 6591K, capacity 7083K, committed 7168K, reserved 1048576K
}
Event: 21.926 GC heap after
{Heap after GC invocations=11 (full 0):
 garbage-first heap   total 155648K, used 44345K [0x0000000080000000, 0x0000000100000000)
  region size 1024K, 12 young (12288K), 12 survivors (12288K)
 Metaspace       used 51615K, capacity 52910K, committed 53248K, reserved 1095680K
  class space    used 6591K, capacity 7083K, committed 7168K, reserved 1048576K
}
Event: 25.078 GC heap before
{Heap before GC invocations=11 (full 0):
 garbage-first heap   total 155648K, used 89401K [0x0000000080000000, 0x0000000100000000)
  region size 1024K, 57 young (58368K), 12 survivors (12288K)
 Metaspace       used 58379K, capacity 59794K, committed 59948K, reserved 1101824K
  class space    used 7436K, capacity 7986K, committed 8064K, reserved 1048576K
}
Event: 25.113 GC heap after
{Heap after GC invocations=12 (full 0):
 garbage-first heap   total 155648K, used 47349K [0x0000000080000000, 0x0000000100000000)
  region size 1024K, 3 young (3072K), 3 survivors (3072K)
 Metaspace       used 58379K, capacity 59794K, committed 59948K, reserved 1101824K
  class space    used 7436K, capacity 7986K, committed 8064K, reserved 1048576K
}
Event: 28.945 GC heap before
{Heap before GC invocations=13 (full 0):
 garbage-first heap   total 155648K, used 105717K [0x0000000080000000, 0x0000000100000000)
  region size 1024K, 61 young (62464K), 3 survivors (3072K)
 Metaspace       used 64338K, capacity 65804K, committed 66092K, reserved 1105920K
  class space    used 8185K, capacity 8723K, committed 8832K, reserved 1048576K
}
Event: 28.961 GC heap after
{Heap after GC invocations=14 (full 0):
 garbage-first heap   total 155648K, used 51524K [0x0000000080000000, 0x0000000100000000)
  region size 1024K, 7 young (7168K), 7 survivors (7168K)
 Metaspace       used 64338K, capacity 65804K, committed 66092K, reserved 1105920K
  class space    used 8185K, capacity 8723K, committed 8832K, reserved 1048576K
}
Event: 33.628 GC heap before
{Heap before GC invocations=15 (full 0):
 garbage-first heap   total 155648K, used 111940K [0x0000000080000000, 0x0000000100000000)
  region size 1024K, 65 young (66560K), 7 survivors (7168K)
 Metaspace       used 67229K, capacity 68741K, committed 69036K, reserved 1110016K
  class space    used 8582K, capacity 9158K, committed 9216K, reserved 1048576K
}
Event: 33.661 GC heap after
{Heap after GC invocations=16 (full 0):
 garbage-first heap   total 155648K, used 56017K [0x0000000080000000, 0x0000000100000000)
  region size 1024K, 5 young (5120K), 5 survivors (5120K)
 Metaspace       used 67229K, capacity 68741K, committed 69036K, reserved 1110016K
  class space    used 8582K, capacity 9158K, committed 9216K, reserved 1048576K
}

Deoptimization events (20 events):
Event: 30.305 Thread 0x0000023ab8812800 DEOPT PACKING pc=0x0000023aa9a03810 sp=0x0000006939bf3de0
Event: 30.305 Thread 0x0000023ab8812800 DEOPT UNPACKING pc=0x0000023aa1bca1af sp=0x0000006939bf3d80 mode 2
Event: 30.371 Thread 0x0000023ab8812800 Uncommon trap: trap_request=0xfffffff4 fr.pc=0x0000023aa9a04cc4 relative=0x0000000000000b04
Event: 30.371 Thread 0x0000023ab8812800 Uncommon trap: reason=null_check action=make_not_entrant pc=0x0000023aa9a04cc4 method=com.sun.beans.introspect.MethodInfo$MethodOrder.compare(Ljava/lang/reflect/Method;Ljava/lang/reflect/Method;)I @ 145 c2
Event: 30.371 Thread 0x0000023ab8812800 DEOPT PACKING pc=0x0000023aa9a04cc4 sp=0x0000006939bf44e0
Event: 30.371 Thread 0x0000023ab8812800 DEOPT UNPACKING pc=0x0000023aa1bca1af sp=0x0000006939bf4410 mode 2
Event: 30.372 Thread 0x0000023ab8812800 Uncommon trap: trap_request=0xfffffff4 fr.pc=0x0000023aa9a0601c relative=0x000000000000097c
Event: 30.372 Thread 0x0000023ab8812800 Uncommon trap: reason=null_check action=make_not_entrant pc=0x0000023aa9a0601c method=com.sun.beans.introspect.MethodInfo$MethodOrder.compare(Ljava/lang/reflect/Method;Ljava/lang/reflect/Method;)I @ 145 c2
Event: 30.372 Thread 0x0000023ab8812800 DEOPT PACKING pc=0x0000023aa9a0601c sp=0x0000006939bf4450
Event: 30.372 Thread 0x0000023ab8812800 DEOPT UNPACKING pc=0x0000023aa1bca1af sp=0x0000006939bf4408 mode 2
Event: 30.582 Thread 0x0000023ab8812800 Uncommon trap: trap_request=0xffffffdc fr.pc=0x0000023aa9a0b76c relative=0x00000000000002ac
Event: 30.582 Thread 0x0000023ab8812800 Uncommon trap: reason=class_check action=make_not_entrant pc=0x0000023aa9a0b76c method=java.util.ArrayList.toArray([Ljava/lang/Object;)[Ljava/lang/Object; @ 21 c2
Event: 30.582 Thread 0x0000023ab8812800 DEOPT PACKING pc=0x0000023aa9a0b76c sp=0x0000006939bf5f70
Event: 30.582 Thread 0x0000023ab8812800 DEOPT UNPACKING pc=0x0000023aa1bca1af sp=0x0000006939bf5f30 mode 2
Event: 30.688 Thread 0x0000023ab8812800 Uncommon trap: trap_request=0xffffff7e fr.pc=0x0000023aa9a0f6b0 relative=0x0000000000000370
Event: 30.688 Thread 0x0000023ab8812800 Uncommon trap: reason=predicate action=maybe_recompile pc=0x0000023aa9a0f6b0 method=java.util.AbstractCollection.toArray([Ljava/lang/Object;)[Ljava/lang/Object; @ 43 c2
Event: 30.688 Thread 0x0000023ab8812800 DEOPT PACKING pc=0x0000023aa9a0f6b0 sp=0x0000006939bf4710
Event: 30.688 Thread 0x0000023ab8812800 DEOPT UNPACKING pc=0x0000023aa1bca1af sp=0x0000006939bf46b8 mode 2
Event: 38.726 Thread 0x0000023ab8812800 DEOPT PACKING pc=0x0000023aa2d45c7c sp=0x0000006939bf8c10
Event: 38.726 Thread 0x0000023ab8812800 DEOPT UNPACKING pc=0x0000023aa1bca95e sp=0x0000006939bf81b0 mode 0

Classes redefined (0 events):
No events

Internal exceptions (20 events):
Event: 30.785 Thread 0x0000023ab8812800 Exception <a 'java/lang/ClassNotFoundException'{0x000000008729adf8}: com/android/builder/core/AbstractBuildTypeCustomizer> (0x000000008729adf8) thrown at [./src/hotspot/share/classfile/systemDictionary.cpp, line 231]
Event: 30.803 Thread 0x0000023ab8812800 Exception <a 'java/lang/ClassNotFoundException'{0x00000000872d0178}: com/android/build/gradle/internal/dsl/BuildTypeCustomizer> (0x00000000872d0178) thrown at [./src/hotspot/share/classfile/systemDictionary.cpp, line 231]
Event: 30.820 Thread 0x0000023ab8812800 Exception <a 'java/lang/ClassNotFoundException'{0x0000000087165e98}: com/android/build/gradle/internal/dsl/BuildType$AgpDecoratedCustomizer> (0x0000000087165e98) thrown at [./src/hotspot/share/classfile/systemDictionary.cpp, line 231]
Event: 30.823 Thread 0x0000023ab8812800 Exception <a 'java/lang/ClassNotFoundException'{0x00000000871b6060}: com/android/build/gradle/internal/dsl/BuildType$AgpDecorated_DecoratedCustomizer> (0x00000000871b6060) thrown at [./src/hotspot/share/classfile/systemDictionary.cpp, line 231]
Event: 30.874 Thread 0x0000023ab8812800 Exception <a 'java/lang/ClassNotFoundException'{0x0000000087084a00}: build_7w2lm9u8nyvsvyleklqx5xxvw$_run_closure1$_closure4BeanInfo> (0x0000000087084a00) thrown at [./src/hotspot/share/classfile/systemDictionary.cpp, line 231]
Event: 30.876 Thread 0x0000023ab8812800 Exception <a 'java/lang/ClassNotFoundException'{0x00000000870954b8}: build_7w2lm9u8nyvsvyleklqx5xxvw$_run_closure1$_closure4Customizer> (0x00000000870954b8) thrown at [./src/hotspot/share/classfile/systemDictionary.cpp, line 231]
Event: 30.892 Thread 0x0000023ab8812800 Exception <a 'java/lang/ClassNotFoundException'{0x00000000870be4c0}: build_7w2lm9u8nyvsvyleklqx5xxvw$_run_closure1BeanInfo> (0x00000000870be4c0) thrown at [./src/hotspot/share/classfile/systemDictionary.cpp, line 231]
Event: 30.892 Thread 0x0000023ab8812800 Exception <a 'java/lang/ClassNotFoundException'{0x00000000870ce510}: build_7w2lm9u8nyvsvyleklqx5xxvw$_run_closure1Customizer> (0x00000000870ce510) thrown at [./src/hotspot/share/classfile/systemDictionary.cpp, line 231]
Event: 30.912 Thread 0x0000023ab8812800 Exception <a 'java/lang/ClassNotFoundException'{0x0000000086f2a208}: org/gradle/api/JavaVersionBeanInfo> (0x0000000086f2a208) thrown at [./src/hotspot/share/classfile/systemDictionary.cpp, line 231]
Event: 30.924 Thread 0x0000023ab8812800 Exception <a 'java/lang/ClassNotFoundException'{0x0000000086f52960}: org/gradle/api/JavaVersionCustomizer> (0x0000000086f52960) thrown at [./src/hotspot/share/classfile/systemDictionary.cpp, line 231]
Event: 30.934 Thread 0x0000023ab8812800 Exception <a 'java/lang/ClassNotFoundException'{0x0000000086fb89f0}: com/android/build/gradle/internal/CompileOptions$AgpDecorated_DecoratedBeanInfo> (0x0000000086fb89f0) thrown at [./src/hotspot/share/classfile/systemDictionary.cpp, line 231]
Event: 30.934 Thread 0x0000023ab8812800 Exception <a 'java/lang/ClassNotFoundException'{0x0000000086fd3130}: com/android/build/gradle/internal/CompileOptions$AgpDecoratedBeanInfo> (0x0000000086fd3130) thrown at [./src/hotspot/share/classfile/systemDictionary.cpp, line 231]
Event: 30.936 Thread 0x0000023ab8812800 Exception <a 'java/lang/ClassNotFoundException'{0x0000000086feba20}: com/android/build/gradle/internal/CompileOptionsBeanInfo> (0x0000000086feba20) thrown at [./src/hotspot/share/classfile/systemDictionary.cpp, line 231]
Event: 30.940 Thread 0x0000023ab8812800 Exception <a 'java/lang/ClassNotFoundException'{0x0000000086e04df8}: com/android/build/gradle/internal/CompileOptionsCustomizer> (0x0000000086e04df8) thrown at [./src/hotspot/share/classfile/systemDictionary.cpp, line 231]
Event: 30.941 Thread 0x0000023ab8812800 Exception <a 'java/lang/ClassNotFoundException'{0x0000000086e2b1f0}: com/android/build/gradle/internal/CompileOptions$AgpDecoratedCustomizer> (0x0000000086e2b1f0) thrown at [./src/hotspot/share/classfile/systemDictionary.cpp, line 231]
Event: 30.949 Thread 0x0000023ab8812800 Exception <a 'java/lang/ClassNotFoundException'{0x0000000086e54b50}: com/android/build/gradle/internal/CompileOptions$AgpDecorated_DecoratedCustomizer> (0x0000000086e54b50) thrown at [./src/hotspot/share/classfile/systemDictionary.cpp, line 231]
Event: 30.973 Thread 0x0000023ab8812800 Exception <a 'java/lang/ClassNotFoundException'{0x0000000086d10e30}: org/gradle/api/internal/artifacts/dsl/dependencies/DefaultDependencyHandler_DecoratedBeanInfo> (0x0000000086d10e30) thrown at [./src/hotspot/share/classfile/systemDictionary.cpp, line 231]
Event: 30.975 Thread 0x0000023ab8812800 Exception <a 'java/lang/ClassNotFoundException'{0x0000000086d56c98}: org/gradle/api/internal/artifacts/dsl/dependencies/DefaultDependencyHandlerBeanInfo> (0x0000000086d56c98) thrown at [./src/hotspot/share/classfile/systemDictionary.cpp, line 231]
Event: 30.979 Thread 0x0000023ab8812800 Exception <a 'java/lang/ClassNotFoundException'{0x0000000086d9c750}: org/gradle/api/internal/artifacts/dsl/dependencies/DefaultDependencyHandlerCustomizer> (0x0000000086d9c750) thrown at [./src/hotspot/share/classfile/systemDictionary.cpp, line 231]
Event: 30.982 Thread 0x0000023ab8812800 Exception <a 'java/lang/ClassNotFoundException'{0x0000000086c09768}: org/gradle/api/internal/artifacts/dsl/dependencies/DefaultDependencyHandler_DecoratedCustomizer> (0x0000000086c09768) thrown at [./src/hotspot/share/classfile/systemDictionary.cpp, line 231]

Events (20 events):
Event: 38.694 loading class com/android/build/gradle/internal/utils/HasConfigurableValuesKt
Event: 38.694 loading class com/android/build/gradle/internal/utils/HasConfigurableValuesKt done
Event: 38.701 loading class org/gradle/work/DisableCachingByDefault
Event: 38.701 loading class org/gradle/work/DisableCachingByDefault done
Event: 38.730 loading class com/android/build/gradle/internal/dependency/ExtractAarTransform
Event: 38.730 loading class com/android/build/gradle/internal/dependency/ExtractAarTransform done
Event: 38.736 loading class com/android/build/gradle/internal/dependency/MockableJarTransform
Event: 38.736 loading class com/android/build/gradle/internal/dependency/MockableJarTransform done
Event: 38.750 loading class com/android/build/gradle/internal/DependencyConfigurator$configureGeneralTransforms$3
Event: 38.750 loading class com/android/build/gradle/internal/DependencyConfigurator$configureGeneralTransforms$3 done
Event: 38.751 loading class com/android/build/gradle/internal/dependency/MockableJarTransform$Parameters
Event: 38.751 loading class com/android/build/gradle/internal/dependency/MockableJarTransform$Parameters done
Event: 38.764 loading class org/gradle/api/artifacts/transform/CacheableTransform
Event: 38.764 loading class org/gradle/api/artifacts/transform/CacheableTransform done
Event: 38.773 loading class com/android/build/gradle/internal/DependencyConfigurator$configureGeneralTransforms$4
Event: 38.773 loading class com/android/build/gradle/internal/DependencyConfigurator$configureGeneralTransforms$4 done
Event: 38.774 loading class com/android/build/gradle/internal/dependency/PlatformAttrTransform
Event: 38.774 loading class com/android/build/gradle/internal/dependency/PlatformAttrTransform done
Event: 38.776 loading class org/gradle/api/tasks/Classpath
Event: 38.776 loading class org/gradle/api/tasks/Classpath done


Dynamic libraries:
0x00007ff75d6b0000 - 0x00007ff75d6ba000 	C:\Program Files\Android\Android Studio\jre\bin\java.exe
0x00007ffcb39b0000 - 0x00007ffcb3bc9000 	C:\WINDOWS\SYSTEM32\ntdll.dll
0x00007ffcb2010000 - 0x00007ffcb20d2000 	C:\WINDOWS\System32\KERNEL32.DLL
0x00007ffcb1250000 - 0x00007ffcb15ee000 	C:\WINDOWS\System32\KERNELBASE.dll
0x00007ffcb1140000 - 0x00007ffcb1249000 	C:\WINDOWS\System32\ucrtbase.dll
0x00007ffc71530000 - 0x00007ffc71547000 	C:\Program Files\Android\Android Studio\jre\bin\VCRUNTIME140.dll
0x00007ffc71550000 - 0x00007ffc71569000 	C:\Program Files\Android\Android Studio\jre\bin\jli.dll
0x00007ffcb1d80000 - 0x00007ffcb1f2c000 	C:\WINDOWS\System32\USER32.dll
0x00007ffcb0e10000 - 0x00007ffcb0e36000 	C:\WINDOWS\System32\win32u.dll
0x00007ffc9e500000 - 0x00007ffc9e78e000 	C:\WINDOWS\WinSxS\amd64_microsoft.windows.common-controls_6595b64144ccf1df_6.0.25182.1000_none_75c9d140792f88e7\COMCTL32.dll
0x00007ffcb1d50000 - 0x00007ffcb1d79000 	C:\WINDOWS\System32\GDI32.dll
0x00007ffcb19d0000 - 0x00007ffcb1a77000 	C:\WINDOWS\System32\msvcrt.dll
0x00007ffcb1020000 - 0x00007ffcb1132000 	C:\WINDOWS\System32\gdi32full.dll
0x00007ffcb0f80000 - 0x00007ffcb101a000 	C:\WINDOWS\System32\msvcp_win.dll
0x00007ffcb18a0000 - 0x00007ffcb18d1000 	C:\WINDOWS\System32\IMM32.DLL
0x00007ffc55b60000 - 0x00007ffc55bfd000 	C:\Program Files\Android\Android Studio\jre\bin\msvcp140.dll
0x00007ffc53b30000 - 0x00007ffc54615000 	C:\Program Files\Android\Android Studio\jre\bin\server\jvm.dll
0x00007ffcb1af0000 - 0x00007ffcb1b9f000 	C:\WINDOWS\System32\ADVAPI32.dll
0x00007ffcb28e0000 - 0x00007ffcb298a000 	C:\WINDOWS\System32\sechost.dll
0x00007ffcb3740000 - 0x00007ffcb3867000 	C:\WINDOWS\System32\RPCRT4.dll
0x00007ffcb2580000 - 0x00007ffcb2588000 	C:\WINDOWS\System32\PSAPI.DLL
0x00007ffc99910000 - 0x00007ffc99919000 	C:\WINDOWS\SYSTEM32\WSOCK32.dll
0x00007ffcb1820000 - 0x00007ffcb188f000 	C:\WINDOWS\System32\WS2_32.dll
0x00007ffca81e0000 - 0x00007ffca8216000 	C:\WINDOWS\SYSTEM32\WINMM.dll
0x00007ffca32c0000 - 0x00007ffca32ca000 	C:\WINDOWS\SYSTEM32\VERSION.dll
0x00007ffcafd20000 - 0x00007ffcafd38000 	C:\WINDOWS\SYSTEM32\kernel.appcore.dll
0x00007ffc83020000 - 0x00007ffc83031000 	C:\Program Files\Android\Android Studio\jre\bin\verify.dll
0x00007ffcae640000 - 0x00007ffcae871000 	C:\WINDOWS\SYSTEM32\DBGHELP.DLL
0x00007ffcb2990000 - 0x00007ffcb2d19000 	C:\WINDOWS\System32\combase.dll
0x00007ffcb25d0000 - 0x00007ffcb26a7000 	C:\WINDOWS\System32\OLEAUT32.dll
0x00007ffc95500000 - 0x00007ffc95532000 	C:\WINDOWS\SYSTEM32\dbgcore.DLL
0x00007ffcb0f00000 - 0x00007ffcb0f7b000 	C:\WINDOWS\System32\bcryptPrimitives.dll
0x00007ffc72620000 - 0x00007ffc72649000 	C:\Program Files\Android\Android Studio\jre\bin\java.dll
0x00007ffca3a80000 - 0x00007ffca3a8b000 	C:\Program Files\Android\Android Studio\jre\bin\jimage.dll
0x00007ffc7d250000 - 0x00007ffc7d268000 	C:\Program Files\Android\Android Studio\jre\bin\zip.dll
0x00007ffcb2db0000 - 0x00007ffcb3594000 	C:\WINDOWS\System32\SHELL32.dll
0x00007ffcaecc0000 - 0x00007ffcaf587000 	C:\WINDOWS\SYSTEM32\windows.storage.dll
0x00007ffcaeb30000 - 0x00007ffcaecba000 	C:\WINDOWS\SYSTEM32\wintypes.dll
0x00007ffcb18e0000 - 0x00007ffcb19cc000 	C:\WINDOWS\System32\SHCORE.dll
0x00007ffcb1f30000 - 0x00007ffcb1f8e000 	C:\WINDOWS\System32\shlwapi.dll
0x00007ffcb0cd0000 - 0x00007ffcb0cf3000 	C:\WINDOWS\SYSTEM32\profapi.dll
0x00007ffc72600000 - 0x00007ffc7261a000 	C:\Program Files\Android\Android Studio\jre\bin\net.dll
0x00007ffca6c50000 - 0x00007ffca6d7c000 	C:\WINDOWS\SYSTEM32\WINHTTP.dll
0x00007ffcb01b0000 - 0x00007ffcb0219000 	C:\WINDOWS\system32\mswsock.dll
0x00007ffc725e0000 - 0x00007ffc725f4000 	C:\Program Files\Android\Android Studio\jre\bin\nio.dll
0x00007ffc634c0000 - 0x00007ffc634e7000 	C:\Users\DELL\.gradle\native\e1d6ef7f7dcc3fd88c89a11ec53ec762bb8ba0a96d01ffa2cd45eb1d1d8dd5c5\windows-amd64\native-platform.dll
0x00007ffc529f0000 - 0x00007ffc52b34000 	C:\Users\DELL\.gradle\native\5664cfc778a61ccfe75a443a1ab52a65af34e5dc3c78e0209fed803814484fcb\windows-amd64\native-platform-file-events.dll
0x00007ffca3a00000 - 0x00007ffca3a0a000 	C:\Program Files\Android\Android Studio\jre\bin\management.dll
0x00007ffc9fe40000 - 0x00007ffc9fe4d000 	C:\Program Files\Android\Android Studio\jre\bin\management_ext.dll
0x00007ffcb04c0000 - 0x00007ffcb04db000 	C:\WINDOWS\SYSTEM32\CRYPTSP.dll
0x00007ffcafc80000 - 0x00007ffcafcb4000 	C:\WINDOWS\system32\rsaenh.dll
0x00007ffcb0270000 - 0x00007ffcb0298000 	C:\WINDOWS\SYSTEM32\USERENV.dll
0x00007ffcb0630000 - 0x00007ffcb0658000 	C:\WINDOWS\SYSTEM32\bcrypt.dll
0x00007ffcb04a0000 - 0x00007ffcb04ac000 	C:\WINDOWS\SYSTEM32\CRYPTBASE.dll
0x00007ffcaf830000 - 0x00007ffcaf85d000 	C:\WINDOWS\SYSTEM32\IPHLPAPI.DLL
0x00007ffcb20e0000 - 0x00007ffcb20e9000 	C:\WINDOWS\System32\NSI.dll
0x00007ffca6c30000 - 0x00007ffca6c49000 	C:\WINDOWS\SYSTEM32\dhcpcsvc6.DLL
0x00007ffca6c00000 - 0x00007ffca6c1f000 	C:\WINDOWS\SYSTEM32\dhcpcsvc.DLL
0x00007ffcaf860000 - 0x00007ffcaf95c000 	C:\WINDOWS\SYSTEM32\DNSAPI.dll

dbghelp: loaded successfully - version: 4.0.5 - missing functions: none
symbol engine: initialized successfully - sym options: 0x614 - pdb path: .;C:\Program Files\Android\Android Studio\jre\bin;C:\WINDOWS\SYSTEM32;C:\WINDOWS\WinSxS\amd64_microsoft.windows.common-controls_6595b64144ccf1df_6.0.25182.1000_none_75c9d140792f88e7;C:\Program Files\Android\Android Studio\jre\bin\server;C:\Users\DELL\.gradle\native\e1d6ef7f7dcc3fd88c89a11ec53ec762bb8ba0a96d01ffa2cd45eb1d1d8dd5c5\windows-amd64;C:\Users\DELL\.gradle\native\5664cfc778a61ccfe75a443a1ab52a65af34e5dc3c78e0209fed803814484fcb\windows-amd64

VM Arguments:
jvm_args: --add-opens=java.base/java.util=ALL-UNNAMED --add-opens=java.base/java.lang=ALL-UNNAMED --add-opens=java.base/java.lang.invoke=ALL-UNNAMED --add-opens=java.base/java.util=ALL-UNNAMED --add-opens=java.prefs/java.util.prefs=ALL-UNNAMED --add-opens=java.prefs/java.util.prefs=ALL-UNNAMED --add-opens=java.base/java.nio.charset=ALL-UNNAMED --add-opens=java.base/java.net=ALL-UNNAMED --add-opens=java.base/java.util.concurrent.atomic=ALL-UNNAMED -Xmx2048m -Dfile.encoding=UTF-8 -Duser.country=US -Duser.language=en -Duser.variant 
java_command: org.gradle.launcher.daemon.bootstrap.GradleDaemon 7.3.3
java_class_path (initial): C:\Users\DELL\.gradle\wrapper\dists\gradle-7.3.3-bin\6a41zxkdtcxs8rphpq6y0069z\gradle-7.3.3\lib\gradle-launcher-7.3.3.jar
Launcher Type: SUN_STANDARD

[Global flags]
     intx CICompilerCount                          = 3                                         {product} {ergonomic}
     uint ConcGCThreads                            = 1                                         {product} {ergonomic}
     uint G1ConcRefinementThreads                  = 4                                         {product} {ergonomic}
   size_t G1HeapRegionSize                         = 1048576                                   {product} {ergonomic}
    uintx GCDrainStackTargetSize                   = 64                                        {product} {ergonomic}
   size_t InitialHeapSize                          = 132120576                                 {product} {ergonomic}
   size_t MarkStackSize                            = 4194304                                   {product} {ergonomic}
   size_t MaxHeapSize                              = 2147483648                                {product} {command line}
   size_t MaxNewSize                               = 1287651328                                {product} {ergonomic}
   size_t MinHeapDeltaBytes                        = 1048576                                   {product} {ergonomic}
    uintx NonNMethodCodeHeapSize                   = 5830732                                {pd product} {ergonomic}
    uintx NonProfiledCodeHeapSize                  = 122913754                              {pd product} {ergonomic}
    uintx ProfiledCodeHeapSize                     = 122913754                              {pd product} {ergonomic}
    uintx ReservedCodeCacheSize                    = 251658240                              {pd product} {ergonomic}
     bool SegmentedCodeCache                       = true                                      {product} {ergonomic}
     bool UseCompressedClassPointers               = true                                 {lp64_product} {ergonomic}
     bool UseCompressedOops                        = true                                 {lp64_product} {ergonomic}
     bool UseG1GC                                  = true                                      {product} {ergonomic}
     bool UseLargePagesIndividualAllocation        = false                                  {pd product} {ergonomic}

Logging:
Log output configuration:
 #0: stdout all=warning uptime,level,tags
 #1: stderr all=off uptime,level,tags

Environment Variables:
PATH=C:\Program Files\Common Files\Oracle\Java\javapath;C:\Program Files (x86)\Common Files\Oracle\Java\javapath;C:\WINDOWS\system32;C:\WINDOWS;C:\WINDOWS\System32\Wbem;C:\WINDOWS\System32\WindowsPowerShell\v1.0\;C:\WINDOWS\System32\OpenSSH\;C:\Program Files\Git\cmd;C:\Program Files\nodejs\;C:\Program Files\Java\jdk-18.0.2.1\bin;C:\Users\DELL\AppData\Local\Microsoft\WindowsApps;;C:\Users\DELL\AppData\Local\Programs\Microsoft VS Code\bin;C:\Program Files\JetBrains\PyCharm 2021.3\bin;
USERNAME=DELL
OS=Windows_NT
PROCESSOR_IDENTIFIER=Intel64 Family 6 Model 142 Stepping 9, GenuineIntel



---------------  S Y S T E M  ---------------

OS: Windows 10 , 64 bit Build 25182 (10.0.25182.1000)
OS uptime: 3 days 10:12 hours
Hyper-V role detected

CPU:total 4 (initial active 4) (2 cores per cpu, 2 threads per core) family 6 model 142 stepping 9 microcode 0xde, cmov, cx8, fxsr, mmx, sse, sse2, sse3, ssse3, sse4.1, sse4.2, popcnt, avx, avx2, aes, clmul, erms, 3dnowpref, lzcnt, ht, tsc, tscinvbit, bmi1, bmi2, adx, fma

Memory: 4k page, system-wide physical 8061M (394M free)
TotalPageFile size 9959M (AvailPageFile size 2M)
current process WorkingSet (physical memory assigned to process): 344M, peak: 355M
current process commit charge ("private bytes"): 374M, peak: 386M

vm_info: OpenJDK 64-Bit Server VM (11.0.12+7-b1504.28-7817840) for windows-amd64 JRE (11.0.12+7-b1504.28-7817840), built on Oct 13 2021 22:12:33 by "builder" with MS VC++ 14.0 (VS2015)

END.
