#
# There is insufficient memory for the Java Runtime Environment to continue.
# Native memory allocation (mmap) failed to map 32505856 bytes for Failed to commit area from 0x0000000089800000 to 0x000000008b700000 of length 32505856.
# Possible reasons:
#   The system is out of physical RAM or swap space
#   The process is running with CompressedOops enabled, and the Java Heap may be blocking the growth of the native heap
# Possible solutions:
#   Reduce memory load on the system
#   Increase physical memory or swap space
#   Check if swap backing store is full
#   Decrease Java heap size (-Xmx/-Xms)
#   Decrease number of Java threads
#   Decrease Java thread stack sizes (-Xss)
#   Set larger code cache with -XX:ReservedCodeCacheSize=
#   JVM is running with Unscaled Compressed Oops mode in which the Java heap is
#     placed in the first 4GB address space. The Java Heap base address is the
#     maximum limit for the native heap growth. Please use -XX:HeapBaseMinAddress
#     to set the Java Heap base and to place the Java Heap above 4GB virtual address.
# This output file may be truncated or incomplete.
#
#  Out of Memory Error (./src/hotspot/os/windows/os_windows.cpp:3521), pid=6600, tid=10928
#
# JRE version: OpenJDK Runtime Environment (11.0.12+7) (build 11.0.12+7-b1504.28-7817840)
# Java VM: OpenJDK 64-Bit Server VM (11.0.12+7-b1504.28-7817840, mixed mode, tiered, compressed oops, g1 gc, windows-amd64)
# No core dump will be written. Minidumps are not enabled by default on client versions of Windows
#

---------------  S U M M A R Y ------------

Command Line: --add-opens=java.base/java.util=ALL-UNNAMED --add-opens=java.base/java.lang=ALL-UNNAMED --add-opens=java.base/java.lang.invoke=ALL-UNNAMED --add-opens=java.base/java.util=ALL-UNNAMED --add-opens=java.prefs/java.util.prefs=ALL-UNNAMED --add-opens=java.prefs/java.util.prefs=ALL-UNNAMED --add-opens=java.base/java.nio.charset=ALL-UNNAMED --add-opens=java.base/java.net=ALL-UNNAMED --add-opens=java.base/java.util.concurrent.atomic=ALL-UNNAMED -Xmx2048m -Dfile.encoding=UTF-8 -Duser.country=US -Duser.language=en -Duser.variant org.gradle.launcher.daemon.bootstrap.GradleDaemon 7.3.3

Host: Intel(R) Core(TM) i7-7500U CPU @ 2.70GHz, 4 cores, 7G,  Windows 10 , 64 bit Build 25188 (10.0.25188.1000)
Time: Tue Aug 30 15:13:48 2022 Pakistan Standard Time elapsed time: 14.514685 seconds (0d 0h 0m 14s)

---------------  T H R E A D  ---------------

Current thread (0x000001f379077000):  VMThread "VM Thread" [stack: 0x0000007d8b500000,0x0000007d8b600000] [id=10928]

Stack: [0x0000007d8b500000,0x0000007d8b600000]
[error occurred during error reporting (printing stack bounds), id 0xc0000005, EXCEPTION_ACCESS_VIOLATION (0xc0000005) at pc=0x000001f30000112d]

Native frames: (J=compiled Java code, j=interpreted, Vv=VM code, C=native code)
V  [jvm.dll+0x5fbcea]
V  [jvm.dll+0x731905]
V  [jvm.dll+0x732f1d]
V  [jvm.dll+0x733535]
V  [jvm.dll+0x7334eb]
V  [jvm.dll+0x5fb080]
V  [jvm.dll+0x5fb818]
C  [ntdll.dll+0xa66df]
C  [ntdll.dll+0x3d0af]
C  [ntdll.dll+0xa56de]
C  0x000001f30000112d

VM_Operation (0x0000007d8bcfe9e0): CollectForMetadataAllocation, mode: safepoint, requested by thread 0x000001f3790a5000


---------------  P R O C E S S  ---------------

Threads class SMR info:
_java_thread_list=0x000001f37da09560, length=77, elements={
0x000001f36e488800, 0x000001f37907c800, 0x000001f37907d800, 0x000001f379a02800,
0x000001f37909b800, 0x000001f37909c800, 0x000001f37909e800, 0x000001f3790a5000,
0x000001f3790a8800, 0x000001f379b56800, 0x000001f37bd49800, 0x000001f37aa0f800,
0x000001f37aa91000, 0x000001f37bf5f000, 0x000001f37bb75800, 0x000001f37c526800,
0x000001f37bb3b800, 0x000001f37bdc8800, 0x000001f37b0c9000, 0x000001f37c1d4800,
0x000001f37c1d6800, 0x000001f37c1d8000, 0x000001f37c1d7000, 0x000001f37c1d9000,
0x000001f37c1d3000, 0x000001f37c1d5800, 0x000001f37c1d4000, 0x000001f37c1d9800,
0x000001f37d9c9000, 0x000001f37d9c9800, 0x000001f37d9ca800, 0x000001f37d9ce800,
0x000001f37d9d1000, 0x000001f37d9cf800, 0x000001f37d9cb800, 0x000001f37d9cc000,
0x000001f37d9d2800, 0x000001f37d9d0000, 0x000001f37d9d3800, 0x000001f37d9d4800,
0x000001f37d9d7000, 0x000001f37d9d6000, 0x000001f37d9d5000, 0x000001f37d9d2000,
0x000001f37df78800, 0x000001f37df7c000, 0x000001f37df78000, 0x000001f37df76000,
0x000001f37df77000, 0x000001f37df7f000, 0x000001f37df7d000, 0x000001f37df7d800,
0x000001f37df7a800, 0x000001f37df7e800, 0x000001f37df7b000, 0x000001f37df79800,
0x000001f37df84000, 0x000001f37df83800, 0x000001f37df85000, 0x000001f37df80000,
0x000001f37df81000, 0x000001f37df81800, 0x000001f37df82800, 0x000001f37b318800,
0x000001f37b315800, 0x000001f37b31a000, 0x000001f37b314800, 0x000001f37b31b000,
0x000001f37b316000, 0x000001f37b318000, 0x000001f37b31c000, 0x000001f37b31c800,
0x000001f37b317000, 0x000001f37b31d800, 0x000001f37b31e800, 0x000001f37b31f000,
0x000001f37b319800
}

Java Threads: ( => current thread )
  0x000001f36e488800 JavaThread "main" [_thread_blocked, id=11152, stack(0x0000007d8af00000,0x0000007d8b000000)]
  0x000001f37907c800 JavaThread "Reference Handler" daemon [_thread_blocked, id=10568, stack(0x0000007d8b600000,0x0000007d8b700000)]
  0x000001f37907d800 JavaThread "Finalizer" daemon [_thread_blocked, id=11184, stack(0x0000007d8b700000,0x0000007d8b800000)]
  0x000001f379a02800 JavaThread "Signal Dispatcher" daemon [_thread_blocked, id=11596, stack(0x0000007d8b800000,0x0000007d8b900000)]
  0x000001f37909b800 JavaThread "Attach Listener" daemon [_thread_blocked, id=6896, stack(0x0000007d8b900000,0x0000007d8ba00000)]
  0x000001f37909c800 JavaThread "Service Thread" daemon [_thread_blocked, id=11696, stack(0x0000007d8ba00000,0x0000007d8bb00000)]
  0x000001f37909e800 JavaThread "C2 CompilerThread0" daemon [_thread_in_native, id=4716, stack(0x0000007d8bb00000,0x0000007d8bc00000)]
  0x000001f3790a5000 JavaThread "C1 CompilerThread0" daemon [_thread_blocked, id=7248, stack(0x0000007d8bc00000,0x0000007d8bd00000)]
  0x000001f3790a8800 JavaThread "Sweeper thread" daemon [_thread_blocked, id=7504, stack(0x0000007d8bd00000,0x0000007d8be00000)]
  0x000001f379b56800 JavaThread "Common-Cleaner" daemon [_thread_blocked, id=1368, stack(0x0000007d8be00000,0x0000007d8bf00000)]
  0x000001f37bd49800 JavaThread "Daemon health stats" [_thread_blocked, id=2820, stack(0x0000007d8c000000,0x0000007d8c100000)]
  0x000001f37aa0f800 JavaThread "Incoming local TCP Connector on port 55653" [_thread_in_native, id=5652, stack(0x0000007d8c300000,0x0000007d8c400000)]
  0x000001f37aa91000 JavaThread "Daemon periodic checks" [_thread_blocked, id=2456, stack(0x0000007d8c400000,0x0000007d8c500000)]
  0x000001f37bf5f000 JavaThread "Daemon" [_thread_blocked, id=11616, stack(0x0000007d8c500000,0x0000007d8c600000)]
  0x000001f37bb75800 JavaThread "Handler for socket connection from /127.0.0.1:55653 to /127.0.0.1:55654" [_thread_in_native, id=2084, stack(0x0000007d8c600000,0x0000007d8c700000)]
  0x000001f37c526800 JavaThread "Cancel handler" [_thread_blocked, id=6536, stack(0x0000007d8c700000,0x0000007d8c800000)]
  0x000001f37bb3b800 JavaThread "Daemon worker" [_thread_blocked, id=1568, stack(0x0000007d8c800000,0x0000007d8c900000)]
  0x000001f37bdc8800 JavaThread "Asynchronous log dispatcher for DefaultDaemonConnection: socket connection from /127.0.0.1:55653 to /127.0.0.1:55654" [_thread_blocked, id=11392, stack(0x0000007d8c900000,0x0000007d8ca00000)]
  0x000001f37b0c9000 JavaThread "Stdin handler" [_thread_blocked, id=5960, stack(0x0000007d8ca00000,0x0000007d8cb00000)]
  0x000001f37c1d4800 JavaThread "Daemon client event forwarder" [_thread_blocked, id=5356, stack(0x0000007d8cb00000,0x0000007d8cc00000)]
  0x000001f37c1d6800 JavaThread "Cache worker for journal cache (C:\Users\DELL\.gradle\caches\journal-1)" [_thread_blocked, id=12072, stack(0x0000007d8cd00000,0x0000007d8ce00000)]
  0x000001f37c1d8000 JavaThread "File lock request listener" [_thread_in_native, id=12252, stack(0x0000007d8ce00000,0x0000007d8cf00000)]
  0x000001f37c1d7000 JavaThread "Cache worker for file hash cache (C:\Users\DELL\.gradle\caches\7.3.3\fileHashes)" [_thread_blocked, id=4576, stack(0x0000007d8cf00000,0x0000007d8d000000)]
  0x000001f37c1d9000 JavaThread "Cache worker for file hash cache (C:\Users\DELL\AndroidStudioProjects\Assign_2_BSCS_19011519006\.gradle\7.3.3\fileHashes)" [_thread_blocked, id=11040, stack(0x0000007d8d000000,0x0000007d8d100000)]
  0x000001f37c1d3000 JavaThread "File watcher server" daemon [_thread_in_native, id=12268, stack(0x0000007d8d100000,0x0000007d8d200000)]
  0x000001f37c1d5800 JavaThread "File watcher consumer" daemon [_thread_blocked, id=11860, stack(0x0000007d8d200000,0x0000007d8d300000)]
  0x000001f37c1d4000 JavaThread "Cache worker for checksums cache (C:\Users\DELL\AndroidStudioProjects\Assign_2_BSCS_19011519006\.gradle\7.3.3\checksums)" [_thread_blocked, id=9036, stack(0x0000007d8d300000,0x0000007d8d400000)]
  0x000001f37c1d9800 JavaThread "Cache worker for cache directory md-supplier (C:\Users\DELL\.gradle\caches\7.3.3\md-supplier)" [_thread_blocked, id=7836, stack(0x0000007d8d400000,0x0000007d8d500000)]
  0x000001f37d9c9000 JavaThread "Cache worker for cache directory md-rule (C:\Users\DELL\.gradle\caches\7.3.3\md-rule)" [_thread_blocked, id=6540, stack(0x0000007d8d500000,0x0000007d8d600000)]
  0x000001f37d9c9800 JavaThread "Cache worker for execution history cache (C:\Users\DELL\.gradle\caches\7.3.3\executionHistory)" [_thread_blocked, id=3944, stack(0x0000007d8d600000,0x0000007d8d700000)]
  0x000001f37d9ca800 JavaThread "jar transforms" [_thread_blocked, id=9472, stack(0x0000007d8d700000,0x0000007d8d800000)]
  0x000001f37d9ce800 JavaThread "Cache worker for file content cache (C:\Users\DELL\.gradle\caches\7.3.3\fileContent)" [_thread_blocked, id=10340, stack(0x0000007d8d800000,0x0000007d8d900000)]
  0x000001f37d9d1000 JavaThread "jar transforms Thread 2" [_thread_blocked, id=10052, stack(0x0000007d8d900000,0x0000007d8da00000)]
  0x000001f37d9cf800 JavaThread "Cache worker for dependencies-accessors (C:\Users\DELL\AndroidStudioProjects\Assign_2_BSCS_19011519006\.gradle\7.3.3\dependencies-accessors)" [_thread_blocked, id=11548, stack(0x0000007d8da00000,0x0000007d8db00000)]
  0x000001f37d9cb800 JavaThread "jar transforms Thread 3" [_thread_blocked, id=6844, stack(0x0000007d8db00000,0x0000007d8dc00000)]
  0x000001f37d9cc000 JavaThread "Cache worker for Build Output Cleanup Cache (C:\Users\DELL\AndroidStudioProjects\Assign_2_BSCS_19011519006\.gradle\buildOutputCleanup)" [_thread_blocked, id=11928, stack(0x0000007d8dc00000,0x0000007d8dd00000)]
  0x000001f37d9d2800 JavaThread "Unconstrained build operations" [_thread_blocked, id=11588, stack(0x0000007d8dd00000,0x0000007d8de00000)]
  0x000001f37d9d0000 JavaThread "Unconstrained build operations Thread 2" [_thread_blocked, id=10348, stack(0x0000007d8de00000,0x0000007d8df00000)]
  0x000001f37d9d3800 JavaThread "Unconstrained build operations Thread 3" [_thread_blocked, id=11724, stack(0x0000007d8df00000,0x0000007d8e000000)]
  0x000001f37d9d4800 JavaThread "Unconstrained build operations Thread 4" [_thread_blocked, id=3260, stack(0x0000007d8e000000,0x0000007d8e100000)]
  0x000001f37d9d7000 JavaThread "Unconstrained build operations Thread 5" [_thread_blocked, id=11848, stack(0x0000007d8e100000,0x0000007d8e200000)]
  0x000001f37d9d6000 JavaThread "Unconstrained build operations Thread 6" [_thread_blocked, id=7548, stack(0x0000007d8e200000,0x0000007d8e300000)]
  0x000001f37d9d5000 JavaThread "Unconstrained build operations Thread 7" [_thread_blocked, id=11440, stack(0x0000007d8e300000,0x0000007d8e400000)]
  0x000001f37d9d2000 JavaThread "Unconstrained build operations Thread 8" [_thread_blocked, id=3560, stack(0x0000007d8e400000,0x0000007d8e500000)]
  0x000001f37df78800 JavaThread "Unconstrained build operations Thread 9" [_thread_blocked, id=11224, stack(0x0000007d8e500000,0x0000007d8e600000)]
  0x000001f37df7c000 JavaThread "Unconstrained build operations Thread 10" [_thread_blocked, id=10992, stack(0x0000007d8e600000,0x0000007d8e700000)]
  0x000001f37df78000 JavaThread "Unconstrained build operations Thread 11" [_thread_blocked, id=12272, stack(0x0000007d8e700000,0x0000007d8e800000)]
  0x000001f37df76000 JavaThread "Unconstrained build operations Thread 12" [_thread_blocked, id=5800, stack(0x0000007d8e800000,0x0000007d8e900000)]
  0x000001f37df77000 JavaThread "Unconstrained build operations Thread 13" [_thread_blocked, id=7240, stack(0x0000007d8e900000,0x0000007d8ea00000)]
  0x000001f37df7f000 JavaThread "Unconstrained build operations Thread 14" [_thread_blocked, id=276, stack(0x0000007d8ea00000,0x0000007d8eb00000)]
  0x000001f37df7d000 JavaThread "Unconstrained build operations Thread 15" [_thread_blocked, id=3172, stack(0x0000007d8eb00000,0x0000007d8ec00000)]
  0x000001f37df7d800 JavaThread "Unconstrained build operations Thread 16" [_thread_blocked, id=11120, stack(0x0000007d8ec00000,0x0000007d8ed00000)]
  0x000001f37df7a800 JavaThread "Unconstrained build operations Thread 17" [_thread_blocked, id=68, stack(0x0000007d8ed00000,0x0000007d8ee00000)]
  0x000001f37df7e800 JavaThread "Unconstrained build operations Thread 18" [_thread_blocked, id=8420, stack(0x0000007d8ee00000,0x0000007d8ef00000)]
  0x000001f37df7b000 JavaThread "Unconstrained build operations Thread 19" [_thread_blocked, id=11592, stack(0x0000007d8ef00000,0x0000007d8f000000)]
  0x000001f37df79800 JavaThread "Unconstrained build operations Thread 20" [_thread_blocked, id=9132, stack(0x0000007d8f000000,0x0000007d8f100000)]
  0x000001f37df84000 JavaThread "Unconstrained build operations Thread 21" [_thread_blocked, id=9548, stack(0x0000007d8f100000,0x0000007d8f200000)]
  0x000001f37df83800 JavaThread "Unconstrained build operations Thread 22" [_thread_blocked, id=9628, stack(0x0000007d8f200000,0x0000007d8f300000)]
  0x000001f37df85000 JavaThread "Unconstrained build operations Thread 23" [_thread_blocked, id=1320, stack(0x0000007d8f300000,0x0000007d8f400000)]
  0x000001f37df80000 JavaThread "Unconstrained build operations Thread 24" [_thread_blocked, id=6572, stack(0x0000007d8f400000,0x0000007d8f500000)]
  0x000001f37df81000 JavaThread "Unconstrained build operations Thread 25" [_thread_blocked, id=8252, stack(0x0000007d8f500000,0x0000007d8f600000)]
  0x000001f37df81800 JavaThread "Unconstrained build operations Thread 26" [_thread_blocked, id=284, stack(0x0000007d8f600000,0x0000007d8f700000)]
  0x000001f37df82800 JavaThread "Unconstrained build operations Thread 27" [_thread_blocked, id=11436, stack(0x0000007d8f700000,0x0000007d8f800000)]
  0x000001f37b318800 JavaThread "Unconstrained build operations Thread 28" [_thread_blocked, id=1468, stack(0x0000007d8f800000,0x0000007d8f900000)]
  0x000001f37b315800 JavaThread "Unconstrained build operations Thread 29" [_thread_blocked, id=10000, stack(0x0000007d8f900000,0x0000007d8fa00000)]
  0x000001f37b31a000 JavaThread "Unconstrained build operations Thread 30" [_thread_blocked, id=872, stack(0x0000007d8fa00000,0x0000007d8fb00000)]
  0x000001f37b314800 JavaThread "Unconstrained build operations Thread 31" [_thread_blocked, id=9680, stack(0x0000007d8fb00000,0x0000007d8fc00000)]
  0x000001f37b31b000 JavaThread "Unconstrained build operations Thread 32" [_thread_blocked, id=6932, stack(0x0000007d8fc00000,0x0000007d8fd00000)]
  0x000001f37b316000 JavaThread "Unconstrained build operations Thread 33" [_thread_blocked, id=7888, stack(0x0000007d8fd00000,0x0000007d8fe00000)]
  0x000001f37b318000 JavaThread "Unconstrained build operations Thread 34" [_thread_blocked, id=1504, stack(0x0000007d8fe00000,0x0000007d8ff00000)]
  0x000001f37b31c000 JavaThread "Unconstrained build operations Thread 35" [_thread_blocked, id=9652, stack(0x0000007d8ff00000,0x0000007d90000000)]
  0x000001f37b31c800 JavaThread "Unconstrained build operations Thread 36" [_thread_blocked, id=11124, stack(0x0000007d90000000,0x0000007d90100000)]
  0x000001f37b317000 JavaThread "Unconstrained build operations Thread 37" [_thread_blocked, id=3716, stack(0x0000007d90100000,0x0000007d90200000)]
  0x000001f37b31d800 JavaThread "Unconstrained build operations Thread 38" [_thread_blocked, id=3300, stack(0x0000007d90200000,0x0000007d90300000)]
  0x000001f37b31e800 JavaThread "Unconstrained build operations Thread 39" [_thread_blocked, id=10012, stack(0x0000007d90300000,0x0000007d90400000)]
  0x000001f37b31f000 JavaThread "Unconstrained build operations Thread 40" [_thread_blocked, id=6344, stack(0x0000007d90400000,0x0000007d90500000)]
  0x000001f37b319800 JavaThread "jar transforms Thread 4" [_thread_blocked, id=2024, stack(0x0000007d90500000,0x0000007d90600000)]

Other Threads:
=>0x000001f379077000 VMThread "VM Thread" [stack: 0x0000007d8b500000,0x0000007d8b600000] [id=10928]
  0x000001f379bbe000 WatcherThread [stack: 0x0000007d8bf00000,0x0000007d8c000000] [id=10800]
  0x000001f36e4a3000 GCTaskThread "GC Thread#0" [stack: 0x0000007d8b000000,0x0000007d8b100000] [id=2052]
  0x000001f37a735000 GCTaskThread "GC Thread#1" [stack: 0x0000007d8c100000,0x0000007d8c200000] [id=12124]
  0x000001f37a732000 GCTaskThread "GC Thread#2" [stack: 0x0000007d8c200000,0x0000007d8c300000] [id=12152]
  0x000001f37a735800 GCTaskThread "GC Thread#3" [stack: 0x0000007d8cc00000,0x0000007d8cd00000] [id=12196]
  0x000001f36e4d2800 ConcurrentGCThread "G1 Main Marker" [stack: 0x0000007d8b100000,0x0000007d8b200000] [id=5568]
  0x000001f36e4d5000 ConcurrentGCThread "G1 Conc#0" [stack: 0x0000007d8b200000,0x0000007d8b300000] [id=4796]
  0x000001f378ed0800 ConcurrentGCThread "G1 Refine#0" [stack: 0x0000007d8b300000,0x0000007d8b400000] [id=5396]
  0x000001f378ed1000 ConcurrentGCThread "G1 Young RemSet Sampling" [stack: 0x0000007d8b400000,0x0000007d8b500000] [id=11832]

Threads with active compile tasks:
C2 CompilerThread0  14543 5645       4       org.objectweb.asm.Frame::execute (2318 bytes)
C1 CompilerThread0  14543 5834       3       java.util.TreeMap::containsKey (14 bytes)

VM state:at safepoint (normal execution)

VM Mutex/Monitor currently owned by a thread:  ([mutex/lock_event])
[0x000001f36e485a70] Threads_lock - owner thread: 0x000001f379077000
[0x000001f36e484cf0] Heap_lock - owner thread: 0x000001f3790a5000
[0x000001f36e4860a0] MethodData_lock - owner thread: 0x000001f3790a5000

Heap address: 0x0000000080000000, size: 2048 MB, Compressed Oops mode: 32-bit
Narrow klass base: 0x0000000000000000, Narrow klass shift: 3
Compressed class space size: 1073741824 Address: 0x0000000100000000

Heap:
 garbage-first heap   total 187392K, used 47444K [0x0000000080000000, 0x0000000100000000)
  region size 1024K, 3 young (3072K), 3 survivors (3072K)
 Metaspace       used 58728K, capacity 60163K, committed 60236K, reserved 1101824K
  class space    used 7484K, capacity 8051K, committed 8064K, reserved 1048576K
Heap Regions: E=young(eden), S=young(survivor), O=old, HS=humongous(starts), HC=humongous(continues), CS=collection set, F=free, A=archive, TAMS=top-at-mark-start (previous, next)
|   0|0x0000000080000000, 0x0000000080100000, 0x0000000080100000|100%| O|  |TAMS 0x0000000080100000, 0x0000000080100000| Untracked 
|   1|0x0000000080100000, 0x0000000080200000, 0x0000000080200000|100%| O|  |TAMS 0x0000000080200000, 0x0000000080200000| Untracked 
|   2|0x0000000080200000, 0x0000000080300000, 0x0000000080300000|100%| O|  |TAMS 0x0000000080300000, 0x0000000080300000| Untracked 
|   3|0x0000000080300000, 0x0000000080400000, 0x0000000080400000|100%|HS|  |TAMS 0x0000000080400000, 0x0000000080400000| Complete 
|   4|0x0000000080400000, 0x0000000080500000, 0x0000000080500000|100%|HC|  |TAMS 0x0000000080500000, 0x0000000080500000| Complete 
|   5|0x0000000080500000, 0x0000000080600000, 0x0000000080600000|100%|HC|  |TAMS 0x0000000080600000, 0x0000000080600000| Complete 
|   6|0x0000000080600000, 0x0000000080700000, 0x0000000080700000|100%| O|  |TAMS 0x0000000080700000, 0x0000000080700000| Untracked 
|   7|0x0000000080700000, 0x0000000080800000, 0x0000000080800000|100%| O|  |TAMS 0x0000000080800000, 0x0000000080800000| Untracked 
|   8|0x0000000080800000, 0x0000000080900000, 0x0000000080900000|100%| O|  |TAMS 0x0000000080900000, 0x0000000080900000| Untracked 
|   9|0x0000000080900000, 0x0000000080a00000, 0x0000000080a00000|100%| O|  |TAMS 0x0000000080a00000, 0x0000000080a00000| Untracked 
|  10|0x0000000080a00000, 0x0000000080b00000, 0x0000000080b00000|100%| O|  |TAMS 0x0000000080b00000, 0x0000000080b00000| Untracked 
|  11|0x0000000080b00000, 0x0000000080c00000, 0x0000000080c00000|100%| O|  |TAMS 0x0000000080c00000, 0x0000000080c00000| Untracked 
|  12|0x0000000080c00000, 0x0000000080d00000, 0x0000000080d00000|100%| O|  |TAMS 0x0000000080d00000, 0x0000000080d00000| Untracked 
|  13|0x0000000080d00000, 0x0000000080e00000, 0x0000000080e00000|100%| O|  |TAMS 0x0000000080e00000, 0x0000000080e00000| Untracked 
|  14|0x0000000080e00000, 0x0000000080f00000, 0x0000000080f00000|100%| O|  |TAMS 0x0000000080f00000, 0x0000000080f00000| Untracked 
|  15|0x0000000080f00000, 0x0000000081000000, 0x0000000081000000|100%| O|  |TAMS 0x0000000081000000, 0x0000000081000000| Untracked 
|  16|0x0000000081000000, 0x0000000081100000, 0x0000000081100000|100%| O|  |TAMS 0x000000008105d600, 0x0000000081100000| Untracked 
|  17|0x0000000081100000, 0x0000000081200000, 0x0000000081200000|100%|HS|  |TAMS 0x0000000081100000, 0x0000000081200000| Complete 
|  18|0x0000000081200000, 0x0000000081300000, 0x0000000081300000|100%| O|  |TAMS 0x0000000081200000, 0x0000000081300000| Untracked 
|  19|0x0000000081300000, 0x0000000081400000, 0x0000000081400000|100%| O|  |TAMS 0x0000000081300000, 0x0000000081400000| Untracked 
|  20|0x0000000081400000, 0x0000000081500000, 0x0000000081500000|100%| O|  |TAMS 0x0000000081400000, 0x0000000081500000| Untracked 
|  21|0x0000000081500000, 0x0000000081600000, 0x0000000081600000|100%| O|  |TAMS 0x0000000081500000, 0x0000000081600000| Untracked 
|  22|0x0000000081600000, 0x0000000081700000, 0x0000000081700000|100%| O|  |TAMS 0x0000000081600000, 0x0000000081700000| Untracked 
|  23|0x0000000081700000, 0x0000000081800000, 0x0000000081800000|100%| O|  |TAMS 0x0000000081700000, 0x0000000081800000| Untracked 
|  24|0x0000000081800000, 0x0000000081900000, 0x0000000081900000|100%| O|  |TAMS 0x0000000081800000, 0x0000000081900000| Untracked 
|  25|0x0000000081900000, 0x0000000081a00000, 0x0000000081a00000|100%| O|  |TAMS 0x0000000081900000, 0x0000000081a00000| Untracked 
|  26|0x0000000081a00000, 0x0000000081b00000, 0x0000000081b00000|100%| O|  |TAMS 0x0000000081a00000, 0x0000000081b00000| Untracked 
|  27|0x0000000081b00000, 0x0000000081c00000, 0x0000000081c00000|100%| O|  |TAMS 0x0000000081b00000, 0x0000000081c00000| Untracked 
|  28|0x0000000081c00000, 0x0000000081d00000, 0x0000000081d00000|100%|HS|  |TAMS 0x0000000081c00000, 0x0000000081d00000| Complete 
|  29|0x0000000081d00000, 0x0000000081e00000, 0x0000000081e00000|100%|HS|  |TAMS 0x0000000081d00000, 0x0000000081e00000| Complete 
|  30|0x0000000081e00000, 0x0000000081f00000, 0x0000000081f00000|100%|HC|  |TAMS 0x0000000081e00000, 0x0000000081f00000| Complete 
|  31|0x0000000081f00000, 0x0000000082000000, 0x0000000082000000|100%| O|  |TAMS 0x0000000081f00000, 0x0000000082000000| Untracked 
|  32|0x0000000082000000, 0x0000000082100000, 0x0000000082100000|100%| O|  |TAMS 0x0000000082000000, 0x0000000082100000| Untracked 
|  33|0x0000000082100000, 0x0000000082200000, 0x0000000082200000|100%| O|  |TAMS 0x0000000082100000, 0x0000000082200000| Untracked 
|  34|0x0000000082200000, 0x0000000082300000, 0x0000000082300000|100%| O|  |TAMS 0x0000000082200000, 0x0000000082300000| Untracked 
|  35|0x0000000082300000, 0x0000000082400000, 0x0000000082400000|100%| O|  |TAMS 0x0000000082300000, 0x0000000082400000| Untracked 
|  36|0x0000000082400000, 0x0000000082500000, 0x0000000082500000|100%| O|  |TAMS 0x0000000082400000, 0x0000000082500000| Untracked 
|  37|0x0000000082500000, 0x0000000082600000, 0x0000000082600000|100%| O|  |TAMS 0x0000000082500000, 0x0000000082600000| Untracked 
|  38|0x0000000082600000, 0x0000000082700000, 0x0000000082700000|100%| O|  |TAMS 0x0000000082600000, 0x0000000082700000| Untracked 
|  39|0x0000000082700000, 0x0000000082800000, 0x0000000082800000|100%| O|  |TAMS 0x0000000082700000, 0x0000000082800000| Untracked 
|  40|0x0000000082800000, 0x0000000082900000, 0x0000000082900000|100%| O|  |TAMS 0x0000000082800000, 0x0000000082900000| Untracked 
|  41|0x0000000082900000, 0x0000000082a00000, 0x0000000082a00000|100%| O|  |TAMS 0x0000000082900000, 0x0000000082a00000| Untracked 
|  42|0x0000000082a00000, 0x0000000082b00000, 0x0000000082b00000|100%| O|  |TAMS 0x0000000082a00000, 0x0000000082b00000| Untracked 
|  43|0x0000000082b00000, 0x0000000082bc1000, 0x0000000082c00000| 75%| O|  |TAMS 0x0000000082b00000, 0x0000000082bc1000| Untracked 
|  44|0x0000000082c00000, 0x0000000082c00000, 0x0000000082d00000|  0%| F|  |TAMS 0x0000000082c00000, 0x0000000082c00000| Untracked 
|  45|0x0000000082d00000, 0x0000000082d00000, 0x0000000082e00000|  0%| F|  |TAMS 0x0000000082d00000, 0x0000000082d00000| Untracked 
|  46|0x0000000082e00000, 0x0000000082e00000, 0x0000000082f00000|  0%| F|  |TAMS 0x0000000082e00000, 0x0000000082e00000| Untracked 
|  47|0x0000000082f00000, 0x0000000082f00000, 0x0000000083000000|  0%| F|  |TAMS 0x0000000082f00000, 0x0000000082f00000| Untracked 
|  48|0x0000000083000000, 0x0000000083000000, 0x0000000083100000|  0%| F|  |TAMS 0x0000000083000000, 0x0000000083000000| Untracked 
|  49|0x0000000083100000, 0x0000000083100000, 0x0000000083200000|  0%| F|  |TAMS 0x0000000083100000, 0x0000000083100000| Untracked 
|  50|0x0000000083200000, 0x0000000083200000, 0x0000000083300000|  0%| F|  |TAMS 0x0000000083200000, 0x0000000083200000| Untracked 
|  51|0x0000000083300000, 0x0000000083300000, 0x0000000083400000|  0%| F|  |TAMS 0x0000000083300000, 0x0000000083300000| Untracked 
|  52|0x0000000083400000, 0x0000000083400000, 0x0000000083500000|  0%| F|  |TAMS 0x0000000083400000, 0x0000000083400000| Untracked 
|  53|0x0000000083500000, 0x0000000083500000, 0x0000000083600000|  0%| F|  |TAMS 0x0000000083500000, 0x0000000083500000| Untracked 
|  54|0x0000000083600000, 0x0000000083600000, 0x0000000083700000|  0%| F|  |TAMS 0x0000000083600000, 0x0000000083600000| Untracked 
|  55|0x0000000083700000, 0x0000000083700000, 0x0000000083800000|  0%| F|  |TAMS 0x0000000083700000, 0x0000000083700000| Untracked 
|  56|0x0000000083800000, 0x0000000083800000, 0x0000000083900000|  0%| F|  |TAMS 0x0000000083800000, 0x0000000083800000| Untracked 
|  57|0x0000000083900000, 0x0000000083900000, 0x0000000083a00000|  0%| F|  |TAMS 0x0000000083900000, 0x0000000083900000| Untracked 
|  58|0x0000000083a00000, 0x0000000083a00000, 0x0000000083b00000|  0%| F|  |TAMS 0x0000000083a00000, 0x0000000083a00000| Untracked 
|  59|0x0000000083b00000, 0x0000000083b00000, 0x0000000083c00000|  0%| F|  |TAMS 0x0000000083b00000, 0x0000000083b00000| Untracked 
|  60|0x0000000083c00000, 0x0000000083c00000, 0x0000000083d00000|  0%| F|  |TAMS 0x0000000083c00000, 0x0000000083c00000| Untracked 
|  61|0x0000000083d00000, 0x0000000083d00000, 0x0000000083e00000|  0%| F|  |TAMS 0x0000000083d00000, 0x0000000083d00000| Untracked 
|  62|0x0000000083e00000, 0x0000000083e00000, 0x0000000083f00000|  0%| F|  |TAMS 0x0000000083e00000, 0x0000000083e00000| Untracked 
|  63|0x0000000083f00000, 0x0000000083f00000, 0x0000000084000000|  0%| F|  |TAMS 0x0000000083f00000, 0x0000000083f00000| Untracked 
|  64|0x0000000084000000, 0x0000000084000000, 0x0000000084100000|  0%| F|  |TAMS 0x0000000084000000, 0x0000000084000000| Untracked 
|  65|0x0000000084100000, 0x0000000084100000, 0x0000000084200000|  0%| F|  |TAMS 0x0000000084100000, 0x0000000084100000| Untracked 
|  66|0x0000000084200000, 0x0000000084200000, 0x0000000084300000|  0%| F|  |TAMS 0x0000000084200000, 0x0000000084200000| Untracked 
|  67|0x0000000084300000, 0x0000000084300000, 0x0000000084400000|  0%| F|  |TAMS 0x0000000084300000, 0x0000000084300000| Untracked 
|  68|0x0000000084400000, 0x0000000084400000, 0x0000000084500000|  0%| F|  |TAMS 0x0000000084400000, 0x0000000084400000| Untracked 
|  69|0x0000000084500000, 0x0000000084500000, 0x0000000084600000|  0%| F|  |TAMS 0x0000000084500000, 0x0000000084500000| Untracked 
|  70|0x0000000084600000, 0x0000000084600000, 0x0000000084700000|  0%| F|  |TAMS 0x0000000084600000, 0x0000000084600000| Untracked 
|  71|0x0000000084700000, 0x0000000084700000, 0x0000000084800000|  0%| F|  |TAMS 0x0000000084700000, 0x0000000084700000| Untracked 
|  72|0x0000000084800000, 0x0000000084800000, 0x0000000084900000|  0%| F|  |TAMS 0x0000000084800000, 0x0000000084800000| Untracked 
|  73|0x0000000084900000, 0x0000000084900000, 0x0000000084a00000|  0%| F|  |TAMS 0x0000000084900000, 0x0000000084900000| Untracked 
|  74|0x0000000084a00000, 0x0000000084a00000, 0x0000000084b00000|  0%| F|  |TAMS 0x0000000084a00000, 0x0000000084a00000| Untracked 
|  75|0x0000000084b00000, 0x0000000084b00000, 0x0000000084c00000|  0%| F|  |TAMS 0x0000000084b00000, 0x0000000084b00000| Untracked 
|  76|0x0000000084c00000, 0x0000000084c00000, 0x0000000084d00000|  0%| F|  |TAMS 0x0000000084c00000, 0x0000000084c00000| Untracked 
|  77|0x0000000084d00000, 0x0000000084d00000, 0x0000000084e00000|  0%| F|  |TAMS 0x0000000084d00000, 0x0000000084d00000| Untracked 
|  78|0x0000000084e00000, 0x0000000084e00000, 0x0000000084f00000|  0%| F|  |TAMS 0x0000000084e00000, 0x0000000084e00000| Untracked 
|  79|0x0000000084f00000, 0x0000000084f00000, 0x0000000085000000|  0%| F|  |TAMS 0x0000000084f00000, 0x0000000084f00000| Untracked 
|  80|0x0000000085000000, 0x0000000085000000, 0x0000000085100000|  0%| F|  |TAMS 0x0000000085000000, 0x0000000085000000| Untracked 
|  81|0x0000000085100000, 0x0000000085100000, 0x0000000085200000|  0%| F|  |TAMS 0x0000000085100000, 0x0000000085100000| Untracked 
|  82|0x0000000085200000, 0x0000000085200000, 0x0000000085300000|  0%| F|  |TAMS 0x0000000085200000, 0x0000000085200000| Untracked 
|  83|0x0000000085300000, 0x0000000085300000, 0x0000000085400000|  0%| F|  |TAMS 0x0000000085300000, 0x0000000085300000| Untracked 
|  84|0x0000000085400000, 0x0000000085400000, 0x0000000085500000|  0%| F|  |TAMS 0x0000000085400000, 0x0000000085400000| Untracked 
|  85|0x0000000085500000, 0x0000000085500000, 0x0000000085600000|  0%| F|  |TAMS 0x0000000085500000, 0x0000000085500000| Untracked 
|  86|0x0000000085600000, 0x0000000085600000, 0x0000000085700000|  0%| F|  |TAMS 0x0000000085600000, 0x0000000085600000| Untracked 
|  87|0x0000000085700000, 0x0000000085700000, 0x0000000085800000|  0%| F|  |TAMS 0x0000000085700000, 0x0000000085700000| Untracked 
|  88|0x0000000085800000, 0x0000000085800000, 0x0000000085900000|  0%| F|  |TAMS 0x0000000085800000, 0x0000000085800000| Untracked 
|  89|0x0000000085900000, 0x0000000085900000, 0x0000000085a00000|  0%| F|  |TAMS 0x0000000085900000, 0x0000000085900000| Untracked 
|  90|0x0000000085a00000, 0x0000000085a00000, 0x0000000085b00000|  0%| F|  |TAMS 0x0000000085a00000, 0x0000000085a00000| Untracked 
|  91|0x0000000085b00000, 0x0000000085b00000, 0x0000000085c00000|  0%| F|  |TAMS 0x0000000085b00000, 0x0000000085b00000| Untracked 
|  92|0x0000000085c00000, 0x0000000085c00000, 0x0000000085d00000|  0%| F|  |TAMS 0x0000000085c00000, 0x0000000085c00000| Untracked 
|  93|0x0000000085d00000, 0x0000000085d00000, 0x0000000085e00000|  0%| F|  |TAMS 0x0000000085d00000, 0x0000000085d00000| Untracked 
|  94|0x0000000085e00000, 0x0000000085e00000, 0x0000000085f00000|  0%| F|  |TAMS 0x0000000085e00000, 0x0000000085e00000| Untracked 
|  95|0x0000000085f00000, 0x0000000085f00000, 0x0000000086000000|  0%| F|  |TAMS 0x0000000085f00000, 0x0000000085f00000| Untracked 
|  96|0x0000000086000000, 0x0000000086000000, 0x0000000086100000|  0%| F|  |TAMS 0x0000000086000000, 0x0000000086000000| Untracked 
|  97|0x0000000086100000, 0x0000000086100000, 0x0000000086200000|  0%| F|  |TAMS 0x0000000086100000, 0x0000000086100000| Untracked 
|  98|0x0000000086200000, 0x0000000086200000, 0x0000000086300000|  0%| F|  |TAMS 0x0000000086200000, 0x0000000086200000| Untracked 
|  99|0x0000000086300000, 0x0000000086300000, 0x0000000086400000|  0%| F|  |TAMS 0x0000000086300000, 0x0000000086300000| Untracked 
| 100|0x0000000086400000, 0x0000000086400000, 0x0000000086500000|  0%| F|  |TAMS 0x0000000086400000, 0x0000000086400000| Untracked 
| 101|0x0000000086500000, 0x0000000086500000, 0x0000000086600000|  0%| F|  |TAMS 0x0000000086500000, 0x0000000086500000| Untracked 
| 102|0x0000000086600000, 0x0000000086600000, 0x0000000086700000|  0%| F|  |TAMS 0x0000000086600000, 0x0000000086600000| Untracked 
| 103|0x0000000086700000, 0x0000000086700000, 0x0000000086800000|  0%| F|  |TAMS 0x0000000086700000, 0x0000000086700000| Untracked 
| 104|0x0000000086800000, 0x0000000086800000, 0x0000000086900000|  0%| F|  |TAMS 0x0000000086800000, 0x0000000086800000| Untracked 
| 105|0x0000000086900000, 0x0000000086900000, 0x0000000086a00000|  0%| F|  |TAMS 0x0000000086900000, 0x0000000086900000| Untracked 
| 106|0x0000000086a00000, 0x0000000086a00000, 0x0000000086b00000|  0%| F|  |TAMS 0x0000000086a00000, 0x0000000086a00000| Untracked 
| 107|0x0000000086b00000, 0x0000000086b00000, 0x0000000086c00000|  0%| F|  |TAMS 0x0000000086b00000, 0x0000000086b00000| Untracked 
| 108|0x0000000086c00000, 0x0000000086c00000, 0x0000000086d00000|  0%| F|  |TAMS 0x0000000086c00000, 0x0000000086c00000| Untracked 
| 109|0x0000000086d00000, 0x0000000086d00000, 0x0000000086e00000|  0%| F|  |TAMS 0x0000000086d00000, 0x0000000086d00000| Untracked 
| 110|0x0000000086e00000, 0x0000000086e00000, 0x0000000086f00000|  0%| F|  |TAMS 0x0000000086e00000, 0x0000000086e00000| Untracked 
| 111|0x0000000086f00000, 0x0000000086f00000, 0x0000000087000000|  0%| F|  |TAMS 0x0000000086f00000, 0x0000000086f00000| Untracked 
| 112|0x0000000087000000, 0x0000000087000000, 0x0000000087100000|  0%| F|  |TAMS 0x0000000087000000, 0x0000000087000000| Untracked 
| 113|0x0000000087100000, 0x0000000087100000, 0x0000000087200000|  0%| F|  |TAMS 0x0000000087100000, 0x0000000087100000| Untracked 
| 114|0x0000000087200000, 0x0000000087200000, 0x0000000087300000|  0%| F|  |TAMS 0x0000000087200000, 0x0000000087200000| Untracked 
| 115|0x0000000087300000, 0x0000000087300000, 0x0000000087400000|  0%| F|  |TAMS 0x0000000087300000, 0x0000000087300000| Untracked 
| 116|0x0000000087400000, 0x0000000087400000, 0x0000000087500000|  0%| F|  |TAMS 0x0000000087400000, 0x0000000087400000| Untracked 
| 117|0x0000000087500000, 0x0000000087500000, 0x0000000087600000|  0%| F|  |TAMS 0x0000000087500000, 0x0000000087500000| Untracked 
| 118|0x0000000087600000, 0x0000000087600000, 0x0000000087700000|  0%| F|  |TAMS 0x0000000087600000, 0x0000000087600000| Untracked 
| 119|0x0000000087700000, 0x0000000087700000, 0x0000000087800000|  0%| F|  |TAMS 0x0000000087700000, 0x0000000087700000| Untracked 
| 120|0x0000000087800000, 0x0000000087800000, 0x0000000087900000|  0%| F|  |TAMS 0x0000000087800000, 0x0000000087800000| Untracked 
| 121|0x0000000087900000, 0x0000000087900000, 0x0000000087a00000|  0%| F|  |TAMS 0x0000000087900000, 0x0000000087900000| Untracked 
| 122|0x0000000087a00000, 0x0000000087a00000, 0x0000000087b00000|  0%| F|  |TAMS 0x0000000087a00000, 0x0000000087a00000| Untracked 
| 123|0x0000000087b00000, 0x0000000087b00000, 0x0000000087c00000|  0%| F|  |TAMS 0x0000000087b00000, 0x0000000087b00000| Untracked 
| 124|0x0000000087c00000, 0x0000000087c00000, 0x0000000087d00000|  0%| F|  |TAMS 0x0000000087c00000, 0x0000000087c00000| Untracked 
| 125|0x0000000087d00000, 0x0000000087d00000, 0x0000000087e00000|  0%| F|  |TAMS 0x0000000087d00000, 0x0000000087d00000| Untracked 
| 126|0x0000000087e00000, 0x0000000087e00000, 0x0000000087f00000|  0%| F|  |TAMS 0x0000000087e00000, 0x0000000087e00000| Untracked 
| 127|0x0000000087f00000, 0x0000000087f00000, 0x0000000088000000|  0%| F|  |TAMS 0x0000000087f00000, 0x0000000087f00000| Untracked 
| 128|0x0000000088000000, 0x0000000088000000, 0x0000000088100000|  0%| F|  |TAMS 0x0000000088000000, 0x0000000088000000| Untracked 
| 129|0x0000000088100000, 0x0000000088100000, 0x0000000088200000|  0%| F|  |TAMS 0x0000000088100000, 0x0000000088100000| Untracked 
| 130|0x0000000088200000, 0x0000000088200000, 0x0000000088300000|  0%| F|  |TAMS 0x0000000088200000, 0x0000000088200000| Untracked 
| 131|0x0000000088300000, 0x0000000088300000, 0x0000000088400000|  0%| F|  |TAMS 0x0000000088300000, 0x0000000088300000| Untracked 
| 132|0x0000000088400000, 0x0000000088400000, 0x0000000088500000|  0%| F|  |TAMS 0x0000000088400000, 0x0000000088400000| Untracked 
| 133|0x0000000088500000, 0x0000000088500000, 0x0000000088600000|  0%| F|  |TAMS 0x0000000088500000, 0x0000000088500000| Untracked 
| 134|0x0000000088600000, 0x0000000088600000, 0x0000000088700000|  0%| F|  |TAMS 0x0000000088600000, 0x0000000088600000| Untracked 
| 135|0x0000000088700000, 0x0000000088700000, 0x0000000088800000|  0%| F|  |TAMS 0x0000000088700000, 0x0000000088700000| Untracked 
| 136|0x0000000088800000, 0x0000000088800000, 0x0000000088900000|  0%| F|  |TAMS 0x0000000088800000, 0x0000000088800000| Untracked 
| 137|0x0000000088900000, 0x0000000088900000, 0x0000000088a00000|  0%| F|  |TAMS 0x0000000088900000, 0x0000000088900000| Untracked 
| 138|0x0000000088a00000, 0x0000000088a00000, 0x0000000088b00000|  0%| F|  |TAMS 0x0000000088a00000, 0x0000000088a00000| Untracked 
| 139|0x0000000088b00000, 0x0000000088b00000, 0x0000000088c00000|  0%| F|  |TAMS 0x0000000088b00000, 0x0000000088b00000| Untracked 
| 140|0x0000000088c00000, 0x0000000088c00000, 0x0000000088d00000|  0%| F|  |TAMS 0x0000000088c00000, 0x0000000088c00000| Untracked 
| 141|0x0000000088d00000, 0x0000000088d00000, 0x0000000088e00000|  0%| F|  |TAMS 0x0000000088d00000, 0x0000000088d00000| Untracked 
| 142|0x0000000088e00000, 0x0000000088e00000, 0x0000000088f00000|  0%| F|  |TAMS 0x0000000088e00000, 0x0000000088e00000| Untracked 
| 143|0x0000000088f00000, 0x0000000088f00000, 0x0000000089000000|  0%| F|  |TAMS 0x0000000088f00000, 0x0000000088f00000| Untracked 
| 144|0x0000000089000000, 0x0000000089094020, 0x0000000089100000| 57%| S|CS|TAMS 0x0000000089000000, 0x0000000089000000| Complete 
| 145|0x0000000089100000, 0x0000000089200000, 0x0000000089200000|100%| S|CS|TAMS 0x0000000089100000, 0x0000000089100000| Complete 
| 146|0x0000000089200000, 0x0000000089300000, 0x0000000089300000|100%| S|CS|TAMS 0x0000000089200000, 0x0000000089200000| Complete 
| 147|0x0000000089300000, 0x0000000089300000, 0x0000000089400000|  0%| F|  |TAMS 0x0000000089300000, 0x0000000089300000| Untracked 
| 148|0x0000000089400000, 0x0000000089400000, 0x0000000089500000|  0%| F|  |TAMS 0x0000000089400000, 0x0000000089400000| Untracked 
| 149|0x0000000089500000, 0x0000000089500000, 0x0000000089600000|  0%| F|  |TAMS 0x0000000089500000, 0x0000000089500000| Untracked 
| 150|0x0000000089600000, 0x0000000089600000, 0x0000000089700000|  0%| F|  |TAMS 0x0000000089600000, 0x0000000089600000| Untracked 
| 151|0x0000000089700000, 0x0000000089700000, 0x0000000089800000|  0%| F|  |TAMS 0x0000000089700000, 0x0000000089700000| Untracked 

Card table byte_map: [0x000001f372390000,0x000001f372790000] _byte_map_base: 0x000001f371f90000

Marking Bits (Prev, Next): (CMBitMap*) 0x000001f36e4c9a28, (CMBitMap*) 0x000001f36e4c9a60
 Prev Bits: [0x000001f372b90000, 0x000001f374b90000)
 Next Bits: [0x000001f374b90000, 0x000001f376b90000)

Polling page: 0x000001f36c450000

Metaspace:

Usage:
  Non-class:     50.89 MB capacity,    50.04 MB ( 98%) used,   713.66 KB (  1%) free+waste,   154.81 KB ( <1%) overhead. 
      Class:      7.86 MB capacity,     7.31 MB ( 93%) used,   492.79 KB (  6%) free+waste,    73.50 KB ( <1%) overhead. 
       Both:     58.75 MB capacity,    57.35 MB ( 98%) used,     1.18 MB (  2%) free+waste,   228.31 KB ( <1%) overhead. 

Virtual space:
  Non-class space:       52.00 MB reserved,      50.95 MB ( 98%) committed 
      Class space:        1.00 GB reserved,       7.88 MB ( <1%) committed 
             Both:        1.05 GB reserved,      58.82 MB (  5%) committed 

Chunk freelists:
   Non-Class:  0 bytes
       Class:  13.00 KB
        Both:  13.00 KB

MaxMetaspaceSize: 17179869184.00 GB
CompressedClassSpaceSize: 1.00 GB
Initial GC threshold: 20.80 MB
Current GC threshold: 58.88 MB
CDS: off

CodeHeap 'non-profiled nmethods': size=120064Kb used=2647Kb max_used=2647Kb free=117416Kb
 bounds [0x000001f307ac0000, 0x000001f307d60000, 0x000001f30f000000]
CodeHeap 'profiled nmethods': size=120000Kb used=11575Kb max_used=11575Kb free=108424Kb
 bounds [0x000001f300590000, 0x000001f3010e0000, 0x000001f307ac0000]
CodeHeap 'non-nmethods': size=5696Kb used=2322Kb max_used=2353Kb free=3373Kb
 bounds [0x000001f300000000, 0x000001f300270000, 0x000001f300590000]
 total_blobs=6615 nmethods=5788 adapters=739
 compilation: enabled
              stopped_count=0, restarted_count=0
 full_count=0

Compilation events (20 events):
Event: 14.501 Thread 0x000001f3790a5000 nmethod 5825 0x000001f3010d8e90 code [0x000001f3010d9060, 0x000001f3010d93f8]
Event: 14.501 Thread 0x000001f3790a5000 5826       3       java.util.LinkedHashMap$LinkedEntryIterator::<init> (11 bytes)
Event: 14.501 Thread 0x000001f3790a5000 nmethod 5826 0x000001f3010d9510 code [0x000001f3010d96e0, 0x000001f3010d99f8]
Event: 14.501 Thread 0x000001f3790a5000 5824       1       com.sun.jmx.mbeanserver.MXBeanMapping::getOpenType (5 bytes)
Event: 14.501 Thread 0x000001f3790a5000 nmethod 5824 0x000001f307d55b10 code [0x000001f307d55cc0, 0x000001f307d55d78]
Event: 14.502 Thread 0x000001f3790a5000 5827       3       javax.management.StandardMBean::equal (23 bytes)
Event: 14.502 Thread 0x000001f3790a5000 nmethod 5827 0x000001f3010d9b10 code [0x000001f3010d9ce0, 0x000001f3010d9f48]
Event: 14.502 Thread 0x000001f3790a5000 5828       3       javax.management.ImmutableDescriptor::getFieldValue (87 bytes)
Event: 14.503 Thread 0x000001f3790a5000 nmethod 5828 0x000001f3010da010 code [0x000001f3010da2e0, 0x000001f3010daed8]
Event: 14.503 Thread 0x000001f3790a5000 5830   !   3       java.util.stream.ReferencePipeline$7$1::accept (127 bytes)
Event: 14.504 Thread 0x000001f3790a5000 nmethod 5830 0x000001f3010db390 code [0x000001f3010db620, 0x000001f3010dc3b8]
Event: 14.504 Thread 0x000001f3790a5000 5829       3       javax.management.ImmutableDescriptor::checkIllegalFieldName (19 bytes)
Event: 14.504 Thread 0x000001f3790a5000 nmethod 5829 0x000001f3010dc890 code [0x000001f3010dca80, 0x000001f3010dcda8]
Event: 14.504 Thread 0x000001f3790a5000 5832       3       java.util.TreeMap$KeyIterator::next (8 bytes)
Event: 14.504 Thread 0x000001f3790a5000 nmethod 5832 0x000001f3010dcf10 code [0x000001f3010dd0c0, 0x000001f3010dd1e8]
Event: 14.504 Thread 0x000001f3790a5000 5831       3       java.util.TreeMap::navigableKeySet (27 bytes)
Event: 14.504 Thread 0x000001f3790a5000 nmethod 5831 0x000001f3010dd290 code [0x000001f3010dd460, 0x000001f3010dd838]
Event: 14.505 Thread 0x000001f3790a5000 5833       3       java.util.TreeMap::<init> (20 bytes)
Event: 14.506 Thread 0x000001f3790a5000 nmethod 5833 0x000001f3010dd990 code [0x000001f3010ddb40, 0x000001f3010ddd58]
Event: 14.506 Thread 0x000001f3790a5000 5834       3       java.util.TreeMap::containsKey (14 bytes)

GC Heap History (20 events):
Event: 2.630 GC heap after
{Heap after GC invocations=3 (full 0):
 garbage-first heap   total 129024K, used 11733K [0x0000000080000000, 0x0000000100000000)
  region size 1024K, 4 young (4096K), 4 survivors (4096K)
 Metaspace       used 10901K, capacity 11133K, committed 11264K, reserved 1058816K
  class space    used 1130K, capacity 1207K, committed 1280K, reserved 1048576K
}
Event: 6.868 GC heap before
{Heap before GC invocations=3 (full 0):
 garbage-first heap   total 129024K, used 61909K [0x0000000080000000, 0x0000000100000000)
  region size 1024K, 53 young (54272K), 4 survivors (4096K)
 Metaspace       used 18832K, capacity 19167K, committed 19328K, reserved 1067008K
  class space    used 2263K, capacity 2375K, committed 2432K, reserved 1048576K
}
Event: 6.886 GC heap after
{Heap after GC invocations=4 (full 0):
 garbage-first heap   total 129024K, used 16574K [0x0000000080000000, 0x0000000100000000)
  region size 1024K, 7 young (7168K), 7 survivors (7168K)
 Metaspace       used 18832K, capacity 19167K, committed 19328K, reserved 1067008K
  class space    used 2263K, capacity 2375K, committed 2432K, reserved 1048576K
}
Event: 7.222 GC heap before
{Heap before GC invocations=4 (full 0):
 garbage-first heap   total 129024K, used 36030K [0x0000000080000000, 0x0000000100000000)
  region size 1024K, 27 young (27648K), 7 survivors (7168K)
 Metaspace       used 20761K, capacity 21134K, committed 21248K, reserved 1067008K
  class space    used 2549K, capacity 2711K, committed 2816K, reserved 1048576K
}
Event: 7.237 GC heap after
{Heap after GC invocations=5 (full 0):
 garbage-first heap   total 129024K, used 17700K [0x0000000080000000, 0x0000000100000000)
  region size 1024K, 1 young (1024K), 1 survivors (1024K)
 Metaspace       used 20761K, capacity 21134K, committed 21248K, reserved 1067008K
  class space    used 2549K, capacity 2711K, committed 2816K, reserved 1048576K
}
Event: 8.039 GC heap before
{Heap before GC invocations=6 (full 0):
 garbage-first heap   total 129024K, used 66852K [0x0000000080000000, 0x0000000100000000)
  region size 1024K, 49 young (50176K), 1 survivors (1024K)
 Metaspace       used 25744K, capacity 26287K, committed 26368K, reserved 1073152K
  class space    used 3327K, capacity 3519K, committed 3584K, reserved 1048576K
}
Event: 8.045 GC heap after
{Heap after GC invocations=7 (full 0):
 garbage-first heap   total 155648K, used 19306K [0x0000000080000000, 0x0000000100000000)
  region size 1024K, 3 young (3072K), 3 survivors (3072K)
 Metaspace       used 25744K, capacity 26287K, committed 26368K, reserved 1073152K
  class space    used 3327K, capacity 3519K, committed 3584K, reserved 1048576K
}
Event: 9.047 GC heap before
{Heap before GC invocations=7 (full 0):
 garbage-first heap   total 155648K, used 78698K [0x0000000080000000, 0x0000000100000000)
  region size 1024K, 61 young (62464K), 3 survivors (3072K)
 Metaspace       used 32059K, capacity 32842K, committed 33024K, reserved 1077248K
  class space    used 4279K, capacity 4562K, committed 4608K, reserved 1048576K
}
Event: 9.055 GC heap after
{Heap after GC invocations=8 (full 0):
 garbage-first heap   total 155648K, used 21515K [0x0000000080000000, 0x0000000100000000)
  region size 1024K, 5 young (5120K), 5 survivors (5120K)
 Metaspace       used 32059K, capacity 32842K, committed 33024K, reserved 1077248K
  class space    used 4279K, capacity 4562K, committed 4608K, reserved 1048576K
}
Event: 9.285 GC heap before
{Heap before GC invocations=8 (full 0):
 garbage-first heap   total 155648K, used 26635K [0x0000000080000000, 0x0000000100000000)
  region size 1024K, 11 young (11264K), 5 survivors (5120K)
 Metaspace       used 34956K, capacity 35782K, committed 35840K, reserved 1081344K
  class space    used 4532K, capacity 4839K, committed 4864K, reserved 1048576K
}
Event: 9.298 GC heap after
{Heap after GC invocations=9 (full 0):
 garbage-first heap   total 155648K, used 22858K [0x0000000080000000, 0x0000000100000000)
  region size 1024K, 6 young (6144K), 6 survivors (6144K)
 Metaspace       used 34956K, capacity 35782K, committed 35840K, reserved 1081344K
  class space    used 4532K, capacity 4839K, committed 4864K, reserved 1048576K
}
Event: 10.235 GC heap before
{Heap before GC invocations=10 (full 0):
 garbage-first heap   total 155648K, used 87370K [0x0000000080000000, 0x0000000100000000)
  region size 1024K, 67 young (68608K), 6 survivors (6144K)
 Metaspace       used 39856K, capacity 40774K, committed 41036K, reserved 1085440K
  class space    used 5099K, capacity 5433K, committed 5504K, reserved 1048576K
}
Event: 10.250 GC heap after
{Heap after GC invocations=11 (full 0):
 garbage-first heap   total 155648K, used 28094K [0x0000000080000000, 0x0000000100000000)
  region size 1024K, 9 young (9216K), 9 survivors (9216K)
 Metaspace       used 39856K, capacity 40774K, committed 41036K, reserved 1085440K
  class space    used 5099K, capacity 5433K, committed 5504K, reserved 1048576K
}
Event: 11.132 GC heap before
{Heap before GC invocations=11 (full 0):
 garbage-first heap   total 155648K, used 92606K [0x0000000080000000, 0x0000000100000000)
  region size 1024K, 72 young (73728K), 9 survivors (9216K)
 Metaspace       used 45604K, capacity 46659K, committed 46796K, reserved 1089536K
  class space    used 5865K, capacity 6278K, committed 6400K, reserved 1048576K
}
Event: 11.157 GC heap after
{Heap after GC invocations=12 (full 0):
 garbage-first heap   total 155648K, used 30155K [0x0000000080000000, 0x0000000100000000)
  region size 1024K, 3 young (3072K), 3 survivors (3072K)
 Metaspace       used 45604K, capacity 46659K, committed 46796K, reserved 1089536K
  class space    used 5865K, capacity 6278K, committed 6400K, reserved 1048576K
}
Event: 13.116 GC heap before
{Heap before GC invocations=12 (full 0):
 garbage-first heap   total 155648K, used 109003K [0x0000000080000000, 0x0000000100000000)
  region size 1024K, 76 young (77824K), 3 survivors (3072K)
 Metaspace       used 49159K, capacity 50400K, committed 50508K, reserved 1093632K
  class space    used 6292K, capacity 6762K, committed 6784K, reserved 1048576K
}
Event: 13.129 GC heap after
{Heap after GC invocations=13 (full 0):
 garbage-first heap   total 155648K, used 44953K [0x0000000080000000, 0x0000000100000000)
  region size 1024K, 10 young (10240K), 10 survivors (10240K)
 Metaspace       used 49159K, capacity 50400K, committed 50508K, reserved 1093632K
  class space    used 6292K, capacity 6762K, committed 6784K, reserved 1048576K
}
Event: 14.382 GC heap before
{Heap before GC invocations=13 (full 0):
 garbage-first heap   total 155648K, used 106393K [0x0000000080000000, 0x0000000100000000)
  region size 1024K, 70 young (71680K), 10 survivors (10240K)
 Metaspace       used 57636K, capacity 59044K, committed 59340K, reserved 1101824K
  class space    used 7341K, capacity 7890K, committed 7936K, reserved 1048576K
}
Event: 14.397 GC heap after
{Heap after GC invocations=14 (full 0):
 garbage-first heap   total 155648K, used 47463K [0x0000000080000000, 0x0000000100000000)
  region size 1024K, 3 young (3072K), 3 survivors (3072K)
 Metaspace       used 57636K, capacity 59044K, committed 59340K, reserved 1101824K
  class space    used 7341K, capacity 7890K, committed 7936K, reserved 1048576K
}
Event: 14.507 GC heap before
{Heap before GC invocations=14 (full 0):
 garbage-first heap   total 155648K, used 51559K [0x0000000080000000, 0x0000000100000000)
  region size 1024K, 8 young (8192K), 3 survivors (3072K)
 Metaspace       used 58728K, capacity 60163K, committed 60236K, reserved 1101824K
  class space    used 7484K, capacity 8051K, committed 8064K, reserved 1048576K
}

Deoptimization events (20 events):
Event: 13.368 Thread 0x000001f37bb3b800 Uncommon trap: trap_request=0xffffff45 fr.pc=0x000001f307c0016c relative=0x000000000000020c
Event: 13.368 Thread 0x000001f37bb3b800 Uncommon trap: reason=unstable_fused_if action=reinterpret pc=0x000001f307c0016c method=org.objectweb.asm.ByteVector.putUTF8(Ljava/lang/String;)Lorg/objectweb/asm/ByteVector; @ 93 c2
Event: 13.368 Thread 0x000001f37bb3b800 DEOPT PACKING pc=0x000001f307c0016c sp=0x0000007d8c8f8250
Event: 13.368 Thread 0x000001f37bb3b800 DEOPT UNPACKING pc=0x000001f30004a1af sp=0x0000007d8c8f81d0 mode 2
Event: 13.574 Thread 0x000001f37bb3b800 Uncommon trap: trap_request=0xffffff4d fr.pc=0x000001f307ce2874 relative=0x0000000000000694
Event: 13.575 Thread 0x000001f37bb3b800 Uncommon trap: reason=unstable_if action=reinterpret pc=0x000001f307ce2874 method=java.io.BufferedInputStream.read1([BII)I @ 22 c2
Event: 13.575 Thread 0x000001f37bb3b800 DEOPT PACKING pc=0x000001f307ce2874 sp=0x0000007d8c8f7cd0
Event: 13.575 Thread 0x000001f37bb3b800 DEOPT UNPACKING pc=0x000001f30004a1af sp=0x0000007d8c8f7bf8 mode 2
Event: 13.575 Thread 0x000001f37bb3b800 Uncommon trap: trap_request=0xffffff4d fr.pc=0x000001f307c6fea4 relative=0x0000000000000164
Event: 13.575 Thread 0x000001f37bb3b800 Uncommon trap: reason=unstable_if action=reinterpret pc=0x000001f307c6fea4 method=java.io.BufferedInputStream.read1([BII)I @ 22 c2
Event: 13.575 Thread 0x000001f37bb3b800 DEOPT PACKING pc=0x000001f307c6fea4 sp=0x0000007d8c8f7c30
Event: 13.575 Thread 0x000001f37bb3b800 DEOPT UNPACKING pc=0x000001f30004a1af sp=0x0000007d8c8f7be8 mode 2
Event: 14.265 Thread 0x000001f37bb3b800 Uncommon trap: trap_request=0xfffffff4 fr.pc=0x000001f307d25c54 relative=0x00000000000002f4
Event: 14.265 Thread 0x000001f37bb3b800 Uncommon trap: reason=null_check action=make_not_entrant pc=0x000001f307d25c54 method=java.lang.ThreadLocal$ThreadLocalMap.getEntryAfterMiss(Ljava/lang/ThreadLocal;ILjava/lang/ThreadLocal$ThreadLocalMap$Entry;)Ljava/lang/ThreadLocal$ThreadLocalMap$Entry; 
Event: 14.265 Thread 0x000001f37bb3b800 DEOPT PACKING pc=0x000001f307d25c54 sp=0x0000007d8c8f69a0
Event: 14.265 Thread 0x000001f37bb3b800 DEOPT UNPACKING pc=0x000001f30004a1af sp=0x0000007d8c8f6858 mode 2
Event: 14.398 Thread 0x000001f379b56800 Uncommon trap: trap_request=0xffffffde fr.pc=0x000001f307d17a6c relative=0x000000000000052c
Event: 14.398 Thread 0x000001f379b56800 Uncommon trap: reason=class_check action=maybe_recompile pc=0x000001f307d17a6c method=jdk.internal.ref.PhantomCleanable.clean()V @ 12 c2
Event: 14.398 Thread 0x000001f379b56800 DEOPT PACKING pc=0x000001f307d17a6c sp=0x0000007d8befec80
Event: 14.398 Thread 0x000001f379b56800 DEOPT UNPACKING pc=0x000001f30004a1af sp=0x0000007d8befec60 mode 2

Classes redefined (0 events):
No events

Internal exceptions (20 events):
Event: 13.065 Thread 0x000001f37c1d4800 Exception <a 'java/lang/NoSuchMethodError'{0x0000000084d155e0}: <clinit>> (0x0000000084d155e0) thrown at [./src/hotspot/share/prims/jni.cpp, line 1365]
Event: 13.065 Thread 0x000001f37c1d4800 Exception <a 'java/lang/NoSuchMethodError'{0x0000000084d166f0}: <clinit>> (0x0000000084d166f0) thrown at [./src/hotspot/share/prims/jni.cpp, line 1365]
Event: 13.065 Thread 0x000001f37c1d4800 Exception <a 'java/lang/NoSuchMethodError'{0x0000000084d179f8}: <clinit>> (0x0000000084d179f8) thrown at [./src/hotspot/share/prims/jni.cpp, line 1365]
Event: 13.065 Thread 0x000001f37c1d4800 Exception <a 'java/lang/NoSuchMethodError'{0x0000000084d18a18}: <clinit>> (0x0000000084d18a18) thrown at [./src/hotspot/share/prims/jni.cpp, line 1365]
Event: 13.067 Thread 0x000001f37c1d4800 Exception <a 'java/lang/NoSuchMethodError'{0x0000000084d2ad68}: <clinit>> (0x0000000084d2ad68) thrown at [./src/hotspot/share/prims/jni.cpp, line 1365]
Event: 13.068 Thread 0x000001f37c1d4800 Exception <a 'java/lang/NoSuchMethodError'{0x0000000084d35308}: <clinit>> (0x0000000084d35308) thrown at [./src/hotspot/share/prims/jni.cpp, line 1365]
Event: 13.071 Thread 0x000001f37c1d4800 Exception <a 'java/lang/NoSuchMethodError'{0x0000000084d48d28}: <clinit>> (0x0000000084d48d28) thrown at [./src/hotspot/share/prims/jni.cpp, line 1365]
Event: 13.086 Thread 0x000001f37bb3b800 Exception <a 'java/lang/ClassNotFoundException'{0x0000000084df1c30}: build_7w2lm9u8nyvsvyleklqx5xxvwBeanInfo> (0x0000000084df1c30) thrown at [./src/hotspot/share/classfile/systemDictionary.cpp, line 231]
Event: 13.087 Thread 0x000001f37bb3b800 Exception <a 'java/lang/ClassNotFoundException'{0x0000000084dfcbe8}: build_7w2lm9u8nyvsvyleklqx5xxvwCustomizer> (0x0000000084dfcbe8) thrown at [./src/hotspot/share/classfile/systemDictionary.cpp, line 231]
Event: 13.135 Thread 0x000001f37bb3b800 Exception <a 'java/lang/ClassNotFoundException'{0x0000000089790ed8}: org/gradle/api/internal/plugins/DefaultObjectConfigurationActionBeanInfo> (0x0000000089790ed8) thrown at [./src/hotspot/share/classfile/systemDictionary.cpp, line 231]
Event: 13.136 Thread 0x000001f37bb3b800 Exception <a 'java/lang/ClassNotFoundException'{0x00000000897c60a0}: org/gradle/api/internal/plugins/DefaultObjectConfigurationActionCustomizer> (0x00000000897c60a0) thrown at [./src/hotspot/share/classfile/systemDictionary.cpp, line 231]
Event: 13.326 Thread 0x000001f37bb3b800 Exception <a 'java/lang/NoSuchMethodError'{0x0000000088c30b78}: 'java.lang.Object java.lang.invoke.DirectMethodHandle$Holder.invokeStatic(java.lang.Object, java.lang.Object, java.lang.Object, java.lang.Object, int)'> (0x0000000088c30b78) thrown at [./src/hotspot/share/interpreter/linkResolver.cpp, line 773]
Event: 13.326 Thread 0x000001f37bb3b800 Exception <a 'java/lang/NoSuchMethodError'{0x0000000088c35570}: 'java.lang.Object java.lang.invoke.DirectMethodHandle$Holder.invokeSpecial(java.lang.Object, java.lang.Object, java.lang.Object, java.lang.Object, java.lang.Object, int)'> (0x0000000088c35570) thrown at [./src/hotspot/share/interpreter/linkResolver.cpp, line 773]
Event: 13.326 Thread 0x000001f37bb3b800 Exception <a 'java/lang/NoSuchMethodError'{0x0000000088c39bb0}: 'java.lang.Object java.lang.invoke.Invokers$Holder.linkToTargetMethod(java.lang.Object, java.lang.Object, java.lang.Object, int, java.lang.Object)'> (0x0000000088c39bb0) thrown at [./src/hotspot/share/interpreter/linkResolver.cpp, line 773]
Event: 13.610 Thread 0x000001f37bb3b800 Exception <a 'java/lang/NoSuchMethodError'{0x0000000087d740b8}: 'java.lang.Object java.lang.invoke.DirectMethodHandle$Holder.invokeSpecial(java.lang.Object, java.lang.Object, int, int, java.lang.Object, java.lang.Object, java.lang.Object)'> (0x0000000087d740b8) thrown at [./src/hotspot/share/interpreter/linkResolver.cpp, line 773]
Event: 13.610 Thread 0x000001f37bb3b800 Exception <a 'java/lang/NoSuchMethodError'{0x0000000087d78638}: 'java.lang.Object java.lang.invoke.DelegatingMethodHandle$Holder.reinvoke_L(java.lang.Object, int, int, java.lang.Object, java.lang.Object, java.lang.Object)'> (0x0000000087d78638) thrown at [./src/hotspot/share/interpreter/linkResolver.cpp, line 773]
Event: 13.882 Thread 0x000001f37bb3b800 Exception <a 'java/lang/NoSuchMethodError'{0x00000000871ef548}: 'int java.lang.invoke.DirectMethodHandle$Holder.invokeInterface(java.lang.Object, java.lang.Object, java.lang.Object, java.lang.Object)'> (0x00000000871ef548) thrown at [./src/hotspot/share/interpreter/linkResolver.cpp, line 773]
Event: 14.215 Thread 0x000001f37bb3b800 Exception <a 'java/lang/NoSuchMethodError'{0x00000000861eb5e0}: 'void java.lang.invoke.DirectMethodHandle$Holder.invokeInterface(java.lang.Object, java.lang.Object, java.lang.Object, java.lang.Object)'> (0x00000000861eb5e0) thrown at [./src/hotspot/share/interpreter/linkResolver.cpp, line 773]
Event: 14.265 Thread 0x000001f37bb3b800 Implicit null exception at 0x000001f307d25a2f to 0x000001f307d25c38
Event: 14.471 Thread 0x000001f37bb3b800 Exception <a 'java/lang/IncompatibleClassChangeError'{0x000000008947ed20}: Found class java.lang.Object, but interface was expected> (0x000000008947ed20) thrown at [./src/hotspot/share/interpreter/linkResolver.cpp, line 839]

Events (20 events):
Event: 14.499 loading class javax/management/StandardEmitterMBean
Event: 14.499 loading class javax/management/StandardEmitterMBean done
Event: 14.502 loading class sun/management/VMManagementImpl$1
Event: 14.502 loading class sun/management/VMManagementImpl$1 done
Event: 14.502 loading class sun/management/CompilationImpl
Event: 14.502 loading class java/lang/management/CompilationMXBean
Event: 14.502 loading class java/lang/management/CompilationMXBean done
Event: 14.502 loading class sun/management/CompilationImpl done
Event: 14.504 loading class sun/management/ManagementFactoryHelper$PlatformLoggingImpl
Event: 14.504 loading class java/lang/management/PlatformLoggingMXBean
Event: 14.504 loading class java/lang/management/PlatformLoggingMXBean done
Event: 14.504 loading class sun/management/ManagementFactoryHelper$PlatformLoggingImpl done
Event: 14.504 loading class java/util/logging/LoggingMXBean
Event: 14.504 loading class java/util/logging/LoggingMXBean done
Event: 14.505 loading class java/util/logging/Logging
Event: 14.505 loading class java/util/logging/Logging done
Event: 14.506 loading class javax/management/openmbean/OpenMBeanParameterInfoSupport
Event: 14.506 loading class javax/management/openmbean/OpenMBeanParameterInfoSupport done
Event: 14.506 loading class javax/management/openmbean/OpenMBeanOperationInfoSupport
Event: 14.507 Executing VM operation: CollectForMetadataAllocation


Dynamic libraries:
0x00007ff7fb590000 - 0x00007ff7fb59a000 	C:\Program Files\Android\Android Studio\jre\bin\java.exe
0x00007fff5b6d0000 - 0x00007fff5b8e9000 	C:\WINDOWS\SYSTEM32\ntdll.dll
0x00007fff5a4b0000 - 0x00007fff5a572000 	C:\WINDOWS\System32\KERNEL32.DLL
0x00007fff58c90000 - 0x00007fff5902f000 	C:\WINDOWS\System32\KERNELBASE.dll
0x00007fff59370000 - 0x00007fff59479000 	C:\WINDOWS\System32\ucrtbase.dll
0x00007fff47c70000 - 0x00007fff47c87000 	C:\Program Files\Android\Android Studio\jre\bin\VCRUNTIME140.dll
0x00007fff47c50000 - 0x00007fff47c69000 	C:\Program Files\Android\Android Studio\jre\bin\jli.dll
0x00007fff5ad80000 - 0x00007fff5af2c000 	C:\WINDOWS\System32\USER32.dll
0x00007fff45fe0000 - 0x00007fff4626e000 	C:\WINDOWS\WinSxS\amd64_microsoft.windows.common-controls_6595b64144ccf1df_6.0.25188.1000_none_79003e7f0fe4f35d\COMCTL32.dll
0x00007fff5ab00000 - 0x00007fff5aba7000 	C:\WINDOWS\System32\msvcrt.dll
0x00007fff59040000 - 0x00007fff59066000 	C:\WINDOWS\System32\win32u.dll
0x00007fff5b660000 - 0x00007fff5b689000 	C:\WINDOWS\System32\GDI32.dll
0x00007fff59070000 - 0x00007fff59182000 	C:\WINDOWS\System32\gdi32full.dll
0x00007fff58b70000 - 0x00007fff58c0a000 	C:\WINDOWS\System32\msvcp_win.dll
0x00007fff5b560000 - 0x00007fff5b591000 	C:\WINDOWS\System32\IMM32.DLL
0x00007fff14fe0000 - 0x00007fff1507d000 	C:\Program Files\Android\Android Studio\jre\bin\msvcp140.dll
0x00007fff28320000 - 0x00007fff28e05000 	C:\Program Files\Android\Android Studio\jre\bin\server\jvm.dll
0x00007fff59b90000 - 0x00007fff59c3f000 	C:\WINDOWS\System32\ADVAPI32.dll
0x00007fff5abb0000 - 0x00007fff5ac5a000 	C:\WINDOWS\System32\sechost.dll
0x00007fff59520000 - 0x00007fff59647000 	C:\WINDOWS\System32\RPCRT4.dll
0x00007fff5b550000 - 0x00007fff5b558000 	C:\WINDOWS\System32\PSAPI.DLL
0x00007fff52110000 - 0x00007fff52146000 	C:\WINDOWS\SYSTEM32\WINMM.dll
0x00007fff41910000 - 0x00007fff41919000 	C:\WINDOWS\SYSTEM32\WSOCK32.dll
0x00007fff59790000 - 0x00007fff597ff000 	C:\WINDOWS\System32\WS2_32.dll
0x00007fff52030000 - 0x00007fff5203a000 	C:\WINDOWS\SYSTEM32\VERSION.dll
0x00007fff57a20000 - 0x00007fff57a38000 	C:\WINDOWS\SYSTEM32\kernel.appcore.dll
0x00007fff51c10000 - 0x00007fff51c21000 	C:\Program Files\Android\Android Studio\jre\bin\verify.dll
0x00007fff564b0000 - 0x00007fff566e1000 	C:\WINDOWS\SYSTEM32\DBGHELP.DLL
0x00007fff5afa0000 - 0x00007fff5b329000 	C:\WINDOWS\System32\combase.dll
0x00007fff59910000 - 0x00007fff599e7000 	C:\WINDOWS\System32\OLEAUT32.dll
0x00007fff41690000 - 0x00007fff416c2000 	C:\WINDOWS\SYSTEM32\dbgcore.DLL
0x00007fff58c10000 - 0x00007fff58c8b000 	C:\WINDOWS\System32\bcryptPrimitives.dll
0x00007fff49760000 - 0x00007fff49789000 	C:\Program Files\Android\Android Studio\jre\bin\java.dll
0x00007fff51c00000 - 0x00007fff51c0b000 	C:\Program Files\Android\Android Studio\jre\bin\jimage.dll
0x00007fff49820000 - 0x00007fff49838000 	C:\Program Files\Android\Android Studio\jre\bin\zip.dll
0x00007fff59cc0000 - 0x00007fff5a4a3000 	C:\WINDOWS\System32\SHELL32.dll
0x00007fff569c0000 - 0x00007fff57287000 	C:\WINDOWS\SYSTEM32\windows.storage.dll
0x00007fff56830000 - 0x00007fff569ba000 	C:\WINDOWS\SYSTEM32\wintypes.dll
0x00007fff59820000 - 0x00007fff5990c000 	C:\WINDOWS\System32\SHCORE.dll
0x00007fff5ac60000 - 0x00007fff5acbe000 	C:\WINDOWS\System32\shlwapi.dll
0x00007fff589e0000 - 0x00007fff58a03000 	C:\WINDOWS\SYSTEM32\profapi.dll
0x00007fff495f0000 - 0x00007fff4960a000 	C:\Program Files\Android\Android Studio\jre\bin\net.dll
0x00007fff4f8c0000 - 0x00007fff4f9eb000 	C:\WINDOWS\SYSTEM32\WINHTTP.dll
0x00007fff57eb0000 - 0x00007fff57f19000 	C:\WINDOWS\system32\mswsock.dll
0x00007fff495d0000 - 0x00007fff495e4000 	C:\Program Files\Android\Android Studio\jre\bin\nio.dll
0x00007fff49050000 - 0x00007fff49077000 	C:\Users\DELL\.gradle\native\e1d6ef7f7dcc3fd88c89a11ec53ec762bb8ba0a96d01ffa2cd45eb1d1d8dd5c5\windows-amd64\native-platform.dll
0x00007fff13c50000 - 0x00007fff13d94000 	C:\Users\DELL\.gradle\native\5664cfc778a61ccfe75a443a1ab52a65af34e5dc3c78e0209fed803814484fcb\windows-amd64\native-platform-file-events.dll
0x00007fff51bf0000 - 0x00007fff51bfa000 	C:\Program Files\Android\Android Studio\jre\bin\management.dll
0x00007fff51ba0000 - 0x00007fff51bad000 	C:\Program Files\Android\Android Studio\jre\bin\management_ext.dll
0x00007fff581d0000 - 0x00007fff581eb000 	C:\WINDOWS\SYSTEM32\CRYPTSP.dll
0x00007fff57980000 - 0x00007fff579b4000 	C:\WINDOWS\system32\rsaenh.dll
0x00007fff57f70000 - 0x00007fff57f98000 	C:\WINDOWS\SYSTEM32\USERENV.dll
0x00007fff58340000 - 0x00007fff58368000 	C:\WINDOWS\SYSTEM32\bcrypt.dll
0x00007fff581b0000 - 0x00007fff581bc000 	C:\WINDOWS\SYSTEM32\CRYPTBASE.dll
0x00007fff57530000 - 0x00007fff5755d000 	C:\WINDOWS\SYSTEM32\IPHLPAPI.DLL
0x00007fff5b330000 - 0x00007fff5b339000 	C:\WINDOWS\System32\NSI.dll
0x00007fff4fa20000 - 0x00007fff4fa39000 	C:\WINDOWS\SYSTEM32\dhcpcsvc6.DLL
0x00007fff4f800000 - 0x00007fff4f81f000 	C:\WINDOWS\SYSTEM32\dhcpcsvc.DLL
0x00007fff57560000 - 0x00007fff5765e000 	C:\WINDOWS\SYSTEM32\DNSAPI.dll

dbghelp: loaded successfully - version: 4.0.5 - missing functions: none
symbol engine: initialized successfully - sym options: 0x614 - pdb path: .;C:\Program Files\Android\Android Studio\jre\bin;C:\WINDOWS\SYSTEM32;C:\WINDOWS\WinSxS\amd64_microsoft.windows.common-controls_6595b64144ccf1df_6.0.25188.1000_none_79003e7f0fe4f35d;C:\Program Files\Android\Android Studio\jre\bin\server;C:\Users\DELL\.gradle\native\e1d6ef7f7dcc3fd88c89a11ec53ec762bb8ba0a96d01ffa2cd45eb1d1d8dd5c5\windows-amd64;C:\Users\DELL\.gradle\native\5664cfc778a61ccfe75a443a1ab52a65af34e5dc3c78e0209fed803814484fcb\windows-amd64

VM Arguments:
jvm_args: --add-opens=java.base/java.util=ALL-UNNAMED --add-opens=java.base/java.lang=ALL-UNNAMED --add-opens=java.base/java.lang.invoke=ALL-UNNAMED --add-opens=java.base/java.util=ALL-UNNAMED --add-opens=java.prefs/java.util.prefs=ALL-UNNAMED --add-opens=java.prefs/java.util.prefs=ALL-UNNAMED --add-opens=java.base/java.nio.charset=ALL-UNNAMED --add-opens=java.base/java.net=ALL-UNNAMED --add-opens=java.base/java.util.concurrent.atomic=ALL-UNNAMED -Xmx2048m -Dfile.encoding=UTF-8 -Duser.country=US -Duser.language=en -Duser.variant 
java_command: org.gradle.launcher.daemon.bootstrap.GradleDaemon 7.3.3
java_class_path (initial): C:\Users\DELL\.gradle\wrapper\dists\gradle-7.3.3-bin\6a41zxkdtcxs8rphpq6y0069z\gradle-7.3.3\lib\gradle-launcher-7.3.3.jar
Launcher Type: SUN_STANDARD

[Global flags]
     intx CICompilerCount                          = 3                                         {product} {ergonomic}
     uint ConcGCThreads                            = 1                                         {product} {ergonomic}
     uint G1ConcRefinementThreads                  = 4                                         {product} {ergonomic}
   size_t G1HeapRegionSize                         = 1048576                                   {product} {ergonomic}
    uintx GCDrainStackTargetSize                   = 64                                        {product} {ergonomic}
   size_t InitialHeapSize                          = 132120576                                 {product} {ergonomic}
   size_t MarkStackSize                            = 4194304                                   {product} {ergonomic}
   size_t MaxHeapSize                              = 2147483648                                {product} {command line}
   size_t MaxNewSize                               = 1287651328                                {product} {ergonomic}
   size_t MinHeapDeltaBytes                        = 1048576                                   {product} {ergonomic}
    uintx NonNMethodCodeHeapSize                   = 5830732                                {pd product} {ergonomic}
    uintx NonProfiledCodeHeapSize                  = 122913754                              {pd product} {ergonomic}
    uintx ProfiledCodeHeapSize                     = 122913754                              {pd product} {ergonomic}
    uintx ReservedCodeCacheSize                    = 251658240                              {pd product} {ergonomic}
     bool SegmentedCodeCache                       = true                                      {product} {ergonomic}
     bool UseCompressedClassPointers               = true                                 {lp64_product} {ergonomic}
     bool UseCompressedOops                        = true                                 {lp64_product} {ergonomic}
     bool UseG1GC                                  = true                                      {product} {ergonomic}
     bool UseLargePagesIndividualAllocation        = false                                  {pd product} {ergonomic}

Logging:
Log output configuration:
 #0: stdout all=warning uptime,level,tags
 #1: stderr all=off uptime,level,tags

Environment Variables:
PATH=C:\Program Files\Common Files\Oracle\Java\javapath;C:\Program Files (x86)\Common Files\Oracle\Java\javapath;C:\WINDOWS\system32;C:\WINDOWS;C:\WINDOWS\System32\Wbem;C:\WINDOWS\System32\WindowsPowerShell\v1.0\;C:\WINDOWS\System32\OpenSSH\;C:\Program Files\Git\cmd;C:\Program Files\nodejs\;C:\Program Files\Java\jdk-18.0.2.1\bin;C:\Users\DELL\AppData\Local\Microsoft\WindowsApps;;C:\Users\DELL\AppData\Local\Programs\Microsoft VS Code\bin;C:\Program Files\JetBrains\PyCharm 2021.3\bin;
USERNAME=DELL
OS=Windows_NT
PROCESSOR_IDENTIFIER=Intel64 Family 6 Model 142 Stepping 9, GenuineIntel



---------------  S Y S T E M  ---------------

OS: Windows 10 , 64 bit Build 25188 (10.0.25188.1000)
OS uptime: 0 days 9:15 hours
Hyper-V role detected

CPU:total 4 (initial active 4) (2 cores per cpu, 2 threads per core) family 6 model 142 stepping 9 microcode 0xde, cmov, cx8, fxsr, mmx, sse, sse2, sse3, ssse3, sse4.1, sse4.2, popcnt, avx, avx2, aes, clmul, erms, 3dnowpref, lzcnt, ht, tsc, tscinvbit, bmi1, bmi2, adx, fma

Memory: 4k page, system-wide physical 8061M (260M free)
TotalPageFile size 9959M (AvailPageFile size 5M)
current process WorkingSet (physical memory assigned to process): 316M, peak: 316M
current process commit charge ("private bytes"): 364M, peak: 394M

vm_info: OpenJDK 64-Bit Server VM (11.0.12+7-b1504.28-7817840) for windows-amd64 JRE (11.0.12+7-b1504.28-7817840), built on Oct 13 2021 22:12:33 by "builder" with MS VC++ 14.0 (VS2015)

END.
