#
# There is insufficient memory for the Java Runtime Environment to continue.
# Native memory allocation (malloc) failed to allocate 705296 bytes for Chunk::new
# Possible reasons:
#   The system is out of physical RAM or swap space
#   The process is running with CompressedOops enabled, and the Java Heap may be blocking the growth of the native heap
# Possible solutions:
#   Reduce memory load on the system
#   Increase physical memory or swap space
#   Check if swap backing store is full
#   Decrease Java heap size (-Xmx/-Xms)
#   Decrease number of Java threads
#   Decrease Java thread stack sizes (-Xss)
#   Set larger code cache with -XX:ReservedCodeCacheSize=
#   JVM is running with Unscaled Compressed Oops mode in which the Java heap is
#     placed in the first 4GB address space. The Java Heap base address is the
#     maximum limit for the native heap growth. Please use -XX:HeapBaseMinAddress
#     to set the Java Heap base and to place the Java Heap above 4GB virtual address.
# This output file may be truncated or incomplete.
#
#  Out of Memory Error (./src/hotspot/share/memory/arena.cpp:197), pid=11404, tid=10488
#
# JRE version: OpenJDK Runtime Environment (11.0.12+7) (build 11.0.12+7-b1504.28-7817840)
# Java VM: OpenJDK 64-Bit Server VM (11.0.12+7-b1504.28-7817840, mixed mode, tiered, compressed oops, g1 gc, windows-amd64)
# No core dump will be written. Minidumps are not enabled by default on client versions of Windows
#

---------------  S U M M A R Y ------------

Command Line: --add-opens=java.base/java.util=ALL-UNNAMED --add-opens=java.base/java.lang=ALL-UNNAMED --add-opens=java.base/java.lang.invoke=ALL-UNNAMED --add-opens=java.base/java.util=ALL-UNNAMED --add-opens=java.prefs/java.util.prefs=ALL-UNNAMED --add-opens=java.prefs/java.util.prefs=ALL-UNNAMED --add-opens=java.base/java.nio.charset=ALL-UNNAMED --add-opens=java.base/java.net=ALL-UNNAMED --add-opens=java.base/java.util.concurrent.atomic=ALL-UNNAMED -Xmx2048m -Dfile.encoding=UTF-8 -Duser.country=US -Duser.language=en -Duser.variant org.gradle.launcher.daemon.bootstrap.GradleDaemon 7.3.3

Host: Intel(R) Core(TM) i7-7500U CPU @ 2.70GHz, 4 cores, 7G,  Windows 10 , 64 bit Build 25188 (10.0.25188.1000)
Time: Wed Aug 31 13:57:51 2022 Pakistan Standard Time elapsed time: 10.697497 seconds (0d 0h 0m 10s)

---------------  T H R E A D  ---------------

Current thread (0x000001a6b20af000):  JavaThread "C2 CompilerThread0" daemon [_thread_in_native, id=10488, stack(0x0000002277200000,0x0000002277300000)]


Current CompileTask:
C2:  10697 5545       4       org.gradle.internal.service.DefaultServiceRegistry$OwnServices::getService (309 bytes)

Stack: [0x0000002277200000,0x0000002277300000]
Native frames: (J=compiled Java code, j=interpreted, Vv=VM code, C=native code)
V  [jvm.dll+0x5fbcea]
V  [jvm.dll+0x731905]
V  [jvm.dll+0x732f1d]
V  [jvm.dll+0x7335d3]
V  [jvm.dll+0x247bf8]
V  [jvm.dll+0xc018c]
V  [jvm.dll+0xc06cc]
V  [jvm.dll+0x35b2db]
V  [jvm.dll+0x328803]
V  [jvm.dll+0x327cfa]
V  [jvm.dll+0x200602]
V  [jvm.dll+0x1ff794]
V  [jvm.dll+0x18868c]
V  [jvm.dll+0x20e0d7]
V  [jvm.dll+0x20c901]
V  [jvm.dll+0x6f9b7f]
V  [jvm.dll+0x6f26a5]
V  [jvm.dll+0x5fabf6]
C  [ucrtbase.dll+0x6a0e1]
C  [KERNEL32.DLL+0x1458d]
C  [ntdll.dll+0x67558]


---------------  P R O C E S S  ---------------

Threads class SMR info:
_java_thread_list=0x000001a6b61f0f60, length=78, elements={
0x000001a698499000, 0x000001a6b2090000, 0x000001a6b2091000, 0x000001a6b2a12800,
0x000001a6b20aa000, 0x000001a6b20ad000, 0x000001a6b20af000, 0x000001a6b20ba800,
0x000001a6b20bf000, 0x000001a6b2b57800, 0x000001a6b377d800, 0x000001a6b4ec0000,
0x000001a6b5c7e000, 0x000001a6b52f5800, 0x000001a6b521c800, 0x000001a6b2ce9000,
0x000001a6b5769000, 0x000001a6b4cf1000, 0x000001a6b4bb9000, 0x000001a6b4d91800,
0x000001a6b4d8d800, 0x000001a6b4d90800, 0x000001a6b4d90000, 0x000001a6b4d8f000,
0x000001a6b4d92800, 0x000001a6b4d8c800, 0x000001a6b4d8e000, 0x000001a6b4d93000,
0x000001a6b5202800, 0x000001a6b5206800, 0x000001a6b324f800, 0x000001a6b5203000,
0x000001a6b5204000, 0x000001a6b5205000, 0x000001a6b5208000, 0x000001a6b5209000,
0x000001a6b5205800, 0x000001a6b520e000, 0x000001a6b520c000, 0x000001a6b520e800,
0x000001a6b520f800, 0x000001a6b520b800, 0x000001a6b520d000, 0x000001a6b5209800,
0x000001a6b5210000, 0x000001a6b520a800, 0x000001a6b971d800, 0x000001a6b971c000,
0x000001a6b971b000, 0x000001a6b971f800, 0x000001a6b971d000, 0x000001a6b971a800,
0x000001a6b9720000, 0x000001a6b9724000, 0x000001a6b9723800, 0x000001a6b971e800,
0x000001a6b9726000, 0x000001a6b9725000, 0x000001a6b9722800, 0x000001a6b9722000,
0x000001a6b9726800, 0x000001a6b9721000, 0x000001a6b9727800, 0x000001a6b9728800,
0x000001a6b9729000, 0x000001a6b7bab800, 0x000001a6b7baf800, 0x000001a6b7bac000,
0x000001a6b7bb2800, 0x000001a6b7bad000, 0x000001a6b7bb0000, 0x000001a6b7bb3800,
0x000001a6b7bb2000, 0x000001a6b7bad800, 0x000001a6b7bb4000, 0x000001a6b7bb1000,
0x000001a6b7bae800, 0x000001a6b7bb9000
}

Java Threads: ( => current thread )
  0x000001a698499000 JavaThread "main" [_thread_blocked, id=3000, stack(0x0000002276600000,0x0000002276700000)]
  0x000001a6b2090000 JavaThread "Reference Handler" daemon [_thread_blocked, id=6520, stack(0x0000002276d00000,0x0000002276e00000)]
  0x000001a6b2091000 JavaThread "Finalizer" daemon [_thread_blocked, id=12360, stack(0x0000002276e00000,0x0000002276f00000)]
  0x000001a6b2a12800 JavaThread "Signal Dispatcher" daemon [_thread_blocked, id=9864, stack(0x0000002276f00000,0x0000002277000000)]
  0x000001a6b20aa000 JavaThread "Attach Listener" daemon [_thread_blocked, id=10928, stack(0x0000002277000000,0x0000002277100000)]
  0x000001a6b20ad000 JavaThread "Service Thread" daemon [_thread_blocked, id=8280, stack(0x0000002277100000,0x0000002277200000)]
=>0x000001a6b20af000 JavaThread "C2 CompilerThread0" daemon [_thread_in_native, id=10488, stack(0x0000002277200000,0x0000002277300000)]
  0x000001a6b20ba800 JavaThread "C1 CompilerThread0" daemon [_thread_blocked, id=1892, stack(0x0000002277300000,0x0000002277400000)]
  0x000001a6b20bf000 JavaThread "Sweeper thread" daemon [_thread_blocked, id=11728, stack(0x0000002277400000,0x0000002277500000)]
  0x000001a6b2b57800 JavaThread "Common-Cleaner" daemon [_thread_blocked, id=9024, stack(0x0000002277500000,0x0000002277600000)]
  0x000001a6b377d800 JavaThread "Daemon health stats" [_thread_blocked, id=7468, stack(0x0000002277a00000,0x0000002277b00000)]
  0x000001a6b4ec0000 JavaThread "Incoming local TCP Connector on port 51574" [_thread_in_native, id=12688, stack(0x0000002277700000,0x0000002277800000)]
  0x000001a6b5c7e000 JavaThread "Daemon periodic checks" [_thread_blocked, id=8772, stack(0x0000002277b00000,0x0000002277c00000)]
  0x000001a6b52f5800 JavaThread "Daemon" [_thread_blocked, id=12676, stack(0x0000002277c00000,0x0000002277d00000)]
  0x000001a6b521c800 JavaThread "Handler for socket connection from /127.0.0.1:51574 to /127.0.0.1:51575" [_thread_in_native, id=7412, stack(0x0000002277d00000,0x0000002277e00000)]
  0x000001a6b2ce9000 JavaThread "Cancel handler" [_thread_blocked, id=6596, stack(0x0000002277e00000,0x0000002277f00000)]
  0x000001a6b5769000 JavaThread "Daemon worker" [_thread_blocked, id=8176, stack(0x0000002277f00000,0x0000002278000000)]
  0x000001a6b4cf1000 JavaThread "Asynchronous log dispatcher for DefaultDaemonConnection: socket connection from /127.0.0.1:51574 to /127.0.0.1:51575" [_thread_blocked, id=8776, stack(0x0000002278000000,0x0000002278100000)]
  0x000001a6b4bb9000 JavaThread "Stdin handler" [_thread_blocked, id=8612, stack(0x0000002278100000,0x0000002278200000)]
  0x000001a6b4d91800 JavaThread "Daemon client event forwarder" [_thread_blocked, id=12248, stack(0x0000002278300000,0x0000002278400000)]
  0x000001a6b4d8d800 JavaThread "Cache worker for journal cache (C:\Users\DELL\.gradle\caches\journal-1)" [_thread_blocked, id=8832, stack(0x0000002278500000,0x0000002278600000)]
  0x000001a6b4d90800 JavaThread "File lock request listener" [_thread_in_native, id=6252, stack(0x0000002278600000,0x0000002278700000)]
  0x000001a6b4d90000 JavaThread "Cache worker for file hash cache (C:\Users\DELL\.gradle\caches\7.3.3\fileHashes)" [_thread_blocked, id=12548, stack(0x0000002278700000,0x0000002278800000)]
  0x000001a6b4d8f000 JavaThread "Cache worker for file hash cache (C:\Users\DELL\AndroidStudioProjects\Assign_2_BSCS_19011519006\.gradle\7.3.3\fileHashes)" [_thread_blocked, id=8204, stack(0x0000002278800000,0x0000002278900000)]
  0x000001a6b4d92800 JavaThread "File watcher server" daemon [_thread_in_native, id=5316, stack(0x0000002278900000,0x0000002278a00000)]
  0x000001a6b4d8c800 JavaThread "File watcher consumer" daemon [_thread_blocked, id=1036, stack(0x0000002278a00000,0x0000002278b00000)]
  0x000001a6b4d8e000 JavaThread "Cache worker for checksums cache (C:\Users\DELL\AndroidStudioProjects\Assign_2_BSCS_19011519006\.gradle\7.3.3\checksums)" [_thread_blocked, id=11044, stack(0x0000002278200000,0x0000002278300000)]
  0x000001a6b4d93000 JavaThread "Cache worker for cache directory md-supplier (C:\Users\DELL\.gradle\caches\7.3.3\md-supplier)" [_thread_blocked, id=6128, stack(0x0000002278b00000,0x0000002278c00000)]
  0x000001a6b5202800 JavaThread "Cache worker for cache directory md-rule (C:\Users\DELL\.gradle\caches\7.3.3\md-rule)" [_thread_blocked, id=9440, stack(0x0000002278c00000,0x0000002278d00000)]
  0x000001a6b5206800 JavaThread "Cache worker for execution history cache (C:\Users\DELL\.gradle\caches\7.3.3\executionHistory)" [_thread_blocked, id=3464, stack(0x0000002278d00000,0x0000002278e00000)]
  0x000001a6b324f800 JavaThread "C2 CompilerThread1" daemon [_thread_in_native, id=12164, stack(0x0000002278e00000,0x0000002278f00000)]
  0x000001a6b5203000 JavaThread "jar transforms" [_thread_blocked, id=8796, stack(0x0000002278f00000,0x0000002279000000)]
  0x000001a6b5204000 JavaThread "Cache worker for file content cache (C:\Users\DELL\.gradle\caches\7.3.3\fileContent)" [_thread_blocked, id=12416, stack(0x0000002279000000,0x0000002279100000)]
  0x000001a6b5205000 JavaThread "jar transforms Thread 2" [_thread_blocked, id=13068, stack(0x0000002279100000,0x0000002279200000)]
  0x000001a6b5208000 JavaThread "Cache worker for dependencies-accessors (C:\Users\DELL\AndroidStudioProjects\Assign_2_BSCS_19011519006\.gradle\7.3.3\dependencies-accessors)" [_thread_blocked, id=2156, stack(0x0000002279200000,0x0000002279300000)]
  0x000001a6b5209000 JavaThread "jar transforms Thread 3" [_thread_blocked, id=6796, stack(0x0000002279300000,0x0000002279400000)]
  0x000001a6b5205800 JavaThread "Cache worker for Build Output Cleanup Cache (C:\Users\DELL\AndroidStudioProjects\Assign_2_BSCS_19011519006\.gradle\buildOutputCleanup)" [_thread_blocked, id=10512, stack(0x0000002279400000,0x0000002279500000)]
  0x000001a6b520e000 JavaThread "Unconstrained build operations" [_thread_blocked, id=8576, stack(0x0000002279500000,0x0000002279600000)]
  0x000001a6b520c000 JavaThread "Unconstrained build operations Thread 2" [_thread_blocked, id=7788, stack(0x0000002279600000,0x0000002279700000)]
  0x000001a6b520e800 JavaThread "Unconstrained build operations Thread 3" [_thread_blocked, id=7320, stack(0x0000002279700000,0x0000002279800000)]
  0x000001a6b520f800 JavaThread "Unconstrained build operations Thread 4" [_thread_blocked, id=3616, stack(0x0000002279800000,0x0000002279900000)]
  0x000001a6b520b800 JavaThread "Unconstrained build operations Thread 5" [_thread_blocked, id=4144, stack(0x0000002279900000,0x0000002279a00000)]
  0x000001a6b520d000 JavaThread "Unconstrained build operations Thread 6" [_thread_blocked, id=13212, stack(0x0000002279a00000,0x0000002279b00000)]
  0x000001a6b5209800 JavaThread "Unconstrained build operations Thread 7" [_thread_blocked, id=1272, stack(0x0000002279b00000,0x0000002279c00000)]
  0x000001a6b5210000 JavaThread "Unconstrained build operations Thread 8" [_thread_blocked, id=9452, stack(0x0000002279c00000,0x0000002279d00000)]
  0x000001a6b520a800 JavaThread "Unconstrained build operations Thread 9" [_thread_blocked, id=12656, stack(0x0000002279d00000,0x0000002279e00000)]
  0x000001a6b971d800 JavaThread "Unconstrained build operations Thread 10" [_thread_blocked, id=12920, stack(0x0000002279e00000,0x0000002279f00000)]
  0x000001a6b971c000 JavaThread "Unconstrained build operations Thread 11" [_thread_blocked, id=11832, stack(0x0000002279f00000,0x000000227a000000)]
  0x000001a6b971b000 JavaThread "Unconstrained build operations Thread 12" [_thread_blocked, id=1864, stack(0x000000227a000000,0x000000227a100000)]
  0x000001a6b971f800 JavaThread "Unconstrained build operations Thread 13" [_thread_blocked, id=9348, stack(0x000000227a100000,0x000000227a200000)]
  0x000001a6b971d000 JavaThread "Unconstrained build operations Thread 14" [_thread_blocked, id=4820, stack(0x000000227a200000,0x000000227a300000)]
  0x000001a6b971a800 JavaThread "Unconstrained build operations Thread 15" [_thread_blocked, id=7472, stack(0x000000227a300000,0x000000227a400000)]
  0x000001a6b9720000 JavaThread "Unconstrained build operations Thread 16" [_thread_blocked, id=11948, stack(0x000000227a400000,0x000000227a500000)]
  0x000001a6b9724000 JavaThread "Unconstrained build operations Thread 17" [_thread_blocked, id=10516, stack(0x000000227a500000,0x000000227a600000)]
  0x000001a6b9723800 JavaThread "Unconstrained build operations Thread 18" [_thread_blocked, id=6180, stack(0x000000227a600000,0x000000227a700000)]
  0x000001a6b971e800 JavaThread "Unconstrained build operations Thread 19" [_thread_blocked, id=7572, stack(0x000000227a700000,0x000000227a800000)]
  0x000001a6b9726000 JavaThread "Unconstrained build operations Thread 20" [_thread_blocked, id=1952, stack(0x000000227a800000,0x000000227a900000)]
  0x000001a6b9725000 JavaThread "Unconstrained build operations Thread 21" [_thread_blocked, id=1136, stack(0x000000227a900000,0x000000227aa00000)]
  0x000001a6b9722800 JavaThread "Unconstrained build operations Thread 22" [_thread_blocked, id=3176, stack(0x000000227aa00000,0x000000227ab00000)]
  0x000001a6b9722000 JavaThread "Unconstrained build operations Thread 23" [_thread_blocked, id=10504, stack(0x000000227ab00000,0x000000227ac00000)]
  0x000001a6b9726800 JavaThread "Unconstrained build operations Thread 24" [_thread_blocked, id=9248, stack(0x000000227ac00000,0x000000227ad00000)]
  0x000001a6b9721000 JavaThread "Unconstrained build operations Thread 25" [_thread_blocked, id=9336, stack(0x000000227ad00000,0x000000227ae00000)]
  0x000001a6b9727800 JavaThread "Unconstrained build operations Thread 26" [_thread_blocked, id=1412, stack(0x000000227ae00000,0x000000227af00000)]
  0x000001a6b9728800 JavaThread "Unconstrained build operations Thread 27" [_thread_blocked, id=12068, stack(0x000000227af00000,0x000000227b000000)]
  0x000001a6b9729000 JavaThread "Unconstrained build operations Thread 28" [_thread_blocked, id=2668, stack(0x000000227b000000,0x000000227b100000)]
  0x000001a6b7bab800 JavaThread "Unconstrained build operations Thread 29" [_thread_blocked, id=12780, stack(0x000000227b100000,0x000000227b200000)]
  0x000001a6b7baf800 JavaThread "Unconstrained build operations Thread 30" [_thread_blocked, id=9084, stack(0x000000227b200000,0x000000227b300000)]
  0x000001a6b7bac000 JavaThread "Unconstrained build operations Thread 31" [_thread_blocked, id=10608, stack(0x000000227b300000,0x000000227b400000)]
  0x000001a6b7bb2800 JavaThread "Unconstrained build operations Thread 32" [_thread_blocked, id=1688, stack(0x000000227b400000,0x000000227b500000)]
  0x000001a6b7bad000 JavaThread "Unconstrained build operations Thread 33" [_thread_blocked, id=2224, stack(0x000000227b500000,0x000000227b600000)]
  0x000001a6b7bb0000 JavaThread "Unconstrained build operations Thread 34" [_thread_blocked, id=3392, stack(0x000000227b600000,0x000000227b700000)]
  0x000001a6b7bb3800 JavaThread "Unconstrained build operations Thread 35" [_thread_blocked, id=11320, stack(0x000000227b700000,0x000000227b800000)]
  0x000001a6b7bb2000 JavaThread "Unconstrained build operations Thread 36" [_thread_blocked, id=4908, stack(0x000000227b800000,0x000000227b900000)]
  0x000001a6b7bad800 JavaThread "Unconstrained build operations Thread 37" [_thread_blocked, id=10584, stack(0x000000227b900000,0x000000227ba00000)]
  0x000001a6b7bb4000 JavaThread "Unconstrained build operations Thread 38" [_thread_blocked, id=12428, stack(0x000000227ba00000,0x000000227bb00000)]
  0x000001a6b7bb1000 JavaThread "Unconstrained build operations Thread 39" [_thread_blocked, id=3972, stack(0x000000227bb00000,0x000000227bc00000)]
  0x000001a6b7bae800 JavaThread "Unconstrained build operations Thread 40" [_thread_blocked, id=1804, stack(0x000000227bc00000,0x000000227bd00000)]
  0x000001a6b7bb9000 JavaThread "jar transforms Thread 4" [_thread_blocked, id=1620, stack(0x000000227bd00000,0x000000227be00000)]

Other Threads:
  0x000001a6b208c800 VMThread "VM Thread" [stack: 0x0000002276c00000,0x0000002276d00000] [id=13184]
  0x000001a6b2b7e000 WatcherThread [stack: 0x0000002277600000,0x0000002277700000] [id=7932]
  0x000001a6984b3000 GCTaskThread "GC Thread#0" [stack: 0x0000002276700000,0x0000002276800000] [id=10684]
  0x000001a6b389b800 GCTaskThread "GC Thread#1" [stack: 0x0000002277800000,0x0000002277900000] [id=3112]
  0x000001a6b2ffa000 GCTaskThread "GC Thread#2" [stack: 0x0000002277900000,0x0000002277a00000] [id=12296]
  0x000001a6b4d98800 GCTaskThread "GC Thread#3" [stack: 0x0000002278400000,0x0000002278500000] [id=4276]
  0x000001a6984e4000 ConcurrentGCThread "G1 Main Marker" [stack: 0x0000002276800000,0x0000002276900000] [id=5260]
  0x000001a6984e6800 ConcurrentGCThread "G1 Conc#0" [stack: 0x0000002276900000,0x0000002276a00000] [id=3560]
  0x000001a6b1ee0800 ConcurrentGCThread "G1 Refine#0" [stack: 0x0000002276a00000,0x0000002276b00000] [id=12256]
  0x000001a6b1ee1800 ConcurrentGCThread "G1 Young RemSet Sampling" [stack: 0x0000002276b00000,0x0000002276c00000] [id=5868]

Threads with active compile tasks:
C2 CompilerThread0  10737 5545       4       org.gradle.internal.service.DefaultServiceRegistry$OwnServices::getService (309 bytes)
C2 CompilerThread1  10737 5551       4       org.objectweb.asm.SymbolTable::addConstantMemberReference (147 bytes)

VM state:at safepoint (normal execution)

VM Mutex/Monitor currently owned by a thread:  ([mutex/lock_event])
[0x000001a698495100] Threads_lock - owner thread: 0x000001a6b208c800
[0x000001a6984968a0] Heap_lock - owner thread: 0x000001a6b5769000

Heap address: 0x0000000080000000, size: 2048 MB, Compressed Oops mode: 32-bit
Narrow klass base: 0x0000000000000000, Narrow klass shift: 3
Compressed class space size: 1073741824 Address: 0x0000000100000000

Heap:
 garbage-first heap   total 187392K, used 56423K [0x0000000080000000, 0x0000000100000000)
  region size 1024K, 13 young (13312K), 1 survivors (1024K)
 Metaspace       used 54462K, capacity 55784K, committed 55884K, reserved 1103872K
  class space    used 6973K, capacity 7489K, committed 7552K, reserved 1048576K
Heap Regions: E=young(eden), S=young(survivor), O=old, HS=humongous(starts), HC=humongous(continues), CS=collection set, F=free, A=archive, TAMS=top-at-mark-start (previous, next)
|   0|0x0000000080000000, 0x0000000080100000, 0x0000000080100000|100%| O|  |TAMS 0x0000000080100000, 0x0000000080100000| Untracked 
|   1|0x0000000080100000, 0x0000000080200000, 0x0000000080200000|100%| O|  |TAMS 0x0000000080200000, 0x0000000080200000| Untracked 
|   2|0x0000000080200000, 0x0000000080300000, 0x0000000080300000|100%| O|  |TAMS 0x0000000080300000, 0x0000000080300000| Untracked 
|   3|0x0000000080300000, 0x0000000080400000, 0x0000000080400000|100%|HS|  |TAMS 0x0000000080400000, 0x0000000080400000| Complete 
|   4|0x0000000080400000, 0x0000000080500000, 0x0000000080500000|100%|HC|  |TAMS 0x0000000080500000, 0x0000000080500000| Complete 
|   5|0x0000000080500000, 0x0000000080600000, 0x0000000080600000|100%|HC|  |TAMS 0x0000000080600000, 0x0000000080600000| Complete 
|   6|0x0000000080600000, 0x0000000080700000, 0x0000000080700000|100%| O|  |TAMS 0x0000000080700000, 0x0000000080700000| Untracked 
|   7|0x0000000080700000, 0x0000000080800000, 0x0000000080800000|100%| O|  |TAMS 0x0000000080800000, 0x0000000080800000| Untracked 
|   8|0x0000000080800000, 0x0000000080900000, 0x0000000080900000|100%| O|  |TAMS 0x0000000080900000, 0x0000000080900000| Untracked 
|   9|0x0000000080900000, 0x0000000080a00000, 0x0000000080a00000|100%| O|  |TAMS 0x0000000080a00000, 0x0000000080a00000| Untracked 
|  10|0x0000000080a00000, 0x0000000080b00000, 0x0000000080b00000|100%| O|  |TAMS 0x0000000080b00000, 0x0000000080b00000| Untracked 
|  11|0x0000000080b00000, 0x0000000080c00000, 0x0000000080c00000|100%| O|  |TAMS 0x0000000080c00000, 0x0000000080c00000| Untracked 
|  12|0x0000000080c00000, 0x0000000080d00000, 0x0000000080d00000|100%| O|  |TAMS 0x0000000080d00000, 0x0000000080d00000| Untracked 
|  13|0x0000000080d00000, 0x0000000080e00000, 0x0000000080e00000|100%| O|  |TAMS 0x0000000080e00000, 0x0000000080e00000| Untracked 
|  14|0x0000000080e00000, 0x0000000080f00000, 0x0000000080f00000|100%| O|  |TAMS 0x0000000080f00000, 0x0000000080f00000| Untracked 
|  15|0x0000000080f00000, 0x0000000081000000, 0x0000000081000000|100%| O|  |TAMS 0x0000000080fb3200, 0x0000000081000000| Untracked 
|  16|0x0000000081000000, 0x0000000081100000, 0x0000000081100000|100%|HS|  |TAMS 0x0000000081000000, 0x0000000081100000| Complete 
|  17|0x0000000081100000, 0x0000000081200000, 0x0000000081200000|100%| O|  |TAMS 0x0000000081100000, 0x0000000081200000| Untracked 
|  18|0x0000000081200000, 0x0000000081300000, 0x0000000081300000|100%| O|  |TAMS 0x0000000081200000, 0x0000000081300000| Untracked 
|  19|0x0000000081300000, 0x0000000081400000, 0x0000000081400000|100%| O|  |TAMS 0x0000000081300000, 0x0000000081400000| Untracked 
|  20|0x0000000081400000, 0x0000000081500000, 0x0000000081500000|100%| O|  |TAMS 0x0000000081400000, 0x0000000081500000| Untracked 
|  21|0x0000000081500000, 0x0000000081600000, 0x0000000081600000|100%| O|  |TAMS 0x0000000081500000, 0x0000000081600000| Untracked 
|  22|0x0000000081600000, 0x0000000081700000, 0x0000000081700000|100%| O|  |TAMS 0x0000000081600000, 0x0000000081700000| Untracked 
|  23|0x0000000081700000, 0x0000000081800000, 0x0000000081800000|100%|HS|  |TAMS 0x0000000081700000, 0x0000000081800000| Complete 
|  24|0x0000000081800000, 0x0000000081900000, 0x0000000081900000|100%|HS|  |TAMS 0x0000000081800000, 0x0000000081900000| Complete 
|  25|0x0000000081900000, 0x0000000081a00000, 0x0000000081a00000|100%|HC|  |TAMS 0x0000000081900000, 0x0000000081a00000| Complete 
|  26|0x0000000081a00000, 0x0000000081b00000, 0x0000000081b00000|100%| O|  |TAMS 0x0000000081a00000, 0x0000000081b00000| Untracked 
|  27|0x0000000081b00000, 0x0000000081c00000, 0x0000000081c00000|100%| O|  |TAMS 0x0000000081b00000, 0x0000000081c00000| Untracked 
|  28|0x0000000081c00000, 0x0000000081d00000, 0x0000000081d00000|100%| O|  |TAMS 0x0000000081c00000, 0x0000000081d00000| Untracked 
|  29|0x0000000081d00000, 0x0000000081e00000, 0x0000000081e00000|100%| O|  |TAMS 0x0000000081d00000, 0x0000000081e00000| Untracked 
|  30|0x0000000081e00000, 0x0000000081f00000, 0x0000000081f00000|100%| O|  |TAMS 0x0000000081e00000, 0x0000000081f00000| Untracked 
|  31|0x0000000081f00000, 0x0000000082000000, 0x0000000082000000|100%| O|  |TAMS 0x0000000081f00000, 0x0000000082000000| Untracked 
|  32|0x0000000082000000, 0x0000000082100000, 0x0000000082100000|100%| O|  |TAMS 0x0000000082000000, 0x0000000082100000| Untracked 
|  33|0x0000000082100000, 0x0000000082200000, 0x0000000082200000|100%| O|  |TAMS 0x0000000082100000, 0x0000000082200000| Untracked 
|  34|0x0000000082200000, 0x0000000082300000, 0x0000000082300000|100%| O|  |TAMS 0x0000000082200000, 0x0000000082300000| Untracked 
|  35|0x0000000082300000, 0x0000000082400000, 0x0000000082400000|100%| O|  |TAMS 0x0000000082300000, 0x0000000082400000| Untracked 
|  36|0x0000000082400000, 0x0000000082500000, 0x0000000082500000|100%| O|  |TAMS 0x0000000082400000, 0x0000000082500000| Untracked 
|  37|0x0000000082500000, 0x0000000082600000, 0x0000000082600000|100%| O|  |TAMS 0x0000000082500000, 0x0000000082600000| Untracked 
|  38|0x0000000082600000, 0x0000000082664860, 0x0000000082700000| 39%| O|  |TAMS 0x0000000082600000, 0x0000000082700000| Untracked 
|  39|0x0000000082700000, 0x0000000082700000, 0x0000000082800000|  0%| F|  |TAMS 0x0000000082700000, 0x0000000082700000| Untracked 
|  40|0x0000000082800000, 0x0000000082800000, 0x0000000082900000|  0%| F|  |TAMS 0x0000000082800000, 0x0000000082800000| Untracked 
|  41|0x0000000082900000, 0x0000000082900000, 0x0000000082a00000|  0%| F|  |TAMS 0x0000000082900000, 0x0000000082900000| Untracked 
|  42|0x0000000082a00000, 0x0000000082a00000, 0x0000000082b00000|  0%| F|  |TAMS 0x0000000082a00000, 0x0000000082a00000| Untracked 
|  43|0x0000000082b00000, 0x0000000082b00000, 0x0000000082c00000|  0%| F|  |TAMS 0x0000000082b00000, 0x0000000082b00000| Untracked 
|  44|0x0000000082c00000, 0x0000000082c00000, 0x0000000082d00000|  0%| F|  |TAMS 0x0000000082c00000, 0x0000000082c00000| Untracked 
|  45|0x0000000082d00000, 0x0000000082d00000, 0x0000000082e00000|  0%| F|  |TAMS 0x0000000082d00000, 0x0000000082d00000| Untracked 
|  46|0x0000000082e00000, 0x0000000082e00000, 0x0000000082f00000|  0%| F|  |TAMS 0x0000000082e00000, 0x0000000082e00000| Untracked 
|  47|0x0000000082f00000, 0x0000000082f00000, 0x0000000083000000|  0%| F|  |TAMS 0x0000000082f00000, 0x0000000082f00000| Untracked 
|  48|0x0000000083000000, 0x0000000083000000, 0x0000000083100000|  0%| F|  |TAMS 0x0000000083000000, 0x0000000083000000| Untracked 
|  49|0x0000000083100000, 0x0000000083100000, 0x0000000083200000|  0%| F|  |TAMS 0x0000000083100000, 0x0000000083100000| Untracked 
|  50|0x0000000083200000, 0x0000000083200000, 0x0000000083300000|  0%| F|  |TAMS 0x0000000083200000, 0x0000000083200000| Untracked 
|  51|0x0000000083300000, 0x0000000083300000, 0x0000000083400000|  0%| F|  |TAMS 0x0000000083300000, 0x0000000083300000| Untracked 
|  52|0x0000000083400000, 0x0000000083400000, 0x0000000083500000|  0%| F|  |TAMS 0x0000000083400000, 0x0000000083400000| Untracked 
|  53|0x0000000083500000, 0x0000000083500000, 0x0000000083600000|  0%| F|  |TAMS 0x0000000083500000, 0x0000000083500000| Untracked 
|  54|0x0000000083600000, 0x0000000083600000, 0x0000000083700000|  0%| F|  |TAMS 0x0000000083600000, 0x0000000083600000| Untracked 
|  55|0x0000000083700000, 0x0000000083800000, 0x0000000083800000|100%| E|CS|TAMS 0x0000000083700000, 0x0000000083800000| Complete 
|  56|0x0000000083800000, 0x0000000083900000, 0x0000000083900000|100%| E|CS|TAMS 0x0000000083800000, 0x0000000083900000| Complete 
|  57|0x0000000083900000, 0x0000000083a00000, 0x0000000083a00000|100%| E|CS|TAMS 0x0000000083900000, 0x0000000083a00000| Complete 
|  58|0x0000000083a00000, 0x0000000083b00000, 0x0000000083b00000|100%| E|CS|TAMS 0x0000000083a00000, 0x0000000083b00000| Complete 
|  59|0x0000000083b00000, 0x0000000083c00000, 0x0000000083c00000|100%| E|CS|TAMS 0x0000000083b00000, 0x0000000083c00000| Complete 
|  60|0x0000000083c00000, 0x0000000083c00000, 0x0000000083d00000|  0%| F|  |TAMS 0x0000000083c00000, 0x0000000083c00000| Untracked 
|  61|0x0000000083d00000, 0x0000000083d00000, 0x0000000083e00000|  0%| F|  |TAMS 0x0000000083d00000, 0x0000000083d00000| Untracked 
|  62|0x0000000083e00000, 0x0000000083e00000, 0x0000000083f00000|  0%| F|  |TAMS 0x0000000083e00000, 0x0000000083e00000| Untracked 
|  63|0x0000000083f00000, 0x0000000083f00000, 0x0000000084000000|  0%| F|  |TAMS 0x0000000083f00000, 0x0000000083f00000| Untracked 
|  64|0x0000000084000000, 0x0000000084000000, 0x0000000084100000|  0%| F|  |TAMS 0x0000000084000000, 0x0000000084000000| Untracked 
|  65|0x0000000084100000, 0x0000000084100000, 0x0000000084200000|  0%| F|  |TAMS 0x0000000084100000, 0x0000000084100000| Untracked 
|  66|0x0000000084200000, 0x0000000084300000, 0x0000000084300000|100%| E|CS|TAMS 0x0000000084200000, 0x0000000084300000| Complete 
|  67|0x0000000084300000, 0x0000000084400000, 0x0000000084400000|100%| E|CS|TAMS 0x0000000084300000, 0x0000000084400000| Complete 
|  68|0x0000000084400000, 0x0000000084500000, 0x0000000084500000|100%| E|CS|TAMS 0x0000000084400000, 0x0000000084500000| Complete 
|  69|0x0000000084500000, 0x0000000084600000, 0x0000000084600000|100%| E|CS|TAMS 0x0000000084500000, 0x0000000084600000| Complete 
|  70|0x0000000084600000, 0x0000000084700000, 0x0000000084700000|100%| E|CS|TAMS 0x0000000084600000, 0x0000000084700000| Complete 
|  71|0x0000000084700000, 0x0000000084800000, 0x0000000084800000|100%| E|CS|TAMS 0x0000000084700000, 0x0000000084800000| Complete 
|  72|0x0000000084800000, 0x0000000084800000, 0x0000000084900000|  0%| F|  |TAMS 0x0000000084800000, 0x0000000084800000| Untracked 
|  73|0x0000000084900000, 0x0000000084900000, 0x0000000084a00000|  0%| F|  |TAMS 0x0000000084900000, 0x0000000084900000| Untracked 
|  74|0x0000000084a00000, 0x0000000084a00000, 0x0000000084b00000|  0%| F|  |TAMS 0x0000000084a00000, 0x0000000084a00000| Untracked 
|  75|0x0000000084b00000, 0x0000000084b00000, 0x0000000084c00000|  0%| F|  |TAMS 0x0000000084b00000, 0x0000000084b00000| Untracked 
|  76|0x0000000084c00000, 0x0000000084c00000, 0x0000000084d00000|  0%| F|  |TAMS 0x0000000084c00000, 0x0000000084c00000| Untracked 
|  77|0x0000000084d00000, 0x0000000084d00000, 0x0000000084e00000|  0%| F|  |TAMS 0x0000000084d00000, 0x0000000084d00000| Untracked 
|  78|0x0000000084e00000, 0x0000000084e00000, 0x0000000084f00000|  0%| F|  |TAMS 0x0000000084e00000, 0x0000000084e00000| Untracked 
|  79|0x0000000084f00000, 0x0000000084f00000, 0x0000000085000000|  0%| F|  |TAMS 0x0000000084f00000, 0x0000000084f00000| Untracked 
|  80|0x0000000085000000, 0x0000000085000000, 0x0000000085100000|  0%| F|  |TAMS 0x0000000085000000, 0x0000000085000000| Untracked 
|  81|0x0000000085100000, 0x0000000085100000, 0x0000000085200000|  0%| F|  |TAMS 0x0000000085100000, 0x0000000085100000| Untracked 
|  82|0x0000000085200000, 0x0000000085200000, 0x0000000085300000|  0%| F|  |TAMS 0x0000000085200000, 0x0000000085200000| Untracked 
|  83|0x0000000085300000, 0x0000000085300000, 0x0000000085400000|  0%| F|  |TAMS 0x0000000085300000, 0x0000000085300000| Untracked 
|  84|0x0000000085400000, 0x0000000085400000, 0x0000000085500000|  0%| F|  |TAMS 0x0000000085400000, 0x0000000085400000| Untracked 
|  85|0x0000000085500000, 0x0000000085500000, 0x0000000085600000|  0%| F|  |TAMS 0x0000000085500000, 0x0000000085500000| Untracked 
|  86|0x0000000085600000, 0x0000000085600000, 0x0000000085700000|  0%| F|  |TAMS 0x0000000085600000, 0x0000000085600000| Untracked 
|  87|0x0000000085700000, 0x0000000085700000, 0x0000000085800000|  0%| F|  |TAMS 0x0000000085700000, 0x0000000085700000| Untracked 
|  88|0x0000000085800000, 0x0000000085800000, 0x0000000085900000|  0%| F|  |TAMS 0x0000000085800000, 0x0000000085800000| Untracked 
|  89|0x0000000085900000, 0x0000000085900000, 0x0000000085a00000|  0%| F|  |TAMS 0x0000000085900000, 0x0000000085900000| Untracked 
|  90|0x0000000085a00000, 0x0000000085a00000, 0x0000000085b00000|  0%| F|  |TAMS 0x0000000085a00000, 0x0000000085a00000| Untracked 
|  91|0x0000000085b00000, 0x0000000085b00000, 0x0000000085c00000|  0%| F|  |TAMS 0x0000000085b00000, 0x0000000085b00000| Untracked 
|  92|0x0000000085c00000, 0x0000000085c00000, 0x0000000085d00000|  0%| F|  |TAMS 0x0000000085c00000, 0x0000000085c00000| Untracked 
|  93|0x0000000085d00000, 0x0000000085d00000, 0x0000000085e00000|  0%| F|  |TAMS 0x0000000085d00000, 0x0000000085d00000| Untracked 
|  94|0x0000000085e00000, 0x0000000085e00000, 0x0000000085f00000|  0%| F|  |TAMS 0x0000000085e00000, 0x0000000085e00000| Untracked 
|  95|0x0000000085f00000, 0x0000000085f00000, 0x0000000086000000|  0%| F|  |TAMS 0x0000000085f00000, 0x0000000085f00000| Untracked 
|  96|0x0000000086000000, 0x0000000086000000, 0x0000000086100000|  0%| F|  |TAMS 0x0000000086000000, 0x0000000086000000| Untracked 
|  97|0x0000000086100000, 0x0000000086100000, 0x0000000086200000|  0%| F|  |TAMS 0x0000000086100000, 0x0000000086100000| Untracked 
|  98|0x0000000086200000, 0x0000000086200000, 0x0000000086300000|  0%| F|  |TAMS 0x0000000086200000, 0x0000000086200000| Untracked 
|  99|0x0000000086300000, 0x0000000086300000, 0x0000000086400000|  0%| F|  |TAMS 0x0000000086300000, 0x0000000086300000| Untracked 
| 100|0x0000000086400000, 0x0000000086400000, 0x0000000086500000|  0%| F|  |TAMS 0x0000000086400000, 0x0000000086400000| Untracked 
| 101|0x0000000086500000, 0x0000000086500000, 0x0000000086600000|  0%| F|  |TAMS 0x0000000086500000, 0x0000000086500000| Untracked 
| 102|0x0000000086600000, 0x0000000086600000, 0x0000000086700000|  0%| F|  |TAMS 0x0000000086600000, 0x0000000086600000| Untracked 
| 103|0x0000000086700000, 0x0000000086700000, 0x0000000086800000|  0%| F|  |TAMS 0x0000000086700000, 0x0000000086700000| Untracked 
| 104|0x0000000086800000, 0x0000000086800000, 0x0000000086900000|  0%| F|  |TAMS 0x0000000086800000, 0x0000000086800000| Untracked 
| 105|0x0000000086900000, 0x0000000086900000, 0x0000000086a00000|  0%| F|  |TAMS 0x0000000086900000, 0x0000000086900000| Untracked 
| 106|0x0000000086a00000, 0x0000000086a00000, 0x0000000086b00000|  0%| F|  |TAMS 0x0000000086a00000, 0x0000000086a00000| Untracked 
| 107|0x0000000086b00000, 0x0000000086b00000, 0x0000000086c00000|  0%| F|  |TAMS 0x0000000086b00000, 0x0000000086b00000| Untracked 
| 108|0x0000000086c00000, 0x0000000086c00000, 0x0000000086d00000|  0%| F|  |TAMS 0x0000000086c00000, 0x0000000086c00000| Untracked 
| 109|0x0000000086d00000, 0x0000000086d00000, 0x0000000086e00000|  0%| F|  |TAMS 0x0000000086d00000, 0x0000000086d00000| Untracked 
| 110|0x0000000086e00000, 0x0000000086e00000, 0x0000000086f00000|  0%| F|  |TAMS 0x0000000086e00000, 0x0000000086e00000| Untracked 
| 111|0x0000000086f00000, 0x0000000086f00000, 0x0000000087000000|  0%| F|  |TAMS 0x0000000086f00000, 0x0000000086f00000| Untracked 
| 112|0x0000000087000000, 0x0000000087000000, 0x0000000087100000|  0%| F|  |TAMS 0x0000000087000000, 0x0000000087000000| Untracked 
| 113|0x0000000087100000, 0x0000000087100000, 0x0000000087200000|  0%| F|  |TAMS 0x0000000087100000, 0x0000000087100000| Untracked 
| 114|0x0000000087200000, 0x0000000087200000, 0x0000000087300000|  0%| F|  |TAMS 0x0000000087200000, 0x0000000087200000| Untracked 
| 115|0x0000000087300000, 0x0000000087300000, 0x0000000087400000|  0%| F|  |TAMS 0x0000000087300000, 0x0000000087300000| Untracked 
| 116|0x0000000087400000, 0x0000000087400000, 0x0000000087500000|  0%| F|  |TAMS 0x0000000087400000, 0x0000000087400000| Untracked 
| 117|0x0000000087500000, 0x0000000087500000, 0x0000000087600000|  0%| F|  |TAMS 0x0000000087500000, 0x0000000087500000| Untracked 
| 118|0x0000000087600000, 0x0000000087600000, 0x0000000087700000|  0%| F|  |TAMS 0x0000000087600000, 0x0000000087600000| Untracked 
| 119|0x0000000087700000, 0x0000000087700000, 0x0000000087800000|  0%| F|  |TAMS 0x0000000087700000, 0x0000000087700000| Untracked 
| 120|0x0000000087800000, 0x0000000087800000, 0x0000000087900000|  0%| F|  |TAMS 0x0000000087800000, 0x0000000087800000| Untracked 
| 121|0x0000000087900000, 0x0000000087900000, 0x0000000087a00000|  0%| F|  |TAMS 0x0000000087900000, 0x0000000087900000| Untracked 
| 122|0x0000000087a00000, 0x0000000087a00000, 0x0000000087b00000|  0%| F|  |TAMS 0x0000000087a00000, 0x0000000087a00000| Untracked 
| 123|0x0000000087b00000, 0x0000000087b00000, 0x0000000087c00000|  0%| F|  |TAMS 0x0000000087b00000, 0x0000000087b00000| Untracked 
| 124|0x0000000087c00000, 0x0000000087c00000, 0x0000000087d00000|  0%| F|  |TAMS 0x0000000087c00000, 0x0000000087c00000| Untracked 
| 125|0x0000000087d00000, 0x0000000087d00000, 0x0000000087e00000|  0%| F|  |TAMS 0x0000000087d00000, 0x0000000087d00000| Untracked 
| 126|0x0000000087e00000, 0x0000000087e00000, 0x0000000087f00000|  0%| F|  |TAMS 0x0000000087e00000, 0x0000000087e00000| Untracked 
| 127|0x0000000087f00000, 0x0000000087f00000, 0x0000000088000000|  0%| F|  |TAMS 0x0000000087f00000, 0x0000000087f00000| Untracked 
| 128|0x0000000088000000, 0x0000000088000000, 0x0000000088100000|  0%| F|  |TAMS 0x0000000088000000, 0x0000000088000000| Untracked 
| 129|0x0000000088100000, 0x0000000088100000, 0x0000000088200000|  0%| F|  |TAMS 0x0000000088100000, 0x0000000088100000| Untracked 
| 130|0x0000000088200000, 0x0000000088200000, 0x0000000088300000|  0%| F|  |TAMS 0x0000000088200000, 0x0000000088200000| Untracked 
| 131|0x0000000088300000, 0x0000000088300000, 0x0000000088400000|  0%| F|  |TAMS 0x0000000088300000, 0x0000000088300000| Untracked 
| 132|0x0000000088400000, 0x0000000088400000, 0x0000000088500000|  0%| F|  |TAMS 0x0000000088400000, 0x0000000088400000| Untracked 
| 133|0x0000000088500000, 0x0000000088500000, 0x0000000088600000|  0%| F|  |TAMS 0x0000000088500000, 0x0000000088500000| Untracked 
| 134|0x0000000088600000, 0x0000000088600000, 0x0000000088700000|  0%| F|  |TAMS 0x0000000088600000, 0x0000000088600000| Untracked 
| 135|0x0000000088700000, 0x0000000088700000, 0x0000000088800000|  0%| F|  |TAMS 0x0000000088700000, 0x0000000088700000| Untracked 
| 136|0x0000000088800000, 0x0000000088800000, 0x0000000088900000|  0%| F|  |TAMS 0x0000000088800000, 0x0000000088800000| Untracked 
| 137|0x0000000088900000, 0x0000000088900000, 0x0000000088a00000|  0%| F|  |TAMS 0x0000000088900000, 0x0000000088900000| Untracked 
| 138|0x0000000088a00000, 0x0000000088a00000, 0x0000000088b00000|  0%| F|  |TAMS 0x0000000088a00000, 0x0000000088a00000| Untracked 
| 139|0x0000000088b00000, 0x0000000088b00000, 0x0000000088c00000|  0%| F|  |TAMS 0x0000000088b00000, 0x0000000088b00000| Untracked 
| 140|0x0000000088c00000, 0x0000000088c00000, 0x0000000088d00000|  0%| F|  |TAMS 0x0000000088c00000, 0x0000000088c00000| Untracked 
| 141|0x0000000088d00000, 0x0000000088d00000, 0x0000000088e00000|  0%| F|  |TAMS 0x0000000088d00000, 0x0000000088d00000| Untracked 
| 142|0x0000000088e00000, 0x0000000088e00000, 0x0000000088f00000|  0%| F|  |TAMS 0x0000000088e00000, 0x0000000088e00000| Untracked 
| 143|0x0000000088f00000, 0x0000000088f00000, 0x0000000089000000|  0%| F|  |TAMS 0x0000000088f00000, 0x0000000088f00000| Untracked 
| 144|0x0000000089000000, 0x0000000089000000, 0x0000000089100000|  0%| F|  |TAMS 0x0000000089000000, 0x0000000089000000| Untracked 
| 145|0x0000000089100000, 0x0000000089100000, 0x0000000089200000|  0%| F|  |TAMS 0x0000000089100000, 0x0000000089100000| Untracked 
| 146|0x0000000089200000, 0x0000000089200000, 0x0000000089300000|  0%| F|  |TAMS 0x0000000089200000, 0x0000000089200000| Untracked 
| 147|0x0000000089300000, 0x0000000089300000, 0x0000000089400000|  0%| F|  |TAMS 0x0000000089300000, 0x0000000089300000| Untracked 
| 148|0x0000000089400000, 0x0000000089400000, 0x0000000089500000|  0%| F|  |TAMS 0x0000000089400000, 0x0000000089400000| Untracked 
| 149|0x0000000089500000, 0x0000000089500000, 0x0000000089600000|  0%| F|  |TAMS 0x0000000089500000, 0x0000000089500000| Untracked 
| 150|0x0000000089600000, 0x0000000089600000, 0x0000000089700000|  0%| F|  |TAMS 0x0000000089600000, 0x0000000089600000| Untracked 
| 151|0x0000000089700000, 0x0000000089700000, 0x0000000089800000|  0%| F|  |TAMS 0x0000000089700000, 0x0000000089700000| Untracked 
| 152|0x0000000089800000, 0x0000000089800000, 0x0000000089900000|  0%| F|  |TAMS 0x0000000089800000, 0x0000000089800000| Untracked 
| 153|0x0000000089900000, 0x0000000089900000, 0x0000000089a00000|  0%| F|  |TAMS 0x0000000089900000, 0x0000000089900000| Untracked 
| 154|0x0000000089a00000, 0x0000000089a00000, 0x0000000089b00000|  0%| F|  |TAMS 0x0000000089a00000, 0x0000000089a00000| Untracked 
| 155|0x0000000089b00000, 0x0000000089b00000, 0x0000000089c00000|  0%| F|  |TAMS 0x0000000089b00000, 0x0000000089b00000| Untracked 
| 156|0x0000000089c00000, 0x0000000089c00000, 0x0000000089d00000|  0%| F|  |TAMS 0x0000000089c00000, 0x0000000089c00000| Untracked 
| 157|0x0000000089d00000, 0x0000000089d00000, 0x0000000089e00000|  0%| F|  |TAMS 0x0000000089d00000, 0x0000000089d00000| Untracked 
| 158|0x0000000089e00000, 0x0000000089e00000, 0x0000000089f00000|  0%| F|  |TAMS 0x0000000089e00000, 0x0000000089e00000| Untracked 
| 159|0x0000000089f00000, 0x0000000089f00000, 0x000000008a000000|  0%| F|  |TAMS 0x0000000089f00000, 0x0000000089f00000| Untracked 
| 160|0x000000008a000000, 0x000000008a000000, 0x000000008a100000|  0%| F|  |TAMS 0x000000008a000000, 0x000000008a000000| Untracked 
| 161|0x000000008a100000, 0x000000008a100000, 0x000000008a200000|  0%| F|  |TAMS 0x000000008a100000, 0x000000008a100000| Untracked 
| 162|0x000000008a200000, 0x000000008a200000, 0x000000008a300000|  0%| F|  |TAMS 0x000000008a200000, 0x000000008a200000| Untracked 
| 163|0x000000008a300000, 0x000000008a300000, 0x000000008a400000|  0%| F|  |TAMS 0x000000008a300000, 0x000000008a300000| Untracked 
| 164|0x000000008a400000, 0x000000008a400000, 0x000000008a500000|  0%| F|  |TAMS 0x000000008a400000, 0x000000008a400000| Untracked 
| 165|0x000000008a500000, 0x000000008a500000, 0x000000008a600000|  0%| F|  |TAMS 0x000000008a500000, 0x000000008a500000| Untracked 
| 166|0x000000008a600000, 0x000000008a600000, 0x000000008a700000|  0%| F|  |TAMS 0x000000008a600000, 0x000000008a600000| Untracked 
| 167|0x000000008a700000, 0x000000008a700000, 0x000000008a800000|  0%| F|  |TAMS 0x000000008a700000, 0x000000008a700000| Untracked 
| 168|0x000000008a800000, 0x000000008a800000, 0x000000008a900000|  0%| F|  |TAMS 0x000000008a800000, 0x000000008a800000| Untracked 
| 169|0x000000008a900000, 0x000000008a900000, 0x000000008aa00000|  0%| F|  |TAMS 0x000000008a900000, 0x000000008a900000| Untracked 
| 170|0x000000008aa00000, 0x000000008ab00000, 0x000000008ab00000|100%| S|  |TAMS 0x000000008aa00000, 0x000000008aa00000| Complete 
| 171|0x000000008ab00000, 0x000000008ab80800, 0x000000008ac00000| 50%| E|CS|TAMS 0x000000008ab00000, 0x000000008ab80800| Complete 
| 172|0x000000008ac00000, 0x000000008ad00000, 0x000000008ad00000|100%| E|CS|TAMS 0x000000008ac00000, 0x000000008ad00000| Complete 
| 173|0x000000008ad00000, 0x000000008ae00000, 0x000000008ae00000|100%| E|CS|TAMS 0x000000008ad00000, 0x000000008ae00000| Complete 
| 174|0x000000008ae00000, 0x000000008af00000, 0x000000008af00000|100%| E|CS|TAMS 0x000000008ae00000, 0x000000008af00000| Complete 
| 175|0x000000008af00000, 0x000000008b000000, 0x000000008b000000|100%| E|CS|TAMS 0x000000008af00000, 0x000000008b000000| Complete 
| 176|0x000000008b000000, 0x000000008b100000, 0x000000008b100000|100%| E|CS|TAMS 0x000000008b000000, 0x000000008b100000| Complete 
| 177|0x000000008b100000, 0x000000008b200000, 0x000000008b200000|100%| E|CS|TAMS 0x000000008b100000, 0x000000008b200000| Complete 
| 178|0x000000008b200000, 0x000000008b300000, 0x000000008b300000|100%| E|CS|TAMS 0x000000008b200000, 0x000000008b300000| Complete 
| 179|0x000000008b300000, 0x000000008b400000, 0x000000008b400000|100%| E|CS|TAMS 0x000000008b300000, 0x000000008b400000| Complete 
| 180|0x000000008b400000, 0x000000008b500000, 0x000000008b500000|100%| E|CS|TAMS 0x000000008b400000, 0x000000008b500000| Complete 
| 181|0x000000008b500000, 0x000000008b600000, 0x000000008b600000|100%| E|CS|TAMS 0x000000008b500000, 0x000000008b600000| Complete 
| 182|0x000000008b600000, 0x000000008b700000, 0x000000008b700000|100%| E|CS|TAMS 0x000000008b600000, 0x000000008b700000| Complete 

Card table byte_map: [0x000001a6ab3a0000,0x000001a6ab7a0000] _byte_map_base: 0x000001a6aafa0000

Marking Bits (Prev, Next): (CMBitMap*) 0x000001a6984db698, (CMBitMap*) 0x000001a6984db6d0
 Prev Bits: [0x000001a6abba0000, 0x000001a6adba0000)
 Next Bits: [0x000001a6adba0000, 0x000001a6afba0000)

Polling page: 0x000001a697c70000

Metaspace:

Usage:
  Non-class:     47.16 MB capacity,    46.38 MB ( 98%) used,   663.65 KB (  1%) free+waste,   141.63 KB ( <1%) overhead. 
      Class:      7.31 MB capacity,     6.81 MB ( 93%) used,   448.56 KB (  6%) free+waste,    67.44 KB ( <1%) overhead. 
       Both:     54.48 MB capacity,    53.19 MB ( 98%) used,     1.09 MB (  2%) free+waste,   209.06 KB ( <1%) overhead. 

Virtual space:
  Non-class space:       54.00 MB reserved,      47.20 MB ( 87%) committed 
      Class space:        1.00 GB reserved,       7.38 MB ( <1%) committed 
             Both:        1.05 GB reserved,      54.57 MB (  5%) committed 

Chunk freelists:
   Non-Class:  37.00 KB
       Class:  0 bytes
        Both:  37.00 KB

MaxMetaspaceSize: 17179869184.00 GB
CompressedClassSpaceSize: 1.00 GB
Initial GC threshold: 20.80 MB
Current GC threshold: 58.88 MB
CDS: off

CodeHeap 'non-profiled nmethods': size=120064Kb used=3155Kb max_used=3155Kb free=116908Kb
 bounds [0x000001a6a3a60000, 0x000001a6a3d80000, 0x000001a6aafa0000]
CodeHeap 'profiled nmethods': size=120000Kb used=11657Kb max_used=11657Kb free=108342Kb
 bounds [0x000001a69c530000, 0x000001a69d0a0000, 0x000001a6a3a60000]
CodeHeap 'non-nmethods': size=5696Kb used=2309Kb max_used=2347Kb free=3386Kb
 bounds [0x000001a69bfa0000, 0x000001a69c210000, 0x000001a69c530000]
 total_blobs=6345 nmethods=5537 adapters=720
 compilation: enabled
              stopped_count=0, restarted_count=0
 full_count=0

Compilation events (20 events):
Event: 10.656 Thread 0x000001a6b20ba800 nmethod 5536 0x000001a69d08a490 code [0x000001a69d08a640, 0x000001a69d08a7d8]
Event: 10.656 Thread 0x000001a6b20ba800 5546       3       org.gradle.internal.instantiation.generator.ParamsMatchingConstructorSelector::forParams (481 bytes)
Event: 10.658 Thread 0x000001a6b20ba800 nmethod 5546 0x000001a69d08a890 code [0x000001a69d08ae00, 0x000001a69d08deb8]
Event: 10.658 Thread 0x000001a6b20ba800 5547       3       org.gradle.internal.instantiation.generator.ParamsMatchingConstructorSelector::vetoParameters (1 bytes)
Event: 10.658 Thread 0x000001a6b20ba800 nmethod 5547 0x000001a69d08ed90 code [0x000001a69d08ef40, 0x000001a69d08f038]
Event: 10.658 Thread 0x000001a6b20ba800 5548       3       org.gradle.internal.instantiation.generator.AsmBackedClassGenerator::getServicesForNext (13 bytes)
Event: 10.658 Thread 0x000001a6b20ba800 nmethod 5548 0x000001a69d08f110 code [0x000001a69d08f2e0, 0x000001a69d08f568]
Event: 10.661 Thread 0x000001a6b20ba800 5549   !   3       java.lang.reflect.Field::declaredAnnotations (82 bytes)
Event: 10.661 Thread 0x000001a6b20ba800 nmethod 5549 0x000001a69d08f690 code [0x000001a69d08f8a0, 0x000001a69d08fe48]
Event: 10.662 Thread 0x000001a6b20ba800 5550       3       org.objectweb.asm.SymbolTable::addConstantIntegerOrFloat (100 bytes)
Event: 10.662 Thread 0x000001a6b324f800 5551       4       org.objectweb.asm.SymbolTable::addConstantMemberReference (147 bytes)
Event: 10.663 Thread 0x000001a6b20ba800 nmethod 5550 0x000001a69d090110 code [0x000001a69d090340, 0x000001a69d0908f8]
Event: 10.665 Thread 0x000001a6b20ba800 5552       3       org.gradle.internal.Describables$AbstractDescribable::<init> (5 bytes)
Event: 10.665 Thread 0x000001a6b20ba800 nmethod 5552 0x000001a69d090c10 code [0x000001a69d090dc0, 0x000001a69d090f78]
Event: 10.665 Thread 0x000001a6b20ba800 5553       3       org.gradle.internal.Describables$AbstractDescribable::<init> (5 bytes)
Event: 10.665 Thread 0x000001a6b20ba800 nmethod 5553 0x000001a69d091090 code [0x000001a69d091240, 0x000001a69d091398]
Event: 10.673 Thread 0x000001a6b20ba800 5556       3       java.lang.AbstractStringBuilder::append (67 bytes)
Event: 10.674 Thread 0x000001a6b20ba800 nmethod 5556 0x000001a69d091490 code [0x000001a69d0916a0, 0x000001a69d091b88]
Event: 10.674 Thread 0x000001a6b20ba800 5557       3       java.lang.AbstractStringBuilder::getBytes (44 bytes)
Event: 10.674 Thread 0x000001a6b20ba800 nmethod 5557 0x000001a69d091d10 code [0x000001a69d091ee0, 0x000001a69d0921b8]

GC Heap History (20 events):
Event: 0.961 GC heap before
{Heap before GC invocations=0 (full 0):
 garbage-first heap   total 129024K, used 20480K [0x0000000080000000, 0x0000000100000000)
  region size 1024K, 14 young (14336K), 0 survivors (0K)
 Metaspace       used 6735K, capacity 6925K, committed 7168K, reserved 1056768K
  class space    used 582K, capacity 650K, committed 768K, reserved 1048576K
}
Event: 0.975 GC heap after
{Heap after GC invocations=1 (full 0):
 garbage-first heap   total 129024K, used 7626K [0x0000000080000000, 0x0000000100000000)
  region size 1024K, 2 young (2048K), 2 survivors (2048K)
 Metaspace       used 6735K, capacity 6925K, committed 7168K, reserved 1056768K
  class space    used 582K, capacity 650K, committed 768K, reserved 1048576K
}
Event: 1.276 GC heap before
{Heap before GC invocations=1 (full 0):
 garbage-first heap   total 129024K, used 18890K [0x0000000080000000, 0x0000000100000000)
  region size 1024K, 13 young (13312K), 2 survivors (2048K)
 Metaspace       used 9863K, capacity 10118K, committed 10368K, reserved 1058816K
  class space    used 1027K, capacity 1102K, committed 1152K, reserved 1048576K
}
Event: 1.280 GC heap after
{Heap after GC invocations=2 (full 0):
 garbage-first heap   total 129024K, used 9581K [0x0000000080000000, 0x0000000100000000)
  region size 1024K, 2 young (2048K), 2 survivors (2048K)
 Metaspace       used 9863K, capacity 10118K, committed 10368K, reserved 1058816K
  class space    used 1027K, capacity 1102K, committed 1152K, reserved 1048576K
}
Event: 1.773 GC heap before
{Heap before GC invocations=2 (full 0):
 garbage-first heap   total 129024K, used 39277K [0x0000000080000000, 0x0000000100000000)
  region size 1024K, 30 young (30720K), 2 survivors (2048K)
 Metaspace       used 10828K, capacity 11009K, committed 11264K, reserved 1058816K
  class space    used 1130K, capacity 1207K, committed 1280K, reserved 1048576K
}
Event: 1.777 GC heap after
{Heap after GC invocations=3 (full 0):
 garbage-first heap   total 129024K, used 11575K [0x0000000080000000, 0x0000000100000000)
  region size 1024K, 3 young (3072K), 3 survivors (3072K)
 Metaspace       used 10828K, capacity 11009K, committed 11264K, reserved 1058816K
  class space    used 1130K, capacity 1207K, committed 1280K, reserved 1048576K
}
Event: 3.262 GC heap before
{Heap before GC invocations=3 (full 0):
 garbage-first heap   total 129024K, used 53559K [0x0000000080000000, 0x0000000100000000)
  region size 1024K, 45 young (46080K), 3 survivors (3072K)
 Metaspace       used 17571K, capacity 17971K, committed 18176K, reserved 1064960K
  class space    used 2076K, capacity 2209K, committed 2304K, reserved 1048576K
}
Event: 3.270 GC heap after
{Heap after GC invocations=4 (full 0):
 garbage-first heap   total 129024K, used 16097K [0x0000000080000000, 0x0000000100000000)
  region size 1024K, 6 young (6144K), 6 survivors (6144K)
 Metaspace       used 17571K, capacity 17971K, committed 18176K, reserved 1064960K
  class space    used 2076K, capacity 2209K, committed 2304K, reserved 1048576K
}
Event: 3.587 GC heap before
{Heap before GC invocations=4 (full 0):
 garbage-first heap   total 129024K, used 44769K [0x0000000080000000, 0x0000000100000000)
  region size 1024K, 35 young (35840K), 6 survivors (6144K)
 Metaspace       used 20706K, capacity 21135K, committed 21248K, reserved 1067008K
  class space    used 2545K, capacity 2710K, committed 2816K, reserved 1048576K
}
Event: 3.596 GC heap after
{Heap after GC invocations=5 (full 0):
 garbage-first heap   total 129024K, used 17238K [0x0000000080000000, 0x0000000100000000)
  region size 1024K, 2 young (2048K), 2 survivors (2048K)
 Metaspace       used 20706K, capacity 21135K, committed 21248K, reserved 1067008K
  class space    used 2545K, capacity 2710K, committed 2816K, reserved 1048576K
}
Event: 4.446 GC heap before
{Heap before GC invocations=6 (full 0):
 garbage-first heap   total 129024K, used 66390K [0x0000000080000000, 0x0000000100000000)
  region size 1024K, 50 young (51200K), 2 survivors (2048K)
 Metaspace       used 25789K, capacity 26387K, committed 26624K, reserved 1073152K
  class space    used 3337K, capacity 3551K, committed 3584K, reserved 1048576K
}
Event: 4.455 GC heap after
{Heap after GC invocations=7 (full 0):
 garbage-first heap   total 155648K, used 19021K [0x0000000080000000, 0x0000000100000000)
  region size 1024K, 3 young (3072K), 3 survivors (3072K)
 Metaspace       used 25789K, capacity 26387K, committed 26624K, reserved 1073152K
  class space    used 3337K, capacity 3551K, committed 3584K, reserved 1048576K
}
Event: 5.893 GC heap before
{Heap before GC invocations=7 (full 0):
 garbage-first heap   total 155648K, used 82509K [0x0000000080000000, 0x0000000100000000)
  region size 1024K, 66 young (67584K), 3 survivors (3072K)
 Metaspace       used 34927K, capacity 35786K, committed 35840K, reserved 1081344K
  class space    used 4532K, capacity 4839K, committed 4864K, reserved 1048576K
}
Event: 5.908 GC heap after
{Heap after GC invocations=8 (full 0):
 garbage-first heap   total 155648K, used 22220K [0x0000000080000000, 0x0000000100000000)
  region size 1024K, 6 young (6144K), 6 survivors (6144K)
 Metaspace       used 34927K, capacity 35786K, committed 35840K, reserved 1081344K
  class space    used 4532K, capacity 4839K, committed 4864K, reserved 1048576K
}
Event: 7.603 GC heap before
{Heap before GC invocations=9 (full 0):
 garbage-first heap   total 155648K, used 96972K [0x0000000080000000, 0x0000000100000000)
  region size 1024K, 77 young (78848K), 6 survivors (6144K)
 Metaspace       used 40806K, capacity 41790K, committed 41932K, reserved 1085440K
  class space    used 5215K, capacity 5578K, committed 5632K, reserved 1048576K
}
Event: 7.619 GC heap after
{Heap after GC invocations=10 (full 0):
 garbage-first heap   total 155648K, used 27975K [0x0000000080000000, 0x0000000100000000)
  region size 1024K, 9 young (9216K), 9 survivors (9216K)
 Metaspace       used 40806K, capacity 41790K, committed 41932K, reserved 1085440K
  class space    used 5215K, capacity 5578K, committed 5632K, reserved 1048576K
}
Event: 8.638 GC heap before
{Heap before GC invocations=10 (full 0):
 garbage-first heap   total 155648K, used 104775K [0x0000000080000000, 0x0000000100000000)
  region size 1024K, 83 young (84992K), 9 survivors (9216K)
 Metaspace       used 47309K, capacity 48461K, committed 48716K, reserved 1091584K
  class space    used 6102K, capacity 6516K, committed 6528K, reserved 1048576K
}
Event: 8.654 GC heap after
{Heap after GC invocations=11 (full 0):
 garbage-first heap   total 155648K, used 30764K [0x0000000080000000, 0x0000000100000000)
  region size 1024K, 9 young (9216K), 9 survivors (9216K)
 Metaspace       used 47309K, capacity 48461K, committed 48716K, reserved 1091584K
  class space    used 6102K, capacity 6516K, committed 6528K, reserved 1048576K
}
Event: 10.455 GC heap before
{Heap before GC invocations=11 (full 0):
 garbage-first heap   total 155648K, used 112684K [0x0000000080000000, 0x0000000100000000)
  region size 1024K, 86 young (88064K), 9 survivors (9216K)
 Metaspace       used 52838K, capacity 54087K, committed 54348K, reserved 1095680K
  class space    used 6743K, capacity 7222K, committed 7296K, reserved 1048576K
}
Event: 10.475 GC heap after
{Heap after GC invocations=12 (full 0):
 garbage-first heap   total 187392K, used 44645K [0x0000000080000000, 0x0000000100000000)
  region size 1024K, 11 young (11264K), 11 survivors (11264K)
 Metaspace       used 52838K, capacity 54087K, committed 54348K, reserved 1095680K
  class space    used 6743K, capacity 7222K, committed 7296K, reserved 1048576K
}

Deoptimization events (20 events):
Event: 10.173 Thread 0x000001a6b5769000 Uncommon trap: trap_request=0xffffff45 fr.pc=0x000001a6a3c377d4 relative=0x0000000000000d34
Event: 10.173 Thread 0x000001a6b5769000 Uncommon trap: reason=unstable_fused_if action=reinterpret pc=0x000001a6a3c377d4 method=org.objectweb.asm.ByteVector.putUTF8(Ljava/lang/String;)Lorg/objectweb/asm/ByteVector; @ 93 c2
Event: 10.173 Thread 0x000001a6b5769000 DEOPT PACKING pc=0x000001a6a3c377d4 sp=0x0000002277ff7a40
Event: 10.173 Thread 0x000001a6b5769000 DEOPT UNPACKING pc=0x000001a69bfea1af sp=0x0000002277ff7998 mode 2
Event: 10.174 Thread 0x000001a6b5769000 Uncommon trap: trap_request=0xffffff4d fr.pc=0x000001a6a3c44fb4 relative=0x0000000000005c34
Event: 10.174 Thread 0x000001a6b5769000 Uncommon trap: reason=unstable_if action=reinterpret pc=0x000001a6a3c44fb4 method=org.objectweb.asm.Frame.execute(IILorg/objectweb/asm/Symbol;Lorg/objectweb/asm/SymbolTable;)V @ 1 c2
Event: 10.174 Thread 0x000001a6b5769000 DEOPT PACKING pc=0x000001a6a3c44fb4 sp=0x0000002277ff7c20
Event: 10.174 Thread 0x000001a6b5769000 DEOPT UNPACKING pc=0x000001a69bfea1af sp=0x0000002277ff7bc8 mode 2
Event: 10.200 Thread 0x000001a6b5769000 Uncommon trap: trap_request=0xffffff45 fr.pc=0x000001a6a3ba7a6c relative=0x000000000000020c
Event: 10.200 Thread 0x000001a6b5769000 Uncommon trap: reason=unstable_fused_if action=reinterpret pc=0x000001a6a3ba7a6c method=org.objectweb.asm.ByteVector.putUTF8(Ljava/lang/String;)Lorg/objectweb/asm/ByteVector; @ 93 c2
Event: 10.200 Thread 0x000001a6b5769000 DEOPT PACKING pc=0x000001a6a3ba7a6c sp=0x0000002277ff7d60
Event: 10.200 Thread 0x000001a6b5769000 DEOPT UNPACKING pc=0x000001a69bfea1af sp=0x0000002277ff7ce0 mode 2
Event: 10.401 Thread 0x000001a6b5769000 Uncommon trap: trap_request=0xffffff4d fr.pc=0x000001a6a3c65f18 relative=0x00000000000005b8
Event: 10.408 Thread 0x000001a6b5769000 Uncommon trap: reason=unstable_if action=reinterpret pc=0x000001a6a3c65f18 method=java.io.BufferedInputStream.read1([BII)I @ 22 c2
Event: 10.408 Thread 0x000001a6b5769000 DEOPT PACKING pc=0x000001a6a3c65f18 sp=0x0000002277ff77e0
Event: 10.408 Thread 0x000001a6b5769000 DEOPT UNPACKING pc=0x000001a69bfea1af sp=0x0000002277ff7708 mode 2
Event: 10.475 Thread 0x000001a6b2b57800 Uncommon trap: trap_request=0xffffff6e fr.pc=0x000001a6a3bab2ec relative=0x000000000000052c
Event: 10.475 Thread 0x000001a6b2b57800 Uncommon trap: reason=speculate_class_check action=maybe_recompile pc=0x000001a6a3bab2ec method=jdk.internal.ref.PhantomCleanable.clean()V @ 12 c2
Event: 10.475 Thread 0x000001a6b2b57800 DEOPT PACKING pc=0x000001a6a3bab2ec sp=0x00000022775fefa0
Event: 10.475 Thread 0x000001a6b2b57800 DEOPT UNPACKING pc=0x000001a69bfea1af sp=0x00000022775fef80 mode 2

Classes redefined (0 events):
No events

Internal exceptions (20 events):
Event: 9.846 Thread 0x000001a6b5769000 Exception <a 'java/lang/ClassNotFoundException'{0x000000008694c910}: org/gradle/api/tasks/DeleteCustomizer> (0x000000008694c910) thrown at [./src/hotspot/share/classfile/systemDictionary.cpp, line 231]
Event: 9.849 Thread 0x000001a6b5769000 Exception <a 'java/lang/ClassNotFoundException'{0x000000008698cf00}: org/gradle/api/tasks/Delete_DecoratedCustomizer> (0x000000008698cf00) thrown at [./src/hotspot/share/classfile/systemDictionary.cpp, line 231]
Event: 9.883 Thread 0x000001a6b5769000 Exception <a 'java/lang/NoSuchMethodError'{0x00000000868a0e50}: 'long java.lang.invoke.DirectMethodHandle$Holder.invokeVirtual(java.lang.Object, java.lang.Object)'> (0x00000000868a0e50) thrown at [./src/hotspot/share/interpreter/linkResolver.cpp, line 773]
Event: 9.889 Thread 0x000001a6b4d91800 Exception <a 'java/lang/NoSuchMethodError'{0x0000000089788d88}: <clinit>> (0x0000000089788d88) thrown at [./src/hotspot/share/prims/jni.cpp, line 1365]
Event: 9.900 Thread 0x000001a6b4d91800 Exception <a 'java/lang/NoSuchMethodError'{0x000000008671a440}: <clinit>> (0x000000008671a440) thrown at [./src/hotspot/share/prims/jni.cpp, line 1365]
Event: 9.900 Thread 0x000001a6b4d91800 Exception <a 'java/lang/NoSuchMethodError'{0x000000008671b550}: <clinit>> (0x000000008671b550) thrown at [./src/hotspot/share/prims/jni.cpp, line 1365]
Event: 9.900 Thread 0x000001a6b4d91800 Exception <a 'java/lang/NoSuchMethodError'{0x000000008671c858}: <clinit>> (0x000000008671c858) thrown at [./src/hotspot/share/prims/jni.cpp, line 1365]
Event: 9.900 Thread 0x000001a6b4d91800 Exception <a 'java/lang/NoSuchMethodError'{0x000000008671d878}: <clinit>> (0x000000008671d878) thrown at [./src/hotspot/share/prims/jni.cpp, line 1365]
Event: 9.905 Thread 0x000001a6b4d91800 Exception <a 'java/lang/NoSuchMethodError'{0x000000008672fba0}: <clinit>> (0x000000008672fba0) thrown at [./src/hotspot/share/prims/jni.cpp, line 1365]
Event: 9.906 Thread 0x000001a6b4d91800 Exception <a 'java/lang/NoSuchMethodError'{0x000000008673a100}: <clinit>> (0x000000008673a100) thrown at [./src/hotspot/share/prims/jni.cpp, line 1365]
Event: 9.908 Thread 0x000001a6b4d91800 Exception <a 'java/lang/NoSuchMethodError'{0x000000008674dd38}: <clinit>> (0x000000008674dd38) thrown at [./src/hotspot/share/prims/jni.cpp, line 1365]
Event: 9.938 Thread 0x000001a6b5769000 Exception <a 'java/lang/ClassNotFoundException'{0x00000000867c60b0}: build_7w2lm9u8nyvsvyleklqx5xxvwBeanInfo> (0x00000000867c60b0) thrown at [./src/hotspot/share/classfile/systemDictionary.cpp, line 231]
Event: 9.938 Thread 0x000001a6b5769000 Exception <a 'java/lang/ClassNotFoundException'{0x00000000867d1068}: build_7w2lm9u8nyvsvyleklqx5xxvwCustomizer> (0x00000000867d1068) thrown at [./src/hotspot/share/classfile/systemDictionary.cpp, line 231]
Event: 9.966 Thread 0x000001a6b5769000 Exception <a 'java/lang/ClassNotFoundException'{0x000000008655b678}: org/gradle/api/internal/plugins/DefaultObjectConfigurationActionBeanInfo> (0x000000008655b678) thrown at [./src/hotspot/share/classfile/systemDictionary.cpp, line 231]
Event: 9.967 Thread 0x000001a6b5769000 Exception <a 'java/lang/ClassNotFoundException'{0x0000000086590ab8}: org/gradle/api/internal/plugins/DefaultObjectConfigurationActionCustomizer> (0x0000000086590ab8) thrown at [./src/hotspot/share/classfile/systemDictionary.cpp, line 231]
Event: 10.161 Thread 0x000001a6b5769000 Exception <a 'java/lang/NoSuchMethodError'{0x0000000085bd0d60}: 'java.lang.Object java.lang.invoke.DirectMethodHandle$Holder.invokeStatic(java.lang.Object, java.lang.Object, java.lang.Object, java.lang.Object, int)'> (0x0000000085bd0d60) thrown at [./src/hotspot/share/interpreter/linkResolver.cpp, line 773]
Event: 10.161 Thread 0x000001a6b5769000 Exception <a 'java/lang/NoSuchMethodError'{0x0000000085bd5758}: 'java.lang.Object java.lang.invoke.DirectMethodHandle$Holder.invokeSpecial(java.lang.Object, java.lang.Object, java.lang.Object, java.lang.Object, java.lang.Object, int)'> (0x0000000085bd5758) thrown at [./src/hotspot/share/interpreter/linkResolver.cpp, line 773]
Event: 10.161 Thread 0x000001a6b5769000 Exception <a 'java/lang/NoSuchMethodError'{0x0000000085bd9d98}: 'java.lang.Object java.lang.invoke.Invokers$Holder.linkToTargetMethod(java.lang.Object, java.lang.Object, java.lang.Object, int, java.lang.Object)'> (0x0000000085bd9d98) thrown at [./src/hotspot/share/interpreter/linkResolver.cpp, line 773]
Event: 10.438 Thread 0x000001a6b5769000 Exception <a 'java/lang/NoSuchMethodError'{0x000000008480b378}: 'java.lang.Object java.lang.invoke.DirectMethodHandle$Holder.invokeSpecial(java.lang.Object, java.lang.Object, int, int, java.lang.Object, java.lang.Object, java.lang.Object)'> (0x000000008480b378) thrown at [./src/hotspot/share/interpreter/linkResolver.cpp, line 773]
Event: 10.438 Thread 0x000001a6b5769000 Exception <a 'java/lang/NoSuchMethodError'{0x000000008480f8f8}: 'java.lang.Object java.lang.invoke.DelegatingMethodHandle$Holder.reinvoke_L(java.lang.Object, int, int, java.lang.Object, java.lang.Object, java.lang.Object)'> (0x000000008480f8f8) thrown at [./src/hotspot/share/interpreter/linkResolver.cpp, line 773]

Events (20 events):
Event: 10.688 loading class com/google/common/collect/MultimapBuilder$MultimapBuilderWithKeys$2
Event: 10.688 loading class com/google/common/collect/MultimapBuilder$MultimapBuilderWithKeys$2 done
Event: 10.689 loading class com/google/common/collect/MultimapBuilder$MultimapBuilderWithKeys$3
Event: 10.689 loading class com/google/common/collect/MultimapBuilder$MultimapBuilderWithKeys$3 done
Event: 10.689 loading class com/google/common/collect/MultimapBuilder$SortedSetMultimapBuilder
Event: 10.689 loading class com/google/common/collect/MultimapBuilder$SortedSetMultimapBuilder done
Event: 10.690 loading class com/google/common/collect/MultimapBuilder$MultimapBuilderWithKeys$5
Event: 10.690 loading class com/google/common/collect/MultimapBuilder$MultimapBuilderWithKeys$5 done
Event: 10.690 loading class com/google/common/collect/MultimapBuilder$MultimapBuilderWithKeys$6
Event: 10.690 loading class com/google/common/collect/MultimapBuilder$MultimapBuilderWithKeys$6 done
Event: 10.691 loading class com/google/common/collect/MultimapBuilder$ArrayListSupplier
Event: 10.691 loading class com/google/common/collect/MultimapBuilder$ArrayListSupplier done
Event: 10.691 loading class com/google/common/collect/Multimaps
Event: 10.691 loading class com/google/common/collect/Multimaps done
Event: 10.693 loading class com/google/common/collect/SortedSetMultimap
Event: 10.693 loading class com/google/common/collect/SortedSetMultimap done
Event: 10.694 loading class com/google/common/collect/Multimaps$CustomListMultimap
Event: 10.694 loading class com/google/common/collect/Multimaps$CustomListMultimap done
Event: 10.695 loading class com/google/common/collect/MultimapBuilder$LinkedHashSetSupplier
Event: 10.695 loading class com/google/common/collect/MultimapBuilder$LinkedHashSetSupplier done


Dynamic libraries:
0x00007ff7f8e90000 - 0x00007ff7f8e9a000 	C:\Program Files\Android\Android Studio\jre\bin\java.exe
0x00007ffc0cfd0000 - 0x00007ffc0d1e9000 	C:\WINDOWS\SYSTEM32\ntdll.dll
0x00007ffc0c0d0000 - 0x00007ffc0c192000 	C:\WINDOWS\System32\KERNEL32.DLL
0x00007ffc0a420000 - 0x00007ffc0a7bf000 	C:\WINDOWS\System32\KERNELBASE.dll
0x00007ffc0aa90000 - 0x00007ffc0ab99000 	C:\WINDOWS\System32\ucrtbase.dll
0x00007ffc01ea0000 - 0x00007ffc01eb9000 	C:\Program Files\Android\Android Studio\jre\bin\jli.dll
0x00007ffc020d0000 - 0x00007ffc020e7000 	C:\Program Files\Android\Android Studio\jre\bin\VCRUNTIME140.dll
0x00007ffc0ad80000 - 0x00007ffc0af2c000 	C:\WINDOWS\System32\USER32.dll
0x00007ffc0a8f0000 - 0x00007ffc0a916000 	C:\WINDOWS\System32\win32u.dll
0x00007ffc0c1a0000 - 0x00007ffc0c1c9000 	C:\WINDOWS\System32\GDI32.dll
0x00007ffc0ac60000 - 0x00007ffc0ad72000 	C:\WINDOWS\System32\gdi32full.dll
0x00007ffbf70a0000 - 0x00007ffbf732e000 	C:\WINDOWS\WinSxS\amd64_microsoft.windows.common-controls_6595b64144ccf1df_6.0.25188.1000_none_79003e7f0fe4f35d\COMCTL32.dll
0x00007ffc0a7d0000 - 0x00007ffc0a86a000 	C:\WINDOWS\System32\msvcp_win.dll
0x00007ffc0ca60000 - 0x00007ffc0cb07000 	C:\WINDOWS\System32\msvcrt.dll
0x00007ffc0b700000 - 0x00007ffc0b731000 	C:\WINDOWS\System32\IMM32.DLL
0x00007ffbf8120000 - 0x00007ffbf81bd000 	C:\Program Files\Android\Android Studio\jre\bin\msvcp140.dll
0x00007ffbd99d0000 - 0x00007ffbda4b5000 	C:\Program Files\Android\Android Studio\jre\bin\server\jvm.dll
0x00007ffc0c790000 - 0x00007ffc0c83f000 	C:\WINDOWS\System32\ADVAPI32.dll
0x00007ffc0c480000 - 0x00007ffc0c52a000 	C:\WINDOWS\System32\sechost.dll
0x00007ffc0b030000 - 0x00007ffc0b157000 	C:\WINDOWS\System32\RPCRT4.dll
0x00007ffc0b160000 - 0x00007ffc0b168000 	C:\WINDOWS\System32\PSAPI.DLL
0x00007ffc00dc0000 - 0x00007ffc00df6000 	C:\WINDOWS\SYSTEM32\WINMM.dll
0x00007ffbf4210000 - 0x00007ffbf4219000 	C:\WINDOWS\SYSTEM32\WSOCK32.dll
0x00007ffc0b740000 - 0x00007ffc0b7af000 	C:\WINDOWS\System32\WS2_32.dll
0x00007ffbff6f0000 - 0x00007ffbff6fa000 	C:\WINDOWS\SYSTEM32\VERSION.dll
0x00007ffc09320000 - 0x00007ffc09338000 	C:\WINDOWS\SYSTEM32\kernel.appcore.dll
0x00007ffc03ce0000 - 0x00007ffc03cf1000 	C:\Program Files\Android\Android Studio\jre\bin\verify.dll
0x00007ffc07db0000 - 0x00007ffc07fe1000 	C:\WINDOWS\SYSTEM32\DBGHELP.DLL
0x00007ffc0b1d0000 - 0x00007ffc0b559000 	C:\WINDOWS\System32\combase.dll
0x00007ffc0c8e0000 - 0x00007ffc0c9b7000 	C:\WINDOWS\System32\OLEAUT32.dll
0x00007ffbf2c20000 - 0x00007ffbf2c52000 	C:\WINDOWS\SYSTEM32\dbgcore.DLL
0x00007ffc0a870000 - 0x00007ffc0a8eb000 	C:\WINDOWS\System32\bcryptPrimitives.dll
0x00007ffc02420000 - 0x00007ffc02449000 	C:\Program Files\Android\Android Studio\jre\bin\java.dll
0x00007ffc07110000 - 0x00007ffc0711b000 	C:\Program Files\Android\Android Studio\jre\bin\jimage.dll
0x00007ffc02360000 - 0x00007ffc02378000 	C:\Program Files\Android\Android Studio\jre\bin\zip.dll
0x00007ffc0b8e0000 - 0x00007ffc0c0c3000 	C:\WINDOWS\System32\SHELL32.dll
0x00007ffc082c0000 - 0x00007ffc08b87000 	C:\WINDOWS\SYSTEM32\windows.storage.dll
0x00007ffc08130000 - 0x00007ffc082ba000 	C:\WINDOWS\SYSTEM32\wintypes.dll
0x00007ffc0b7f0000 - 0x00007ffc0b8dc000 	C:\WINDOWS\System32\SHCORE.dll
0x00007ffc0c410000 - 0x00007ffc0c46e000 	C:\WINDOWS\System32\shlwapi.dll
0x00007ffc0a2e0000 - 0x00007ffc0a303000 	C:\WINDOWS\SYSTEM32\profapi.dll
0x00007ffc022a0000 - 0x00007ffc022ba000 	C:\Program Files\Android\Android Studio\jre\bin\net.dll
0x00007ffbfff90000 - 0x00007ffc000bb000 	C:\WINDOWS\SYSTEM32\WINHTTP.dll
0x00007ffc097b0000 - 0x00007ffc09819000 	C:\WINDOWS\system32\mswsock.dll
0x00007ffc02260000 - 0x00007ffc02274000 	C:\Program Files\Android\Android Studio\jre\bin\nio.dll
0x00007ffbfb820000 - 0x00007ffbfb847000 	C:\Users\DELL\.gradle\native\e1d6ef7f7dcc3fd88c89a11ec53ec762bb8ba0a96d01ffa2cd45eb1d1d8dd5c5\windows-amd64\native-platform.dll
0x00007ffbf7fd0000 - 0x00007ffbf8114000 	C:\Users\DELL\.gradle\native\5664cfc778a61ccfe75a443a1ab52a65af34e5dc3c78e0209fed803814484fcb\windows-amd64\native-platform-file-events.dll
0x00007ffc049e0000 - 0x00007ffc049ea000 	C:\Program Files\Android\Android Studio\jre\bin\management.dll
0x00007ffc04950000 - 0x00007ffc0495d000 	C:\Program Files\Android\Android Studio\jre\bin\management_ext.dll
0x00007ffc09ad0000 - 0x00007ffc09aeb000 	C:\WINDOWS\SYSTEM32\CRYPTSP.dll
0x00007ffc09280000 - 0x00007ffc092b4000 	C:\WINDOWS\system32\rsaenh.dll
0x00007ffc09870000 - 0x00007ffc09898000 	C:\WINDOWS\SYSTEM32\USERENV.dll
0x00007ffc09c40000 - 0x00007ffc09c68000 	C:\WINDOWS\SYSTEM32\bcrypt.dll
0x00007ffc09ab0000 - 0x00007ffc09abc000 	C:\WINDOWS\SYSTEM32\CRYPTBASE.dll
0x00007ffc08df0000 - 0x00007ffc08e1d000 	C:\WINDOWS\SYSTEM32\IPHLPAPI.DLL
0x00007ffc0c470000 - 0x00007ffc0c479000 	C:\WINDOWS\System32\NSI.dll
0x00007ffbfff50000 - 0x00007ffbfff69000 	C:\WINDOWS\SYSTEM32\dhcpcsvc6.DLL
0x00007ffbfff20000 - 0x00007ffbfff3f000 	C:\WINDOWS\SYSTEM32\dhcpcsvc.DLL
0x00007ffc08e60000 - 0x00007ffc08f5e000 	C:\WINDOWS\SYSTEM32\DNSAPI.dll

dbghelp: loaded successfully - version: 4.0.5 - missing functions: none
symbol engine: initialized successfully - sym options: 0x614 - pdb path: .;C:\Program Files\Android\Android Studio\jre\bin;C:\WINDOWS\SYSTEM32;C:\WINDOWS\WinSxS\amd64_microsoft.windows.common-controls_6595b64144ccf1df_6.0.25188.1000_none_79003e7f0fe4f35d;C:\Program Files\Android\Android Studio\jre\bin\server;C:\Users\DELL\.gradle\native\e1d6ef7f7dcc3fd88c89a11ec53ec762bb8ba0a96d01ffa2cd45eb1d1d8dd5c5\windows-amd64;C:\Users\DELL\.gradle\native\5664cfc778a61ccfe75a443a1ab52a65af34e5dc3c78e0209fed803814484fcb\windows-amd64

VM Arguments:
jvm_args: --add-opens=java.base/java.util=ALL-UNNAMED --add-opens=java.base/java.lang=ALL-UNNAMED --add-opens=java.base/java.lang.invoke=ALL-UNNAMED --add-opens=java.base/java.util=ALL-UNNAMED --add-opens=java.prefs/java.util.prefs=ALL-UNNAMED --add-opens=java.prefs/java.util.prefs=ALL-UNNAMED --add-opens=java.base/java.nio.charset=ALL-UNNAMED --add-opens=java.base/java.net=ALL-UNNAMED --add-opens=java.base/java.util.concurrent.atomic=ALL-UNNAMED -Xmx2048m -Dfile.encoding=UTF-8 -Duser.country=US -Duser.language=en -Duser.variant 
java_command: org.gradle.launcher.daemon.bootstrap.GradleDaemon 7.3.3
java_class_path (initial): C:\Users\DELL\.gradle\wrapper\dists\gradle-7.3.3-bin\6a41zxkdtcxs8rphpq6y0069z\gradle-7.3.3\lib\gradle-launcher-7.3.3.jar
Launcher Type: SUN_STANDARD

[Global flags]
     intx CICompilerCount                          = 3                                         {product} {ergonomic}
     uint ConcGCThreads                            = 1                                         {product} {ergonomic}
     uint G1ConcRefinementThreads                  = 4                                         {product} {ergonomic}
   size_t G1HeapRegionSize                         = 1048576                                   {product} {ergonomic}
    uintx GCDrainStackTargetSize                   = 64                                        {product} {ergonomic}
   size_t InitialHeapSize                          = 132120576                                 {product} {ergonomic}
   size_t MarkStackSize                            = 4194304                                   {product} {ergonomic}
   size_t MaxHeapSize                              = 2147483648                                {product} {command line}
   size_t MaxNewSize                               = 1287651328                                {product} {ergonomic}
   size_t MinHeapDeltaBytes                        = 1048576                                   {product} {ergonomic}
    uintx NonNMethodCodeHeapSize                   = 5830732                                {pd product} {ergonomic}
    uintx NonProfiledCodeHeapSize                  = 122913754                              {pd product} {ergonomic}
    uintx ProfiledCodeHeapSize                     = 122913754                              {pd product} {ergonomic}
    uintx ReservedCodeCacheSize                    = 251658240                              {pd product} {ergonomic}
     bool SegmentedCodeCache                       = true                                      {product} {ergonomic}
     bool UseCompressedClassPointers               = true                                 {lp64_product} {ergonomic}
     bool UseCompressedOops                        = true                                 {lp64_product} {ergonomic}
     bool UseG1GC                                  = true                                      {product} {ergonomic}
     bool UseLargePagesIndividualAllocation        = false                                  {pd product} {ergonomic}

Logging:
Log output configuration:
 #0: stdout all=warning uptime,level,tags
 #1: stderr all=off uptime,level,tags

Environment Variables:
PATH=C:\Program Files\Common Files\Oracle\Java\javapath;C:\Program Files (x86)\Common Files\Oracle\Java\javapath;C:\WINDOWS\system32;C:\WINDOWS;C:\WINDOWS\System32\Wbem;C:\WINDOWS\System32\WindowsPowerShell\v1.0\;C:\WINDOWS\System32\OpenSSH\;C:\Program Files\Git\cmd;C:\Program Files\nodejs\;C:\Program Files\Java\jdk-18.0.2.1\bin;C:\Users\DELL\AppData\Local\Microsoft\WindowsApps;;C:\Users\DELL\AppData\Local\Programs\Microsoft VS Code\bin;C:\Program Files\JetBrains\PyCharm 2021.3\bin;
USERNAME=DELL
OS=Windows_NT
PROCESSOR_IDENTIFIER=Intel64 Family 6 Model 142 Stepping 9, GenuineIntel



---------------  S Y S T E M  ---------------

OS: Windows 10 , 64 bit Build 25188 (10.0.25188.1000)
OS uptime: 0 days 15:31 hours
Hyper-V role detected

CPU:total 4 (initial active 4) (2 cores per cpu, 2 threads per core) family 6 model 142 stepping 9 microcode 0xde, cmov, cx8, fxsr, mmx, sse, sse2, sse3, ssse3, sse4.1, sse4.2, popcnt, avx, avx2, aes, clmul, erms, 3dnowpref, lzcnt, ht, tsc, tscinvbit, bmi1, bmi2, adx, fma

Memory: 4k page, system-wide physical 8061M (286M free)
TotalPageFile size 9959M (AvailPageFile size 0M)
current process WorkingSet (physical memory assigned to process): 319M, peak: 319M
current process commit charge ("private bytes"): 381M, peak: 382M

vm_info: OpenJDK 64-Bit Server VM (11.0.12+7-b1504.28-7817840) for windows-amd64 JRE (11.0.12+7-b1504.28-7817840), built on Oct 13 2021 22:12:33 by "builder" with MS VC++ 14.0 (VS2015)

END.
