#
# There is insufficient memory for the Java Runtime Environment to continue.
# Native memory allocation (malloc) failed to allocate 1790416 bytes for Chunk::new
# Possible reasons:
#   The system is out of physical RAM or swap space
#   The process is running with CompressedOops enabled, and the Java Heap may be blocking the growth of the native heap
# Possible solutions:
#   Reduce memory load on the system
#   Increase physical memory or swap space
#   Check if swap backing store is full
#   Decrease Java heap size (-Xmx/-Xms)
#   Decrease number of Java threads
#   Decrease Java thread stack sizes (-Xss)
#   Set larger code cache with -XX:ReservedCodeCacheSize=
#   JVM is running with Unscaled Compressed Oops mode in which the Java heap is
#     placed in the first 4GB address space. The Java Heap base address is the
#     maximum limit for the native heap growth. Please use -XX:HeapBaseMinAddress
#     to set the Java Heap base and to place the Java Heap above 4GB virtual address.
# This output file may be truncated or incomplete.
#
#  Out of Memory Error (./src/hotspot/share/memory/arena.cpp:197), pid=3772, tid=7744
#
# JRE version: OpenJDK Runtime Environment (11.0.12+7) (build 11.0.12+7-b1504.28-7817840)
# Java VM: OpenJDK 64-Bit Server VM (11.0.12+7-b1504.28-7817840, mixed mode, tiered, compressed oops, g1 gc, windows-amd64)
# No core dump will be written. Minidumps are not enabled by default on client versions of Windows
#

---------------  S U M M A R Y ------------

Command Line: --add-opens=java.base/java.util=ALL-UNNAMED --add-opens=java.base/java.lang=ALL-UNNAMED --add-opens=java.base/java.lang.invoke=ALL-UNNAMED --add-opens=java.base/java.util=ALL-UNNAMED --add-opens=java.prefs/java.util.prefs=ALL-UNNAMED --add-opens=java.prefs/java.util.prefs=ALL-UNNAMED --add-opens=java.base/java.nio.charset=ALL-UNNAMED --add-opens=java.base/java.net=ALL-UNNAMED --add-opens=java.base/java.util.concurrent.atomic=ALL-UNNAMED -Xmx2048m -Dfile.encoding=UTF-8 -Duser.country=US -Duser.language=en -Duser.variant org.gradle.launcher.daemon.bootstrap.GradleDaemon 7.3.3

Host: Intel(R) Core(TM) i7-7500U CPU @ 2.70GHz, 4 cores, 7G,  Windows 10 , 64 bit Build 25188 (10.0.25188.1000)
Time: Wed Aug 31 13:55:31 2022 Pakistan Standard Time elapsed time: 3302.096846 seconds (0d 0h 55m 2s)

---------------  T H R E A D  ---------------

Current thread (0x0000021141782000):  JavaThread "C2 CompilerThread0" daemon [_thread_in_native, id=7744, stack(0x000000ab0ba00000,0x000000ab0bb00000)]


Current CompileTask:
C2:3302097 22628       4       org.gradle.internal.operations.DefaultBuildOperationRunner::execute (147 bytes)

Stack: [0x000000ab0ba00000,0x000000ab0bb00000]
Native frames: (J=compiled Java code, j=interpreted, Vv=VM code, C=native code)
V  [jvm.dll+0x5fbcea]
V  [jvm.dll+0x731905]
V  [jvm.dll+0x732f1d]
V  [jvm.dll+0x7335d3]
V  [jvm.dll+0x247bf8]
V  [jvm.dll+0xc018c]
V  [jvm.dll+0xc06cc]
V  [jvm.dll+0x35b2db]
V  [jvm.dll+0x328803]
V  [jvm.dll+0x327cfa]
V  [jvm.dll+0x200602]
V  [jvm.dll+0x1ff794]
V  [jvm.dll+0x18868c]
V  [jvm.dll+0x20e0d7]
V  [jvm.dll+0x20c901]
V  [jvm.dll+0x6f9b7f]
V  [jvm.dll+0x6f26a5]
V  [jvm.dll+0x5fabf6]
C  [ucrtbase.dll+0x6a0e1]
C  [KERNEL32.DLL+0x1458d]
C  [ntdll.dll+0x67558]


---------------  P R O C E S S  ---------------

Threads class SMR info:
_java_thread_list=0x000002114e6e9c70, length=85, elements={
0x0000021125bea800, 0x000002114175c000, 0x0000021141766800, 0x00000211420e2800,
0x000002114177d800, 0x000002114177e000, 0x0000021141782000, 0x0000021141787800,
0x000002114178b800, 0x0000021142244800, 0x000002114495a800, 0x00000211445a2800,
0x000002114466c800, 0x0000021144882000, 0x0000021144881000, 0x0000021144886000,
0x0000021144883000, 0x0000021144884800, 0x000002114604a000, 0x0000021146044000,
0x0000021146046800, 0x000002114604d000, 0x000002114604c800, 0x0000021144d9b000,
0x0000021144d9a800, 0x0000021143022800, 0x0000021146399000, 0x000002114604a800,
0x0000021146045000, 0x0000021146047800, 0x000002114604e000, 0x000002114604f000,
0x000002114604f800, 0x0000021146050800, 0x0000021146051000, 0x000002114604b800,
0x0000021146052000, 0x0000021149672000, 0x0000021149675800, 0x0000021149673000,
0x0000021149678800, 0x0000021149679800, 0x0000021149673800, 0x000002114967a000,
0x0000021149677000, 0x0000021149674800, 0x000002114967b000, 0x0000021149676000,
0x0000021149680000, 0x000002114967f000, 0x000002114967e800, 0x000002114967c800,
0x000002114967d800, 0x0000021149680800, 0x000002114967c000, 0x000002114301f800,
0x000002114301e800, 0x000002114301c000, 0x0000021143020000, 0x0000021143021000,
0x000002114301d000, 0x000002114301b000, 0x0000021143023800, 0x0000021143022000,
0x000002114301d800, 0x0000021143024000, 0x0000021143026000, 0x0000021143026800,
0x0000021143029000, 0x000002114302a000, 0x0000021143025000, 0x0000021143027800,
0x0000021143028800, 0x0000021146393000, 0x0000021146390000, 0x0000021146394000,
0x0000021146396800, 0x0000021146391000, 0x0000021146397800, 0x0000021146395000,
0x0000021146391800, 0x0000021146398000, 0x0000021146395800, 0x000002114639d000,
0x000002114639b800
}

Java Threads: ( => current thread )
  0x0000021125bea800 JavaThread "main" [_thread_blocked, id=2348, stack(0x000000ab0ae00000,0x000000ab0af00000)]
  0x000002114175c000 JavaThread "Reference Handler" daemon [_thread_blocked, id=608, stack(0x000000ab0b500000,0x000000ab0b600000)]
  0x0000021141766800 JavaThread "Finalizer" daemon [_thread_blocked, id=7520, stack(0x000000ab0b600000,0x000000ab0b700000)]
  0x00000211420e2800 JavaThread "Signal Dispatcher" daemon [_thread_blocked, id=5112, stack(0x000000ab0b700000,0x000000ab0b800000)]
  0x000002114177d800 JavaThread "Attach Listener" daemon [_thread_blocked, id=7880, stack(0x000000ab0b800000,0x000000ab0b900000)]
  0x000002114177e000 JavaThread "Service Thread" daemon [_thread_blocked, id=10616, stack(0x000000ab0b900000,0x000000ab0ba00000)]
=>0x0000021141782000 JavaThread "C2 CompilerThread0" daemon [_thread_in_native, id=7744, stack(0x000000ab0ba00000,0x000000ab0bb00000)]
  0x0000021141787800 JavaThread "C1 CompilerThread0" daemon [_thread_blocked, id=12520, stack(0x000000ab0bb00000,0x000000ab0bc00000)]
  0x000002114178b800 JavaThread "Sweeper thread" daemon [_thread_blocked, id=11160, stack(0x000000ab0bc00000,0x000000ab0bd00000)]
  0x0000021142244800 JavaThread "Common-Cleaner" daemon [_thread_blocked, id=4372, stack(0x000000ab0bd00000,0x000000ab0be00000)]
  0x000002114495a800 JavaThread "Daemon health stats" [_thread_blocked, id=3980, stack(0x000000ab0c200000,0x000000ab0c300000)]
  0x00000211445a2800 JavaThread "Incoming local TCP Connector on port 50501" [_thread_in_native, id=12204, stack(0x000000ab0bf00000,0x000000ab0c000000)]
  0x000002114466c800 JavaThread "Daemon periodic checks" [_thread_blocked, id=3104, stack(0x000000ab0c300000,0x000000ab0c400000)]
  0x0000021144882000 JavaThread "Cache worker for journal cache (C:\Users\DELL\.gradle\caches\journal-1)" [_thread_blocked, id=8240, stack(0x000000ab0cb00000,0x000000ab0cc00000)]
  0x0000021144881000 JavaThread "File lock request listener" [_thread_in_native, id=6368, stack(0x000000ab0cd00000,0x000000ab0ce00000)]
  0x0000021144886000 JavaThread "Cache worker for file hash cache (C:\Users\DELL\.gradle\caches\7.3.3\fileHashes)" [_thread_blocked, id=3708, stack(0x000000ab0ce00000,0x000000ab0cf00000)]
  0x0000021144883000 JavaThread "File watcher server" daemon [_thread_in_native, id=8592, stack(0x000000ab0d100000,0x000000ab0d200000)]
  0x0000021144884800 JavaThread "File watcher consumer" daemon [_thread_blocked, id=6464, stack(0x000000ab0d200000,0x000000ab0d300000)]
  0x000002114604a000 JavaThread "Cache worker for execution history cache (C:\Users\DELL\.gradle\caches\7.3.3\executionHistory)" [_thread_blocked, id=12112, stack(0x000000ab0d600000,0x000000ab0d700000)]
  0x0000021146044000 JavaThread "jar transforms" [_thread_blocked, id=7064, stack(0x000000ab0d700000,0x000000ab0d800000)]
  0x0000021146046800 JavaThread "Cache worker for file content cache (C:\Users\DELL\.gradle\caches\7.3.3\fileContent)" [_thread_blocked, id=9856, stack(0x000000ab0d800000,0x000000ab0d900000)]
  0x000002114604d000 JavaThread "jar transforms Thread 2" [_thread_blocked, id=7652, stack(0x000000ab0d900000,0x000000ab0da00000)]
  0x000002114604c800 JavaThread "jar transforms Thread 3" [_thread_blocked, id=1052, stack(0x000000ab0db00000,0x000000ab0dc00000)]
  0x0000021144d9b000 JavaThread "jar transforms Thread 4" [_thread_blocked, id=9072, stack(0x000000ab10500000,0x000000ab10600000)]
  0x0000021144d9a800 JavaThread "Memory manager" [_thread_blocked, id=2384, stack(0x000000ab10600000,0x000000ab10700000)]
  0x0000021143022800 JavaThread "Cache worker for Java compile cache (C:\Users\DELL\.gradle\caches\7.3.3\javaCompile)" [_thread_blocked, id=5764, stack(0x000000ab10900000,0x000000ab10a00000)]
  0x0000021146399000 JavaThread "ForkJoinPool.commonPool-worker-3" daemon [_thread_blocked, id=1920, stack(0x000000ab11400000,0x000000ab11500000)]
  0x000002114604a800 JavaThread "Daemon Thread 8" [_thread_blocked, id=9944, stack(0x000000ab0ab00000,0x000000ab0ac00000)]
  0x0000021146045000 JavaThread "Handler for socket connection from /127.0.0.1:50501 to /127.0.0.1:51519" [_thread_in_native, id=2012, stack(0x000000ab0ac00000,0x000000ab0ad00000)]
  0x0000021146047800 JavaThread "Cancel handler" [_thread_blocked, id=3748, stack(0x000000ab0ad00000,0x000000ab0ae00000)]
  0x000002114604e000 JavaThread "Daemon worker Thread 8" [_thread_blocked, id=7324, stack(0x000000ab0c400000,0x000000ab0c500000)]
  0x000002114604f000 JavaThread "Asynchronous log dispatcher for DefaultDaemonConnection: socket connection from /127.0.0.1:50501 to /127.0.0.1:51519" [_thread_blocked, id=13032, stack(0x000000ab0c500000,0x000000ab0c600000)]
  0x000002114604f800 JavaThread "Stdin handler" [_thread_blocked, id=12224, stack(0x000000ab0c600000,0x000000ab0c700000)]
  0x0000021146050800 JavaThread "Daemon client event forwarder" [_thread_blocked, id=11156, stack(0x000000ab0c700000,0x000000ab0c800000)]
  0x0000021146051000 JavaThread "Cache worker for file hash cache (C:\Users\DELL\AndroidStudioProjects\Assign_2_BSCS_19011519006\.gradle\7.3.3\fileHashes)" [_thread_blocked, id=13104, stack(0x000000ab0c800000,0x000000ab0c900000)]
  0x000002114604b800 JavaThread "Cache worker for checksums cache (C:\Users\DELL\AndroidStudioProjects\Assign_2_BSCS_19011519006\.gradle\7.3.3\checksums)" [_thread_blocked, id=7260, stack(0x000000ab0c900000,0x000000ab0ca00000)]
  0x0000021146052000 JavaThread "Cache worker for cache directory md-supplier (C:\Users\DELL\.gradle\caches\7.3.3\md-supplier)" [_thread_blocked, id=9984, stack(0x000000ab0ca00000,0x000000ab0cb00000)]
  0x0000021149672000 JavaThread "Cache worker for cache directory md-rule (C:\Users\DELL\.gradle\caches\7.3.3\md-rule)" [_thread_blocked, id=2248, stack(0x000000ab0cf00000,0x000000ab0d000000)]
  0x0000021149675800 JavaThread "Cache worker for dependencies-accessors (C:\Users\DELL\AndroidStudioProjects\Assign_2_BSCS_19011519006\.gradle\7.3.3\dependencies-accessors)" [_thread_blocked, id=11124, stack(0x000000ab0d000000,0x000000ab0d100000)]
  0x0000021149673000 JavaThread "Cache worker for Build Output Cleanup Cache (C:\Users\DELL\AndroidStudioProjects\Assign_2_BSCS_19011519006\.gradle\buildOutputCleanup)" [_thread_blocked, id=6688, stack(0x000000ab0d300000,0x000000ab0d400000)]
  0x0000021149678800 JavaThread "Unconstrained build operations" [_thread_blocked, id=2388, stack(0x000000ab0d400000,0x000000ab0d500000)]
  0x0000021149679800 JavaThread "Unconstrained build operations Thread 2" [_thread_blocked, id=6284, stack(0x000000ab0d500000,0x000000ab0d600000)]
  0x0000021149673800 JavaThread "Unconstrained build operations Thread 3" [_thread_blocked, id=6440, stack(0x000000ab0da00000,0x000000ab0db00000)]
  0x000002114967a000 JavaThread "Unconstrained build operations Thread 4" [_thread_blocked, id=288, stack(0x000000ab0dc00000,0x000000ab0dd00000)]
  0x0000021149677000 JavaThread "Unconstrained build operations Thread 5" [_thread_blocked, id=4092, stack(0x000000ab0dd00000,0x000000ab0de00000)]
  0x0000021149674800 JavaThread "Unconstrained build operations Thread 6" [_thread_blocked, id=12320, stack(0x000000ab0de00000,0x000000ab0df00000)]
  0x000002114967b000 JavaThread "Unconstrained build operations Thread 7" [_thread_blocked, id=5172, stack(0x000000ab0df00000,0x000000ab0e000000)]
  0x0000021149676000 JavaThread "Unconstrained build operations Thread 8" [_thread_blocked, id=9908, stack(0x000000ab0e000000,0x000000ab0e100000)]
  0x0000021149680000 JavaThread "Unconstrained build operations Thread 9" [_thread_blocked, id=10484, stack(0x000000ab0e100000,0x000000ab0e200000)]
  0x000002114967f000 JavaThread "Unconstrained build operations Thread 10" [_thread_blocked, id=11032, stack(0x000000ab0e200000,0x000000ab0e300000)]
  0x000002114967e800 JavaThread "Unconstrained build operations Thread 11" [_thread_blocked, id=7736, stack(0x000000ab0e300000,0x000000ab0e400000)]
  0x000002114967c800 JavaThread "Unconstrained build operations Thread 12" [_thread_blocked, id=3596, stack(0x000000ab0e400000,0x000000ab0e500000)]
  0x000002114967d800 JavaThread "Unconstrained build operations Thread 13" [_thread_blocked, id=3476, stack(0x000000ab0e500000,0x000000ab0e600000)]
  0x0000021149680800 JavaThread "Unconstrained build operations Thread 14" [_thread_blocked, id=2808, stack(0x000000ab0e600000,0x000000ab0e700000)]
  0x000002114967c000 JavaThread "Unconstrained build operations Thread 15" [_thread_blocked, id=2080, stack(0x000000ab0e700000,0x000000ab0e800000)]
  0x000002114301f800 JavaThread "Unconstrained build operations Thread 16" [_thread_blocked, id=2164, stack(0x000000ab0e800000,0x000000ab0e900000)]
  0x000002114301e800 JavaThread "Unconstrained build operations Thread 17" [_thread_blocked, id=5188, stack(0x000000ab0e900000,0x000000ab0ea00000)]
  0x000002114301c000 JavaThread "Unconstrained build operations Thread 18" [_thread_blocked, id=956, stack(0x000000ab0ea00000,0x000000ab0eb00000)]
  0x0000021143020000 JavaThread "Unconstrained build operations Thread 19" [_thread_blocked, id=4160, stack(0x000000ab0eb00000,0x000000ab0ec00000)]
  0x0000021143021000 JavaThread "Unconstrained build operations Thread 20" [_thread_blocked, id=5776, stack(0x000000ab0ec00000,0x000000ab0ed00000)]
  0x000002114301d000 JavaThread "Unconstrained build operations Thread 21" [_thread_blocked, id=4856, stack(0x000000ab0ed00000,0x000000ab0ee00000)]
  0x000002114301b000 JavaThread "Unconstrained build operations Thread 22" [_thread_blocked, id=3432, stack(0x000000ab0ee00000,0x000000ab0ef00000)]
  0x0000021143023800 JavaThread "Unconstrained build operations Thread 23" [_thread_blocked, id=4668, stack(0x000000ab0ef00000,0x000000ab0f000000)]
  0x0000021143022000 JavaThread "Unconstrained build operations Thread 24" [_thread_blocked, id=9280, stack(0x000000ab0f000000,0x000000ab0f100000)]
  0x000002114301d800 JavaThread "Unconstrained build operations Thread 25" [_thread_blocked, id=6712, stack(0x000000ab0f100000,0x000000ab0f200000)]
  0x0000021143024000 JavaThread "Unconstrained build operations Thread 26" [_thread_blocked, id=5132, stack(0x000000ab0f200000,0x000000ab0f300000)]
  0x0000021143026000 JavaThread "Unconstrained build operations Thread 27" [_thread_blocked, id=10848, stack(0x000000ab0f300000,0x000000ab0f400000)]
  0x0000021143026800 JavaThread "Unconstrained build operations Thread 28" [_thread_blocked, id=7056, stack(0x000000ab0f400000,0x000000ab0f500000)]
  0x0000021143029000 JavaThread "Unconstrained build operations Thread 29" [_thread_blocked, id=464, stack(0x000000ab0f500000,0x000000ab0f600000)]
  0x000002114302a000 JavaThread "Unconstrained build operations Thread 30" [_thread_blocked, id=11144, stack(0x000000ab0f600000,0x000000ab0f700000)]
  0x0000021143025000 JavaThread "Unconstrained build operations Thread 31" [_thread_blocked, id=11408, stack(0x000000ab0f700000,0x000000ab0f800000)]
  0x0000021143027800 JavaThread "Unconstrained build operations Thread 32" [_thread_blocked, id=11980, stack(0x000000ab0f800000,0x000000ab0f900000)]
  0x0000021143028800 JavaThread "Unconstrained build operations Thread 33" [_thread_blocked, id=4556, stack(0x000000ab0f900000,0x000000ab0fa00000)]
  0x0000021146393000 JavaThread "Unconstrained build operations Thread 34" [_thread_blocked, id=8660, stack(0x000000ab0fa00000,0x000000ab0fb00000)]
  0x0000021146390000 JavaThread "Unconstrained build operations Thread 35" [_thread_blocked, id=8900, stack(0x000000ab0fb00000,0x000000ab0fc00000)]
  0x0000021146394000 JavaThread "Unconstrained build operations Thread 36" [_thread_blocked, id=3736, stack(0x000000ab0fc00000,0x000000ab0fd00000)]
  0x0000021146396800 JavaThread "Unconstrained build operations Thread 37" [_thread_blocked, id=10872, stack(0x000000ab0fd00000,0x000000ab0fe00000)]
  0x0000021146391000 JavaThread "Unconstrained build operations Thread 38" [_thread_blocked, id=1380, stack(0x000000ab0fe00000,0x000000ab0ff00000)]
  0x0000021146397800 JavaThread "Unconstrained build operations Thread 39" [_thread_blocked, id=6860, stack(0x000000ab0ff00000,0x000000ab10000000)]
  0x0000021146395000 JavaThread "Unconstrained build operations Thread 40" [_thread_blocked, id=12400, stack(0x000000ab10000000,0x000000ab10100000)]
  0x0000021146391800 JavaThread "build event listener" [_thread_blocked, id=1384, stack(0x000000ab10100000,0x000000ab10200000)]
  0x0000021146398000 JavaThread "Execution worker for ':'" [_thread_blocked, id=1444, stack(0x000000ab10200000,0x000000ab10300000)]
  0x0000021146395800 JavaThread "Execution worker for ':' Thread 2" [_thread_in_Java, id=12268, stack(0x000000ab10300000,0x000000ab10400000)]
  0x000002114639d000 JavaThread "Execution worker for ':' Thread 3" [_thread_blocked, id=2004, stack(0x000000ab10400000,0x000000ab10500000)]
  0x000002114639b800 JavaThread "Cache worker for execution history cache (C:\Users\DELL\AndroidStudioProjects\Assign_2_BSCS_19011519006\.gradle\7.3.3\executionHistory)" [_thread_blocked, id=3488, stack(0x000000ab10700000,0x000000ab10800000)]

Other Threads:
  0x0000021141758000 VMThread "VM Thread" [stack: 0x000000ab0b400000,0x000000ab0b500000] [id=11936]
  0x0000021142254000 WatcherThread [stack: 0x000000ab0be00000,0x000000ab0bf00000] [id=11464]
  0x0000021125c03800 GCTaskThread "GC Thread#0" [stack: 0x000000ab0af00000,0x000000ab0b000000] [id=10940]
  0x0000021142d29000 GCTaskThread "GC Thread#1" [stack: 0x000000ab0c000000,0x000000ab0c100000] [id=7016]
  0x0000021142d31800 GCTaskThread "GC Thread#2" [stack: 0x000000ab0c100000,0x000000ab0c200000] [id=8820]
  0x0000021143f50000 GCTaskThread "GC Thread#3" [stack: 0x000000ab0cc00000,0x000000ab0cd00000] [id=10500]
  0x0000021125c37000 ConcurrentGCThread "G1 Main Marker" [stack: 0x000000ab0b000000,0x000000ab0b100000] [id=4984]
  0x0000021125c39000 ConcurrentGCThread "G1 Conc#0" [stack: 0x000000ab0b100000,0x000000ab0b200000] [id=9868]
  0x00000211415b0800 ConcurrentGCThread "G1 Refine#0" [stack: 0x000000ab0b200000,0x000000ab0b300000] [id=11232]
  0x00000211415b1800 ConcurrentGCThread "G1 Young RemSet Sampling" [stack: 0x000000ab0b300000,0x000000ab0b400000] [id=2096]

Threads with active compile tasks:
C2 CompilerThread03302152 22628       4       org.gradle.internal.operations.DefaultBuildOperationRunner::execute (147 bytes)

VM state:not at safepoint (normal execution)

VM Mutex/Monitor currently owned by a thread: None

Heap address: 0x0000000080000000, size: 2048 MB, Compressed Oops mode: 32-bit
Narrow klass base: 0x0000000000000000, Narrow klass shift: 3
Compressed class space size: 1073741824 Address: 0x0000000100000000

Heap:
 garbage-first heap   total 225280K, used 145140K [0x0000000080000000, 0x0000000100000000)
  region size 1024K, 51 young (52224K), 1 survivors (1024K)
 Metaspace       used 124850K, capacity 128603K, committed 128876K, reserved 1161216K
  class space    used 15581K, capacity 16958K, committed 17088K, reserved 1048576K
Heap Regions: E=young(eden), S=young(survivor), O=old, HS=humongous(starts), HC=humongous(continues), CS=collection set, F=free, A=archive, TAMS=top-at-mark-start (previous, next)
|   0|0x0000000080000000, 0x0000000080100000, 0x0000000080100000|100%| O|  |TAMS 0x0000000080100000, 0x0000000080000000| Untracked 
|   1|0x0000000080100000, 0x0000000080200000, 0x0000000080200000|100%| O|  |TAMS 0x0000000080200000, 0x0000000080100000| Untracked 
|   2|0x0000000080200000, 0x0000000080300000, 0x0000000080300000|100%| O|  |TAMS 0x0000000080300000, 0x0000000080200000| Untracked 
|   3|0x0000000080300000, 0x0000000080400000, 0x0000000080400000|100%|HS|  |TAMS 0x0000000080400000, 0x0000000080300000| Complete 
|   4|0x0000000080400000, 0x0000000080500000, 0x0000000080500000|100%|HC|  |TAMS 0x0000000080500000, 0x0000000080400000| Complete 
|   5|0x0000000080500000, 0x0000000080600000, 0x0000000080600000|100%|HC|  |TAMS 0x0000000080600000, 0x0000000080500000| Complete 
|   6|0x0000000080600000, 0x0000000080700000, 0x0000000080700000|100%| O|  |TAMS 0x0000000080700000, 0x0000000080600000| Untracked 
|   7|0x0000000080700000, 0x0000000080800000, 0x0000000080800000|100%| O|  |TAMS 0x0000000080800000, 0x0000000080700000| Untracked 
|   8|0x0000000080800000, 0x0000000080900000, 0x0000000080900000|100%| O|  |TAMS 0x0000000080900000, 0x0000000080800000| Untracked 
|   9|0x0000000080900000, 0x0000000080a00000, 0x0000000080a00000|100%| O|  |TAMS 0x0000000080a00000, 0x0000000080900000| Untracked 
|  10|0x0000000080a00000, 0x0000000080b00000, 0x0000000080b00000|100%| O|  |TAMS 0x0000000080b00000, 0x0000000080a00000| Untracked 
|  11|0x0000000080b00000, 0x0000000080c00000, 0x0000000080c00000|100%| O|  |TAMS 0x0000000080c00000, 0x0000000080b00000| Untracked 
|  12|0x0000000080c00000, 0x0000000080d00000, 0x0000000080d00000|100%| O|  |TAMS 0x0000000080d00000, 0x0000000080c00000| Untracked 
|  13|0x0000000080d00000, 0x0000000080e00000, 0x0000000080e00000|100%| O|  |TAMS 0x0000000080e00000, 0x0000000080d00000| Untracked 
|  14|0x0000000080e00000, 0x0000000080f00000, 0x0000000080f00000|100%| O|  |TAMS 0x0000000080f00000, 0x0000000080e00000| Untracked 
|  15|0x0000000080f00000, 0x0000000081000000, 0x0000000081000000|100%| O|  |TAMS 0x0000000081000000, 0x0000000080f00000| Untracked 
|  16|0x0000000081000000, 0x0000000081100000, 0x0000000081100000|100%| O|  |TAMS 0x0000000081100000, 0x0000000081000000| Untracked 
|  17|0x0000000081100000, 0x0000000081200000, 0x0000000081200000|100%| O|  |TAMS 0x0000000081200000, 0x0000000081100000| Untracked 
|  18|0x0000000081200000, 0x0000000081300000, 0x0000000081300000|100%| O|  |TAMS 0x0000000081300000, 0x0000000081200000| Untracked 
|  19|0x0000000081300000, 0x0000000081400000, 0x0000000081400000|100%| O|  |TAMS 0x0000000081400000, 0x0000000081300000| Untracked 
|  20|0x0000000081400000, 0x0000000081500000, 0x0000000081500000|100%| O|  |TAMS 0x0000000081500000, 0x0000000081400000| Untracked 
|  21|0x0000000081500000, 0x0000000081600000, 0x0000000081600000|100%| O|  |TAMS 0x0000000081500000, 0x0000000081500000| Untracked 
|  22|0x0000000081600000, 0x0000000081700000, 0x0000000081700000|100%| O|  |TAMS 0x0000000081700000, 0x0000000081600000| Untracked 
|  23|0x0000000081700000, 0x0000000081800000, 0x0000000081800000|100%| O|  |TAMS 0x0000000081800000, 0x0000000081700000| Untracked 
|  24|0x0000000081800000, 0x0000000081900000, 0x0000000081900000|100%| O|  |TAMS 0x0000000081900000, 0x0000000081800000| Untracked 
|  25|0x0000000081900000, 0x0000000081a00000, 0x0000000081a00000|100%| O|  |TAMS 0x0000000081a00000, 0x0000000081900000| Untracked 
|  26|0x0000000081a00000, 0x0000000081b00000, 0x0000000081b00000|100%| O|  |TAMS 0x0000000081b00000, 0x0000000081a00000| Untracked 
|  27|0x0000000081b00000, 0x0000000081c00000, 0x0000000081c00000|100%|HS|  |TAMS 0x0000000081c00000, 0x0000000081b00000| Complete 
|  28|0x0000000081c00000, 0x0000000081d00000, 0x0000000081d00000|100%|HS|  |TAMS 0x0000000081d00000, 0x0000000081c00000| Complete 
|  29|0x0000000081d00000, 0x0000000081e00000, 0x0000000081e00000|100%|HS|  |TAMS 0x0000000081e00000, 0x0000000081d00000| Complete 
|  30|0x0000000081e00000, 0x0000000081f00000, 0x0000000081f00000|100%|HC|  |TAMS 0x0000000081f00000, 0x0000000081e00000| Complete 
|  31|0x0000000081f00000, 0x0000000082000000, 0x0000000082000000|100%| O|  |TAMS 0x0000000082000000, 0x0000000081f00000| Untracked 
|  32|0x0000000082000000, 0x0000000082100000, 0x0000000082100000|100%| O|  |TAMS 0x0000000082100000, 0x0000000082000000| Untracked 
|  33|0x0000000082100000, 0x0000000082200000, 0x0000000082200000|100%| O|  |TAMS 0x0000000082200000, 0x0000000082100000| Untracked 
|  34|0x0000000082200000, 0x0000000082300000, 0x0000000082300000|100%| O|  |TAMS 0x0000000082300000, 0x0000000082200000| Untracked 
|  35|0x0000000082300000, 0x0000000082400000, 0x0000000082400000|100%| O|  |TAMS 0x0000000082300000, 0x0000000082300000| Untracked 
|  36|0x0000000082400000, 0x0000000082500000, 0x0000000082500000|100%| O|  |TAMS 0x0000000082500000, 0x0000000082400000| Untracked 
|  37|0x0000000082500000, 0x0000000082600000, 0x0000000082600000|100%| O|  |TAMS 0x0000000082600000, 0x0000000082500000| Untracked 
|  38|0x0000000082600000, 0x0000000082700000, 0x0000000082700000|100%| O|  |TAMS 0x0000000082700000, 0x0000000082600000| Untracked 
|  39|0x0000000082700000, 0x0000000082800000, 0x0000000082800000|100%| O|  |TAMS 0x0000000082800000, 0x0000000082700000| Untracked 
|  40|0x0000000082800000, 0x0000000082900000, 0x0000000082900000|100%| O|  |TAMS 0x0000000082900000, 0x0000000082800000| Untracked 
|  41|0x0000000082900000, 0x0000000082a00000, 0x0000000082a00000|100%| O|  |TAMS 0x0000000082a00000, 0x0000000082900000| Untracked 
|  42|0x0000000082a00000, 0x0000000082b00000, 0x0000000082b00000|100%| O|  |TAMS 0x0000000082b00000, 0x0000000082a00000| Untracked 
|  43|0x0000000082b00000, 0x0000000082c00000, 0x0000000082c00000|100%| O|  |TAMS 0x0000000082c00000, 0x0000000082b00000| Untracked 
|  44|0x0000000082c00000, 0x0000000082d00000, 0x0000000082d00000|100%| O|  |TAMS 0x0000000082d00000, 0x0000000082c00000| Untracked 
|  45|0x0000000082d00000, 0x0000000082e00000, 0x0000000082e00000|100%| O|  |TAMS 0x0000000082e00000, 0x0000000082d00000| Untracked 
|  46|0x0000000082e00000, 0x0000000082f00000, 0x0000000082f00000|100%| O|  |TAMS 0x0000000082f00000, 0x0000000082e00000| Untracked 
|  47|0x0000000082f00000, 0x0000000083000000, 0x0000000083000000|100%| O|  |TAMS 0x0000000083000000, 0x0000000082f00000| Untracked 
|  48|0x0000000083000000, 0x0000000083100000, 0x0000000083100000|100%| O|  |TAMS 0x0000000083100000, 0x0000000083000000| Untracked 
|  49|0x0000000083100000, 0x0000000083200000, 0x0000000083200000|100%| O|  |TAMS 0x0000000083200000, 0x0000000083100000| Untracked 
|  50|0x0000000083200000, 0x0000000083200000, 0x0000000083300000|  0%| F|  |TAMS 0x0000000083200000, 0x0000000083200000| Untracked 
|  51|0x0000000083300000, 0x0000000083300000, 0x0000000083400000|  0%| F|  |TAMS 0x0000000083300000, 0x0000000083300000| Untracked 
|  52|0x0000000083400000, 0x0000000083500000, 0x0000000083500000|100%| O|  |TAMS 0x0000000083500000, 0x0000000083400000| Untracked 
|  53|0x0000000083500000, 0x0000000083600000, 0x0000000083600000|100%| O|  |TAMS 0x0000000083600000, 0x0000000083500000| Untracked 
|  54|0x0000000083600000, 0x0000000083700000, 0x0000000083700000|100%| O|  |TAMS 0x0000000083700000, 0x0000000083600000| Untracked 
|  55|0x0000000083700000, 0x0000000083800000, 0x0000000083800000|100%| O|  |TAMS 0x0000000083800000, 0x0000000083700000| Untracked 
|  56|0x0000000083800000, 0x000000008383be00, 0x0000000083900000| 23%| O|  |TAMS 0x0000000083800000, 0x0000000083800000| Untracked 
|  57|0x0000000083900000, 0x0000000083a00000, 0x0000000083a00000|100%| O|  |TAMS 0x0000000083a00000, 0x0000000083900000| Untracked 
|  58|0x0000000083a00000, 0x0000000083b00000, 0x0000000083b00000|100%| O|  |TAMS 0x0000000083b00000, 0x0000000083a00000| Untracked 
|  59|0x0000000083b00000, 0x0000000083c00000, 0x0000000083c00000|100%| O|  |TAMS 0x0000000083c00000, 0x0000000083b00000| Untracked 
|  60|0x0000000083c00000, 0x0000000083d00000, 0x0000000083d00000|100%| O|  |TAMS 0x0000000083d00000, 0x0000000083c00000| Untracked 
|  61|0x0000000083d00000, 0x0000000083d00000, 0x0000000083e00000|  0%| F|  |TAMS 0x0000000083d00000, 0x0000000083d00000| Untracked 
|  62|0x0000000083e00000, 0x0000000083f00000, 0x0000000083f00000|100%| O|  |TAMS 0x0000000083ee1000, 0x0000000083e00000| Untracked 
|  63|0x0000000083f00000, 0x0000000084000000, 0x0000000084000000|100%| O|  |TAMS 0x0000000084000000, 0x0000000083f00000| Untracked 
|  64|0x0000000084000000, 0x0000000084100000, 0x0000000084100000|100%| O|  |TAMS 0x0000000084100000, 0x0000000084000000| Untracked 
|  65|0x0000000084100000, 0x0000000084200000, 0x0000000084200000|100%| O|  |TAMS 0x0000000084200000, 0x0000000084100000| Untracked 
|  66|0x0000000084200000, 0x0000000084300000, 0x0000000084300000|100%| O|  |TAMS 0x0000000084300000, 0x0000000084200000| Untracked 
|  67|0x0000000084300000, 0x0000000084300000, 0x0000000084400000|  0%| F|  |TAMS 0x0000000084300000, 0x0000000084300000| Untracked 
|  68|0x0000000084400000, 0x0000000084500000, 0x0000000084500000|100%| O|  |TAMS 0x0000000084500000, 0x0000000084400000| Untracked 
|  69|0x0000000084500000, 0x0000000084600000, 0x0000000084600000|100%| O|  |TAMS 0x0000000084600000, 0x0000000084500000| Untracked 
|  70|0x0000000084600000, 0x0000000084700000, 0x0000000084700000|100%| O|  |TAMS 0x0000000084700000, 0x0000000084600000| Untracked 
|  71|0x0000000084700000, 0x0000000084800000, 0x0000000084800000|100%| O|  |TAMS 0x0000000084800000, 0x0000000084700000| Untracked 
|  72|0x0000000084800000, 0x0000000084900000, 0x0000000084900000|100%| O|  |TAMS 0x0000000084900000, 0x0000000084800000| Untracked 
|  73|0x0000000084900000, 0x0000000084900000, 0x0000000084a00000|  0%| F|  |TAMS 0x0000000084900000, 0x0000000084900000| Untracked 
|  74|0x0000000084a00000, 0x0000000084b00000, 0x0000000084b00000|100%| O|  |TAMS 0x0000000084b00000, 0x0000000084a00000| Untracked 
|  75|0x0000000084b00000, 0x0000000084b00000, 0x0000000084c00000|  0%| F|  |TAMS 0x0000000084b00000, 0x0000000084b00000| Untracked 
|  76|0x0000000084c00000, 0x0000000084d00000, 0x0000000084d00000|100%| O|  |TAMS 0x0000000084d00000, 0x0000000084c00000| Untracked 
|  77|0x0000000084d00000, 0x0000000084d00000, 0x0000000084e00000|  0%| F|  |TAMS 0x0000000084d00000, 0x0000000084d00000| Untracked 
|  78|0x0000000084e00000, 0x0000000084e00000, 0x0000000084f00000|  0%| F|  |TAMS 0x0000000084e00000, 0x0000000084e00000| Untracked 
|  79|0x0000000084f00000, 0x0000000084f00000, 0x0000000085000000|  0%| F|  |TAMS 0x0000000084f00000, 0x0000000084f00000| Untracked 
|  80|0x0000000085000000, 0x0000000085000000, 0x0000000085100000|  0%| F|  |TAMS 0x0000000085000000, 0x0000000085000000| Untracked 
|  81|0x0000000085100000, 0x0000000085100000, 0x0000000085200000|  0%| F|  |TAMS 0x0000000085100000, 0x0000000085100000| Untracked 
|  82|0x0000000085200000, 0x0000000085200000, 0x0000000085300000|  0%| F|  |TAMS 0x0000000085200000, 0x0000000085200000| Untracked 
|  83|0x0000000085300000, 0x0000000085300000, 0x0000000085400000|  0%| F|  |TAMS 0x0000000085300000, 0x0000000085300000| Untracked 
|  84|0x0000000085400000, 0x0000000085400000, 0x0000000085500000|  0%| F|  |TAMS 0x0000000085400000, 0x0000000085400000| Untracked 
|  85|0x0000000085500000, 0x0000000085600000, 0x0000000085600000|100%| O|  |TAMS 0x0000000085600000, 0x0000000085500000| Untracked 
|  86|0x0000000085600000, 0x0000000085600000, 0x0000000085700000|  0%| F|  |TAMS 0x0000000085600000, 0x0000000085600000| Untracked 
|  87|0x0000000085700000, 0x0000000085800000, 0x0000000085800000|100%| O|  |TAMS 0x0000000085800000, 0x0000000085700000| Untracked 
|  88|0x0000000085800000, 0x0000000085800000, 0x0000000085900000|  0%| F|  |TAMS 0x0000000085800000, 0x0000000085800000| Untracked 
|  89|0x0000000085900000, 0x0000000085a00000, 0x0000000085a00000|100%| O|  |TAMS 0x0000000085a00000, 0x0000000085900000| Untracked 
|  90|0x0000000085a00000, 0x0000000085b00000, 0x0000000085b00000|100%| O|  |TAMS 0x0000000085b00000, 0x0000000085a00000| Untracked 
|  91|0x0000000085b00000, 0x0000000085b00000, 0x0000000085c00000|  0%| F|  |TAMS 0x0000000085b00000, 0x0000000085b00000| Untracked 
|  92|0x0000000085c00000, 0x0000000085d00000, 0x0000000085d00000|100%| O|  |TAMS 0x0000000085d00000, 0x0000000085c00000| Untracked 
|  93|0x0000000085d00000, 0x0000000085d00000, 0x0000000085e00000|  0%| F|  |TAMS 0x0000000085d00000, 0x0000000085d00000| Untracked 
|  94|0x0000000085e00000, 0x0000000085e00000, 0x0000000085f00000|  0%| F|  |TAMS 0x0000000085e00000, 0x0000000085e00000| Untracked 
|  95|0x0000000085f00000, 0x0000000085f00000, 0x0000000086000000|  0%| F|  |TAMS 0x0000000085f00000, 0x0000000085f00000| Untracked 
|  96|0x0000000086000000, 0x0000000086100000, 0x0000000086100000|100%| O|  |TAMS 0x0000000086100000, 0x0000000086000000| Untracked 
|  97|0x0000000086100000, 0x0000000086200000, 0x0000000086200000|100%| O|  |TAMS 0x0000000086200000, 0x0000000086100000| Untracked 
|  98|0x0000000086200000, 0x0000000086300000, 0x0000000086300000|100%| O|  |TAMS 0x0000000086300000, 0x0000000086200000| Untracked 
|  99|0x0000000086300000, 0x0000000086300000, 0x0000000086400000|  0%| F|  |TAMS 0x0000000086300000, 0x0000000086300000| Untracked 
| 100|0x0000000086400000, 0x0000000086500000, 0x0000000086500000|100%| O|  |TAMS 0x0000000086500000, 0x0000000086400000| Untracked 
| 101|0x0000000086500000, 0x0000000086600000, 0x0000000086600000|100%| O|  |TAMS 0x0000000086600000, 0x0000000086500000| Untracked 
| 102|0x0000000086600000, 0x0000000086600000, 0x0000000086700000|  0%| F|  |TAMS 0x0000000086600000, 0x0000000086600000| Untracked 
| 103|0x0000000086700000, 0x0000000086700000, 0x0000000086800000|  0%| F|  |TAMS 0x0000000086700000, 0x0000000086700000| Untracked 
| 104|0x0000000086800000, 0x0000000086900000, 0x0000000086900000|100%|HS|  |TAMS 0x0000000086900000, 0x0000000086800000| Complete 
| 105|0x0000000086900000, 0x0000000086a00000, 0x0000000086a00000|100%|HC|  |TAMS 0x0000000086a00000, 0x0000000086900000| Complete 
| 106|0x0000000086a00000, 0x0000000086b00000, 0x0000000086b00000|100%|HS|  |TAMS 0x0000000086b00000, 0x0000000086a00000| Complete 
| 107|0x0000000086b00000, 0x0000000086c00000, 0x0000000086c00000|100%|HC|  |TAMS 0x0000000086c00000, 0x0000000086b00000| Complete 
| 108|0x0000000086c00000, 0x0000000086d00000, 0x0000000086d00000|100%|HC|  |TAMS 0x0000000086d00000, 0x0000000086c00000| Complete 
| 109|0x0000000086d00000, 0x0000000086e00000, 0x0000000086e00000|100%| O|  |TAMS 0x0000000086e00000, 0x0000000086d00000| Untracked 
| 110|0x0000000086e00000, 0x0000000086f00000, 0x0000000086f00000|100%| O|  |TAMS 0x0000000086f00000, 0x0000000086e00000| Untracked 
| 111|0x0000000086f00000, 0x0000000087000000, 0x0000000087000000|100%| O|  |TAMS 0x0000000087000000, 0x0000000086f00000| Untracked 
| 112|0x0000000087000000, 0x0000000087100000, 0x0000000087100000|100%| O|  |TAMS 0x0000000087100000, 0x0000000087000000| Untracked 
| 113|0x0000000087100000, 0x0000000087200000, 0x0000000087200000|100%| O|  |TAMS 0x0000000087200000, 0x0000000087100000| Untracked 
| 114|0x0000000087200000, 0x0000000087300000, 0x0000000087300000|100%| O|  |TAMS 0x0000000087300000, 0x0000000087200000| Untracked 
| 115|0x0000000087300000, 0x0000000087400000, 0x0000000087400000|100%| O|  |TAMS 0x0000000087400000, 0x0000000087300000| Untracked 
| 116|0x0000000087400000, 0x0000000087500000, 0x0000000087500000|100%| O|  |TAMS 0x0000000087500000, 0x0000000087400000| Untracked 
| 117|0x0000000087500000, 0x0000000087500000, 0x0000000087600000|  0%| F|  |TAMS 0x0000000087500000, 0x0000000087500000| Untracked 
| 118|0x0000000087600000, 0x0000000087600000, 0x0000000087700000|  0%| F|  |TAMS 0x0000000087600000, 0x0000000087600000| Untracked 
| 119|0x0000000087700000, 0x0000000087700000, 0x0000000087800000|  0%| F|  |TAMS 0x0000000087700000, 0x0000000087700000| Untracked 
| 120|0x0000000087800000, 0x0000000087800000, 0x0000000087900000|  0%| F|  |TAMS 0x0000000087800000, 0x0000000087800000| Untracked 
| 121|0x0000000087900000, 0x0000000087900000, 0x0000000087a00000|  0%| F|  |TAMS 0x0000000087900000, 0x0000000087900000| Untracked 
| 122|0x0000000087a00000, 0x0000000087a00000, 0x0000000087b00000|  0%| F|  |TAMS 0x0000000087a00000, 0x0000000087a00000| Untracked 
| 123|0x0000000087b00000, 0x0000000087b00000, 0x0000000087c00000|  0%| F|  |TAMS 0x0000000087b00000, 0x0000000087b00000| Untracked 
| 124|0x0000000087c00000, 0x0000000087c00000, 0x0000000087d00000|  0%| F|  |TAMS 0x0000000087c00000, 0x0000000087c00000| Untracked 
| 125|0x0000000087d00000, 0x0000000087d00000, 0x0000000087e00000|  0%| F|  |TAMS 0x0000000087d00000, 0x0000000087d00000| Untracked 
| 126|0x0000000087e00000, 0x0000000087e00000, 0x0000000087f00000|  0%| F|  |TAMS 0x0000000087e00000, 0x0000000087e00000| Untracked 
| 127|0x0000000087f00000, 0x0000000087f00000, 0x0000000088000000|  0%| F|  |TAMS 0x0000000087f00000, 0x0000000087f00000| Untracked 
| 128|0x0000000088000000, 0x0000000088000000, 0x0000000088100000|  0%| F|  |TAMS 0x0000000088000000, 0x0000000088000000| Untracked 
| 129|0x0000000088100000, 0x0000000088100000, 0x0000000088200000|  0%| F|  |TAMS 0x0000000088100000, 0x0000000088100000| Untracked 
| 130|0x0000000088200000, 0x0000000088200000, 0x0000000088300000|  0%| F|  |TAMS 0x0000000088200000, 0x0000000088200000| Untracked 
| 131|0x0000000088300000, 0x0000000088300000, 0x0000000088400000|  0%| F|  |TAMS 0x0000000088300000, 0x0000000088300000| Untracked 
| 132|0x0000000088400000, 0x0000000088400000, 0x0000000088500000|  0%| F|  |TAMS 0x0000000088400000, 0x0000000088400000| Untracked 
| 133|0x0000000088500000, 0x0000000088500000, 0x0000000088600000|  0%| F|  |TAMS 0x0000000088500000, 0x0000000088500000| Untracked 
| 134|0x0000000088600000, 0x0000000088600000, 0x0000000088700000|  0%| F|  |TAMS 0x0000000088600000, 0x0000000088600000| Untracked 
| 135|0x0000000088700000, 0x0000000088700000, 0x0000000088800000|  0%| F|  |TAMS 0x0000000088700000, 0x0000000088700000| Untracked 
| 136|0x0000000088800000, 0x0000000088800000, 0x0000000088900000|  0%| F|  |TAMS 0x0000000088800000, 0x0000000088800000| Untracked 
| 137|0x0000000088900000, 0x0000000088900000, 0x0000000088a00000|  0%| F|  |TAMS 0x0000000088900000, 0x0000000088900000| Untracked 
| 138|0x0000000088a00000, 0x0000000088a00000, 0x0000000088b00000|  0%| F|  |TAMS 0x0000000088a00000, 0x0000000088a00000| Untracked 
| 139|0x0000000088b00000, 0x0000000088b00000, 0x0000000088c00000|  0%| F|  |TAMS 0x0000000088b00000, 0x0000000088b00000| Untracked 
| 140|0x0000000088c00000, 0x0000000088c00000, 0x0000000088d00000|  0%| F|  |TAMS 0x0000000088c00000, 0x0000000088c00000| Untracked 
| 141|0x0000000088d00000, 0x0000000088d00000, 0x0000000088e00000|  0%| F|  |TAMS 0x0000000088d00000, 0x0000000088d00000| Untracked 
| 142|0x0000000088e00000, 0x0000000088e00000, 0x0000000088f00000|  0%| F|  |TAMS 0x0000000088e00000, 0x0000000088e00000| Untracked 
| 143|0x0000000088f00000, 0x0000000088f00000, 0x0000000089000000|  0%| F|  |TAMS 0x0000000088f00000, 0x0000000088f00000| Untracked 
| 144|0x0000000089000000, 0x0000000089000000, 0x0000000089100000|  0%| F|  |TAMS 0x0000000089000000, 0x0000000089000000| Untracked 
| 145|0x0000000089100000, 0x0000000089100000, 0x0000000089200000|  0%| F|  |TAMS 0x0000000089100000, 0x0000000089100000| Untracked 
| 146|0x0000000089200000, 0x0000000089200000, 0x0000000089300000|  0%| F|  |TAMS 0x0000000089200000, 0x0000000089200000| Untracked 
| 147|0x0000000089300000, 0x0000000089300000, 0x0000000089400000|  0%| F|  |TAMS 0x0000000089300000, 0x0000000089300000| Untracked 
| 148|0x0000000089400000, 0x0000000089400000, 0x0000000089500000|  0%| F|  |TAMS 0x0000000089400000, 0x0000000089400000| Untracked 
| 149|0x0000000089500000, 0x0000000089500000, 0x0000000089600000|  0%| F|  |TAMS 0x0000000089500000, 0x0000000089500000| Untracked 
| 150|0x0000000089600000, 0x0000000089600000, 0x0000000089700000|  0%| F|  |TAMS 0x0000000089600000, 0x0000000089600000| Untracked 
| 151|0x0000000089700000, 0x0000000089700000, 0x0000000089800000|  0%| F|  |TAMS 0x0000000089700000, 0x0000000089700000| Untracked 
| 152|0x0000000089800000, 0x0000000089800000, 0x0000000089900000|  0%| F|  |TAMS 0x0000000089800000, 0x0000000089800000| Untracked 
| 153|0x0000000089900000, 0x0000000089900000, 0x0000000089a00000|  0%| F|  |TAMS 0x0000000089900000, 0x0000000089900000| Untracked 
| 154|0x0000000089a00000, 0x0000000089a00000, 0x0000000089b00000|  0%| F|  |TAMS 0x0000000089a00000, 0x0000000089a00000| Untracked 
| 155|0x0000000089b00000, 0x0000000089b00000, 0x0000000089c00000|  0%| F|  |TAMS 0x0000000089b00000, 0x0000000089b00000| Untracked 
| 156|0x0000000089c00000, 0x0000000089c00000, 0x0000000089d00000|  0%| F|  |TAMS 0x0000000089c00000, 0x0000000089c00000| Untracked 
| 157|0x0000000089d00000, 0x0000000089d00000, 0x0000000089e00000|  0%| F|  |TAMS 0x0000000089d00000, 0x0000000089d00000| Untracked 
| 158|0x0000000089e00000, 0x0000000089e00000, 0x0000000089f00000|  0%| F|  |TAMS 0x0000000089e00000, 0x0000000089e00000| Untracked 
| 159|0x0000000089f00000, 0x0000000089f00000, 0x000000008a000000|  0%| F|  |TAMS 0x0000000089f00000, 0x0000000089f00000| Untracked 
| 160|0x000000008a000000, 0x000000008a000000, 0x000000008a100000|  0%| F|  |TAMS 0x000000008a000000, 0x000000008a000000| Untracked 
| 161|0x000000008a100000, 0x000000008a100000, 0x000000008a200000|  0%| F|  |TAMS 0x000000008a100000, 0x000000008a100000| Untracked 
| 162|0x000000008a200000, 0x000000008a200000, 0x000000008a300000|  0%| F|  |TAMS 0x000000008a200000, 0x000000008a200000| Untracked 
| 163|0x000000008a300000, 0x000000008a300000, 0x000000008a400000|  0%| F|  |TAMS 0x000000008a300000, 0x000000008a300000| Untracked 
| 164|0x000000008a400000, 0x000000008a400000, 0x000000008a500000|  0%| F|  |TAMS 0x000000008a400000, 0x000000008a400000| Untracked 
| 165|0x000000008a500000, 0x000000008a500000, 0x000000008a600000|  0%| F|  |TAMS 0x000000008a500000, 0x000000008a500000| Untracked 
| 166|0x000000008a600000, 0x000000008a600000, 0x000000008a700000|  0%| F|  |TAMS 0x000000008a600000, 0x000000008a600000| Untracked 
| 167|0x000000008a700000, 0x000000008a700000, 0x000000008a800000|  0%| F|  |TAMS 0x000000008a700000, 0x000000008a700000| Untracked 
| 168|0x000000008a800000, 0x000000008a82db30, 0x000000008a900000| 17%| E|  |TAMS 0x000000008a800000, 0x000000008a800000| Complete 
| 169|0x000000008a900000, 0x000000008aa00000, 0x000000008aa00000|100%| E|CS|TAMS 0x000000008a900000, 0x000000008a900000| Complete 
| 170|0x000000008aa00000, 0x000000008ab00000, 0x000000008ab00000|100%| E|CS|TAMS 0x000000008aa00000, 0x000000008aa00000| Complete 
| 171|0x000000008ab00000, 0x000000008ac00000, 0x000000008ac00000|100%| E|CS|TAMS 0x000000008ab00000, 0x000000008ab00000| Complete 
| 172|0x000000008ac00000, 0x000000008ad00000, 0x000000008ad00000|100%| E|CS|TAMS 0x000000008ac00000, 0x000000008ac00000| Complete 
| 173|0x000000008ad00000, 0x000000008ae00000, 0x000000008ae00000|100%| E|CS|TAMS 0x000000008ad00000, 0x000000008ad00000| Complete 
| 174|0x000000008ae00000, 0x000000008af00000, 0x000000008af00000|100%| E|CS|TAMS 0x000000008ae00000, 0x000000008ae00000| Complete 
| 175|0x000000008af00000, 0x000000008b000000, 0x000000008b000000|100%| E|CS|TAMS 0x000000008af00000, 0x000000008af00000| Complete 
| 176|0x000000008b000000, 0x000000008b100000, 0x000000008b100000|100%| E|CS|TAMS 0x000000008b000000, 0x000000008b000000| Complete 
| 177|0x000000008b100000, 0x000000008b200000, 0x000000008b200000|100%| E|  |TAMS 0x000000008b100000, 0x000000008b100000| Complete 
| 178|0x000000008b200000, 0x000000008b300000, 0x000000008b300000|100%| E|CS|TAMS 0x000000008b200000, 0x000000008b200000| Complete 
| 179|0x000000008b300000, 0x000000008b400000, 0x000000008b400000|100%| E|CS|TAMS 0x000000008b300000, 0x000000008b300000| Complete 
| 180|0x000000008b400000, 0x000000008b500000, 0x000000008b500000|100%| E|CS|TAMS 0x000000008b400000, 0x000000008b400000| Complete 
| 181|0x000000008b500000, 0x000000008b600000, 0x000000008b600000|100%| E|CS|TAMS 0x000000008b500000, 0x000000008b500000| Complete 
| 182|0x000000008b600000, 0x000000008b700000, 0x000000008b700000|100%| E|CS|TAMS 0x000000008b600000, 0x000000008b600000| Complete 
| 183|0x000000008b700000, 0x000000008b800000, 0x000000008b800000|100%| E|CS|TAMS 0x000000008b700000, 0x000000008b700000| Complete 
| 184|0x000000008b800000, 0x000000008b900000, 0x000000008b900000|100%| E|CS|TAMS 0x000000008b800000, 0x000000008b800000| Complete 
| 185|0x000000008b900000, 0x000000008ba00000, 0x000000008ba00000|100%| E|CS|TAMS 0x000000008b900000, 0x000000008b900000| Complete 
| 186|0x000000008ba00000, 0x000000008bb00000, 0x000000008bb00000|100%| E|CS|TAMS 0x000000008ba00000, 0x000000008ba00000| Complete 
| 187|0x000000008bb00000, 0x000000008bc00000, 0x000000008bc00000|100%| E|CS|TAMS 0x000000008bb00000, 0x000000008bb00000| Complete 
| 188|0x000000008bc00000, 0x000000008bd00000, 0x000000008bd00000|100%| E|CS|TAMS 0x000000008bc00000, 0x000000008bc00000| Complete 
| 189|0x000000008bd00000, 0x000000008be00000, 0x000000008be00000|100%| E|CS|TAMS 0x000000008bd00000, 0x000000008bd00000| Complete 
| 190|0x000000008be00000, 0x000000008bf00000, 0x000000008bf00000|100%| E|CS|TAMS 0x000000008be00000, 0x000000008be00000| Complete 
| 191|0x000000008bf00000, 0x000000008c000000, 0x000000008c000000|100%| E|CS|TAMS 0x000000008bf00000, 0x000000008bf00000| Complete 
| 192|0x000000008c000000, 0x000000008c100000, 0x000000008c100000|100%| E|CS|TAMS 0x000000008c000000, 0x000000008c000000| Complete 
| 193|0x000000008c100000, 0x000000008c200000, 0x000000008c200000|100%| E|CS|TAMS 0x000000008c100000, 0x000000008c100000| Complete 
| 194|0x000000008c200000, 0x000000008c300000, 0x000000008c300000|100%| E|CS|TAMS 0x000000008c200000, 0x000000008c200000| Complete 
| 195|0x000000008c300000, 0x000000008c400000, 0x000000008c400000|100%| E|CS|TAMS 0x000000008c300000, 0x000000008c300000| Complete 
| 196|0x000000008c400000, 0x000000008c500000, 0x000000008c500000|100%| E|CS|TAMS 0x000000008c400000, 0x000000008c400000| Complete 
| 197|0x000000008c500000, 0x000000008c600000, 0x000000008c600000|100%| E|CS|TAMS 0x000000008c500000, 0x000000008c500000| Complete 
| 198|0x000000008c600000, 0x000000008c700000, 0x000000008c700000|100%| E|CS|TAMS 0x000000008c600000, 0x000000008c600000| Complete 
| 199|0x000000008c700000, 0x000000008c800000, 0x000000008c800000|100%| E|CS|TAMS 0x000000008c700000, 0x000000008c700000| Complete 
| 200|0x000000008c800000, 0x000000008c900000, 0x000000008c900000|100%| E|CS|TAMS 0x000000008c800000, 0x000000008c800000| Complete 
| 201|0x000000008c900000, 0x000000008ca00000, 0x000000008ca00000|100%| E|CS|TAMS 0x000000008c900000, 0x000000008c900000| Complete 
| 202|0x000000008ca00000, 0x000000008cb00000, 0x000000008cb00000|100%| E|CS|TAMS 0x000000008ca00000, 0x000000008ca00000| Complete 
| 203|0x000000008cb00000, 0x000000008cc00000, 0x000000008cc00000|100%| E|CS|TAMS 0x000000008cb00000, 0x000000008cb00000| Complete 
| 204|0x000000008cc00000, 0x000000008cd00000, 0x000000008cd00000|100%| E|CS|TAMS 0x000000008cc00000, 0x000000008cc00000| Complete 
| 205|0x000000008cd00000, 0x000000008ce00000, 0x000000008ce00000|100%| E|CS|TAMS 0x000000008cd00000, 0x000000008cd00000| Complete 
| 206|0x000000008ce00000, 0x000000008cf00000, 0x000000008cf00000|100%| E|CS|TAMS 0x000000008ce00000, 0x000000008ce00000| Complete 
| 207|0x000000008cf00000, 0x000000008d000000, 0x000000008d000000|100%| E|CS|TAMS 0x000000008cf00000, 0x000000008cf00000| Complete 
| 208|0x000000008d000000, 0x000000008d100000, 0x000000008d100000|100%| E|CS|TAMS 0x000000008d000000, 0x000000008d000000| Complete 
| 209|0x000000008d100000, 0x000000008d181560, 0x000000008d200000| 50%| S|CS|TAMS 0x000000008d100000, 0x000000008d100000| Complete 
| 210|0x000000008d200000, 0x000000008d300000, 0x000000008d300000|100%| E|CS|TAMS 0x000000008d200000, 0x000000008d200000| Complete 
| 211|0x000000008d300000, 0x000000008d400000, 0x000000008d400000|100%| E|CS|TAMS 0x000000008d300000, 0x000000008d300000| Complete 
| 212|0x000000008d400000, 0x000000008d500000, 0x000000008d500000|100%| E|CS|TAMS 0x000000008d400000, 0x000000008d400000| Complete 
| 213|0x000000008d500000, 0x000000008d600000, 0x000000008d600000|100%| E|CS|TAMS 0x000000008d500000, 0x000000008d500000| Complete 
| 214|0x000000008d600000, 0x000000008d700000, 0x000000008d700000|100%| E|CS|TAMS 0x000000008d600000, 0x000000008d600000| Complete 
| 215|0x000000008d700000, 0x000000008d800000, 0x000000008d800000|100%| E|CS|TAMS 0x000000008d700000, 0x000000008d700000| Complete 
| 216|0x000000008d800000, 0x000000008d900000, 0x000000008d900000|100%| E|CS|TAMS 0x000000008d800000, 0x000000008d800000| Complete 
| 217|0x000000008d900000, 0x000000008da00000, 0x000000008da00000|100%| E|CS|TAMS 0x000000008d900000, 0x000000008d900000| Complete 
| 218|0x000000008da00000, 0x000000008db00000, 0x000000008db00000|100%| E|CS|TAMS 0x000000008da00000, 0x000000008da00000| Complete 
| 219|0x000000008db00000, 0x000000008dc00000, 0x000000008dc00000|100%| E|CS|TAMS 0x000000008db00000, 0x000000008db00000| Complete 

Card table byte_map: [0x000002113a910000,0x000002113ad10000] _byte_map_base: 0x000002113a510000

Marking Bits (Prev, Next): (CMBitMap*) 0x0000021125c2e0f8, (CMBitMap*) 0x0000021125c2e130
 Prev Bits: [0x000002113b110000, 0x000002113d110000)
 Next Bits: [0x000002113d110000, 0x000002113f110000)

Polling page: 0x0000021125cc0000

Metaspace:

Usage:
  Non-class:    109.03 MB capacity,   106.71 MB ( 98%) used,     1.88 MB (  2%) free+waste,   445.00 KB ( <1%) overhead. 
      Class:     16.56 MB capacity,    15.22 MB ( 92%) used,     1.15 MB (  7%) free+waste,   194.38 KB (  1%) overhead. 
       Both:    125.59 MB capacity,   121.93 MB ( 97%) used,     3.04 MB (  2%) free+waste,   639.38 KB ( <1%) overhead. 

Virtual space:
  Non-class space:      110.00 MB reserved,     109.17 MB (>99%) committed 
      Class space:        1.00 GB reserved,      16.69 MB (  2%) committed 
             Both:        1.11 GB reserved,     125.86 MB ( 11%) committed 

Chunk freelists:
   Non-Class:  15.00 KB
       Class:  98.00 KB
        Both:  113.00 KB

MaxMetaspaceSize: 17179869184.00 GB
CompressedClassSpaceSize: 1.00 GB
Initial GC threshold: 20.80 MB
Current GC threshold: 208.93 MB
CDS: off

CodeHeap 'non-profiled nmethods': size=120064Kb used=14274Kb max_used=14274Kb free=105789Kb
 bounds [0x00000211329b0000, 0x00000211337b0000, 0x0000021139ef0000]
CodeHeap 'profiled nmethods': size=120000Kb used=49695Kb max_used=49695Kb free=70304Kb
 bounds [0x000002112b480000, 0x000002112e510000, 0x00000211329b0000]
CodeHeap 'non-nmethods': size=5696Kb used=2456Kb max_used=2516Kb free=3239Kb
 bounds [0x000002112aef0000, 0x000002112b170000, 0x000002112b480000]
 total_blobs=22567 nmethods=21583 adapters=895
 compilation: enabled
              stopped_count=0, restarted_count=0
 full_count=0

Compilation events (20 events):
Event: 3302.049 Thread 0x0000021141787800 22749       2       org.gradle.internal.fingerprint.impl.RelativePathFingerprintingStrategy::getHashingStrategy (4 bytes)
Event: 3302.050 Thread 0x0000021141787800 nmethod 22749 0x000002112e4ff310 code [0x000002112e4ff4c0, 0x000002112e4ff5b8]
Event: 3302.051 Thread 0x0000021141787800 22750       2       org.gradle.execution.plan.LocalTaskNodeExecutor$$Lambda$959/0x0000000100b25c40::test (16 bytes)
Event: 3302.051 Thread 0x0000021141787800 nmethod 22750 0x000002112e4ff690 code [0x000002112e4ff860, 0x000002112e4ffa18]
Event: 3302.051 Thread 0x0000021141787800 22751       2       org.gradle.execution.plan.LocalTaskNodeExecutor::lambda$collectValidationProblemsForConsumer$6 (7 bytes)
Event: 3302.051 Thread 0x0000021141787800 nmethod 22751 0x000002112e4ffb90 code [0x000002112e4ffd60, 0x000002112e4ffed8]
Event: 3302.059 Thread 0x0000021141787800 22752       2       org.gradle.execution.plan.LocalTaskNodeExecutor$$Lambda$858/0x0000000100b03c40::<init> (26 bytes)
Event: 3302.060 Thread 0x0000021141787800 nmethod 22752 0x000002112e500010 code [0x000002112e5001c0, 0x000002112e500438]
Event: 3302.062 Thread 0x0000021141787800 22753   !   2       jdk.internal.reflect.GeneratedMethodAccessor27::invoke (68 bytes)
Event: 3302.063 Thread 0x0000021141787800 nmethod 22753 0x000002112e500510 code [0x000002112e500740, 0x000002112e500c38]
Event: 3302.064 Thread 0x0000021141787800 22754       2       com.google.common.collect.Sets::newHashSet (14 bytes)
Event: 3302.064 Thread 0x0000021141787800 nmethod 22754 0x000002112e500f90 code [0x000002112e501180, 0x000002112e501428]
Event: 3302.068 Thread 0x0000021141787800 22755   !   2       jdk.internal.reflect.GeneratedMethodAccessor28::invoke (76 bytes)
Event: 3302.068 Thread 0x0000021141787800 nmethod 22755 0x000002112e501590 code [0x000002112e5017c0, 0x000002112e501d38]
Event: 3302.070 Thread 0x0000021141787800 22756       2       kotlin.sequences.TransformingSequence::<init> (27 bytes)
Event: 3302.071 Thread 0x0000021141787800 nmethod 22756 0x000002112e502090 code [0x000002112e5022c0, 0x000002112e5027b8]
Event: 3302.075 Thread 0x0000021141787800 22757       1       com.android.build.api.variant.impl.VariantOutputImpl::getVersionCode (5 bytes)
Event: 3302.075 Thread 0x0000021141787800 nmethod 22757 0x000002113379c590 code [0x000002113379c740, 0x000002113379c7f8]
Event: 3302.075 Thread 0x0000021141787800 22758       1       com.android.build.api.variant.impl.VariantOutputImpl::getVersionName (5 bytes)
Event: 3302.075 Thread 0x0000021141787800 nmethod 22758 0x000002113379c890 code [0x000002113379ca40, 0x000002113379caf8]

GC Heap History (20 events):
Event: 1726.519 GC heap before
{Heap before GC invocations=41 (full 0):
 garbage-first heap   total 225280K, used 150022K [0x0000000080000000, 0x0000000100000000)
  region size 1024K, 43 young (44032K), 2 survivors (2048K)
 Metaspace       used 123298K, capacity 126910K, committed 127340K, reserved 1159168K
  class space    used 15544K, capacity 16922K, committed 17088K, reserved 1048576K
}
Event: 1726.535 GC heap after
{Heap after GC invocations=42 (full 0):
 garbage-first heap   total 225280K, used 111152K [0x0000000080000000, 0x0000000100000000)
  region size 1024K, 4 young (4096K), 4 survivors (4096K)
 Metaspace       used 123298K, capacity 126910K, committed 127340K, reserved 1159168K
  class space    used 15544K, capacity 16922K, committed 17088K, reserved 1048576K
}
Event: 1974.962 GC heap before
{Heap before GC invocations=43 (full 0):
 garbage-first heap   total 225280K, used 186928K [0x0000000080000000, 0x0000000100000000)
  region size 1024K, 68 young (69632K), 4 survivors (4096K)
 Metaspace       used 123900K, capacity 127587K, committed 127852K, reserved 1161216K
  class space    used 15572K, capacity 16946K, committed 17088K, reserved 1048576K
}
Event: 1974.972 GC heap after
{Heap after GC invocations=44 (full 0):
 garbage-first heap   total 225280K, used 110960K [0x0000000080000000, 0x0000000100000000)
  region size 1024K, 4 young (4096K), 4 survivors (4096K)
 Metaspace       used 123900K, capacity 127587K, committed 127852K, reserved 1161216K
  class space    used 15572K, capacity 16946K, committed 17088K, reserved 1048576K
}
Event: 1975.100 GC heap before
{Heap before GC invocations=44 (full 0):
 garbage-first heap   total 225280K, used 118128K [0x0000000080000000, 0x0000000100000000)
  region size 1024K, 11 young (11264K), 4 survivors (4096K)
 Metaspace       used 123958K, capacity 127606K, committed 127852K, reserved 1161216K
  class space    used 15574K, capacity 16949K, committed 17088K, reserved 1048576K
}
Event: 1975.120 GC heap after
{Heap after GC invocations=45 (full 0):
 garbage-first heap   total 225280K, used 111688K [0x0000000080000000, 0x0000000100000000)
  region size 1024K, 2 young (2048K), 2 survivors (2048K)
 Metaspace       used 123958K, capacity 127606K, committed 127852K, reserved 1161216K
  class space    used 15574K, capacity 16949K, committed 17088K, reserved 1048576K
}
Event: 1975.603 GC heap before
{Heap before GC invocations=45 (full 0):
 garbage-first heap   total 225280K, used 132168K [0x0000000080000000, 0x0000000100000000)
  region size 1024K, 23 young (23552K), 2 survivors (2048K)
 Metaspace       used 124045K, capacity 127753K, committed 128108K, reserved 1161216K
  class space    used 15575K, capacity 16951K, committed 17088K, reserved 1048576K
}
Event: 1975.620 GC heap after
{Heap after GC invocations=46 (full 0):
 garbage-first heap   total 225280K, used 114274K [0x0000000080000000, 0x0000000100000000)
  region size 1024K, 5 young (5120K), 5 survivors (5120K)
 Metaspace       used 124045K, capacity 127753K, committed 128108K, reserved 1161216K
  class space    used 15575K, capacity 16951K, committed 17088K, reserved 1048576K
}
Event: 1976.586 GC heap before
{Heap before GC invocations=47 (full 0):
 garbage-first heap   total 225280K, used 162402K [0x0000000080000000, 0x0000000100000000)
  region size 1024K, 51 young (52224K), 5 survivors (5120K)
 Metaspace       used 124057K, capacity 127680K, committed 128108K, reserved 1161216K
  class space    used 15534K, capacity 16871K, committed 17088K, reserved 1048576K
}
Event: 1976.600 GC heap after
{Heap after GC invocations=48 (full 0):
 garbage-first heap   total 225280K, used 116161K [0x0000000080000000, 0x0000000100000000)
  region size 1024K, 3 young (3072K), 3 survivors (3072K)
 Metaspace       used 124057K, capacity 127680K, committed 128108K, reserved 1161216K
  class space    used 15534K, capacity 16871K, committed 17088K, reserved 1048576K
}
Event: 1976.833 GC heap before
{Heap before GC invocations=48 (full 0):
 garbage-first heap   total 225280K, used 123329K [0x0000000080000000, 0x0000000100000000)
  region size 1024K, 11 young (11264K), 3 survivors (3072K)
 Metaspace       used 124087K, capacity 127681K, committed 128108K, reserved 1161216K
  class space    used 15534K, capacity 16871K, committed 17088K, reserved 1048576K
}
Event: 1976.854 GC heap after
{Heap after GC invocations=49 (full 0):
 garbage-first heap   total 225280K, used 97895K [0x0000000080000000, 0x0000000100000000)
  region size 1024K, 1 young (1024K), 1 survivors (1024K)
 Metaspace       used 124087K, capacity 127681K, committed 128108K, reserved 1161216K
  class space    used 15534K, capacity 16871K, committed 17088K, reserved 1048576K
}
Event: 2199.757 GC heap before
{Heap before GC invocations=49 (full 0):
 garbage-first heap   total 225280K, used 116327K [0x0000000080000000, 0x0000000100000000)
  region size 1024K, 11 young (11264K), 1 survivors (1024K)
 Metaspace       used 124104K, capacity 127681K, committed 128108K, reserved 1161216K
  class space    used 15534K, capacity 16871K, committed 17088K, reserved 1048576K
}
Event: 2199.788 GC heap after
{Heap after GC invocations=50 (full 0):
 garbage-first heap   total 225280K, used 95290K [0x0000000080000000, 0x0000000100000000)
  region size 1024K, 1 young (1024K), 1 survivors (1024K)
 Metaspace       used 124104K, capacity 127681K, committed 128108K, reserved 1161216K
  class space    used 15534K, capacity 16871K, committed 17088K, reserved 1048576K
}
Event: 2694.803 GC heap before
{Heap before GC invocations=50 (full 0):
 garbage-first heap   total 225280K, used 155706K [0x0000000080000000, 0x0000000100000000)
  region size 1024K, 61 young (62464K), 1 survivors (1024K)
 Metaspace       used 124338K, capacity 127937K, committed 128364K, reserved 1161216K
  class space    used 15551K, capacity 16903K, committed 17088K, reserved 1048576K
}
Event: 2694.821 GC heap after
{Heap after GC invocations=51 (full 0):
 garbage-first heap   total 225280K, used 101018K [0x0000000080000000, 0x0000000100000000)
  region size 1024K, 6 young (6144K), 6 survivors (6144K)
 Metaspace       used 124338K, capacity 127937K, committed 128364K, reserved 1161216K
  class space    used 15551K, capacity 16903K, committed 17088K, reserved 1048576K
}
Event: 2696.916 GC heap before
{Heap before GC invocations=52 (full 0):
 garbage-first heap   total 225280K, used 172698K [0x0000000080000000, 0x0000000100000000)
  region size 1024K, 66 young (67584K), 6 survivors (6144K)
 Metaspace       used 124565K, capacity 128166K, committed 128364K, reserved 1161216K
  class space    used 15552K, capacity 16905K, committed 17088K, reserved 1048576K
}
Event: 2696.923 GC heap after
{Heap after GC invocations=53 (full 0):
 garbage-first heap   total 225280K, used 99225K [0x0000000080000000, 0x0000000100000000)
  region size 1024K, 1 young (1024K), 1 survivors (1024K)
 Metaspace       used 124565K, capacity 128166K, committed 128364K, reserved 1161216K
  class space    used 15552K, capacity 16905K, committed 17088K, reserved 1048576K
}
Event: 3055.886 GC heap before
{Heap before GC invocations=53 (full 0):
 garbage-first heap   total 225280K, used 109465K [0x0000000080000000, 0x0000000100000000)
  region size 1024K, 11 young (11264K), 1 survivors (1024K)
 Metaspace       used 124570K, capacity 128166K, committed 128364K, reserved 1161216K
  class space    used 15552K, capacity 16905K, committed 17088K, reserved 1048576K
}
Event: 3055.902 GC heap after
{Heap after GC invocations=54 (full 0):
 garbage-first heap   total 225280K, used 95988K [0x0000000080000000, 0x0000000100000000)
  region size 1024K, 1 young (1024K), 1 survivors (1024K)
 Metaspace       used 124570K, capacity 128166K, committed 128364K, reserved 1161216K
  class space    used 15552K, capacity 16905K, committed 17088K, reserved 1048576K
}

Deoptimization events (20 events):
Event: 2696.299 Thread 0x0000021144d94800 DEOPT PACKING pc=0x000002113370ba14 sp=0x000000ab0c4f7f30
Event: 2696.299 Thread 0x0000021144d94800 DEOPT UNPACKING pc=0x000002112af3a1af sp=0x000000ab0c4f7ee0 mode 2
Event: 2696.499 Thread 0x000002114639a800 DEOPT PACKING pc=0x000002112e075b96 sp=0x000000ab10ffd2c0
Event: 2696.499 Thread 0x000002114639a800 DEOPT UNPACKING pc=0x000002112af3a95e sp=0x000000ab10ffc970 mode 0
Event: 2696.499 Thread 0x000002114639a800 Uncommon trap: trap_request=0xffffffbe fr.pc=0x00000211332066b0 relative=0x0000000000000210
Event: 2696.499 Thread 0x000002114639a800 Uncommon trap: reason=profile_predicate action=maybe_recompile pc=0x00000211332066b0 method=com.android.tools.r8.graph.d1.a([C)I @ 8 c2
Event: 2696.499 Thread 0x000002114639a800 DEOPT PACKING pc=0x00000211332066b0 sp=0x000000ab10ffd1f0
Event: 2696.499 Thread 0x000002114639a800 DEOPT UNPACKING pc=0x000002112af3a1af sp=0x000000ab10ffd188 mode 2
Event: 2696.500 Thread 0x000002114639a800 DEOPT PACKING pc=0x000002112e075b96 sp=0x000000ab10ffd2c0
Event: 2696.500 Thread 0x000002114639a800 DEOPT UNPACKING pc=0x000002112af3a95e sp=0x000000ab10ffc970 mode 0
Event: 3301.686 Thread 0x0000021149673800 Uncommon trap: trap_request=0xffffff4d fr.pc=0x00000211336db3a8 relative=0x0000000000001d08
Event: 3301.686 Thread 0x0000021149673800 Uncommon trap: reason=unstable_if action=reinterpret pc=0x00000211336db3a8 method=java.util.concurrent.locks.AbstractQueuedSynchronizer.findNodeFromTail(Ljava/util/concurrent/locks/AbstractQueuedSynchronizer$Node;)Z @ 7 c2
Event: 3301.686 Thread 0x0000021149673800 DEOPT PACKING pc=0x00000211336db3a8 sp=0x000000ab0dafdea0
Event: 3301.686 Thread 0x0000021149673800 DEOPT UNPACKING pc=0x000002112af3a1af sp=0x000000ab0dafdd58 mode 2
Event: 3301.801 Thread 0x000002114604e000 Uncommon trap: trap_request=0xffffffdc fr.pc=0x000002113378dd6c relative=0x000000000000032c
Event: 3301.801 Thread 0x000002114604e000 Uncommon trap: reason=class_check action=make_not_entrant pc=0x000002113378dd6c method=com.google.common.collect.Platform.copy([Ljava/lang/Object;II[Ljava/lang/Object;)[Ljava/lang/Object; @ 7 c2
Event: 3301.801 Thread 0x000002114604e000 DEOPT PACKING pc=0x000002113378dd6c sp=0x000000ab0c4f8be0
Event: 3301.801 Thread 0x000002114604e000 DEOPT UNPACKING pc=0x000002112af3a1af sp=0x000000ab0c4f8b00 mode 2
Event: 3301.866 Thread 0x000002114604e000 DEOPT PACKING pc=0x000002112b54151b sp=0x000000ab0c4f7e70
Event: 3301.866 Thread 0x000002114604e000 DEOPT UNPACKING pc=0x000002112af3a95e sp=0x000000ab0c4f73b0 mode 0

Classes redefined (0 events):
No events

Internal exceptions (20 events):
Event: 2695.997 Thread 0x0000021144d94800 Exception <a 'sun/nio/fs/WindowsException'{0x000000008be8a510}> (0x000000008be8a510) thrown at [./src/hotspot/share/prims/jni.cpp, line 615]
Event: 2695.997 Thread 0x0000021144d94800 Exception <a 'sun/nio/fs/WindowsException'{0x000000008be8a690}> (0x000000008be8a690) thrown at [./src/hotspot/share/prims/jni.cpp, line 615]
Event: 2696.093 Thread 0x0000021144d94800 Exception <a 'sun/nio/fs/WindowsException'{0x000000008ba9c360}> (0x000000008ba9c360) thrown at [./src/hotspot/share/prims/jni.cpp, line 615]
Event: 2696.099 Thread 0x0000021144d94800 Exception <a 'sun/nio/fs/WindowsException'{0x000000008bab0b20}> (0x000000008bab0b20) thrown at [./src/hotspot/share/prims/jni.cpp, line 615]
Event: 2696.325 Thread 0x000002114639d000 Exception <a 'sun/nio/fs/WindowsException'{0x000000008b104460}> (0x000000008b104460) thrown at [./src/hotspot/share/prims/jni.cpp, line 615]
Event: 2696.328 Thread 0x000002114639b800 Exception <a 'sun/nio/fs/WindowsException'{0x000000008b177330}> (0x000000008b177330) thrown at [./src/hotspot/share/prims/jni.cpp, line 615]
Event: 2696.387 Thread 0x000002114639b800 Exception <a 'sun/nio/fs/WindowsException'{0x000000008ae7a550}> (0x000000008ae7a550) thrown at [./src/hotspot/share/prims/jni.cpp, line 615]
Event: 2696.415 Thread 0x000002114639d000 Exception <a 'sun/nio/fs/WindowsException'{0x000000008adc7ad8}> (0x000000008adc7ad8) thrown at [./src/hotspot/share/prims/jni.cpp, line 615]
Event: 2696.495 Thread 0x000002114639a800 Exception <a 'sun/nio/fs/WindowsException'{0x000000008ab78458}> (0x000000008ab78458) thrown at [./src/hotspot/share/prims/jni.cpp, line 615]
Event: 2696.522 Thread 0x000002114639a800 Exception <a 'sun/nio/fs/WindowsException'{0x000000008a9912e0}> (0x000000008a9912e0) thrown at [./src/hotspot/share/prims/jni.cpp, line 615]
Event: 2696.799 Thread 0x0000021144d94800 Exception <a 'sun/nio/fs/WindowsException'{0x000000008a11b488}> (0x000000008a11b488) thrown at [./src/hotspot/share/prims/jni.cpp, line 615]
Event: 2696.799 Thread 0x0000021144d94800 Exception <a 'sun/nio/fs/WindowsException'{0x000000008a11b618}> (0x000000008a11b618) thrown at [./src/hotspot/share/prims/jni.cpp, line 615]
Event: 2696.800 Thread 0x0000021144d94800 Exception <a 'sun/nio/fs/WindowsException'{0x000000008a11cfc8}> (0x000000008a11cfc8) thrown at [./src/hotspot/share/prims/jni.cpp, line 615]
Event: 3301.746 Thread 0x000002114604e000 Exception <a 'sun/nio/fs/WindowsException'{0x000000008be11718}> (0x000000008be11718) thrown at [./src/hotspot/share/prims/jni.cpp, line 615]
Event: 3301.811 Thread 0x000002114604e000 Exception <a 'java/lang/NoClassDefFoundError'{0x000000008bb8e018}: org/jetbrains/kotlin/gradle/plugin/KotlinBasePluginWrapper> (0x000000008bb8e018) thrown at [./src/hotspot/share/oops/constantPool.cpp, line 775]
Event: 3301.834 Thread 0x000002114604e000 Exception <a 'sun/nio/fs/WindowsException'{0x000000008bac6388}> (0x000000008bac6388) thrown at [./src/hotspot/share/prims/jni.cpp, line 615]
Event: 3301.848 Thread 0x000002114604e000 Exception <a 'sun/nio/fs/WindowsException'{0x000000008b96aa48}> (0x000000008b96aa48) thrown at [./src/hotspot/share/prims/jni.cpp, line 615]
Event: 3301.849 Thread 0x000002114604e000 Exception <a 'sun/nio/fs/WindowsException'{0x000000008b96bdc0}> (0x000000008b96bdc0) thrown at [./src/hotspot/share/prims/jni.cpp, line 615]
Event: 3301.849 Thread 0x000002114604e000 Exception <a 'sun/nio/fs/WindowsException'{0x000000008b96d188}> (0x000000008b96d188) thrown at [./src/hotspot/share/prims/jni.cpp, line 615]
Event: 3301.849 Thread 0x000002114604e000 Exception <a 'sun/nio/fs/WindowsException'{0x000000008b96e550}> (0x000000008b96e550) thrown at [./src/hotspot/share/prims/jni.cpp, line 615]

Events (20 events):
Event: 3301.956 Executing VM operation: RevokeBias
Event: 3301.957 Executing VM operation: RevokeBias done
Event: 3302.065 Executing VM operation: RevokeBias
Event: 3302.066 Executing VM operation: RevokeBias done
Event: 3302.066 Executing VM operation: RevokeBias
Event: 3302.066 Executing VM operation: RevokeBias done
Event: 3302.073 Executing VM operation: RevokeBias
Event: 3302.073 Executing VM operation: RevokeBias done
Event: 3302.076 Executing VM operation: RevokeBias
Event: 3302.076 Executing VM operation: RevokeBias done
Event: 3302.077 Executing VM operation: RevokeBias
Event: 3302.078 Executing VM operation: RevokeBias done
Event: 3302.078 Executing VM operation: RevokeBias
Event: 3302.078 Executing VM operation: RevokeBias done
Event: 3302.079 Executing VM operation: RevokeBias
Event: 3302.080 Executing VM operation: RevokeBias done
Event: 3302.080 Executing VM operation: RevokeBias
Event: 3302.080 Executing VM operation: RevokeBias done
Event: 3302.086 Executing VM operation: RevokeBias
Event: 3302.086 Executing VM operation: RevokeBias done


Dynamic libraries:
0x00007ff7f8e90000 - 0x00007ff7f8e9a000 	C:\Program Files\Android\Android Studio\jre\bin\java.exe
0x00007ffc0cfd0000 - 0x00007ffc0d1e9000 	C:\WINDOWS\SYSTEM32\ntdll.dll
0x00007ffc0c0d0000 - 0x00007ffc0c192000 	C:\WINDOWS\System32\KERNEL32.DLL
0x00007ffc0a420000 - 0x00007ffc0a7bf000 	C:\WINDOWS\System32\KERNELBASE.dll
0x00007ffc0aa90000 - 0x00007ffc0ab99000 	C:\WINDOWS\System32\ucrtbase.dll
0x00007ffbf8f40000 - 0x00007ffbf8f59000 	C:\Program Files\Android\Android Studio\jre\bin\jli.dll
0x00007ffc0ad80000 - 0x00007ffc0af2c000 	C:\WINDOWS\System32\USER32.dll
0x00007ffc0a8f0000 - 0x00007ffc0a916000 	C:\WINDOWS\System32\win32u.dll
0x00007ffc0c1a0000 - 0x00007ffc0c1c9000 	C:\WINDOWS\System32\GDI32.dll
0x00007ffc0ac60000 - 0x00007ffc0ad72000 	C:\WINDOWS\System32\gdi32full.dll
0x00007ffbf8750000 - 0x00007ffbf8767000 	C:\Program Files\Android\Android Studio\jre\bin\VCRUNTIME140.dll
0x00007ffc0a7d0000 - 0x00007ffc0a86a000 	C:\WINDOWS\System32\msvcp_win.dll
0x00007ffbf70a0000 - 0x00007ffbf732e000 	C:\WINDOWS\WinSxS\amd64_microsoft.windows.common-controls_6595b64144ccf1df_6.0.25188.1000_none_79003e7f0fe4f35d\COMCTL32.dll
0x00007ffc0ca60000 - 0x00007ffc0cb07000 	C:\WINDOWS\System32\msvcrt.dll
0x00007ffc0b700000 - 0x00007ffc0b731000 	C:\WINDOWS\System32\IMM32.DLL
0x00007ffbd5ae0000 - 0x00007ffbd5b7d000 	C:\Program Files\Android\Android Studio\jre\bin\msvcp140.dll
0x00007ffbd99d0000 - 0x00007ffbda4b5000 	C:\Program Files\Android\Android Studio\jre\bin\server\jvm.dll
0x00007ffc0c790000 - 0x00007ffc0c83f000 	C:\WINDOWS\System32\ADVAPI32.dll
0x00007ffc0c480000 - 0x00007ffc0c52a000 	C:\WINDOWS\System32\sechost.dll
0x00007ffc0b030000 - 0x00007ffc0b157000 	C:\WINDOWS\System32\RPCRT4.dll
0x00007ffc0b160000 - 0x00007ffc0b168000 	C:\WINDOWS\System32\PSAPI.DLL
0x00007ffbf4210000 - 0x00007ffbf4219000 	C:\WINDOWS\SYSTEM32\WSOCK32.dll
0x00007ffc0b740000 - 0x00007ffc0b7af000 	C:\WINDOWS\System32\WS2_32.dll
0x00007ffbff6f0000 - 0x00007ffbff6fa000 	C:\WINDOWS\SYSTEM32\VERSION.dll
0x00007ffc00dc0000 - 0x00007ffc00df6000 	C:\WINDOWS\SYSTEM32\WINMM.dll
0x00007ffc09320000 - 0x00007ffc09338000 	C:\WINDOWS\SYSTEM32\kernel.appcore.dll
0x00007ffc03ce0000 - 0x00007ffc03cf1000 	C:\Program Files\Android\Android Studio\jre\bin\verify.dll
0x00007ffc07db0000 - 0x00007ffc07fe1000 	C:\WINDOWS\SYSTEM32\DBGHELP.DLL
0x00007ffc0b1d0000 - 0x00007ffc0b559000 	C:\WINDOWS\System32\combase.dll
0x00007ffc0c8e0000 - 0x00007ffc0c9b7000 	C:\WINDOWS\System32\OLEAUT32.dll
0x00007ffbf2c20000 - 0x00007ffbf2c52000 	C:\WINDOWS\SYSTEM32\dbgcore.DLL
0x00007ffc0a870000 - 0x00007ffc0a8eb000 	C:\WINDOWS\System32\bcryptPrimitives.dll
0x00007ffc02420000 - 0x00007ffc02449000 	C:\Program Files\Android\Android Studio\jre\bin\java.dll
0x00007ffc07110000 - 0x00007ffc0711b000 	C:\Program Files\Android\Android Studio\jre\bin\jimage.dll
0x00007ffc02360000 - 0x00007ffc02378000 	C:\Program Files\Android\Android Studio\jre\bin\zip.dll
0x00007ffc0b8e0000 - 0x00007ffc0c0c3000 	C:\WINDOWS\System32\SHELL32.dll
0x00007ffc082c0000 - 0x00007ffc08b87000 	C:\WINDOWS\SYSTEM32\windows.storage.dll
0x00007ffc08130000 - 0x00007ffc082ba000 	C:\WINDOWS\SYSTEM32\wintypes.dll
0x00007ffc0b7f0000 - 0x00007ffc0b8dc000 	C:\WINDOWS\System32\SHCORE.dll
0x00007ffc0c410000 - 0x00007ffc0c46e000 	C:\WINDOWS\System32\shlwapi.dll
0x00007ffc0a2e0000 - 0x00007ffc0a303000 	C:\WINDOWS\SYSTEM32\profapi.dll
0x00007ffc022a0000 - 0x00007ffc022ba000 	C:\Program Files\Android\Android Studio\jre\bin\net.dll
0x00007ffbfff90000 - 0x00007ffc000bb000 	C:\WINDOWS\SYSTEM32\WINHTTP.dll
0x00007ffc097b0000 - 0x00007ffc09819000 	C:\WINDOWS\system32\mswsock.dll
0x00007ffc02260000 - 0x00007ffc02274000 	C:\Program Files\Android\Android Studio\jre\bin\nio.dll
0x00007ffbfb820000 - 0x00007ffbfb847000 	C:\Users\DELL\.gradle\native\e1d6ef7f7dcc3fd88c89a11ec53ec762bb8ba0a96d01ffa2cd45eb1d1d8dd5c5\windows-amd64\native-platform.dll
0x00007ffbd38d0000 - 0x00007ffbd3a14000 	C:\Users\DELL\.gradle\native\5664cfc778a61ccfe75a443a1ab52a65af34e5dc3c78e0209fed803814484fcb\windows-amd64\native-platform-file-events.dll
0x00007ffc049e0000 - 0x00007ffc049ea000 	C:\Program Files\Android\Android Studio\jre\bin\management.dll
0x00007ffc04950000 - 0x00007ffc0495d000 	C:\Program Files\Android\Android Studio\jre\bin\management_ext.dll
0x00007ffc09ad0000 - 0x00007ffc09aeb000 	C:\WINDOWS\SYSTEM32\CRYPTSP.dll
0x00007ffc09280000 - 0x00007ffc092b4000 	C:\WINDOWS\system32\rsaenh.dll
0x00007ffc09870000 - 0x00007ffc09898000 	C:\WINDOWS\SYSTEM32\USERENV.dll
0x00007ffc09c40000 - 0x00007ffc09c68000 	C:\WINDOWS\SYSTEM32\bcrypt.dll
0x00007ffc09ab0000 - 0x00007ffc09abc000 	C:\WINDOWS\SYSTEM32\CRYPTBASE.dll
0x00007ffc08df0000 - 0x00007ffc08e1d000 	C:\WINDOWS\SYSTEM32\IPHLPAPI.DLL
0x00007ffc0c470000 - 0x00007ffc0c479000 	C:\WINDOWS\System32\NSI.dll
0x00007ffbfff50000 - 0x00007ffbfff69000 	C:\WINDOWS\SYSTEM32\dhcpcsvc6.DLL
0x00007ffbfff20000 - 0x00007ffbfff3f000 	C:\WINDOWS\SYSTEM32\dhcpcsvc.DLL
0x00007ffc08e60000 - 0x00007ffc08f5e000 	C:\WINDOWS\SYSTEM32\DNSAPI.dll
0x00007ffc01e20000 - 0x00007ffc01e47000 	C:\Program Files\Android\Android Studio\jre\bin\sunec.dll
0x00007ffc09340000 - 0x00007ffc09374000 	C:\WINDOWS\SYSTEM32\ntmarta.dll

dbghelp: loaded successfully - version: 4.0.5 - missing functions: none
symbol engine: initialized successfully - sym options: 0x614 - pdb path: .;C:\Program Files\Android\Android Studio\jre\bin;C:\WINDOWS\SYSTEM32;C:\WINDOWS\WinSxS\amd64_microsoft.windows.common-controls_6595b64144ccf1df_6.0.25188.1000_none_79003e7f0fe4f35d;C:\Program Files\Android\Android Studio\jre\bin\server;C:\Users\DELL\.gradle\native\e1d6ef7f7dcc3fd88c89a11ec53ec762bb8ba0a96d01ffa2cd45eb1d1d8dd5c5\windows-amd64;C:\Users\DELL\.gradle\native\5664cfc778a61ccfe75a443a1ab52a65af34e5dc3c78e0209fed803814484fcb\windows-amd64

VM Arguments:
jvm_args: --add-opens=java.base/java.util=ALL-UNNAMED --add-opens=java.base/java.lang=ALL-UNNAMED --add-opens=java.base/java.lang.invoke=ALL-UNNAMED --add-opens=java.base/java.util=ALL-UNNAMED --add-opens=java.prefs/java.util.prefs=ALL-UNNAMED --add-opens=java.prefs/java.util.prefs=ALL-UNNAMED --add-opens=java.base/java.nio.charset=ALL-UNNAMED --add-opens=java.base/java.net=ALL-UNNAMED --add-opens=java.base/java.util.concurrent.atomic=ALL-UNNAMED -Xmx2048m -Dfile.encoding=UTF-8 -Duser.country=US -Duser.language=en -Duser.variant 
java_command: org.gradle.launcher.daemon.bootstrap.GradleDaemon 7.3.3
java_class_path (initial): C:\Users\DELL\.gradle\wrapper\dists\gradle-7.3.3-bin\6a41zxkdtcxs8rphpq6y0069z\gradle-7.3.3\lib\gradle-launcher-7.3.3.jar
Launcher Type: SUN_STANDARD

[Global flags]
     intx CICompilerCount                          = 3                                         {product} {ergonomic}
     uint ConcGCThreads                            = 1                                         {product} {ergonomic}
     uint G1ConcRefinementThreads                  = 4                                         {product} {ergonomic}
   size_t G1HeapRegionSize                         = 1048576                                   {product} {ergonomic}
    uintx GCDrainStackTargetSize                   = 64                                        {product} {ergonomic}
   size_t InitialHeapSize                          = 132120576                                 {product} {ergonomic}
   size_t MarkStackSize                            = 4194304                                   {product} {ergonomic}
   size_t MaxHeapSize                              = 2147483648                                {product} {command line}
   size_t MaxNewSize                               = 1287651328                                {product} {ergonomic}
   size_t MinHeapDeltaBytes                        = 1048576                                   {product} {ergonomic}
    uintx NonNMethodCodeHeapSize                   = 5830732                                {pd product} {ergonomic}
    uintx NonProfiledCodeHeapSize                  = 122913754                              {pd product} {ergonomic}
    uintx ProfiledCodeHeapSize                     = 122913754                              {pd product} {ergonomic}
    uintx ReservedCodeCacheSize                    = 251658240                              {pd product} {ergonomic}
     bool SegmentedCodeCache                       = true                                      {product} {ergonomic}
     bool UseCompressedClassPointers               = true                                 {lp64_product} {ergonomic}
     bool UseCompressedOops                        = true                                 {lp64_product} {ergonomic}
     bool UseG1GC                                  = true                                      {product} {ergonomic}
     bool UseLargePagesIndividualAllocation        = false                                  {pd product} {ergonomic}

Logging:
Log output configuration:
 #0: stdout all=warning uptime,level,tags
 #1: stderr all=off uptime,level,tags

Environment Variables:
PATH=C:\Program Files\Common Files\Oracle\Java\javapath;C:\Program Files (x86)\Common Files\Oracle\Java\javapath;C:\WINDOWS\system32;C:\WINDOWS;C:\WINDOWS\System32\Wbem;C:\WINDOWS\System32\WindowsPowerShell\v1.0\;C:\WINDOWS\System32\OpenSSH\;C:\Program Files\Git\cmd;C:\Program Files\nodejs\;C:\Program Files\Java\jdk-18.0.2.1\bin;C:\Users\DELL\AppData\Local\Microsoft\WindowsApps;;C:\Users\DELL\AppData\Local\Programs\Microsoft VS Code\bin;C:\Program Files\JetBrains\PyCharm 2021.3\bin;
USERNAME=DELL
OS=Windows_NT
PROCESSOR_IDENTIFIER=Intel64 Family 6 Model 142 Stepping 9, GenuineIntel



---------------  S Y S T E M  ---------------

OS: Windows 10 , 64 bit Build 25188 (10.0.25188.1000)
OS uptime: 0 days 15:29 hours
Hyper-V role detected

CPU:total 4 (initial active 4) (2 cores per cpu, 2 threads per core) family 6 model 142 stepping 9 microcode 0xde, cmov, cx8, fxsr, mmx, sse, sse2, sse3, ssse3, sse4.1, sse4.2, popcnt, avx, avx2, aes, clmul, erms, 3dnowpref, lzcnt, ht, tsc, tscinvbit, bmi1, bmi2, adx, fma

Memory: 4k page, system-wide physical 8061M (324M free)
TotalPageFile size 9959M (AvailPageFile size 2M)
current process WorkingSet (physical memory assigned to process): 352M, peak: 502M
current process commit charge ("private bytes"): 593M, peak: 599M

vm_info: OpenJDK 64-Bit Server VM (11.0.12+7-b1504.28-7817840) for windows-amd64 JRE (11.0.12+7-b1504.28-7817840), built on Oct 13 2021 22:12:33 by "builder" with MS VC++ 14.0 (VS2015)

END.
