#
# There is insufficient memory for the Java Runtime Environment to continue.
# Native memory allocation (mmap) failed to map 63963136 bytes for Failed to commit area from 0x0000000092e00000 to 0x0000000096b00000 of length 63963136.
# Possible reasons:
#   The system is out of physical RAM or swap space
#   The process is running with CompressedOops enabled, and the Java Heap may be blocking the growth of the native heap
# Possible solutions:
#   Reduce memory load on the system
#   Increase physical memory or swap space
#   Check if swap backing store is full
#   Decrease Java heap size (-Xmx/-Xms)
#   Decrease number of Java threads
#   Decrease Java thread stack sizes (-Xss)
#   Set larger code cache with -XX:ReservedCodeCacheSize=
#   JVM is running with Unscaled Compressed Oops mode in which the Java heap is
#     placed in the first 4GB address space. The Java Heap base address is the
#     maximum limit for the native heap growth. Please use -XX:HeapBaseMinAddress
#     to set the Java Heap base and to place the Java Heap above 4GB virtual address.
# This output file may be truncated or incomplete.
#
#  Out of Memory Error (./src/hotspot/os/windows/os_windows.cpp:3521), pid=22256, tid=22276
#
# JRE version: OpenJDK Runtime Environment (11.0.12+7) (build 11.0.12+7-b1504.28-7817840)
# Java VM: OpenJDK 64-Bit Server VM (11.0.12+7-b1504.28-7817840, mixed mode, tiered, compressed oops, g1 gc, windows-amd64)
# No core dump will be written. Minidumps are not enabled by default on client versions of Windows
#

---------------  S U M M A R Y ------------

Command Line: --add-opens=java.base/java.util=ALL-UNNAMED --add-opens=java.base/java.lang=ALL-UNNAMED --add-opens=java.base/java.lang.invoke=ALL-UNNAMED --add-opens=java.base/java.util=ALL-UNNAMED --add-opens=java.prefs/java.util.prefs=ALL-UNNAMED --add-opens=java.prefs/java.util.prefs=ALL-UNNAMED --add-opens=java.base/java.nio.charset=ALL-UNNAMED --add-opens=java.base/java.net=ALL-UNNAMED --add-opens=java.base/java.util.concurrent.atomic=ALL-UNNAMED -Xmx2048m -Dfile.encoding=UTF-8 -Duser.country=US -Duser.language=en -Duser.variant org.gradle.launcher.daemon.bootstrap.GradleDaemon 7.3.3

Host: Intel(R) Core(TM) i7-7500U CPU @ 2.70GHz, 4 cores, 7G,  Windows 10 , 64 bit Build 25193 (10.0.25193.1000)
Time: Tue Sep 13 13:04:49 2022 Pakistan Standard Time elapsed time: 1997.182315 seconds (0d 0h 33m 17s)

---------------  T H R E A D  ---------------

Current thread (0x0000023f491ba000):  VMThread "VM Thread" [stack: 0x000000d4de600000,0x000000d4de700000] [id=22276]

Stack: [0x000000d4de600000,0x000000d4de700000]
[error occurred during error reporting (printing stack bounds), id 0xc0000005, EXCEPTION_ACCESS_VIOLATION (0xc0000005) at pc=0x0000023f330d112d]

Native frames: (J=compiled Java code, j=interpreted, Vv=VM code, C=native code)
V  [jvm.dll+0x5fbcea]
V  [jvm.dll+0x731905]
V  [jvm.dll+0x732f1d]
V  [jvm.dll+0x733535]
V  [jvm.dll+0x7334eb]
V  [jvm.dll+0x5fb080]
V  [jvm.dll+0x5fb818]
C  [ntdll.dll+0xa66ef]
C  [ntdll.dll+0x3d0af]
C  [ntdll.dll+0xa56ee]
C  0x0000023f330d112d

VM_Operation (0x000000d4e3bfcb20): G1CollectForAllocation, mode: safepoint, requested by thread 0x0000023f4f157000


---------------  P R O C E S S  ---------------

Threads class SMR info:
_java_thread_list=0x0000023f4b32fa00, length=90, elements={
0x0000023f2d5dc000, 0x0000023f491be000, 0x0000023f491ca000, 0x0000023f49b42800,
0x0000023f491db000, 0x0000023f491de000, 0x0000023f491e0000, 0x0000023f491e3000,
0x0000023f491ec000, 0x0000023f49c8c000, 0x0000023f4ba2e800, 0x0000023f4badc800,
0x0000023f4a9d2000, 0x0000023f4b5cb000, 0x0000023f4b5cb800, 0x0000023f4b5cc800,
0x0000023f4b5c6800, 0x0000023f4b5cd800, 0x0000023f4b5c7800, 0x0000023f4b5c8800,
0x0000023f49bc1000, 0x0000023f49bc0000, 0x0000023f49bc5000, 0x0000023f49bcb800,
0x0000023f52ad9000, 0x0000023f52adb000, 0x0000023f52adb800, 0x0000023f52ad7800,
0x0000023f52adc800, 0x0000023f52ade000, 0x0000023f52ad8800, 0x0000023f52ae4000,
0x0000023f52ae4800, 0x0000023f52adf000, 0x0000023f52ae2000, 0x0000023f52ae0000,
0x0000023f52ae5800, 0x0000023f52ae6800, 0x0000023f52ae3000, 0x0000023f52ae0800,
0x0000023f52ae1800, 0x0000023f49bc4000, 0x0000023f49bc2800, 0x0000023f49bc1800,
0x0000023f49bc3800, 0x0000023f49bce000, 0x0000023f49bcc000, 0x0000023f49bca000,
0x0000023f49bcd000, 0x0000023f4b5c9000, 0x0000023f4b5ca000, 0x0000023f4aed9800,
0x0000023f4aedb800, 0x0000023f4aed8000, 0x0000023f4aed9000, 0x0000023f4aeda800,
0x0000023f4aedc000, 0x0000023f4aed6800, 0x0000023f4aedd000, 0x0000023f4aed7000,
0x0000023f4aee2000, 0x0000023f4aee2800, 0x0000023f4aee3800, 0x0000023f4aedf800,
0x0000023f4aee0000, 0x0000023f4aee1000, 0x0000023f4aedd800, 0x0000023f4aee4800,
0x0000023f4aede800, 0x0000023f4aee5000, 0x0000023f4f14f000, 0x0000023f4f14d800,
0x0000023f4f150000, 0x0000023f4f14c800, 0x0000023f4f150800, 0x0000023f4f151800,
0x0000023f4f14e000, 0x0000023f4f14c000, 0x0000023f4f158000, 0x0000023f4f152800,
0x0000023f4f154000, 0x0000023f4f156800, 0x0000023f4f154800, 0x0000023f4f155800,
0x0000023f4f157000, 0x0000023f4f159000, 0x0000023f4f153000, 0x0000023f4f15a800,
0x0000023f49bc9000, 0x0000023f4f304800
}

Java Threads: ( => current thread )
  0x0000023f2d5dc000 JavaThread "main" [_thread_blocked, id=16396, stack(0x000000d4de000000,0x000000d4de100000)]
  0x0000023f491be000 JavaThread "Reference Handler" daemon [_thread_blocked, id=18792, stack(0x000000d4de700000,0x000000d4de800000)]
  0x0000023f491ca000 JavaThread "Finalizer" daemon [_thread_blocked, id=22304, stack(0x000000d4de800000,0x000000d4de900000)]
  0x0000023f49b42800 JavaThread "Signal Dispatcher" daemon [_thread_blocked, id=11380, stack(0x000000d4de900000,0x000000d4dea00000)]
  0x0000023f491db000 JavaThread "Attach Listener" daemon [_thread_blocked, id=16640, stack(0x000000d4dea00000,0x000000d4deb00000)]
  0x0000023f491de000 JavaThread "Service Thread" daemon [_thread_blocked, id=21688, stack(0x000000d4deb00000,0x000000d4dec00000)]
  0x0000023f491e0000 JavaThread "C2 CompilerThread0" daemon [_thread_blocked, id=3600, stack(0x000000d4dec00000,0x000000d4ded00000)]
  0x0000023f491e3000 JavaThread "C1 CompilerThread0" daemon [_thread_blocked, id=22216, stack(0x000000d4ded00000,0x000000d4dee00000)]
  0x0000023f491ec000 JavaThread "Sweeper thread" daemon [_thread_blocked, id=4216, stack(0x000000d4dee00000,0x000000d4def00000)]
  0x0000023f49c8c000 JavaThread "Common-Cleaner" daemon [_thread_blocked, id=20720, stack(0x000000d4def00000,0x000000d4df000000)]
  0x0000023f4ba2e800 JavaThread "Daemon health stats" [_thread_blocked, id=21276, stack(0x000000d4df400000,0x000000d4df500000)]
  0x0000023f4badc800 JavaThread "Incoming local TCP Connector on port 51351" [_thread_in_native, id=21920, stack(0x000000d4df100000,0x000000d4df200000)]
  0x0000023f4a9d2000 JavaThread "Daemon periodic checks" [_thread_blocked, id=7200, stack(0x000000d4df500000,0x000000d4df600000)]
  0x0000023f4b5cb000 JavaThread "Cache worker for journal cache (C:\Users\DELL\.gradle\caches\journal-1)" [_thread_blocked, id=22020, stack(0x000000d4dff00000,0x000000d4e0000000)]
  0x0000023f4b5cb800 JavaThread "File lock request listener" [_thread_in_native, id=22096, stack(0x000000d4e0000000,0x000000d4e0100000)]
  0x0000023f4b5cc800 JavaThread "Cache worker for file hash cache (C:\Users\DELL\.gradle\caches\7.3.3\fileHashes)" [_thread_blocked, id=20512, stack(0x000000d4e0100000,0x000000d4e0200000)]
  0x0000023f4b5c6800 JavaThread "File watcher server" daemon [_thread_blocked, id=21556, stack(0x000000d4e0300000,0x000000d4e0400000)]
  0x0000023f4b5cd800 JavaThread "File watcher consumer" daemon [_thread_blocked, id=20908, stack(0x000000d4e0400000,0x000000d4e0500000)]
  0x0000023f4b5c7800 JavaThread "jar transforms" [_thread_blocked, id=22220, stack(0x000000d4dfd00000,0x000000d4dfe00000)]
  0x0000023f4b5c8800 JavaThread "jar transforms Thread 2" [_thread_blocked, id=22160, stack(0x000000d4e0500000,0x000000d4e0600000)]
  0x0000023f49bc1000 JavaThread "jar transforms Thread 3" [_thread_blocked, id=21736, stack(0x000000d4e0600000,0x000000d4e0700000)]
  0x0000023f49bc0000 JavaThread "jar transforms Thread 4" [_thread_blocked, id=19808, stack(0x000000d4e0700000,0x000000d4e0800000)]
  0x0000023f49bc5000 JavaThread "Cache worker for execution history cache (C:\Users\DELL\.gradle\caches\7.3.3\executionHistory)" [_thread_blocked, id=21108, stack(0x000000d4e0c00000,0x000000d4e0d00000)]
  0x0000023f49bcb800 JavaThread "Cache worker for file content cache (C:\Users\DELL\.gradle\caches\7.3.3\fileContent)" [_thread_blocked, id=20976, stack(0x000000d4e0d00000,0x000000d4e0e00000)]
  0x0000023f52ad9000 JavaThread "Memory manager" [_thread_blocked, id=21904, stack(0x000000d4e3800000,0x000000d4e3900000)]
  0x0000023f52adb000 JavaThread "Daemon Thread 5" [_thread_blocked, id=30212, stack(0x000000d4ddd00000,0x000000d4dde00000)]
  0x0000023f52adb800 JavaThread "Handler for socket connection from /127.0.0.1:51351 to /127.0.0.1:51820" [_thread_in_native, id=27976, stack(0x000000d4dde00000,0x000000d4ddf00000)]
  0x0000023f52ad7800 JavaThread "Cancel handler" [_thread_blocked, id=28988, stack(0x000000d4ddf00000,0x000000d4de000000)]
  0x0000023f52adc800 JavaThread "Daemon worker Thread 5" [_thread_blocked, id=20516, stack(0x000000d4df600000,0x000000d4df700000)]
  0x0000023f52ade000 JavaThread "Asynchronous log dispatcher for DefaultDaemonConnection: socket connection from /127.0.0.1:51351 to /127.0.0.1:51820" [_thread_blocked, id=30660, stack(0x000000d4df700000,0x000000d4df800000)]
  0x0000023f52ad8800 JavaThread "Stdin handler" [_thread_blocked, id=26208, stack(0x000000d4df800000,0x000000d4df900000)]
  0x0000023f52ae4000 JavaThread "Daemon client event forwarder" [_thread_blocked, id=30112, stack(0x000000d4df900000,0x000000d4dfa00000)]
  0x0000023f52ae4800 JavaThread "Cache worker for file hash cache (C:\Users\DELL\AndroidStudioProjects\BroadcastReciver\.gradle\7.3.3\fileHashes)" [_thread_blocked, id=28460, stack(0x000000d4dfa00000,0x000000d4dfb00000)]
  0x0000023f52adf000 JavaThread "Cache worker for checksums cache (C:\Users\DELL\AndroidStudioProjects\BroadcastReciver\.gradle\7.3.3\checksums)" [_thread_blocked, id=29708, stack(0x000000d4dfb00000,0x000000d4dfc00000)]
  0x0000023f52ae2000 JavaThread "Cache worker for cache directory md-supplier (C:\Users\DELL\.gradle\caches\7.3.3\md-supplier)" [_thread_blocked, id=28892, stack(0x000000d4dfc00000,0x000000d4dfd00000)]
  0x0000023f52ae0000 JavaThread "Cache worker for cache directory md-rule (C:\Users\DELL\.gradle\caches\7.3.3\md-rule)" [_thread_blocked, id=25144, stack(0x000000d4e0200000,0x000000d4e0300000)]
  0x0000023f52ae5800 JavaThread "Cache worker for dependencies-accessors (C:\Users\DELL\AndroidStudioProjects\BroadcastReciver\.gradle\7.3.3\dependencies-accessors)" [_thread_blocked, id=23872, stack(0x000000d4e0800000,0x000000d4e0900000)]
  0x0000023f52ae6800 JavaThread "Cache worker for Build Output Cleanup Cache (C:\Users\DELL\AndroidStudioProjects\BroadcastReciver\.gradle\buildOutputCleanup)" [_thread_blocked, id=30356, stack(0x000000d4e0900000,0x000000d4e0a00000)]
  0x0000023f52ae3000 JavaThread "Unconstrained build operations" [_thread_blocked, id=27664, stack(0x000000d4e0a00000,0x000000d4e0b00000)]
  0x0000023f52ae0800 JavaThread "Unconstrained build operations Thread 2" [_thread_blocked, id=21000, stack(0x000000d4e0b00000,0x000000d4e0c00000)]
  0x0000023f52ae1800 JavaThread "Unconstrained build operations Thread 3" [_thread_blocked, id=27192, stack(0x000000d4e0e00000,0x000000d4e0f00000)]
  0x0000023f49bc4000 JavaThread "Unconstrained build operations Thread 4" [_thread_blocked, id=28720, stack(0x000000d4e0f00000,0x000000d4e1000000)]
  0x0000023f49bc2800 JavaThread "Unconstrained build operations Thread 5" [_thread_blocked, id=27968, stack(0x000000d4e1000000,0x000000d4e1100000)]
  0x0000023f49bc1800 JavaThread "Unconstrained build operations Thread 6" [_thread_blocked, id=26716, stack(0x000000d4e1100000,0x000000d4e1200000)]
  0x0000023f49bc3800 JavaThread "Unconstrained build operations Thread 7" [_thread_blocked, id=27904, stack(0x000000d4e1200000,0x000000d4e1300000)]
  0x0000023f49bce000 JavaThread "Unconstrained build operations Thread 8" [_thread_blocked, id=29852, stack(0x000000d4e1300000,0x000000d4e1400000)]
  0x0000023f49bcc000 JavaThread "Unconstrained build operations Thread 9" [_thread_blocked, id=30680, stack(0x000000d4e1400000,0x000000d4e1500000)]
  0x0000023f49bca000 JavaThread "Unconstrained build operations Thread 10" [_thread_blocked, id=28684, stack(0x000000d4e1500000,0x000000d4e1600000)]
  0x0000023f49bcd000 JavaThread "Unconstrained build operations Thread 11" [_thread_blocked, id=28492, stack(0x000000d4e1600000,0x000000d4e1700000)]
  0x0000023f4b5c9000 JavaThread "Unconstrained build operations Thread 12" [_thread_blocked, id=18048, stack(0x000000d4e1700000,0x000000d4e1800000)]
  0x0000023f4b5ca000 JavaThread "Unconstrained build operations Thread 13" [_thread_blocked, id=22936, stack(0x000000d4e1800000,0x000000d4e1900000)]
  0x0000023f4aed9800 JavaThread "Unconstrained build operations Thread 14" [_thread_blocked, id=29176, stack(0x000000d4e1900000,0x000000d4e1a00000)]
  0x0000023f4aedb800 JavaThread "Unconstrained build operations Thread 15" [_thread_blocked, id=28316, stack(0x000000d4e1a00000,0x000000d4e1b00000)]
  0x0000023f4aed8000 JavaThread "Unconstrained build operations Thread 16" [_thread_blocked, id=2232, stack(0x000000d4e1b00000,0x000000d4e1c00000)]
  0x0000023f4aed9000 JavaThread "Unconstrained build operations Thread 17" [_thread_blocked, id=29144, stack(0x000000d4e1c00000,0x000000d4e1d00000)]
  0x0000023f4aeda800 JavaThread "Unconstrained build operations Thread 18" [_thread_blocked, id=28184, stack(0x000000d4e1d00000,0x000000d4e1e00000)]
  0x0000023f4aedc000 JavaThread "Unconstrained build operations Thread 19" [_thread_blocked, id=24432, stack(0x000000d4e1e00000,0x000000d4e1f00000)]
  0x0000023f4aed6800 JavaThread "Unconstrained build operations Thread 20" [_thread_blocked, id=30724, stack(0x000000d4e1f00000,0x000000d4e2000000)]
  0x0000023f4aedd000 JavaThread "Unconstrained build operations Thread 21" [_thread_blocked, id=30728, stack(0x000000d4e2000000,0x000000d4e2100000)]
  0x0000023f4aed7000 JavaThread "Unconstrained build operations Thread 22" [_thread_blocked, id=30732, stack(0x000000d4e2100000,0x000000d4e2200000)]
  0x0000023f4aee2000 JavaThread "Unconstrained build operations Thread 23" [_thread_blocked, id=30736, stack(0x000000d4e2200000,0x000000d4e2300000)]
  0x0000023f4aee2800 JavaThread "Unconstrained build operations Thread 24" [_thread_blocked, id=30740, stack(0x000000d4e2300000,0x000000d4e2400000)]
  0x0000023f4aee3800 JavaThread "Unconstrained build operations Thread 25" [_thread_blocked, id=30744, stack(0x000000d4e2400000,0x000000d4e2500000)]
  0x0000023f4aedf800 JavaThread "Unconstrained build operations Thread 26" [_thread_blocked, id=30748, stack(0x000000d4e2500000,0x000000d4e2600000)]
  0x0000023f4aee0000 JavaThread "Unconstrained build operations Thread 27" [_thread_blocked, id=30752, stack(0x000000d4e2600000,0x000000d4e2700000)]
  0x0000023f4aee1000 JavaThread "Unconstrained build operations Thread 28" [_thread_blocked, id=30756, stack(0x000000d4e2700000,0x000000d4e2800000)]
  0x0000023f4aedd800 JavaThread "Unconstrained build operations Thread 29" [_thread_blocked, id=30760, stack(0x000000d4e2800000,0x000000d4e2900000)]
  0x0000023f4aee4800 JavaThread "Unconstrained build operations Thread 30" [_thread_blocked, id=30764, stack(0x000000d4e2900000,0x000000d4e2a00000)]
  0x0000023f4aede800 JavaThread "Unconstrained build operations Thread 31" [_thread_blocked, id=30768, stack(0x000000d4e2a00000,0x000000d4e2b00000)]
  0x0000023f4aee5000 JavaThread "Unconstrained build operations Thread 32" [_thread_blocked, id=30772, stack(0x000000d4e2b00000,0x000000d4e2c00000)]
  0x0000023f4f14f000 JavaThread "Unconstrained build operations Thread 33" [_thread_blocked, id=30776, stack(0x000000d4e2c00000,0x000000d4e2d00000)]
  0x0000023f4f14d800 JavaThread "Unconstrained build operations Thread 34" [_thread_blocked, id=30780, stack(0x000000d4e2d00000,0x000000d4e2e00000)]
  0x0000023f4f150000 JavaThread "Unconstrained build operations Thread 35" [_thread_blocked, id=30784, stack(0x000000d4e2e00000,0x000000d4e2f00000)]
  0x0000023f4f14c800 JavaThread "Unconstrained build operations Thread 36" [_thread_blocked, id=30788, stack(0x000000d4e2f00000,0x000000d4e3000000)]
  0x0000023f4f150800 JavaThread "Unconstrained build operations Thread 37" [_thread_blocked, id=30792, stack(0x000000d4e3000000,0x000000d4e3100000)]
  0x0000023f4f151800 JavaThread "Unconstrained build operations Thread 38" [_thread_blocked, id=30796, stack(0x000000d4e3100000,0x000000d4e3200000)]
  0x0000023f4f14e000 JavaThread "Unconstrained build operations Thread 39" [_thread_blocked, id=30800, stack(0x000000d4e3200000,0x000000d4e3300000)]
  0x0000023f4f14c000 JavaThread "Unconstrained build operations Thread 40" [_thread_blocked, id=30804, stack(0x000000d4e3300000,0x000000d4e3400000)]
  0x0000023f4f158000 JavaThread "build event listener" [_thread_blocked, id=30844, stack(0x000000d4e3400000,0x000000d4e3500000)]
  0x0000023f4f152800 JavaThread "Execution worker for ':'" [_thread_blocked, id=30848, stack(0x000000d4e3500000,0x000000d4e3600000)]
  0x0000023f4f154000 JavaThread "Execution worker for ':' Thread 2" [_thread_blocked, id=30852, stack(0x000000d4e3600000,0x000000d4e3700000)]
  0x0000023f4f156800 JavaThread "Execution worker for ':' Thread 3" [_thread_blocked, id=30856, stack(0x000000d4e3700000,0x000000d4e3800000)]
  0x0000023f4f154800 JavaThread "Cache worker for execution history cache (C:\Users\DELL\AndroidStudioProjects\BroadcastReciver\.gradle\7.3.3\executionHistory)" [_thread_blocked, id=30860, stack(0x000000d4e3900000,0x000000d4e3a00000)]
  0x0000023f4f155800 JavaThread "WorkerExecutor Queue" [_thread_blocked, id=30900, stack(0x000000d4e3a00000,0x000000d4e3b00000)]
  0x0000023f4f157000 JavaThread "WorkerExecutor Queue Thread 2" [_thread_blocked, id=30908, stack(0x000000d4e3b00000,0x000000d4e3c00000)]
  0x0000023f4f159000 JavaThread "WorkerExecutor Queue Thread 3" [_thread_blocked, id=30984, stack(0x000000d4e3c00000,0x000000d4e3d00000)]
  0x0000023f4f153000 JavaThread "WorkerExecutor Queue Thread 4" [_thread_blocked, id=31144, stack(0x000000d4e3d00000,0x000000d4e3e00000)]
  0x0000023f4f15a800 JavaThread "pool-8-thread-1" [_thread_blocked, id=31260, stack(0x000000d4e4000000,0x000000d4e4100000)]
  0x0000023f49bc9000 JavaThread "stderr" [_thread_in_native, id=31288, stack(0x000000d4e4100000,0x000000d4e4200000)]
  0x0000023f4f304800 JavaThread "stdout" [_thread_blocked, id=31292, stack(0x000000d4e4200000,0x000000d4e4300000)]

Other Threads:
=>0x0000023f491ba000 VMThread "VM Thread" [stack: 0x000000d4de600000,0x000000d4de700000] [id=22276]
  0x0000023f49cc4000 WatcherThread [stack: 0x000000d4df000000,0x000000d4df100000] [id=8956]
  0x0000023f2f5e1800 GCTaskThread "GC Thread#0" [stack: 0x000000d4de100000,0x000000d4de200000] [id=20824]
  0x0000023f4a858000 GCTaskThread "GC Thread#1" [stack: 0x000000d4df200000,0x000000d4df300000] [id=18640]
  0x0000023f4a41a000 GCTaskThread "GC Thread#2" [stack: 0x000000d4df300000,0x000000d4df400000] [id=21608]
  0x0000023f4af94800 GCTaskThread "GC Thread#3" [stack: 0x000000d4dfe00000,0x000000d4dff00000] [id=16628]
  0x0000023f2f612800 ConcurrentGCThread "G1 Main Marker" [stack: 0x000000d4de200000,0x000000d4de300000] [id=20792]
  0x0000023f2f614800 ConcurrentGCThread "G1 Conc#0" [stack: 0x000000d4de300000,0x000000d4de400000] [id=20808]
  0x0000023f49010800 ConcurrentGCThread "G1 Refine#0" [stack: 0x000000d4de400000,0x000000d4de500000] [id=14184]
  0x0000023f49011800 ConcurrentGCThread "G1 Young RemSet Sampling" [stack: 0x000000d4de500000,0x000000d4de600000] [id=21176]

Threads with active compile tasks:
C2 CompilerThread01997228 19297 %     4       com.android.tools.r8.dex.j::m @ 64 (2094 bytes)

VM state:at safepoint (normal execution)

VM Mutex/Monitor currently owned by a thread:  ([mutex/lock_event])
[0x0000023f2f5c9810] Threads_lock - owner thread: 0x0000023f491ba000
[0x0000023f2f5c9ff0] Heap_lock - owner thread: 0x0000023f4f157000

Heap address: 0x0000000080000000, size: 2048 MB, Compressed Oops mode: 32-bit
Narrow klass base: 0x0000000000000000, Narrow klass shift: 3
Compressed class space size: 1073741824 Address: 0x0000000100000000

Heap:
 garbage-first heap   total 371712K, used 180224K [0x0000000080000000, 0x0000000100000000)
  region size 1024K, 3 young (3072K), 3 survivors (3072K)
 Metaspace       used 126081K, capacity 129491K, committed 129664K, reserved 1161216K
  class space    used 15663K, capacity 16900K, committed 17024K, reserved 1048576K
Heap Regions: E=young(eden), S=young(survivor), O=old, HS=humongous(starts), HC=humongous(continues), CS=collection set, F=free, A=archive, TAMS=top-at-mark-start (previous, next)
|   0|0x0000000080000000, 0x0000000080100000, 0x0000000080100000|100%| O|  |TAMS 0x0000000080100000, 0x0000000080100000| Untracked 
|   1|0x0000000080100000, 0x0000000080200000, 0x0000000080200000|100%| O|  |TAMS 0x0000000080200000, 0x0000000080200000| Untracked 
|   2|0x0000000080200000, 0x0000000080300000, 0x0000000080300000|100%| O|  |TAMS 0x0000000080300000, 0x0000000080300000| Untracked 
|   3|0x0000000080300000, 0x0000000080400000, 0x0000000080400000|100%|HS|  |TAMS 0x0000000080400000, 0x0000000080400000| Complete 
|   4|0x0000000080400000, 0x0000000080500000, 0x0000000080500000|100%|HC|  |TAMS 0x0000000080500000, 0x0000000080500000| Complete 
|   5|0x0000000080500000, 0x0000000080600000, 0x0000000080600000|100%|HC|  |TAMS 0x0000000080600000, 0x0000000080600000| Complete 
|   6|0x0000000080600000, 0x0000000080700000, 0x0000000080700000|100%| O|  |TAMS 0x0000000080700000, 0x0000000080700000| Untracked 
|   7|0x0000000080700000, 0x0000000080800000, 0x0000000080800000|100%| O|  |TAMS 0x0000000080800000, 0x0000000080800000| Untracked 
|   8|0x0000000080800000, 0x0000000080900000, 0x0000000080900000|100%| O|  |TAMS 0x0000000080900000, 0x0000000080900000| Untracked 
|   9|0x0000000080900000, 0x0000000080a00000, 0x0000000080a00000|100%| O|  |TAMS 0x0000000080a00000, 0x0000000080a00000| Untracked 
|  10|0x0000000080a00000, 0x0000000080b00000, 0x0000000080b00000|100%| O|  |TAMS 0x0000000080b00000, 0x0000000080b00000| Untracked 
|  11|0x0000000080b00000, 0x0000000080c00000, 0x0000000080c00000|100%| O|  |TAMS 0x0000000080c00000, 0x0000000080c00000| Untracked 
|  12|0x0000000080c00000, 0x0000000080d00000, 0x0000000080d00000|100%| O|  |TAMS 0x0000000080d00000, 0x0000000080d00000| Untracked 
|  13|0x0000000080d00000, 0x0000000080e00000, 0x0000000080e00000|100%| O|  |TAMS 0x0000000080e00000, 0x0000000080e00000| Untracked 
|  14|0x0000000080e00000, 0x0000000080f00000, 0x0000000080f00000|100%| O|  |TAMS 0x0000000080f00000, 0x0000000080f00000| Untracked 
|  15|0x0000000080f00000, 0x0000000081000000, 0x0000000081000000|100%| O|  |TAMS 0x0000000081000000, 0x0000000081000000| Untracked 
|  16|0x0000000081000000, 0x0000000081100000, 0x0000000081100000|100%| O|  |TAMS 0x0000000081100000, 0x0000000081100000| Untracked 
|  17|0x0000000081100000, 0x0000000081200000, 0x0000000081200000|100%|HS|  |TAMS 0x0000000081200000, 0x0000000081200000| Complete 
|  18|0x0000000081200000, 0x0000000081300000, 0x0000000081300000|100%|HC|  |TAMS 0x0000000081300000, 0x0000000081300000| Complete 
|  19|0x0000000081300000, 0x0000000081400000, 0x0000000081400000|100%|HS|  |TAMS 0x0000000081400000, 0x0000000081400000| Complete 
|  20|0x0000000081400000, 0x0000000081500000, 0x0000000081500000|100%|HC|  |TAMS 0x0000000081500000, 0x0000000081500000| Complete 
|  21|0x0000000081500000, 0x0000000081600000, 0x0000000081600000|100%|HC|  |TAMS 0x0000000081600000, 0x0000000081600000| Complete 
|  22|0x0000000081600000, 0x0000000081700000, 0x0000000081700000|100%|HS|  |TAMS 0x0000000081700000, 0x0000000081700000| Complete 
|  23|0x0000000081700000, 0x0000000081800000, 0x0000000081800000|100%|HS|  |TAMS 0x0000000081800000, 0x0000000081800000| Complete 
|  24|0x0000000081800000, 0x0000000081900000, 0x0000000081900000|100%|HC|  |TAMS 0x0000000081900000, 0x0000000081900000| Complete 
|  25|0x0000000081900000, 0x0000000081a00000, 0x0000000081a00000|100%|HC|  |TAMS 0x0000000081a00000, 0x0000000081a00000| Complete 
|  26|0x0000000081a00000, 0x0000000081b00000, 0x0000000081b00000|100%|HC|  |TAMS 0x0000000081b00000, 0x0000000081b00000| Complete 
|  27|0x0000000081b00000, 0x0000000081c00000, 0x0000000081c00000|100%|HS|  |TAMS 0x0000000081c00000, 0x0000000081c00000| Complete 
|  28|0x0000000081c00000, 0x0000000081d00000, 0x0000000081d00000|100%| O|  |TAMS 0x0000000081d00000, 0x0000000081d00000| Untracked 
|  29|0x0000000081d00000, 0x0000000081e00000, 0x0000000081e00000|100%| O|  |TAMS 0x0000000081e00000, 0x0000000081e00000| Untracked 
|  30|0x0000000081e00000, 0x0000000081f00000, 0x0000000081f00000|100%| O|  |TAMS 0x0000000081f00000, 0x0000000081f00000| Untracked 
|  31|0x0000000081f00000, 0x0000000082000000, 0x0000000082000000|100%| O|  |TAMS 0x0000000082000000, 0x0000000082000000| Untracked 
|  32|0x0000000082000000, 0x0000000082100000, 0x0000000082100000|100%| O|  |TAMS 0x0000000082100000, 0x0000000082100000| Untracked 
|  33|0x0000000082100000, 0x0000000082200000, 0x0000000082200000|100%| O|  |TAMS 0x0000000082200000, 0x0000000082200000| Untracked 
|  34|0x0000000082200000, 0x0000000082300000, 0x0000000082300000|100%| O|  |TAMS 0x0000000082300000, 0x0000000082300000| Untracked 
|  35|0x0000000082300000, 0x0000000082400000, 0x0000000082400000|100%| O|  |TAMS 0x0000000082400000, 0x0000000082400000| Untracked 
|  36|0x0000000082400000, 0x0000000082500000, 0x0000000082500000|100%| O|  |TAMS 0x0000000082500000, 0x0000000082500000| Untracked 
|  37|0x0000000082500000, 0x0000000082600000, 0x0000000082600000|100%| O|  |TAMS 0x0000000082600000, 0x0000000082600000| Untracked 
|  38|0x0000000082600000, 0x0000000082700000, 0x0000000082700000|100%| O|  |TAMS 0x0000000082700000, 0x0000000082700000| Untracked 
|  39|0x0000000082700000, 0x0000000082800000, 0x0000000082800000|100%|HS|  |TAMS 0x0000000082800000, 0x0000000082800000| Complete 
|  40|0x0000000082800000, 0x0000000082900000, 0x0000000082900000|100%|HC|  |TAMS 0x0000000082900000, 0x0000000082900000| Complete 
|  41|0x0000000082900000, 0x0000000082a00000, 0x0000000082a00000|100%|HC|  |TAMS 0x0000000082a00000, 0x0000000082a00000| Complete 
|  42|0x0000000082a00000, 0x0000000082b00000, 0x0000000082b00000|100%| O|  |TAMS 0x0000000082b00000, 0x0000000082b00000| Untracked 
|  43|0x0000000082b00000, 0x0000000082c00000, 0x0000000082c00000|100%| O|  |TAMS 0x0000000082c00000, 0x0000000082c00000| Untracked 
|  44|0x0000000082c00000, 0x0000000082d00000, 0x0000000082d00000|100%| O|  |TAMS 0x0000000082d00000, 0x0000000082d00000| Untracked 
|  45|0x0000000082d00000, 0x0000000082e00000, 0x0000000082e00000|100%| O|  |TAMS 0x0000000082e00000, 0x0000000082e00000| Untracked 
|  46|0x0000000082e00000, 0x0000000082f00000, 0x0000000082f00000|100%|HS|  |TAMS 0x0000000082f00000, 0x0000000082f00000| Complete 
|  47|0x0000000082f00000, 0x0000000083000000, 0x0000000083000000|100%|HC|  |TAMS 0x0000000083000000, 0x0000000083000000| Complete 
|  48|0x0000000083000000, 0x0000000083100000, 0x0000000083100000|100%|HC|  |TAMS 0x0000000083100000, 0x0000000083100000| Complete 
|  49|0x0000000083100000, 0x0000000083200000, 0x0000000083200000|100%|HC|  |TAMS 0x0000000083200000, 0x0000000083200000| Complete 
|  50|0x0000000083200000, 0x0000000083300000, 0x0000000083300000|100%| O|  |TAMS 0x0000000083300000, 0x0000000083300000| Untracked 
|  51|0x0000000083300000, 0x0000000083400000, 0x0000000083400000|100%| O|  |TAMS 0x0000000083400000, 0x0000000083400000| Untracked 
|  52|0x0000000083400000, 0x0000000083500000, 0x0000000083500000|100%| O|  |TAMS 0x0000000083500000, 0x0000000083500000| Untracked 
|  53|0x0000000083500000, 0x0000000083600000, 0x0000000083600000|100%| O|  |TAMS 0x0000000083600000, 0x0000000083600000| Untracked 
|  54|0x0000000083600000, 0x0000000083700000, 0x0000000083700000|100%| O|  |TAMS 0x0000000083700000, 0x0000000083700000| Untracked 
|  55|0x0000000083700000, 0x0000000083800000, 0x0000000083800000|100%|HS|  |TAMS 0x0000000083800000, 0x0000000083800000| Complete 
|  56|0x0000000083800000, 0x0000000083900000, 0x0000000083900000|100%|HS|  |TAMS 0x0000000083900000, 0x0000000083900000| Complete 
|  57|0x0000000083900000, 0x0000000083a00000, 0x0000000083a00000|100%|HS|  |TAMS 0x0000000083a00000, 0x0000000083a00000| Complete 
|  58|0x0000000083a00000, 0x0000000083b00000, 0x0000000083b00000|100%|HC|  |TAMS 0x0000000083b00000, 0x0000000083b00000| Complete 
|  59|0x0000000083b00000, 0x0000000083c00000, 0x0000000083c00000|100%| O|  |TAMS 0x0000000083c00000, 0x0000000083c00000| Untracked 
|  60|0x0000000083c00000, 0x0000000083d00000, 0x0000000083d00000|100%| O|  |TAMS 0x0000000083d00000, 0x0000000083d00000| Untracked 
|  61|0x0000000083d00000, 0x0000000083e00000, 0x0000000083e00000|100%| O|  |TAMS 0x0000000083e00000, 0x0000000083e00000| Untracked 
|  62|0x0000000083e00000, 0x0000000083f00000, 0x0000000083f00000|100%| O|  |TAMS 0x0000000083f00000, 0x0000000083f00000| Untracked 
|  63|0x0000000083f00000, 0x0000000084000000, 0x0000000084000000|100%| O|  |TAMS 0x0000000084000000, 0x0000000084000000| Untracked 
|  64|0x0000000084000000, 0x0000000084100000, 0x0000000084100000|100%| O|  |TAMS 0x0000000084100000, 0x0000000084100000| Untracked 
|  65|0x0000000084100000, 0x0000000084200000, 0x0000000084200000|100%| O|  |TAMS 0x0000000084200000, 0x0000000084200000| Untracked 
|  66|0x0000000084200000, 0x0000000084300000, 0x0000000084300000|100%| O|  |TAMS 0x0000000084300000, 0x0000000084300000| Untracked 
|  67|0x0000000084300000, 0x0000000084400000, 0x0000000084400000|100%| O|  |TAMS 0x0000000084400000, 0x0000000084400000| Untracked 
|  68|0x0000000084400000, 0x0000000084500000, 0x0000000084500000|100%| O|  |TAMS 0x0000000084500000, 0x0000000084500000| Untracked 
|  69|0x0000000084500000, 0x0000000084600000, 0x0000000084600000|100%| O|  |TAMS 0x0000000084600000, 0x0000000084600000| Untracked 
|  70|0x0000000084600000, 0x0000000084700000, 0x0000000084700000|100%| O|  |TAMS 0x0000000084700000, 0x0000000084700000| Untracked 
|  71|0x0000000084700000, 0x0000000084800000, 0x0000000084800000|100%| O|  |TAMS 0x0000000084800000, 0x0000000084800000| Untracked 
|  72|0x0000000084800000, 0x0000000084900000, 0x0000000084900000|100%| O|  |TAMS 0x0000000084900000, 0x0000000084900000| Untracked 
|  73|0x0000000084900000, 0x0000000084a00000, 0x0000000084a00000|100%| O|  |TAMS 0x0000000084a00000, 0x0000000084a00000| Untracked 
|  74|0x0000000084a00000, 0x0000000084b00000, 0x0000000084b00000|100%| O|  |TAMS 0x0000000084b00000, 0x0000000084b00000| Untracked 
|  75|0x0000000084b00000, 0x0000000084c00000, 0x0000000084c00000|100%| O|  |TAMS 0x0000000084c00000, 0x0000000084c00000| Untracked 
|  76|0x0000000084c00000, 0x0000000084d00000, 0x0000000084d00000|100%| O|  |TAMS 0x0000000084d00000, 0x0000000084d00000| Untracked 
|  77|0x0000000084d00000, 0x0000000084e00000, 0x0000000084e00000|100%| O|  |TAMS 0x0000000084e00000, 0x0000000084e00000| Untracked 
|  78|0x0000000084e00000, 0x0000000084f00000, 0x0000000084f00000|100%| O|  |TAMS 0x0000000084f00000, 0x0000000084f00000| Untracked 
|  79|0x0000000084f00000, 0x0000000085000000, 0x0000000085000000|100%| O|  |TAMS 0x0000000085000000, 0x0000000085000000| Untracked 
|  80|0x0000000085000000, 0x0000000085100000, 0x0000000085100000|100%|HS|  |TAMS 0x0000000085100000, 0x0000000085100000| Complete 
|  81|0x0000000085100000, 0x0000000085200000, 0x0000000085200000|100%|HC|  |TAMS 0x0000000085200000, 0x0000000085200000| Complete 
|  82|0x0000000085200000, 0x0000000085300000, 0x0000000085300000|100%| O|  |TAMS 0x0000000085300000, 0x0000000085300000| Untracked 
|  83|0x0000000085300000, 0x0000000085400000, 0x0000000085400000|100%| O|  |TAMS 0x0000000085400000, 0x0000000085400000| Untracked 
|  84|0x0000000085400000, 0x0000000085500000, 0x0000000085500000|100%|HS|  |TAMS 0x0000000085500000, 0x0000000085500000| Complete 
|  85|0x0000000085500000, 0x0000000085600000, 0x0000000085600000|100%|HC|  |TAMS 0x0000000085600000, 0x0000000085600000| Complete 
|  86|0x0000000085600000, 0x0000000085700000, 0x0000000085700000|100%|HC|  |TAMS 0x0000000085700000, 0x0000000085700000| Complete 
|  87|0x0000000085700000, 0x0000000085800000, 0x0000000085800000|100%|HS|  |TAMS 0x0000000085800000, 0x0000000085800000| Complete 
|  88|0x0000000085800000, 0x0000000085900000, 0x0000000085900000|100%|HS|  |TAMS 0x0000000085900000, 0x0000000085900000| Complete 
|  89|0x0000000085900000, 0x0000000085a00000, 0x0000000085a00000|100%|HC|  |TAMS 0x0000000085a00000, 0x0000000085a00000| Complete 
|  90|0x0000000085a00000, 0x0000000085b00000, 0x0000000085b00000|100%|HC|  |TAMS 0x0000000085b00000, 0x0000000085b00000| Complete 
|  91|0x0000000085b00000, 0x0000000085c00000, 0x0000000085c00000|100%|HC|  |TAMS 0x0000000085c00000, 0x0000000085c00000| Complete 
|  92|0x0000000085c00000, 0x0000000085d00000, 0x0000000085d00000|100%| O|  |TAMS 0x0000000085d00000, 0x0000000085d00000| Untracked 
|  93|0x0000000085d00000, 0x0000000085e00000, 0x0000000085e00000|100%| O|  |TAMS 0x0000000085e00000, 0x0000000085e00000| Untracked 
|  94|0x0000000085e00000, 0x0000000085f00000, 0x0000000085f00000|100%| O|  |TAMS 0x0000000085f00000, 0x0000000085f00000| Untracked 
|  95|0x0000000085f00000, 0x0000000086000000, 0x0000000086000000|100%| O|  |TAMS 0x0000000086000000, 0x0000000086000000| Untracked 
|  96|0x0000000086000000, 0x0000000086100000, 0x0000000086100000|100%| O|  |TAMS 0x0000000086100000, 0x0000000086100000| Untracked 
|  97|0x0000000086100000, 0x0000000086200000, 0x0000000086200000|100%| O|  |TAMS 0x0000000086200000, 0x0000000086200000| Untracked 
|  98|0x0000000086200000, 0x0000000086300000, 0x0000000086300000|100%| O|  |TAMS 0x0000000086300000, 0x0000000086300000| Untracked 
|  99|0x0000000086300000, 0x0000000086400000, 0x0000000086400000|100%| O|  |TAMS 0x0000000086400000, 0x0000000086400000| Untracked 
| 100|0x0000000086400000, 0x0000000086500000, 0x0000000086500000|100%| O|  |TAMS 0x0000000086500000, 0x0000000086500000| Untracked 
| 101|0x0000000086500000, 0x0000000086600000, 0x0000000086600000|100%| O|  |TAMS 0x0000000086600000, 0x0000000086600000| Untracked 
| 102|0x0000000086600000, 0x0000000086700000, 0x0000000086700000|100%| O|  |TAMS 0x0000000086700000, 0x0000000086700000| Untracked 
| 103|0x0000000086700000, 0x0000000086800000, 0x0000000086800000|100%| O|  |TAMS 0x0000000086800000, 0x0000000086800000| Untracked 
| 104|0x0000000086800000, 0x0000000086900000, 0x0000000086900000|100%| O|  |TAMS 0x0000000086900000, 0x0000000086900000| Untracked 
| 105|0x0000000086900000, 0x0000000086a00000, 0x0000000086a00000|100%| O|  |TAMS 0x0000000086a00000, 0x0000000086a00000| Untracked 
| 106|0x0000000086a00000, 0x0000000086b00000, 0x0000000086b00000|100%| O|  |TAMS 0x0000000086b00000, 0x0000000086b00000| Untracked 
| 107|0x0000000086b00000, 0x0000000086c00000, 0x0000000086c00000|100%| O|  |TAMS 0x0000000086c00000, 0x0000000086c00000| Untracked 
| 108|0x0000000086c00000, 0x0000000086d00000, 0x0000000086d00000|100%| O|  |TAMS 0x0000000086d00000, 0x0000000086d00000| Untracked 
| 109|0x0000000086d00000, 0x0000000086e00000, 0x0000000086e00000|100%| O|  |TAMS 0x0000000086e00000, 0x0000000086e00000| Untracked 
| 110|0x0000000086e00000, 0x0000000086f00000, 0x0000000086f00000|100%|HS|  |TAMS 0x0000000086f00000, 0x0000000086f00000| Complete 
| 111|0x0000000086f00000, 0x0000000087000000, 0x0000000087000000|100%| O|  |TAMS 0x0000000087000000, 0x0000000087000000| Untracked 
| 112|0x0000000087000000, 0x0000000087100000, 0x0000000087100000|100%|HS|  |TAMS 0x0000000087100000, 0x0000000087100000| Complete 
| 113|0x0000000087100000, 0x0000000087200000, 0x0000000087200000|100%| O|  |TAMS 0x0000000087200000, 0x0000000087200000| Untracked 
| 114|0x0000000087200000, 0x0000000087300000, 0x0000000087300000|100%|HS|  |TAMS 0x0000000087300000, 0x0000000087300000| Complete 
| 115|0x0000000087300000, 0x0000000087400000, 0x0000000087400000|100%|HC|  |TAMS 0x0000000087400000, 0x0000000087400000| Complete 
| 116|0x0000000087400000, 0x0000000087500000, 0x0000000087500000|100%|HS|  |TAMS 0x0000000087500000, 0x0000000087500000| Complete 
| 117|0x0000000087500000, 0x0000000087600000, 0x0000000087600000|100%|HC|  |TAMS 0x0000000087600000, 0x0000000087600000| Complete 
| 118|0x0000000087600000, 0x0000000087700000, 0x0000000087700000|100%|HS|  |TAMS 0x0000000087700000, 0x0000000087700000| Complete 
| 119|0x0000000087700000, 0x0000000087800000, 0x0000000087800000|100%|HC|  |TAMS 0x0000000087800000, 0x0000000087800000| Complete 
| 120|0x0000000087800000, 0x0000000087900000, 0x0000000087900000|100%|HS|  |TAMS 0x0000000087900000, 0x0000000087900000| Complete 
| 121|0x0000000087900000, 0x0000000087a00000, 0x0000000087a00000|100%|HC|  |TAMS 0x0000000087a00000, 0x0000000087a00000| Complete 
| 122|0x0000000087a00000, 0x0000000087b00000, 0x0000000087b00000|100%|HC|  |TAMS 0x0000000087b00000, 0x0000000087b00000| Complete 
| 123|0x0000000087b00000, 0x0000000087c00000, 0x0000000087c00000|100%| O|  |TAMS 0x0000000087bfd400, 0x0000000087c00000| Untracked 
| 124|0x0000000087c00000, 0x0000000087d00000, 0x0000000087d00000|100%| O|  |TAMS 0x0000000087c00000, 0x0000000087d00000| Untracked 
| 125|0x0000000087d00000, 0x0000000087e00000, 0x0000000087e00000|100%| O|  |TAMS 0x0000000087e00000, 0x0000000087e00000| Untracked 
| 126|0x0000000087e00000, 0x0000000087f00000, 0x0000000087f00000|100%| O|  |TAMS 0x0000000087f00000, 0x0000000087f00000| Untracked 
| 127|0x0000000087f00000, 0x0000000088000000, 0x0000000088000000|100%| O|  |TAMS 0x0000000088000000, 0x0000000088000000| Untracked 
| 128|0x0000000088000000, 0x0000000088100000, 0x0000000088100000|100%| O|  |TAMS 0x0000000088100000, 0x0000000088100000| Untracked 
| 129|0x0000000088100000, 0x0000000088200000, 0x0000000088200000|100%| O|  |TAMS 0x0000000088200000, 0x0000000088200000| Untracked 
| 130|0x0000000088200000, 0x0000000088300000, 0x0000000088300000|100%| O|  |TAMS 0x0000000088300000, 0x0000000088300000| Untracked 
| 131|0x0000000088300000, 0x0000000088400000, 0x0000000088400000|100%| O|  |TAMS 0x0000000088400000, 0x0000000088400000| Untracked 
| 132|0x0000000088400000, 0x0000000088500000, 0x0000000088500000|100%| O|  |TAMS 0x0000000088500000, 0x0000000088500000| Untracked 
| 133|0x0000000088500000, 0x0000000088600000, 0x0000000088600000|100%| O|  |TAMS 0x0000000088600000, 0x0000000088600000| Untracked 
| 134|0x0000000088600000, 0x0000000088700000, 0x0000000088700000|100%| O|  |TAMS 0x0000000088700000, 0x0000000088700000| Untracked 
| 135|0x0000000088700000, 0x0000000088800000, 0x0000000088800000|100%| O|  |TAMS 0x0000000088800000, 0x0000000088800000| Untracked 
| 136|0x0000000088800000, 0x0000000088900000, 0x0000000088900000|100%| O|  |TAMS 0x0000000088900000, 0x0000000088900000| Untracked 
| 137|0x0000000088900000, 0x0000000088a00000, 0x0000000088a00000|100%| O|  |TAMS 0x0000000088a00000, 0x0000000088a00000| Untracked 
| 138|0x0000000088a00000, 0x0000000088b00000, 0x0000000088b00000|100%| O|  |TAMS 0x0000000088b00000, 0x0000000088b00000| Untracked 
| 139|0x0000000088b00000, 0x0000000088c00000, 0x0000000088c00000|100%| O|  |TAMS 0x0000000088c00000, 0x0000000088c00000| Untracked 
| 140|0x0000000088c00000, 0x0000000088d00000, 0x0000000088d00000|100%| O|  |TAMS 0x0000000088c00000, 0x0000000088d00000| Untracked 
| 141|0x0000000088d00000, 0x0000000088e00000, 0x0000000088e00000|100%| O|  |TAMS 0x0000000088d00000, 0x0000000088e00000| Untracked 
| 142|0x0000000088e00000, 0x0000000088f00000, 0x0000000088f00000|100%|HS|  |TAMS 0x0000000088e00000, 0x0000000088f00000| Complete 
| 143|0x0000000088f00000, 0x0000000089000000, 0x0000000089000000|100%|HC|  |TAMS 0x0000000088f00000, 0x0000000089000000| Complete 
| 144|0x0000000089000000, 0x0000000089100000, 0x0000000089100000|100%| O|  |TAMS 0x0000000089000000, 0x0000000089100000| Untracked 
| 145|0x0000000089100000, 0x0000000089200000, 0x0000000089200000|100%|HS|  |TAMS 0x0000000089100000, 0x0000000089200000| Complete 
| 146|0x0000000089200000, 0x0000000089300000, 0x0000000089300000|100%| O|  |TAMS 0x0000000089200000, 0x0000000089300000| Untracked 
| 147|0x0000000089300000, 0x0000000089400000, 0x0000000089400000|100%|HS|  |TAMS 0x0000000089300000, 0x0000000089400000| Complete 
| 148|0x0000000089400000, 0x0000000089500000, 0x0000000089500000|100%| O|  |TAMS 0x0000000089400000, 0x0000000089500000| Untracked 
| 149|0x0000000089500000, 0x0000000089600000, 0x0000000089600000|100%| O|  |TAMS 0x0000000089500000, 0x0000000089600000| Untracked 
| 150|0x0000000089600000, 0x0000000089700000, 0x0000000089700000|100%| O|  |TAMS 0x0000000089600000, 0x0000000089700000| Untracked 
| 151|0x0000000089700000, 0x0000000089800000, 0x0000000089800000|100%|HS|  |TAMS 0x0000000089700000, 0x0000000089800000| Complete 
| 152|0x0000000089800000, 0x0000000089900000, 0x0000000089900000|100%|HC|  |TAMS 0x0000000089800000, 0x0000000089900000| Complete 
| 153|0x0000000089900000, 0x0000000089a00000, 0x0000000089a00000|100%| O|  |TAMS 0x0000000089900000, 0x0000000089a00000| Untracked 
| 154|0x0000000089a00000, 0x0000000089b00000, 0x0000000089b00000|100%| O|  |TAMS 0x0000000089a00000, 0x0000000089b00000| Untracked 
| 155|0x0000000089b00000, 0x0000000089b00000, 0x0000000089c00000|  0%| F|  |TAMS 0x0000000089b00000, 0x0000000089b00000| Untracked 
| 156|0x0000000089c00000, 0x0000000089d00000, 0x0000000089d00000|100%|HS|  |TAMS 0x0000000089c00000, 0x0000000089d00000| Complete 
| 157|0x0000000089d00000, 0x0000000089e00000, 0x0000000089e00000|100%|HC|  |TAMS 0x0000000089d00000, 0x0000000089e00000| Complete 
| 158|0x0000000089e00000, 0x0000000089e00000, 0x0000000089f00000|  0%| F|  |TAMS 0x0000000089e00000, 0x0000000089e00000| Untracked 
| 159|0x0000000089f00000, 0x0000000089f00000, 0x000000008a000000|  0%| F|  |TAMS 0x0000000089f00000, 0x0000000089f00000| Untracked 
| 160|0x000000008a000000, 0x000000008a000000, 0x000000008a100000|  0%| F|  |TAMS 0x000000008a000000, 0x000000008a000000| Untracked 
| 161|0x000000008a100000, 0x000000008a100000, 0x000000008a200000|  0%| F|  |TAMS 0x000000008a100000, 0x000000008a100000| Untracked 
| 162|0x000000008a200000, 0x000000008a200000, 0x000000008a300000|  0%| F|  |TAMS 0x000000008a200000, 0x000000008a200000| Untracked 
| 163|0x000000008a300000, 0x000000008a300000, 0x000000008a400000|  0%| F|  |TAMS 0x000000008a300000, 0x000000008a300000| Untracked 
| 164|0x000000008a400000, 0x000000008a500000, 0x000000008a500000|100%|HS|  |TAMS 0x000000008a400000, 0x000000008a500000| Complete 
| 165|0x000000008a500000, 0x000000008a600000, 0x000000008a600000|100%|HC|  |TAMS 0x000000008a500000, 0x000000008a600000| Complete 
| 166|0x000000008a600000, 0x000000008a700000, 0x000000008a700000|100%|HC|  |TAMS 0x000000008a600000, 0x000000008a700000| Complete 
| 167|0x000000008a700000, 0x000000008a800000, 0x000000008a800000|100%| O|  |TAMS 0x000000008a700000, 0x000000008a800000| Untracked 
| 168|0x000000008a800000, 0x000000008a900000, 0x000000008a900000|100%| O|  |TAMS 0x000000008a800000, 0x000000008a900000| Untracked 
| 169|0x000000008a900000, 0x000000008aa00000, 0x000000008aa00000|100%| O|  |TAMS 0x000000008a900000, 0x000000008aa00000| Untracked 
| 170|0x000000008aa00000, 0x000000008ab00000, 0x000000008ab00000|100%| O|  |TAMS 0x000000008aa00000, 0x000000008ab00000| Untracked 
| 171|0x000000008ab00000, 0x000000008ac00000, 0x000000008ac00000|100%| O|  |TAMS 0x000000008ab00000, 0x000000008ac00000| Untracked 
| 172|0x000000008ac00000, 0x000000008ad00000, 0x000000008ad00000|100%| O|  |TAMS 0x000000008ac00000, 0x000000008ad00000| Untracked 
| 173|0x000000008ad00000, 0x000000008ae00000, 0x000000008ae00000|100%| O|  |TAMS 0x000000008ad00000, 0x000000008ae00000| Untracked 
| 174|0x000000008ae00000, 0x000000008af00000, 0x000000008af00000|100%| O|  |TAMS 0x000000008ae00000, 0x000000008af00000| Untracked 
| 175|0x000000008af00000, 0x000000008b000000, 0x000000008b000000|100%| O|  |TAMS 0x000000008af00000, 0x000000008b000000| Untracked 
| 176|0x000000008b000000, 0x000000008b100000, 0x000000008b100000|100%| O|  |TAMS 0x000000008b000000, 0x000000008b100000| Untracked 
| 177|0x000000008b100000, 0x000000008b200000, 0x000000008b200000|100%| O|  |TAMS 0x000000008b100000, 0x000000008b200000| Untracked 
| 178|0x000000008b200000, 0x000000008b300000, 0x000000008b300000|100%| O|  |TAMS 0x000000008b200000, 0x000000008b300000| Untracked 
| 179|0x000000008b300000, 0x000000008b400000, 0x000000008b400000|100%| O|  |TAMS 0x000000008b300000, 0x000000008b400000| Untracked 
| 180|0x000000008b400000, 0x000000008b400000, 0x000000008b500000|  0%| F|  |TAMS 0x000000008b400000, 0x000000008b400000| Untracked 
| 181|0x000000008b500000, 0x000000008b500000, 0x000000008b600000|  0%| F|  |TAMS 0x000000008b500000, 0x000000008b500000| Untracked 
| 182|0x000000008b600000, 0x000000008b600000, 0x000000008b700000|  0%| F|  |TAMS 0x000000008b600000, 0x000000008b600000| Untracked 
| 183|0x000000008b700000, 0x000000008b700000, 0x000000008b800000|  0%| F|  |TAMS 0x000000008b700000, 0x000000008b700000| Untracked 
| 184|0x000000008b800000, 0x000000008b800000, 0x000000008b900000|  0%| F|  |TAMS 0x000000008b800000, 0x000000008b800000| Untracked 
| 185|0x000000008b900000, 0x000000008b900000, 0x000000008ba00000|  0%| F|  |TAMS 0x000000008b900000, 0x000000008b900000| Untracked 
| 186|0x000000008ba00000, 0x000000008ba00000, 0x000000008bb00000|  0%| F|  |TAMS 0x000000008ba00000, 0x000000008ba00000| Untracked 
| 187|0x000000008bb00000, 0x000000008bb00000, 0x000000008bc00000|  0%| F|  |TAMS 0x000000008bb00000, 0x000000008bb00000| Untracked 
| 188|0x000000008bc00000, 0x000000008bc00000, 0x000000008bd00000|  0%| F|  |TAMS 0x000000008bc00000, 0x000000008bc00000| Untracked 
| 189|0x000000008bd00000, 0x000000008bd00000, 0x000000008be00000|  0%| F|  |TAMS 0x000000008bd00000, 0x000000008bd00000| Untracked 
| 190|0x000000008be00000, 0x000000008be00000, 0x000000008bf00000|  0%| F|  |TAMS 0x000000008be00000, 0x000000008be00000| Untracked 
| 191|0x000000008bf00000, 0x000000008bf00000, 0x000000008c000000|  0%| F|  |TAMS 0x000000008bf00000, 0x000000008bf00000| Untracked 
| 192|0x000000008c000000, 0x000000008c000000, 0x000000008c100000|  0%| F|  |TAMS 0x000000008c000000, 0x000000008c000000| Untracked 
| 193|0x000000008c100000, 0x000000008c100000, 0x000000008c200000|  0%| F|  |TAMS 0x000000008c100000, 0x000000008c100000| Untracked 
| 194|0x000000008c200000, 0x000000008c200000, 0x000000008c300000|  0%| F|  |TAMS 0x000000008c200000, 0x000000008c200000| Untracked 
| 195|0x000000008c300000, 0x000000008c300000, 0x000000008c400000|  0%| F|  |TAMS 0x000000008c300000, 0x000000008c300000| Untracked 
| 196|0x000000008c400000, 0x000000008c400000, 0x000000008c500000|  0%| F|  |TAMS 0x000000008c400000, 0x000000008c400000| Untracked 
| 197|0x000000008c500000, 0x000000008c500000, 0x000000008c600000|  0%| F|  |TAMS 0x000000008c500000, 0x000000008c500000| Untracked 
| 198|0x000000008c600000, 0x000000008c600000, 0x000000008c700000|  0%| F|  |TAMS 0x000000008c600000, 0x000000008c600000| Untracked 
| 199|0x000000008c700000, 0x000000008c700000, 0x000000008c800000|  0%| F|  |TAMS 0x000000008c700000, 0x000000008c700000| Untracked 
| 200|0x000000008c800000, 0x000000008c800000, 0x000000008c900000|  0%| F|  |TAMS 0x000000008c800000, 0x000000008c800000| Untracked 
| 201|0x000000008c900000, 0x000000008c900000, 0x000000008ca00000|  0%| F|  |TAMS 0x000000008c900000, 0x000000008c900000| Untracked 
| 202|0x000000008ca00000, 0x000000008ca00000, 0x000000008cb00000|  0%| F|  |TAMS 0x000000008ca00000, 0x000000008ca00000| Untracked 
| 203|0x000000008cb00000, 0x000000008cb00000, 0x000000008cc00000|  0%| F|  |TAMS 0x000000008cb00000, 0x000000008cb00000| Untracked 
| 204|0x000000008cc00000, 0x000000008cc00000, 0x000000008cd00000|  0%| F|  |TAMS 0x000000008cc00000, 0x000000008cc00000| Untracked 
| 205|0x000000008cd00000, 0x000000008cd00000, 0x000000008ce00000|  0%| F|  |TAMS 0x000000008cd00000, 0x000000008cd00000| Untracked 
| 206|0x000000008ce00000, 0x000000008ce00000, 0x000000008cf00000|  0%| F|  |TAMS 0x000000008ce00000, 0x000000008ce00000| Untracked 
| 207|0x000000008cf00000, 0x000000008cf00000, 0x000000008d000000|  0%| F|  |TAMS 0x000000008cf00000, 0x000000008cf00000| Untracked 
| 208|0x000000008d000000, 0x000000008d000000, 0x000000008d100000|  0%| F|  |TAMS 0x000000008d000000, 0x000000008d000000| Untracked 
| 209|0x000000008d100000, 0x000000008d100000, 0x000000008d200000|  0%| F|  |TAMS 0x000000008d100000, 0x000000008d100000| Untracked 
| 210|0x000000008d200000, 0x000000008d200000, 0x000000008d300000|  0%| F|  |TAMS 0x000000008d200000, 0x000000008d200000| Untracked 
| 211|0x000000008d300000, 0x000000008d300000, 0x000000008d400000|  0%| F|  |TAMS 0x000000008d300000, 0x000000008d300000| Untracked 
| 212|0x000000008d400000, 0x000000008d400000, 0x000000008d500000|  0%| F|  |TAMS 0x000000008d400000, 0x000000008d400000| Untracked 
| 213|0x000000008d500000, 0x000000008d500000, 0x000000008d600000|  0%| F|  |TAMS 0x000000008d500000, 0x000000008d500000| Untracked 
| 214|0x000000008d600000, 0x000000008d600000, 0x000000008d700000|  0%| F|  |TAMS 0x000000008d600000, 0x000000008d600000| Untracked 
| 215|0x000000008d700000, 0x000000008d700000, 0x000000008d800000|  0%| F|  |TAMS 0x000000008d700000, 0x000000008d700000| Untracked 
| 216|0x000000008d800000, 0x000000008d800000, 0x000000008d900000|  0%| F|  |TAMS 0x000000008d800000, 0x000000008d800000| Untracked 
| 217|0x000000008d900000, 0x000000008d900000, 0x000000008da00000|  0%| F|  |TAMS 0x000000008d900000, 0x000000008d900000| Untracked 
| 218|0x000000008da00000, 0x000000008da00000, 0x000000008db00000|  0%| F|  |TAMS 0x000000008da00000, 0x000000008da00000| Untracked 
| 219|0x000000008db00000, 0x000000008db00000, 0x000000008dc00000|  0%| F|  |TAMS 0x000000008db00000, 0x000000008db00000| Untracked 
| 220|0x000000008dc00000, 0x000000008dc00000, 0x000000008dd00000|  0%| F|  |TAMS 0x000000008dc00000, 0x000000008dc00000| Untracked 
| 221|0x000000008dd00000, 0x000000008dd00000, 0x000000008de00000|  0%| F|  |TAMS 0x000000008dd00000, 0x000000008dd00000| Untracked 
| 222|0x000000008de00000, 0x000000008de00000, 0x000000008df00000|  0%| F|  |TAMS 0x000000008de00000, 0x000000008de00000| Untracked 
| 223|0x000000008df00000, 0x000000008df00000, 0x000000008e000000|  0%| F|  |TAMS 0x000000008df00000, 0x000000008df00000| Untracked 
| 224|0x000000008e000000, 0x000000008e000000, 0x000000008e100000|  0%| F|  |TAMS 0x000000008e000000, 0x000000008e000000| Untracked 
| 225|0x000000008e100000, 0x000000008e100000, 0x000000008e200000|  0%| F|  |TAMS 0x000000008e100000, 0x000000008e100000| Untracked 
| 226|0x000000008e200000, 0x000000008e200000, 0x000000008e300000|  0%| F|  |TAMS 0x000000008e200000, 0x000000008e200000| Untracked 
| 227|0x000000008e300000, 0x000000008e300000, 0x000000008e400000|  0%| F|  |TAMS 0x000000008e300000, 0x000000008e300000| Untracked 
| 228|0x000000008e400000, 0x000000008e400000, 0x000000008e500000|  0%| F|  |TAMS 0x000000008e400000, 0x000000008e400000| Untracked 
| 229|0x000000008e500000, 0x000000008e500000, 0x000000008e600000|  0%| F|  |TAMS 0x000000008e500000, 0x000000008e500000| Untracked 
| 230|0x000000008e600000, 0x000000008e600000, 0x000000008e700000|  0%| F|  |TAMS 0x000000008e600000, 0x000000008e600000| Untracked 
| 231|0x000000008e700000, 0x000000008e700000, 0x000000008e800000|  0%| F|  |TAMS 0x000000008e700000, 0x000000008e700000| Untracked 
| 232|0x000000008e800000, 0x000000008e800000, 0x000000008e900000|  0%| F|  |TAMS 0x000000008e800000, 0x000000008e800000| Untracked 
| 233|0x000000008e900000, 0x000000008e900000, 0x000000008ea00000|  0%| F|  |TAMS 0x000000008e900000, 0x000000008e900000| Untracked 
| 234|0x000000008ea00000, 0x000000008ea00000, 0x000000008eb00000|  0%| F|  |TAMS 0x000000008ea00000, 0x000000008ea00000| Untracked 
| 235|0x000000008eb00000, 0x000000008eb00000, 0x000000008ec00000|  0%| F|  |TAMS 0x000000008eb00000, 0x000000008eb00000| Untracked 
| 236|0x000000008ec00000, 0x000000008ec00000, 0x000000008ed00000|  0%| F|  |TAMS 0x000000008ec00000, 0x000000008ec00000| Untracked 
| 237|0x000000008ed00000, 0x000000008ed00000, 0x000000008ee00000|  0%| F|  |TAMS 0x000000008ed00000, 0x000000008ed00000| Untracked 
| 238|0x000000008ee00000, 0x000000008ee00000, 0x000000008ef00000|  0%| F|  |TAMS 0x000000008ee00000, 0x000000008ee00000| Untracked 
| 239|0x000000008ef00000, 0x000000008ef00000, 0x000000008f000000|  0%| F|  |TAMS 0x000000008ef00000, 0x000000008ef00000| Untracked 
| 240|0x000000008f000000, 0x000000008f000000, 0x000000008f100000|  0%| F|  |TAMS 0x000000008f000000, 0x000000008f000000| Untracked 
| 241|0x000000008f100000, 0x000000008f100000, 0x000000008f200000|  0%| F|  |TAMS 0x000000008f100000, 0x000000008f100000| Untracked 
| 242|0x000000008f200000, 0x000000008f200000, 0x000000008f300000|  0%| F|  |TAMS 0x000000008f200000, 0x000000008f200000| Untracked 
| 243|0x000000008f300000, 0x000000008f300000, 0x000000008f400000|  0%| F|  |TAMS 0x000000008f300000, 0x000000008f300000| Untracked 
| 244|0x000000008f400000, 0x000000008f400000, 0x000000008f500000|  0%| F|  |TAMS 0x000000008f400000, 0x000000008f400000| Untracked 
| 245|0x000000008f500000, 0x000000008f500000, 0x000000008f600000|  0%| F|  |TAMS 0x000000008f500000, 0x000000008f500000| Untracked 
| 246|0x000000008f600000, 0x000000008f600000, 0x000000008f700000|  0%| F|  |TAMS 0x000000008f600000, 0x000000008f600000| Untracked 
| 247|0x000000008f700000, 0x000000008f700000, 0x000000008f800000|  0%| F|  |TAMS 0x000000008f700000, 0x000000008f700000| Untracked 
| 248|0x000000008f800000, 0x000000008f800000, 0x000000008f900000|  0%| F|  |TAMS 0x000000008f800000, 0x000000008f800000| Untracked 
| 249|0x000000008f900000, 0x000000008f900000, 0x000000008fa00000|  0%| F|  |TAMS 0x000000008f900000, 0x000000008f900000| Untracked 
| 250|0x000000008fa00000, 0x000000008fa00000, 0x000000008fb00000|  0%| F|  |TAMS 0x000000008fa00000, 0x000000008fa00000| Untracked 
| 251|0x000000008fb00000, 0x000000008fb00000, 0x000000008fc00000|  0%| F|  |TAMS 0x000000008fb00000, 0x000000008fb00000| Untracked 
| 252|0x000000008fc00000, 0x000000008fc00000, 0x000000008fd00000|  0%| F|  |TAMS 0x000000008fc00000, 0x000000008fc00000| Untracked 
| 253|0x000000008fd00000, 0x000000008fd00000, 0x000000008fe00000|  0%| F|  |TAMS 0x000000008fd00000, 0x000000008fd00000| Untracked 
| 254|0x000000008fe00000, 0x000000008fe00000, 0x000000008ff00000|  0%| F|  |TAMS 0x000000008fe00000, 0x000000008fe00000| Untracked 
| 255|0x000000008ff00000, 0x000000008ff00000, 0x0000000090000000|  0%| F|  |TAMS 0x000000008ff00000, 0x000000008ff00000| Untracked 
| 256|0x0000000090000000, 0x0000000090000000, 0x0000000090100000|  0%| F|  |TAMS 0x0000000090000000, 0x0000000090000000| Untracked 
| 257|0x0000000090100000, 0x0000000090100000, 0x0000000090200000|  0%| F|  |TAMS 0x0000000090100000, 0x0000000090100000| Untracked 
| 258|0x0000000090200000, 0x0000000090200000, 0x0000000090300000|  0%| F|  |TAMS 0x0000000090200000, 0x0000000090200000| Untracked 
| 259|0x0000000090300000, 0x0000000090300000, 0x0000000090400000|  0%| F|  |TAMS 0x0000000090300000, 0x0000000090300000| Untracked 
| 260|0x0000000090400000, 0x0000000090400000, 0x0000000090500000|  0%| F|  |TAMS 0x0000000090400000, 0x0000000090400000| Untracked 
| 261|0x0000000090500000, 0x0000000090500000, 0x0000000090600000|  0%| F|  |TAMS 0x0000000090500000, 0x0000000090500000| Untracked 
| 262|0x0000000090600000, 0x0000000090600000, 0x0000000090700000|  0%| F|  |TAMS 0x0000000090600000, 0x0000000090600000| Untracked 
| 263|0x0000000090700000, 0x0000000090700000, 0x0000000090800000|  0%| F|  |TAMS 0x0000000090700000, 0x0000000090700000| Untracked 
| 264|0x0000000090800000, 0x0000000090800000, 0x0000000090900000|  0%| F|  |TAMS 0x0000000090800000, 0x0000000090800000| Untracked 
| 265|0x0000000090900000, 0x0000000090900000, 0x0000000090a00000|  0%| F|  |TAMS 0x0000000090900000, 0x0000000090900000| Untracked 
| 266|0x0000000090a00000, 0x0000000090a00000, 0x0000000090b00000|  0%| F|  |TAMS 0x0000000090a00000, 0x0000000090a00000| Untracked 
| 267|0x0000000090b00000, 0x0000000090b00000, 0x0000000090c00000|  0%| F|  |TAMS 0x0000000090b00000, 0x0000000090b00000| Untracked 
| 268|0x0000000090c00000, 0x0000000090c00000, 0x0000000090d00000|  0%| F|  |TAMS 0x0000000090c00000, 0x0000000090c00000| Untracked 
| 269|0x0000000090d00000, 0x0000000090d00000, 0x0000000090e00000|  0%| F|  |TAMS 0x0000000090d00000, 0x0000000090d00000| Untracked 
| 270|0x0000000090e00000, 0x0000000090e00000, 0x0000000090f00000|  0%| F|  |TAMS 0x0000000090e00000, 0x0000000090e00000| Untracked 
| 271|0x0000000090f00000, 0x0000000090f00000, 0x0000000091000000|  0%| F|  |TAMS 0x0000000090f00000, 0x0000000090f00000| Untracked 
| 272|0x0000000091000000, 0x0000000091000000, 0x0000000091100000|  0%| F|  |TAMS 0x0000000091000000, 0x0000000091000000| Untracked 
| 273|0x0000000091100000, 0x0000000091100000, 0x0000000091200000|  0%| F|  |TAMS 0x0000000091100000, 0x0000000091100000| Untracked 
| 274|0x0000000091200000, 0x0000000091200000, 0x0000000091300000|  0%| F|  |TAMS 0x0000000091200000, 0x0000000091200000| Untracked 
| 275|0x0000000091300000, 0x0000000091300000, 0x0000000091400000|  0%| F|  |TAMS 0x0000000091300000, 0x0000000091300000| Untracked 
| 276|0x0000000091400000, 0x0000000091400000, 0x0000000091500000|  0%| F|  |TAMS 0x0000000091400000, 0x0000000091400000| Untracked 
| 277|0x0000000091500000, 0x0000000091500000, 0x0000000091600000|  0%| F|  |TAMS 0x0000000091500000, 0x0000000091500000| Untracked 
| 278|0x0000000091600000, 0x0000000091600000, 0x0000000091700000|  0%| F|  |TAMS 0x0000000091600000, 0x0000000091600000| Untracked 
| 279|0x0000000091700000, 0x0000000091700000, 0x0000000091800000|  0%| F|  |TAMS 0x0000000091700000, 0x0000000091700000| Untracked 
| 280|0x0000000091800000, 0x0000000091800000, 0x0000000091900000|  0%| F|  |TAMS 0x0000000091800000, 0x0000000091800000| Untracked 
| 281|0x0000000091900000, 0x0000000091900000, 0x0000000091a00000|  0%| F|  |TAMS 0x0000000091900000, 0x0000000091900000| Untracked 
| 282|0x0000000091a00000, 0x0000000091a00000, 0x0000000091b00000|  0%| F|  |TAMS 0x0000000091a00000, 0x0000000091a00000| Untracked 
| 283|0x0000000091b00000, 0x0000000091c00000, 0x0000000091c00000|100%| S|CS|TAMS 0x0000000091b00000, 0x0000000091b00000| Complete 
| 284|0x0000000091c00000, 0x0000000091d00000, 0x0000000091d00000|100%| S|CS|TAMS 0x0000000091c00000, 0x0000000091c00000| Complete 
| 285|0x0000000091d00000, 0x0000000091e00000, 0x0000000091e00000|100%| S|CS|TAMS 0x0000000091d00000, 0x0000000091d00000| Complete 
| 286|0x0000000091e00000, 0x0000000091e00000, 0x0000000091f00000|  0%| F|  |TAMS 0x0000000091e00000, 0x0000000091e00000| Untracked 
| 287|0x0000000091f00000, 0x0000000091f00000, 0x0000000092000000|  0%| F|  |TAMS 0x0000000091f00000, 0x0000000091f00000| Untracked 
| 288|0x0000000092000000, 0x0000000092000000, 0x0000000092100000|  0%| F|  |TAMS 0x0000000092000000, 0x0000000092000000| Untracked 
| 289|0x0000000092100000, 0x0000000092100000, 0x0000000092200000|  0%| F|  |TAMS 0x0000000092100000, 0x0000000092100000| Untracked 
| 290|0x0000000092200000, 0x0000000092200000, 0x0000000092300000|  0%| F|  |TAMS 0x0000000092200000, 0x0000000092200000| Untracked 
| 291|0x0000000092300000, 0x0000000092300000, 0x0000000092400000|  0%| F|  |TAMS 0x0000000092300000, 0x0000000092300000| Untracked 
| 292|0x0000000092400000, 0x0000000092400000, 0x0000000092500000|  0%| F|  |TAMS 0x0000000092400000, 0x0000000092400000| Untracked 
| 293|0x0000000092500000, 0x0000000092500000, 0x0000000092600000|  0%| F|  |TAMS 0x0000000092500000, 0x0000000092500000| Untracked 
| 294|0x0000000092600000, 0x0000000092600000, 0x0000000092700000|  0%| F|  |TAMS 0x0000000092600000, 0x0000000092600000| Untracked 
| 295|0x0000000092700000, 0x0000000092700000, 0x0000000092800000|  0%| F|  |TAMS 0x0000000092700000, 0x0000000092700000| Untracked 
| 296|0x0000000092800000, 0x0000000092800000, 0x0000000092900000|  0%| F|  |TAMS 0x0000000092800000, 0x0000000092800000| Untracked 
| 297|0x0000000092900000, 0x0000000092900000, 0x0000000092a00000|  0%| F|  |TAMS 0x0000000092900000, 0x0000000092900000| Untracked 
| 298|0x0000000092a00000, 0x0000000092a00000, 0x0000000092b00000|  0%| F|  |TAMS 0x0000000092a00000, 0x0000000092a00000| Untracked 
| 299|0x0000000092b00000, 0x0000000092b00000, 0x0000000092c00000|  0%| F|  |TAMS 0x0000000092b00000, 0x0000000092b00000| Untracked 
| 300|0x0000000092c00000, 0x0000000092c00000, 0x0000000092d00000|  0%| F|  |TAMS 0x0000000092c00000, 0x0000000092c00000| Untracked 
| 301|0x0000000092d00000, 0x0000000092d00000, 0x0000000092e00000|  0%| F|  |TAMS 0x0000000092d00000, 0x0000000092d00000| Untracked 

Card table byte_map: [0x0000023f424d0000,0x0000023f428d0000] _byte_map_base: 0x0000023f420d0000

Marking Bits (Prev, Next): (CMBitMap*) 0x0000023f2f609a38, (CMBitMap*) 0x0000023f2f609a70
 Prev Bits: [0x0000023f42cd0000, 0x0000023f44cd0000)
 Next Bits: [0x0000023f44cd0000, 0x0000023f46cd0000)

Polling page: 0x0000023f2d4c0000

Metaspace:

Usage:
  Non-class:    109.95 MB capacity,   107.83 MB ( 98%) used,     1.76 MB (  2%) free+waste,   369.88 KB ( <1%) overhead. 
      Class:     16.50 MB capacity,    15.30 MB ( 93%) used,     1.05 MB (  6%) free+waste,   162.13 KB ( <1%) overhead. 
       Both:    126.46 MB capacity,   123.13 MB ( 97%) used,     2.81 MB (  2%) free+waste,   532.00 KB ( <1%) overhead. 

Virtual space:
  Non-class space:      110.00 MB reserved,     110.00 MB (100%) committed 
      Class space:        1.00 GB reserved,      16.63 MB (  2%) committed 
             Both:        1.11 GB reserved,     126.63 MB ( 11%) committed 

Chunk freelists:
   Non-Class:  49.00 KB
       Class:  0 bytes
        Both:  49.00 KB

MaxMetaspaceSize: 17179869184.00 GB
CompressedClassSpaceSize: 1.00 GB
Initial GC threshold: 20.80 MB
Current GC threshold: 210.00 MB
CDS: off

CodeHeap 'non-profiled nmethods': size=120064Kb used=11808Kb max_used=12152Kb free=108255Kb
 bounds [0x0000023f3ab90000, 0x0000023f3b770000, 0x0000023f420d0000]
CodeHeap 'profiled nmethods': size=120000Kb used=40423Kb max_used=41538Kb free=79576Kb
 bounds [0x0000023f33660000, 0x0000023f35f20000, 0x0000023f3ab90000]
CodeHeap 'non-nmethods': size=5696Kb used=2472Kb max_used=2497Kb free=3223Kb
 bounds [0x0000023f330d0000, 0x0000023f33350000, 0x0000023f33660000]
 total_blobs=19202 nmethods=18209 adapters=904
 compilation: enabled
              stopped_count=0, restarted_count=0
 full_count=0

Compilation events (20 events):
Event: 1997.087 Thread 0x0000023f491e3000 19338       1       com.android.tools.build.apkzlib.bytestorage.ChunkBasedByteStorage::access$100 (5 bytes)
Event: 1997.087 Thread 0x0000023f491e3000 nmethod 19338 0x0000023f3abe3c10 code [0x0000023f3abe3dc0, 0x0000023f3abe3e58]
Event: 1997.106 Thread 0x0000023f491e3000 19339       2       com.google.common.base.Preconditions::checkPositionIndexes (29 bytes)
Event: 1997.106 Thread 0x0000023f491e3000 nmethod 19339 0x0000023f33f1b490 code [0x0000023f33f1b660, 0x0000023f33f1b838]
Event: 1997.109 Thread 0x0000023f491e3000 19340       2       java.io.FileInputStream::read (9 bytes)
Event: 1997.109 Thread 0x0000023f491e3000 nmethod 19340 0x0000023f33f1b110 code [0x0000023f33f1b2c0, 0x0000023f33f1b3e8]
Event: 1997.109 Thread 0x0000023f491e3000 19341       2       java.util.zip.CRC32::update (51 bytes)
Event: 1997.110 Thread 0x0000023f491e3000 nmethod 19341 0x0000023f3370b690 code [0x0000023f3370b880, 0x0000023f3370bb68]
Event: 1997.110 Thread 0x0000023f491e3000 19342       2       java.util.zip.CRC32::updateBytes (14 bytes)
Event: 1997.110 Thread 0x0000023f491e3000 nmethod 19342 0x0000023f33f1ad90 code [0x0000023f33f1af40, 0x0000023f33f1b068]
Event: 1997.115 Thread 0x0000023f491e3000 19343       2       com.google.common.hash.Funnels$SinkAsStream::write (14 bytes)
Event: 1997.115 Thread 0x0000023f491e3000 nmethod 19343 0x0000023f3370b310 code [0x0000023f3370b4c0, 0x0000023f3370b5e8]
Event: 1997.115 Thread 0x0000023f491e3000 19344       2       com.google.common.hash.AbstractByteHasher::putBytes (8 bytes)
Event: 1997.116 Thread 0x0000023f491e3000 nmethod 19344 0x0000023f3370ad10 code [0x0000023f3370aee0, 0x0000023f3370b148]
Event: 1997.116 Thread 0x0000023f491e3000 19345       2       com.google.common.hash.AbstractByteHasher::putBytes (18 bytes)
Event: 1997.116 Thread 0x0000023f491e3000 nmethod 19345 0x0000023f3370a510 code [0x0000023f3370a6e0, 0x0000023f3370a928]
Event: 1997.119 Thread 0x0000023f491e3000 19346       2       java.util.zip.CRC32::updateBytesCheck (55 bytes)
Event: 1997.119 Thread 0x0000023f491e3000 nmethod 19346 0x0000023f3402bb10 code [0x0000023f3402bd00, 0x0000023f3402c068]
Event: 1997.120 Thread 0x0000023f491e3000 19347       2       com.google.common.hash.ChecksumHashFunction$ChecksumHasher::update (13 bytes)
Event: 1997.121 Thread 0x0000023f491e3000 nmethod 19347 0x0000023f3402b790 code [0x0000023f3402b940, 0x0000023f3402ba68]

GC Heap History (20 events):
Event: 1985.593 GC heap after
{Heap after GC invocations=72 (full 0):
 garbage-first heap   total 187392K, used 151137K [0x0000000080000000, 0x0000000100000000)
  region size 1024K, 1 young (1024K), 1 survivors (1024K)
 Metaspace       used 114750K, capacity 117951K, committed 118144K, reserved 1153024K
  class space    used 14246K, capacity 15402K, committed 15488K, reserved 1048576K
}
Event: 1985.653 GC heap before
{Heap before GC invocations=73 (full 0):
 garbage-first heap   total 187392K, used 160353K [0x0000000080000000, 0x0000000100000000)
  region size 1024K, 10 young (10240K), 1 survivors (1024K)
 Metaspace       used 114756K, capacity 117951K, committed 118144K, reserved 1153024K
  class space    used 14246K, capacity 15402K, committed 15488K, reserved 1048576K
}
Event: 1985.657 GC heap after
{Heap after GC invocations=74 (full 0):
 garbage-first heap   total 225280K, used 151121K [0x0000000080000000, 0x0000000100000000)
  region size 1024K, 1 young (1024K), 1 survivors (1024K)
 Metaspace       used 114756K, capacity 117951K, committed 118144K, reserved 1153024K
  class space    used 14246K, capacity 15402K, committed 15488K, reserved 1048576K
}
Event: 1985.775 GC heap before
{Heap before GC invocations=74 (full 0):
 garbage-first heap   total 225280K, used 160337K [0x0000000080000000, 0x0000000100000000)
  region size 1024K, 11 young (11264K), 1 survivors (1024K)
 Metaspace       used 115110K, capacity 118367K, committed 118656K, reserved 1153024K
  class space    used 14271K, capacity 15434K, committed 15488K, reserved 1048576K
}
Event: 1985.781 GC heap after
{Heap after GC invocations=75 (full 0):
 garbage-first heap   total 225280K, used 138512K [0x0000000080000000, 0x0000000100000000)
  region size 1024K, 1 young (1024K), 1 survivors (1024K)
 Metaspace       used 115110K, capacity 118367K, committed 118656K, reserved 1153024K
  class space    used 14271K, capacity 15434K, committed 15488K, reserved 1048576K
}
Event: 1986.598 GC heap before
{Heap before GC invocations=75 (full 0):
 garbage-first heap   total 225280K, used 168208K [0x0000000080000000, 0x0000000100000000)
  region size 1024K, 31 young (31744K), 1 survivors (1024K)
 Metaspace       used 116661K, capacity 119940K, committed 120064K, reserved 1153024K
  class space    used 14442K, capacity 15612K, committed 15616K, reserved 1048576K
}
Event: 1986.605 GC heap after
{Heap after GC invocations=76 (full 0):
 garbage-first heap   total 225280K, used 139239K [0x0000000080000000, 0x0000000100000000)
  region size 1024K, 2 young (2048K), 2 survivors (2048K)
 Metaspace       used 116661K, capacity 119940K, committed 120064K, reserved 1153024K
  class space    used 14442K, capacity 15612K, committed 15616K, reserved 1048576K
}
Event: 1988.237 GC heap before
{Heap before GC invocations=77 (full 0):
 garbage-first heap   total 225280K, used 167911K [0x0000000080000000, 0x0000000100000000)
  region size 1024K, 34 young (34816K), 2 survivors (2048K)
 Metaspace       used 118739K, capacity 121993K, committed 122112K, reserved 1155072K
  class space    used 14724K, capacity 15869K, committed 15872K, reserved 1048576K
}
Event: 1988.251 GC heap after
{Heap after GC invocations=78 (full 0):
 garbage-first heap   total 225280K, used 136396K [0x0000000080000000, 0x0000000100000000)
  region size 1024K, 2 young (2048K), 2 survivors (2048K)
 Metaspace       used 118739K, capacity 121993K, committed 122112K, reserved 1155072K
  class space    used 14724K, capacity 15869K, committed 15872K, reserved 1048576K
}
Event: 1988.650 GC heap before
{Heap before GC invocations=78 (full 0):
 garbage-first heap   total 225280K, used 145612K [0x0000000080000000, 0x0000000100000000)
  region size 1024K, 11 young (11264K), 2 survivors (2048K)
 Metaspace       used 119348K, capacity 122601K, committed 122752K, reserved 1157120K
  class space    used 14808K, capacity 15965K, committed 16000K, reserved 1048576K
}
Event: 1988.662 GC heap after
{Heap after GC invocations=79 (full 0):
 garbage-first heap   total 309248K, used 123751K [0x0000000080000000, 0x0000000100000000)
  region size 1024K, 1 young (1024K), 1 survivors (1024K)
 Metaspace       used 119348K, capacity 122601K, committed 122752K, reserved 1157120K
  class space    used 14808K, capacity 15965K, committed 16000K, reserved 1048576K
}
Event: 1993.211 GC heap before
{Heap before GC invocations=79 (full 0):
 garbage-first heap   total 309248K, used 207719K [0x0000000080000000, 0x0000000100000000)
  region size 1024K, 84 young (86016K), 1 survivors (1024K)
 Metaspace       used 121555K, capacity 124818K, committed 125056K, reserved 1159168K
  class space    used 15058K, capacity 16230K, committed 16256K, reserved 1048576K
}
Event: 1993.240 GC heap after
{Heap after GC invocations=80 (full 0):
 garbage-first heap   total 309248K, used 130084K [0x0000000080000000, 0x0000000100000000)
  region size 1024K, 7 young (7168K), 7 survivors (7168K)
 Metaspace       used 121555K, capacity 124818K, committed 125056K, reserved 1159168K
  class space    used 15058K, capacity 16230K, committed 16256K, reserved 1048576K
}
Event: 1994.350 GC heap before
{Heap before GC invocations=81 (full 0):
 garbage-first heap   total 309248K, used 139300K [0x0000000080000000, 0x0000000100000000)
  region size 1024K, 18 young (18432K), 7 survivors (7168K)
 Metaspace       used 121770K, capacity 125042K, committed 125312K, reserved 1159168K
  class space    used 15080K, capacity 16237K, committed 16256K, reserved 1048576K
}
Event: 1994.380 GC heap after
{Heap after GC invocations=82 (full 0):
 garbage-first heap   total 309248K, used 131740K [0x0000000080000000, 0x0000000100000000)
  region size 1024K, 2 young (2048K), 2 survivors (2048K)
 Metaspace       used 121770K, capacity 125042K, committed 125312K, reserved 1159168K
  class space    used 15080K, capacity 16237K, committed 16256K, reserved 1048576K
}
Event: 1995.830 GC heap before
{Heap before GC invocations=83 (full 0):
 garbage-first heap   total 309248K, used 204444K [0x0000000080000000, 0x0000000100000000)
  region size 1024K, 64 young (65536K), 2 survivors (2048K)
 Metaspace       used 124757K, capacity 128193K, committed 128384K, reserved 1161216K
  class space    used 15466K, capacity 16693K, committed 16768K, reserved 1048576K
}
Event: 1995.854 GC heap after
{Heap after GC invocations=84 (full 0):
 garbage-first heap   total 309248K, used 151541K [0x0000000080000000, 0x0000000100000000)
  region size 1024K, 9 young (9216K), 9 survivors (9216K)
 Metaspace       used 124757K, capacity 128193K, committed 128384K, reserved 1161216K
  class space    used 15466K, capacity 16693K, committed 16768K, reserved 1048576K
}
Event: 1996.986 GC heap before
{Heap before GC invocations=85 (full 0):
 garbage-first heap   total 309248K, used 245749K [0x0000000080000000, 0x0000000100000000)
  region size 1024K, 74 young (75776K), 9 survivors (9216K)
 Metaspace       used 126053K, capacity 129483K, committed 129664K, reserved 1161216K
  class space    used 15661K, capacity 16897K, committed 17024K, reserved 1048576K
}
Event: 1997.042 GC heap after
{Heap after GC invocations=86 (full 0):
 garbage-first heap   total 309248K, used 176915K [0x0000000080000000, 0x0000000100000000)
  region size 1024K, 10 young (10240K), 10 survivors (10240K)
 Metaspace       used 126053K, capacity 129483K, committed 129664K, reserved 1161216K
  class space    used 15661K, capacity 16897K, committed 17024K, reserved 1048576K
}
Event: 1997.142 GC heap before
{Heap before GC invocations=86 (full 0):
 garbage-first heap   total 309248K, used 192275K [0x0000000080000000, 0x0000000100000000)
  region size 1024K, 26 young (26624K), 10 survivors (10240K)
 Metaspace       used 126081K, capacity 129491K, committed 129664K, reserved 1161216K
  class space    used 15663K, capacity 16900K, committed 17024K, reserved 1048576K
}

Deoptimization events (20 events):
Event: 1996.733 Thread 0x0000023f4f153000 DEOPT PACKING pc=0x0000023f3ac8eeb4 sp=0x000000d4e3dfd220
Event: 1996.733 Thread 0x0000023f4f153000 DEOPT UNPACKING pc=0x0000023f3311a1af sp=0x000000d4e3dfd1a0 mode 2
Event: 1996.778 Thread 0x0000023f4f157000 DEOPT PACKING pc=0x0000023f336a5976 sp=0x000000d4e3bfd490
Event: 1996.778 Thread 0x0000023f4f157000 DEOPT UNPACKING pc=0x0000023f3311a95e sp=0x000000d4e3bfc9b0 mode 0
Event: 1996.832 Thread 0x0000023f4f153000 Uncommon trap: trap_request=0xffffff4d fr.pc=0x0000023f3ac14f34 relative=0x0000000000000234
Event: 1996.832 Thread 0x0000023f4f153000 Uncommon trap: reason=unstable_if action=reinterpret pc=0x0000023f3ac14f34 method=java.util.function.Predicate.lambda$and$0(Ljava/util/function/Predicate;Ljava/lang/Object;)Z @ 17 c2
Event: 1996.832 Thread 0x0000023f4f153000 DEOPT PACKING pc=0x0000023f3ac14f34 sp=0x000000d4e3dfd530
Event: 1996.832 Thread 0x0000023f4f153000 DEOPT UNPACKING pc=0x0000023f3311a1af sp=0x000000d4e3dfd460 mode 2
Event: 1996.837 Thread 0x0000023f4f157000 DEOPT PACKING pc=0x0000023f336a5976 sp=0x000000d4e3bfd470
Event: 1996.837 Thread 0x0000023f4f157000 DEOPT UNPACKING pc=0x0000023f3311a95e sp=0x000000d4e3bfc990 mode 0
Event: 1996.853 Thread 0x0000023f4f157000 DEOPT PACKING pc=0x0000023f336a5955 sp=0x000000d4e3bfd490
Event: 1996.853 Thread 0x0000023f4f157000 DEOPT UNPACKING pc=0x0000023f3311a95e sp=0x000000d4e3bfc9b0 mode 0
Event: 1996.864 Thread 0x0000023f4f157000 DEOPT PACKING pc=0x0000023f33d14a07 sp=0x000000d4e3bfd4e0
Event: 1996.864 Thread 0x0000023f4f157000 DEOPT UNPACKING pc=0x0000023f3311a95e sp=0x000000d4e3bfc9a8 mode 0
Event: 1996.915 Thread 0x0000023f4f157000 DEOPT PACKING pc=0x0000023f336a5955 sp=0x000000d4e3bfd490
Event: 1996.915 Thread 0x0000023f4f157000 DEOPT UNPACKING pc=0x0000023f3311a95e sp=0x000000d4e3bfc9b0 mode 0
Event: 1997.071 Thread 0x0000023f4f157000 DEOPT PACKING pc=0x0000023f336a5955 sp=0x000000d4e3bfd490
Event: 1997.071 Thread 0x0000023f4f157000 DEOPT UNPACKING pc=0x0000023f3311a95e sp=0x000000d4e3bfc9b0 mode 0
Event: 1997.075 Thread 0x0000023f4f157000 DEOPT PACKING pc=0x0000023f35f06acd sp=0x000000d4e3bfd750
Event: 1997.075 Thread 0x0000023f4f157000 DEOPT UNPACKING pc=0x0000023f3311a95e sp=0x000000d4e3bfce08 mode 0

Classes redefined (0 events):
No events

Internal exceptions (20 events):
Event: 1995.480 Thread 0x0000023f52adc800 Exception <a 'sun/nio/fs/WindowsException'{0x000000008fd21f20}> (0x000000008fd21f20) thrown at [./src/hotspot/share/prims/jni.cpp, line 615]
Event: 1995.480 Thread 0x0000023f52adc800 Exception <a 'sun/nio/fs/WindowsException'{0x000000008fd22280}> (0x000000008fd22280) thrown at [./src/hotspot/share/prims/jni.cpp, line 615]
Event: 1995.480 Thread 0x0000023f52adc800 Exception <a 'sun/nio/fs/WindowsException'{0x000000008fd23938}> (0x000000008fd23938) thrown at [./src/hotspot/share/prims/jni.cpp, line 615]
Event: 1995.480 Thread 0x0000023f52adc800 Exception <a 'sun/nio/fs/WindowsException'{0x000000008fd23c38}> (0x000000008fd23c38) thrown at [./src/hotspot/share/prims/jni.cpp, line 615]
Event: 1995.480 Thread 0x0000023f52adc800 Exception <a 'sun/nio/fs/WindowsException'{0x000000008fd252c0}> (0x000000008fd252c0) thrown at [./src/hotspot/share/prims/jni.cpp, line 615]
Event: 1995.502 Thread 0x0000023f52adc800 Exception <a 'java/lang/NoSuchMethodError'{0x000000008f845498}: <clinit>> (0x000000008f845498) thrown at [./src/hotspot/share/prims/jni.cpp, line 1365]
Event: 1995.546 Thread 0x0000023f52adc800 Exception <a 'java/lang/NoSuchMethodError'{0x000000008f882188}: <clinit>> (0x000000008f882188) thrown at [./src/hotspot/share/prims/jni.cpp, line 1365]
Event: 1995.548 Thread 0x0000023f52adc800 Exception <a 'java/lang/NoSuchMethodError'{0x000000008f89b358}: <clinit>> (0x000000008f89b358) thrown at [./src/hotspot/share/prims/jni.cpp, line 1365]
Event: 1995.917 Thread 0x0000023f4f157000 Exception <a 'java/lang/NoSuchMethodError'{0x0000000092ba5570}: 'java.lang.Object java.lang.invoke.DirectMethodHandle$Holder.invokeStaticInit(java.lang.Object, java.lang.Object, java.lang.Object, java.lang.Object, java.lang.Object, java.lang.Object, java.lang.Object, java.lang.Object, java.lang.Object, java.lang.Object, java.lang.Object, java.lang.Object, java.lang.Object, java.lang.Object, java.lang.Object, java.lang.Object, java.lang.Object, java.lang.Object, int, java.lang.Object, java.lang.Object)'> (0
Event: 1996.526 Thread 0x0000023f4f153000 Exception <a 'java/lang/NoSuchMethodError'{0x00000000916cd2e0}: 'java.lang.Object java.lang.invoke.DirectMethodHandle$Holder.invokeVirtual(java.lang.Object, java.lang.Object, int)'> (0x00000000916cd2e0) thrown at [./src/hotspot/share/interpreter/linkResolver.cpp, line 773]
Event: 1996.540 Thread 0x0000023f4f154000 Exception <a 'sun/nio/fs/WindowsException'{0x0000000091501900}> (0x0000000091501900) thrown at [./src/hotspot/share/prims/jni.cpp, line 615]
Event: 1996.541 Thread 0x0000023f4f154000 Exception <a 'sun/nio/fs/WindowsException'{0x00000000915027a8}> (0x00000000915027a8) thrown at [./src/hotspot/share/prims/jni.cpp, line 615]
Event: 1996.541 Thread 0x0000023f4f154000 Exception <a 'sun/nio/fs/WindowsException'{0x0000000091502aa8}> (0x0000000091502aa8) thrown at [./src/hotspot/share/prims/jni.cpp, line 615]
Event: 1996.663 Thread 0x0000023f4f154000 Exception <a 'sun/nio/fs/WindowsException'{0x0000000090b003e0}> (0x0000000090b003e0) thrown at [./src/hotspot/share/prims/jni.cpp, line 615]
Event: 1996.664 Thread 0x0000023f4f154000 Exception <a 'sun/nio/fs/WindowsException'{0x0000000090b01560}> (0x0000000090b01560) thrown at [./src/hotspot/share/prims/jni.cpp, line 615]
Event: 1996.792 Thread 0x0000023f4f159000 Exception <a 'java/lang/NoSuchMethodError'{0x00000000900c9a38}: 'void java.lang.invoke.DirectMethodHandle$Holder.invokeStatic(java.lang.Object, long)'> (0x00000000900c9a38) thrown at [./src/hotspot/share/interpreter/linkResolver.cpp, line 773]
Event: 1996.793 Thread 0x0000023f4f159000 Exception <a 'java/lang/NoSuchMethodError'{0x00000000900cec50}: 'java.lang.Object java.lang.invoke.DirectMethodHandle$Holder.invokeStatic(java.lang.Object, long)'> (0x00000000900cec50) thrown at [./src/hotspot/share/interpreter/linkResolver.cpp, line 773]
Event: 1996.797 Thread 0x0000023f4f159000 Exception <a 'java/lang/NoSuchMethodError'{0x00000000900dcee8}: 'java.lang.Object java.lang.invoke.DirectMethodHandle$Holder.invokeStaticInit(java.lang.Object, java.lang.Object, long, java.lang.Object)'> (0x00000000900dcee8) thrown at [./src/hotspot/share/interpreter/linkResolver.cpp, line 773]
Event: 1996.798 Thread 0x0000023f4f159000 Exception <a 'java/lang/NoSuchMethodError'{0x00000000900e3080}: 'java.lang.Object java.lang.invoke.DirectMethodHandle$Holder.invokeStatic(java.lang.Object, java.lang.Object, long)'> (0x00000000900e3080) thrown at [./src/hotspot/share/interpreter/linkResolver.cpp, line 773]
Event: 1996.799 Thread 0x0000023f4f159000 Exception <a 'java/lang/NoSuchMethodError'{0x000000008ff82bb0}: 'java.lang.Object java.lang.invoke.Invokers$Holder.linkToTargetMethod(java.lang.Object, long, java.lang.Object)'> (0x000000008ff82bb0) thrown at [./src/hotspot/share/interpreter/linkResolver.cpp, line 773]

Events (20 events):
Event: 1997.051 Executing VM operation: RevokeBias done
Event: 1997.051 Executing VM operation: RevokeBias
Event: 1997.052 Executing VM operation: RevokeBias done
Event: 1997.052 Executing VM operation: RevokeBias
Event: 1997.052 Executing VM operation: RevokeBias done
Event: 1997.052 Executing VM operation: RevokeBias
Event: 1997.053 Executing VM operation: RevokeBias done
Event: 1997.053 Executing VM operation: RevokeBias
Event: 1997.053 Executing VM operation: RevokeBias done
Event: 1997.053 Executing VM operation: BulkRevokeBias
Event: 1997.056 Executing VM operation: BulkRevokeBias done
Event: 1997.091 loading class com/android/tools/build/apkzlib/zip/ZFile
Event: 1997.091 loading class com/android/tools/build/apkzlib/zip/ZFile done
Event: 1997.093 loading class com/android/tools/build/apkzlib/utils/CachedFileContents
Event: 1997.093 loading class com/android/tools/build/apkzlib/utils/CachedFileContents done
Event: 1997.111 loading class com/android/tools/build/apkzlib/zip/ZFileExtension
Event: 1997.111 loading class com/android/tools/build/apkzlib/zip/ZFileExtension done
Event: 1997.111 loading class com/android/tools/build/apkzlib/utils/IOExceptionFunction
Event: 1997.111 loading class com/android/tools/build/apkzlib/utils/IOExceptionFunction done
Event: 1997.141 Executing VM operation: G1CollectForAllocation


Dynamic libraries:
0x00007ff7339f0000 - 0x00007ff7339fa000 	C:\Program Files\Android\Android Studio\jre\bin\java.exe
0x00007fffd2530000 - 0x00007fffd2749000 	C:\WINDOWS\SYSTEM32\ntdll.dll
0x00007fffd1f10000 - 0x00007fffd1fd2000 	C:\WINDOWS\System32\KERNEL32.DLL
0x00007fffcf950000 - 0x00007fffcfcef000 	C:\WINDOWS\System32\KERNELBASE.dll
0x00007fffcfee0000 - 0x00007fffcffe9000 	C:\WINDOWS\System32\ucrtbase.dll
0x00007fffbe0b0000 - 0x00007fffbe0c7000 	C:\Program Files\Android\Android Studio\jre\bin\VCRUNTIME140.dll
0x00007fffbc850000 - 0x00007fffbc869000 	C:\Program Files\Android\Android Studio\jre\bin\jli.dll
0x00007fffd20a0000 - 0x00007fffd224c000 	C:\WINDOWS\System32\USER32.dll
0x00007fffbb4b0000 - 0x00007fffbb73e000 	C:\WINDOWS\WinSxS\amd64_microsoft.windows.common-controls_6595b64144ccf1df_6.0.25193.1000_none_762eda99929ed93f\COMCTL32.dll
0x00007fffcf920000 - 0x00007fffcf946000 	C:\WINDOWS\System32\win32u.dll
0x00007fffd1dc0000 - 0x00007fffd1de9000 	C:\WINDOWS\System32\GDI32.dll
0x00007fffd1950000 - 0x00007fffd19f7000 	C:\WINDOWS\System32\msvcrt.dll
0x00007fffcfd00000 - 0x00007fffcfe12000 	C:\WINDOWS\System32\gdi32full.dll
0x00007fffd0160000 - 0x00007fffd01fa000 	C:\WINDOWS\System32\msvcp_win.dll
0x00007fffd0980000 - 0x00007fffd09b1000 	C:\WINDOWS\System32\IMM32.DLL
0x00007fffb5550000 - 0x00007fffb55ed000 	C:\Program Files\Android\Android Studio\jre\bin\msvcp140.dll
0x00007fff915b0000 - 0x00007fff92095000 	C:\Program Files\Android\Android Studio\jre\bin\server\jvm.dll
0x00007fffd1fe0000 - 0x00007fffd208f000 	C:\WINDOWS\System32\ADVAPI32.dll
0x00007fffd14a0000 - 0x00007fffd1545000 	C:\WINDOWS\System32\sechost.dll
0x00007fffd09c0000 - 0x00007fffd0ae7000 	C:\WINDOWS\System32\RPCRT4.dll
0x00007fffd1f00000 - 0x00007fffd1f08000 	C:\WINDOWS\System32\PSAPI.DLL
0x00007fffb92a0000 - 0x00007fffb92a9000 	C:\WINDOWS\SYSTEM32\WSOCK32.dll
0x00007fffc7910000 - 0x00007fffc7946000 	C:\WINDOWS\SYSTEM32\WINMM.dll
0x00007fffd0350000 - 0x00007fffd03bf000 	C:\WINDOWS\System32\WS2_32.dll
0x00007fffc50d0000 - 0x00007fffc50da000 	C:\WINDOWS\SYSTEM32\VERSION.dll
0x00007fffce890000 - 0x00007fffce8a8000 	C:\WINDOWS\SYSTEM32\kernel.appcore.dll
0x00007fffc8150000 - 0x00007fffc8161000 	C:\Program Files\Android\Android Studio\jre\bin\verify.dll
0x00007fffcd1a0000 - 0x00007fffcd3d1000 	C:\WINDOWS\SYSTEM32\DBGHELP.DLL
0x00007fffd15b0000 - 0x00007fffd1934000 	C:\WINDOWS\System32\combase.dll
0x00007fffd03d0000 - 0x00007fffd04a7000 	C:\WINDOWS\System32\OLEAUT32.dll
0x00007fffb6570000 - 0x00007fffb65a2000 	C:\WINDOWS\SYSTEM32\dbgcore.DLL
0x00007fffd0200000 - 0x00007fffd0278000 	C:\WINDOWS\System32\bcryptPrimitives.dll
0x00007fffc7ab0000 - 0x00007fffc7ad9000 	C:\Program Files\Android\Android Studio\jre\bin\java.dll
0x00007fffca720000 - 0x00007fffca72b000 	C:\Program Files\Android\Android Studio\jre\bin\jimage.dll
0x00007fffc8130000 - 0x00007fffc8148000 	C:\Program Files\Android\Android Studio\jre\bin\zip.dll
0x00007fffd0af0000 - 0x00007fffd12d1000 	C:\WINDOWS\System32\SHELL32.dll
0x00007fffcd830000 - 0x00007fffce0fc000 	C:\WINDOWS\SYSTEM32\windows.storage.dll
0x00007fffcd690000 - 0x00007fffcd823000 	C:\WINDOWS\SYSTEM32\wintypes.dll
0x00007fffd1a80000 - 0x00007fffd1b6c000 	C:\WINDOWS\System32\SHCORE.dll
0x00007fffd02f0000 - 0x00007fffd034e000 	C:\WINDOWS\System32\shlwapi.dll
0x00007fffcf850000 - 0x00007fffcf872000 	C:\WINDOWS\SYSTEM32\profapi.dll
0x00007fffc0a00000 - 0x00007fffc0a1a000 	C:\Program Files\Android\Android Studio\jre\bin\net.dll
0x00007fffc4f40000 - 0x00007fffc506b000 	C:\WINDOWS\SYSTEM32\WINHTTP.dll
0x00007fffced20000 - 0x00007fffced89000 	C:\WINDOWS\system32\mswsock.dll
0x00007fffc0440000 - 0x00007fffc0454000 	C:\Program Files\Android\Android Studio\jre\bin\nio.dll
0x00007fffbe5b0000 - 0x00007fffbe5d7000 	C:\Users\DELL\.gradle\native\e1d6ef7f7dcc3fd88c89a11ec53ec762bb8ba0a96d01ffa2cd45eb1d1d8dd5c5\windows-amd64\native-platform.dll
0x00007fffa7bc0000 - 0x00007fffa7d04000 	C:\Users\DELL\.gradle\native\5664cfc778a61ccfe75a443a1ab52a65af34e5dc3c78e0209fed803814484fcb\windows-amd64\native-platform-file-events.dll
0x00007fffc98c0000 - 0x00007fffc98ca000 	C:\Program Files\Android\Android Studio\jre\bin\management.dll
0x00007fffc88f0000 - 0x00007fffc88fd000 	C:\Program Files\Android\Android Studio\jre\bin\management_ext.dll
0x00007fffcf040000 - 0x00007fffcf05b000 	C:\WINDOWS\SYSTEM32\CRYPTSP.dll
0x00007fffce7f0000 - 0x00007fffce824000 	C:\WINDOWS\system32\rsaenh.dll
0x00007fffcede0000 - 0x00007fffcee08000 	C:\WINDOWS\SYSTEM32\USERENV.dll
0x00007fffcf1b0000 - 0x00007fffcf1d8000 	C:\WINDOWS\SYSTEM32\bcrypt.dll
0x00007fffcf020000 - 0x00007fffcf02c000 	C:\WINDOWS\SYSTEM32\CRYPTBASE.dll
0x00007fffce3a0000 - 0x00007fffce3cd000 	C:\WINDOWS\SYSTEM32\IPHLPAPI.DLL
0x00007fffd1940000 - 0x00007fffd1949000 	C:\WINDOWS\System32\NSI.dll
0x00007fffc5420000 - 0x00007fffc5439000 	C:\WINDOWS\SYSTEM32\dhcpcsvc6.DLL
0x00007fffc53f0000 - 0x00007fffc540f000 	C:\WINDOWS\SYSTEM32\dhcpcsvc.DLL
0x00007fffce3d0000 - 0x00007fffce4ce000 	C:\WINDOWS\SYSTEM32\DNSAPI.dll
0x00007fffce8b0000 - 0x00007fffce8e4000 	C:\WINDOWS\SYSTEM32\ntmarta.dll
0x00007fffcc7c0000 - 0x00007fffcc856000 	C:\WINDOWS\system32\apphelp.dll

dbghelp: loaded successfully - version: 4.0.5 - missing functions: none
symbol engine: initialized successfully - sym options: 0x614 - pdb path: .;C:\Program Files\Android\Android Studio\jre\bin;C:\WINDOWS\SYSTEM32;C:\WINDOWS\WinSxS\amd64_microsoft.windows.common-controls_6595b64144ccf1df_6.0.25193.1000_none_762eda99929ed93f;C:\Program Files\Android\Android Studio\jre\bin\server;C:\Users\DELL\.gradle\native\e1d6ef7f7dcc3fd88c89a11ec53ec762bb8ba0a96d01ffa2cd45eb1d1d8dd5c5\windows-amd64;C:\Users\DELL\.gradle\native\5664cfc778a61ccfe75a443a1ab52a65af34e5dc3c78e0209fed803814484fcb\windows-amd64

VM Arguments:
jvm_args: --add-opens=java.base/java.util=ALL-UNNAMED --add-opens=java.base/java.lang=ALL-UNNAMED --add-opens=java.base/java.lang.invoke=ALL-UNNAMED --add-opens=java.base/java.util=ALL-UNNAMED --add-opens=java.prefs/java.util.prefs=ALL-UNNAMED --add-opens=java.prefs/java.util.prefs=ALL-UNNAMED --add-opens=java.base/java.nio.charset=ALL-UNNAMED --add-opens=java.base/java.net=ALL-UNNAMED --add-opens=java.base/java.util.concurrent.atomic=ALL-UNNAMED -Xmx2048m -Dfile.encoding=UTF-8 -Duser.country=US -Duser.language=en -Duser.variant 
java_command: org.gradle.launcher.daemon.bootstrap.GradleDaemon 7.3.3
java_class_path (initial): C:\Users\DELL\.gradle\wrapper\dists\gradle-7.3.3-bin\6a41zxkdtcxs8rphpq6y0069z\gradle-7.3.3\lib\gradle-launcher-7.3.3.jar
Launcher Type: SUN_STANDARD

[Global flags]
     intx CICompilerCount                          = 3                                         {product} {ergonomic}
     uint ConcGCThreads                            = 1                                         {product} {ergonomic}
     uint G1ConcRefinementThreads                  = 4                                         {product} {ergonomic}
   size_t G1HeapRegionSize                         = 1048576                                   {product} {ergonomic}
    uintx GCDrainStackTargetSize                   = 64                                        {product} {ergonomic}
   size_t InitialHeapSize                          = 132120576                                 {product} {ergonomic}
   size_t MarkStackSize                            = 4194304                                   {product} {ergonomic}
   size_t MaxHeapSize                              = 2147483648                                {product} {command line}
   size_t MaxNewSize                               = 1287651328                                {product} {ergonomic}
   size_t MinHeapDeltaBytes                        = 1048576                                   {product} {ergonomic}
    uintx NonNMethodCodeHeapSize                   = 5830732                                {pd product} {ergonomic}
    uintx NonProfiledCodeHeapSize                  = 122913754                              {pd product} {ergonomic}
    uintx ProfiledCodeHeapSize                     = 122913754                              {pd product} {ergonomic}
    uintx ReservedCodeCacheSize                    = 251658240                              {pd product} {ergonomic}
     bool SegmentedCodeCache                       = true                                      {product} {ergonomic}
     bool UseCompressedClassPointers               = true                                 {lp64_product} {ergonomic}
     bool UseCompressedOops                        = true                                 {lp64_product} {ergonomic}
     bool UseG1GC                                  = true                                      {product} {ergonomic}
     bool UseLargePagesIndividualAllocation        = false                                  {pd product} {ergonomic}

Logging:
Log output configuration:
 #0: stdout all=warning uptime,level,tags
 #1: stderr all=off uptime,level,tags

Environment Variables:
PATH=C:\Program Files\Common Files\Oracle\Java\javapath;C:\Program Files (x86)\Common Files\Oracle\Java\javapath;C:\WINDOWS\system32;C:\WINDOWS;C:\WINDOWS\System32\Wbem;C:\WINDOWS\System32\WindowsPowerShell\v1.0\;C:\WINDOWS\System32\OpenSSH\;C:\Program Files\Git\cmd;C:\Program Files\nodejs\;C:\Program Files\Java\jdk-18.0.2.1\bin;C:\Users\DELL\AppData\Local\Microsoft\WindowsApps;;C:\Users\DELL\AppData\Local\Programs\Microsoft VS Code\bin;C:\Program Files\JetBrains\PyCharm 2021.3\bin;
USERNAME=DELL
OS=Windows_NT
PROCESSOR_IDENTIFIER=Intel64 Family 6 Model 142 Stepping 9, GenuineIntel



---------------  S Y S T E M  ---------------

OS: Windows 10 , 64 bit Build 25193 (10.0.25193.1000)
OS uptime: 1 days 14:17 hours
Hyper-V role detected

CPU:total 4 (initial active 4) (2 cores per cpu, 2 threads per core) family 6 model 142 stepping 9 microcode 0xde, cmov, cx8, fxsr, mmx, sse, sse2, sse3, ssse3, sse4.1, sse4.2, popcnt, avx, avx2, aes, clmul, erms, 3dnowpref, lzcnt, ht, tsc, tscinvbit, bmi1, bmi2, adx, fma

Memory: 4k page, system-wide physical 8061M (276M free)
TotalPageFile size 9959M (AvailPageFile size 9M)
current process WorkingSet (physical memory assigned to process): 594M, peak: 594M
current process commit charge ("private bytes"): 666M, peak: 727M

vm_info: OpenJDK 64-Bit Server VM (11.0.12+7-b1504.28-7817840) for windows-amd64 JRE (11.0.12+7-b1504.28-7817840), built on Oct 13 2021 22:12:33 by "builder" with MS VC++ 14.0 (VS2015)

END.
